Log file open, 02/04/21 23:26:11
LogInit: Display: Running engine for game: KJB_Portfolio
LogPlatformFile: Not using cached read wrapper
LogTaskGraph: Started task graph with 5 named threads and 35 total threads with 3 sets of task threads.
LogStats: Stats thread started at 0.202113
LogD3D11RHI: Loaded GFSDK_Aftermath_Lib.x64.dll
LogICUInternationalization: ICU TimeZone Detection - Raw Offset: +9:00, Platform Override: ''
LogPluginManager: Mounting plugin Paper2D
LogPluginManager: Mounting plugin AISupport
LogPluginManager: Mounting plugin LightPropagationVolume
LogPluginManager: Mounting plugin CameraShakePreviewer
LogPluginManager: Mounting plugin ActorLayerUtilities
LogPluginManager: Mounting plugin AnimationSharing
LogPluginManager: Mounting plugin CLionSourceCodeAccess
LogPluginManager: Mounting plugin CodeLiteSourceCodeAccess
LogPluginManager: Mounting plugin GitSourceControl
LogPluginManager: Mounting plugin KDevelopSourceCodeAccess
LogPluginManager: Mounting plugin NullSourceCodeAccess
LogPluginManager: Mounting plugin PerforceSourceControl
LogPluginManager: Mounting plugin PlasticSourceControl
LogPluginManager: Mounting plugin RiderSourceCodeAccess
LogPluginManager: Mounting plugin SubversionSourceControl
LogPluginManager: Mounting plugin UObjectPlugin
LogPluginManager: Mounting plugin VisualStudioCodeSourceCodeAccess
LogPluginManager: Mounting plugin VisualStudioSourceCodeAccess
LogPluginManager: Mounting plugin XCodeSourceCodeAccess
LogPluginManager: Mounting plugin AssetManagerEditor
LogPluginManager: Mounting plugin CryptoKeys
LogPluginManager: Mounting plugin CurveEditorTools
LogPluginManager: Mounting plugin DataValidation
LogPluginManager: Mounting plugin EditorScriptingUtilities
LogPluginManager: Mounting plugin FacialAnimation
LogPluginManager: Mounting plugin GameplayTagsEditor
LogPluginManager: Mounting plugin GeometryMode
LogPluginManager: Mounting plugin MacGraphicsSwitching
LogPluginManager: Mounting plugin MaterialAnalyzer
LogPluginManager: Mounting plugin MobileLauncherProfileWizard
LogPluginManager: Mounting plugin PluginBrowser
LogPluginManager: Mounting plugin SpeedTreeImporter
LogPluginManager: Mounting plugin DatasmithContent
LogPluginManager: Mounting plugin VariantManagerContent
LogPluginManager: Mounting plugin AlembicImporter
LogPluginManager: Mounting plugin AutomationUtils
LogPluginManager: Mounting plugin BackChannel
LogPluginManager: Mounting plugin ChaosCloth
LogPluginManager: Mounting plugin ChaosClothEditor
LogPluginManager: Mounting plugin ChaosEditor
LogPluginManager: Mounting plugin ChaosNiagara
LogPluginManager: Mounting plugin ChaosSolverPlugin
LogPluginManager: Mounting plugin CharacterAI
LogPluginManager: Mounting plugin GeometryCache
LogPluginManager: Mounting plugin GeometryCollectionPlugin
LogPluginManager: Mounting plugin GeometryProcessing
LogPluginManager: Mounting plugin PlanarCut
LogPluginManager: Mounting plugin PlatformCrypto
LogPluginManager: Mounting plugin ProxyLODPlugin
LogPluginManager: Mounting plugin SkeletalReduction
LogPluginManager: Mounting plugin Niagara
LogPluginManager: Mounting plugin MagicLeap
LogPluginManager: Mounting plugin MagicLeapLightEstimation
LogPluginManager: Mounting plugin MagicLeapMedia
LogPluginManager: Mounting plugin MagicLeapPassableWorld
LogPluginManager: Mounting plugin MLSDK
LogPluginManager: Mounting plugin AndroidMedia
LogPluginManager: Mounting plugin AvfMedia
LogPluginManager: Mounting plugin ImgMedia
LogPluginManager: Mounting plugin MediaCompositing
LogPluginManager: Mounting plugin MediaPlayerEditor
LogPluginManager: Mounting plugin WebMMedia
LogPluginManager: Mounting plugin WmfMedia
LogPluginManager: Mounting plugin MeshPainting
LogPluginManager: Mounting plugin TcpMessaging
LogPluginManager: Mounting plugin UdpMessaging
LogPluginManager: Mounting plugin ActorSequence
LogPluginManager: Mounting plugin LevelSequenceEditor
LogPluginManager: Mounting plugin MatineeToLevelSequence
LogPluginManager: Mounting plugin MovieRenderPipeline
LogPluginManager: Mounting plugin TemplateSequence
LogPluginManager: Mounting plugin NetcodeUnitTest
LogPluginManager: Mounting plugin NUTUnrealEngine4
LogPluginManager: Mounting plugin OnlineSubsystemGooglePlay
LogPluginManager: Mounting plugin OnlineSubsystemIOS
LogPluginManager: Mounting plugin OnlineSubsystem
LogPluginManager: Mounting plugin OnlineSubsystemNull
LogPluginManager: Mounting plugin OnlineSubsystemUtils
LogPluginManager: Mounting plugin LauncherChunkInstaller
LogPluginManager: Mounting plugin AndroidDeviceProfileSelector
LogPluginManager: Mounting plugin AndroidMoviePlayer
LogPluginManager: Mounting plugin AndroidPermission
LogPluginManager: Mounting plugin AppleImageUtils
LogPluginManager: Mounting plugin AppleMoviePlayer
LogPluginManager: Mounting plugin ArchVisCharacter
LogPluginManager: Mounting plugin AssetTags
LogPluginManager: Mounting plugin AudioCapture
LogPluginManager: Mounting plugin CableComponent
LogPluginManager: Mounting plugin CustomMeshComponent
LogPluginManager: Mounting plugin EditableMesh
LogPluginManager: Mounting plugin ExampleDeviceProfileSelector
LogPluginManager: Mounting plugin GoogleCloudMessaging
LogPluginManager: Mounting plugin GooglePAD
LogPluginManager: Mounting plugin IOSDeviceProfileSelector
LogPluginManager: Mounting plugin LinuxDeviceProfileSelector
LogPluginManager: Mounting plugin LocationServicesBPLibrary
LogPluginManager: Mounting plugin MobilePatchingUtils
LogPluginManager: Mounting plugin OculusVR
LogPluginManager: Mounting plugin PhysXVehicles
LogPluginManager: Mounting plugin PostSplashScreen
LogPluginManager: Mounting plugin ProceduralMeshComponent
LogPluginManager: Mounting plugin RuntimePhysXCooking
LogPluginManager: Mounting plugin SignificanceManager
LogPluginManager: Mounting plugin SoundFields
LogPluginManager: Mounting plugin SteamVR
LogPluginManager: Mounting plugin Synthesis
LogPluginManager: Mounting plugin WebMMoviePlayer
LogPluginManager: Mounting plugin WindowsMoviePlayer
LogPluginManager: Mounting plugin ScreenshotTools
LogInit: Using libcurl 7.55.1-DEV
LogInit:  - built for x86_64-pc-win32
LogInit:  - supports SSL with OpenSSL/1.1.1
LogInit:  - supports HTTP deflate (compression) using libz 1.2.8
LogInit:  - other features:
LogInit:      CURL_VERSION_SSL
LogInit:      CURL_VERSION_LIBZ
LogInit:      CURL_VERSION_IPV6
LogInit:      CURL_VERSION_ASYNCHDNS
LogInit:      CURL_VERSION_LARGEFILE
LogInit:      CURL_VERSION_IDN
LogInit:  CurlRequestOptions (configurable via config and command line):
LogInit:  - bVerifyPeer = true  - Libcurl will verify peer certificate
LogInit:  - bUseHttpProxy = false  - Libcurl will NOT use HTTP proxy
LogInit:  - bDontReuseConnections = false  - Libcurl will reuse connections
LogInit:  - MaxHostConnections = 16  - Libcurl will limit the number of connections to a host
LogInit:  - LocalHostAddr = Default
LogInit:  - BufferSize = 65536
LogOnline: OSS: Creating online subsystem instance for: NULL
LogInit: WinSock: version 1.1 (2.2), MaxSocks=32767, MaxUdp=65467
LogOnline: OSS: TryLoadSubsystemAndSetDefault: Loaded subsystem for module [NULL]
LogInit: Build: ++UE4+Release-4.25-CL-14469661
LogInit: Engine Version: 4.25.4-14469661+++UE4+Release-4.25
LogInit: Compatible Engine Version: 4.25.0-13144385+++UE4+Release-4.25
LogInit: Net CL: 13144385
LogInit: OS: Windows 10 (Release 2004) (), CPU: AMD Ryzen 5 3600 6-Core Processor              , GPU: NVIDIA GeForce GTX 1660 SUPER
LogInit: Compiled (64-bit): Oct 11 2020 08:10:49
LogInit: Compiled with Visual C++: 19.24.28315.00
LogInit: Build Configuration: Development
LogInit: Branch Name: ++UE4+Release-4.25
LogInit: Command Line:  -EpicPortal -epicusername=cheonjin13 -epicuserid=9ce07566b3e8499d8258e7641dbf49df -epiclocale=ko
LogInit: Base Directory: C:/Program Files/Epic Games/UE_4.25/Engine/Binaries/Win64/
LogInit: Allocator: TBB
LogInit: Installed Engine Build: 1
LogDevObjectVersion: Number of dev versions registered: 26
LogDevObjectVersion:   Dev-Blueprints (B0D832E4-1F89-4F0D-ACCF-7EB736FD4AA2): 10
LogDevObjectVersion:   Dev-Build (E1C64328-A22C-4D53-A36C-8E866417BD8C): 0
LogDevObjectVersion:   Dev-Core (375EC13C-06E4-48FB-B500-84F0262A717E): 4
LogDevObjectVersion:   Dev-Editor (E4B068ED-F494-42E9-A231-DA0B2E46BB41): 38
LogDevObjectVersion:   Dev-Framework (CFFC743F-43B0-4480-9391-14DF171D2073): 37
LogDevObjectVersion:   Dev-Mobile (B02B49B5-BB20-44E9-A304-32B752E40360): 2
LogDevObjectVersion:   Dev-Networking (A4E4105C-59A1-49B5-A7C5-40C4547EDFEE): 0
LogDevObjectVersion:   Dev-Online (39C831C9-5AE6-47DC-9A44-9C173E1C8E7C): 0
LogDevObjectVersion:   Dev-Physics (78F01B33-EBEA-4F98-B9B4-84EACCB95AA2): 4
LogDevObjectVersion:   Dev-Platform (6631380F-2D4D-43E0-8009-CF276956A95A): 0
LogDevObjectVersion:   Dev-Rendering (12F88B9F-8875-4AFC-A67C-D90C383ABD29): 43
LogDevObjectVersion:   Dev-Sequencer (7B5AE74C-D270-4C10-A958-57980B212A5A): 12
LogDevObjectVersion:   Dev-VR (D7296918-1DD6-4BDD-9DE2-64A83CC13884): 3
LogDevObjectVersion:   Dev-LoadTimes (C2A15278-BFE7-4AFE-6C17-90FF531DF755): 1
LogDevObjectVersion:   Private-Geometry (6EACA3D4-40EC-4CC1-B786-8BED09428FC5): 3
LogDevObjectVersion:   Dev-AnimPhys (29E575DD-E0A3-4627-9D10-D276232CDCEA): 17
LogDevObjectVersion:   Dev-Anim (AF43A65D-7FD3-4947-9873-3E8ED9C1BB05): 7
LogDevObjectVersion:   Dev-ReflectionCapture (6B266CEC-1EC7-4B8F-A30B-E4D90942FC07): 1
LogDevObjectVersion:   Dev-Automation (0DF73D61-A23F-47EA-B727-89E90C41499A): 1
LogDevObjectVersion:   FortniteMain (601D1886-AC64-4F84-AA16-D3DE0DEAC7D6): 31
LogDevObjectVersion:   Dev-Enterprise (9DFFBCD6-494F-0158-E221-12823C92A888): 10
LogDevObjectVersion:   Dev-Niagara (F2AED0AC-9AFE-416F-8664-AA7FFA26D6FC): 1
LogDevObjectVersion:   Dev-Destruction (174F1F0B-B4C6-45A5-B13F-2EE8D0FB917D): 10
LogDevObjectVersion:   Dev-Physics-Ext (35F94A83-E258-406C-A318-09F59610247C): 37
LogDevObjectVersion:   Dev-PhysicsMaterial-Chaos (B68FC16E-8B1B-42E2-B453-215C058844FE): 1
LogDevObjectVersion:   Dev-CineCamera (B2E18506-4273-CFC2-A54E-F4BB758BBA07): 1
LogInit: Presizing for max 25165824 objects, including 0 objects not considered by GC, pre-allocating 0 bytes for permanent pool.
LogConfig: Applying CVar settings from Section [/Script/Engine.StreamingSettings] File [C:/unrealP/KJB_Portfolio_UE4/KJB_Portfolio/Saved/Config/Windows/Engine.ini]
LogConfig: Setting CVar [[s.MinBulkDataSizeForAsyncLoading:131072]]
LogConfig: Setting CVar [[s.AsyncLoadingThreadEnabled:0]]
LogConfig: Setting CVar [[s.EventDrivenLoaderEnabled:1]]
LogConfig: Setting CVar [[s.WarnIfTimeLimitExceeded:0]]
LogConfig: Setting CVar [[s.TimeLimitExceededMultiplier:1.5]]
LogConfig: Setting CVar [[s.TimeLimitExceededMinTime:0.005]]
LogConfig: Setting CVar [[s.UseBackgroundLevelStreaming:1]]
LogConfig: Setting CVar [[s.PriorityAsyncLoadingExtraTime:15.0]]
LogConfig: Setting CVar [[s.LevelStreamingActorsUpdateTimeLimit:5.0]]
LogConfig: Setting CVar [[s.PriorityLevelStreamingActorsUpdateExtraTime:5.0]]
LogConfig: Setting CVar [[s.LevelStreamingComponentsRegistrationGranularity:10]]
LogConfig: Setting CVar [[s.UnregisterComponentsTimeLimit:1.0]]
LogConfig: Setting CVar [[s.LevelStreamingComponentsUnregistrationGranularity:5]]
LogConfig: Setting CVar [[s.FlushStreamingOnExit:1]]
LogInit: Object subsystem initialized
LogConfig: Setting CVar [[con.DebugEarlyDefault:1]]
LogConfig: Setting CVar [[r.setres:1280x720]]
[2021.02.04-14.26.11:746][  0]LogConfig: Setting CVar [[r.VSync:0]]
[2021.02.04-14.26.11:746][  0]LogConfig: Setting CVar [[r.RHICmdBypass:0]]
[2021.02.04-14.26.11:746][  0]LogConfig: Applying CVar settings from Section [/Script/Engine.RendererSettings] File [C:/unrealP/KJB_Portfolio_UE4/KJB_Portfolio/Saved/Config/Windows/Engine.ini]
[2021.02.04-14.26.11:746][  0]LogConfig: Setting CVar [[r.GPUCrashDebugging:0]]
[2021.02.04-14.26.11:746][  0]LogConfig: Applying CVar settings from Section [/Script/Engine.RendererOverrideSettings] File [C:/unrealP/KJB_Portfolio_UE4/KJB_Portfolio/Saved/Config/Windows/Engine.ini]
[2021.02.04-14.26.11:746][  0]LogConfig: Applying CVar settings from Section [/Script/Engine.StreamingSettings] File [C:/unrealP/KJB_Portfolio_UE4/KJB_Portfolio/Saved/Config/Windows/Engine.ini]
[2021.02.04-14.26.11:746][  0]LogConfig: Setting CVar [[s.MinBulkDataSizeForAsyncLoading:131072]]
[2021.02.04-14.26.11:746][  0]LogConfig: Setting CVar [[s.AsyncLoadingThreadEnabled:0]]
[2021.02.04-14.26.11:746][  0]LogConfig: Setting CVar [[s.EventDrivenLoaderEnabled:1]]
[2021.02.04-14.26.11:746][  0]LogConfig: Setting CVar [[s.WarnIfTimeLimitExceeded:0]]
[2021.02.04-14.26.11:746][  0]LogConfig: Setting CVar [[s.TimeLimitExceededMultiplier:1.5]]
[2021.02.04-14.26.11:746][  0]LogConfig: Setting CVar [[s.TimeLimitExceededMinTime:0.005]]
[2021.02.04-14.26.11:746][  0]LogConfig: Setting CVar [[s.UseBackgroundLevelStreaming:1]]
[2021.02.04-14.26.11:746][  0]LogConfig: Setting CVar [[s.PriorityAsyncLoadingExtraTime:15.0]]
[2021.02.04-14.26.11:746][  0]LogConfig: Setting CVar [[s.LevelStreamingActorsUpdateTimeLimit:5.0]]
[2021.02.04-14.26.11:746][  0]LogConfig: Setting CVar [[s.PriorityLevelStreamingActorsUpdateExtraTime:5.0]]
[2021.02.04-14.26.11:746][  0]LogConfig: Setting CVar [[s.LevelStreamingComponentsRegistrationGranularity:10]]
[2021.02.04-14.26.11:746][  0]LogConfig: Setting CVar [[s.UnregisterComponentsTimeLimit:1.0]]
[2021.02.04-14.26.11:746][  0]LogConfig: Setting CVar [[s.LevelStreamingComponentsUnregistrationGranularity:5]]
[2021.02.04-14.26.11:746][  0]LogConfig: Setting CVar [[s.FlushStreamingOnExit:1]]
[2021.02.04-14.26.11:746][  0]LogConfig: Applying CVar settings from Section [/Script/Engine.GarbageCollectionSettings] File [C:/unrealP/KJB_Portfolio_UE4/KJB_Portfolio/Saved/Config/Windows/Engine.ini]
[2021.02.04-14.26.11:746][  0]LogConfig: Setting CVar [[gc.MaxObjectsNotConsideredByGC:1]]
[2021.02.04-14.26.11:746][  0]LogConfig: Setting CVar [[gc.SizeOfPermanentObjectPool:0]]
[2021.02.04-14.26.11:746][  0]LogConfig: Setting CVar [[gc.FlushStreamingOnGC:0]]
[2021.02.04-14.26.11:746][  0]LogConfig: Setting CVar [[gc.NumRetriesBeforeForcingGC:10]]
[2021.02.04-14.26.11:746][  0]LogConfig: Setting CVar [[gc.AllowParallelGC:1]]
[2021.02.04-14.26.11:746][  0]LogConfig: Setting CVar [[gc.TimeBetweenPurgingPendingKillObjects:61.1]]
[2021.02.04-14.26.11:746][  0]LogConfig: Setting CVar [[gc.MaxObjectsInEditor:25165824]]
[2021.02.04-14.26.11:746][  0]LogConfig: Setting CVar [[gc.IncrementalBeginDestroyEnabled:1]]
[2021.02.04-14.26.11:746][  0]LogConfig: Setting CVar [[gc.CreateGCClusters:1]]
[2021.02.04-14.26.11:746][  0]LogConfig: Setting CVar [[gc.MinGCClusterSize:5]]
[2021.02.04-14.26.11:746][  0]LogConfig: Setting CVar [[gc.ActorClusteringEnabled:0]]
[2021.02.04-14.26.11:746][  0]LogConfig: Setting CVar [[gc.BlueprintClusteringEnabled:0]]
[2021.02.04-14.26.11:746][  0]LogConfig: Setting CVar [[gc.UseDisregardForGCOnDedicatedServers:0]]
[2021.02.04-14.26.11:746][  0]LogConfig: Applying CVar settings from Section [/Script/Engine.NetworkSettings] File [C:/unrealP/KJB_Portfolio_UE4/KJB_Portfolio/Saved/Config/Windows/Engine.ini]
[2021.02.04-14.26.11:746][  0]LogConfig: Applying CVar settings from Section [/Script/UnrealEd.CookerSettings] File [C:/unrealP/KJB_Portfolio_UE4/KJB_Portfolio/Saved/Config/Windows/Engine.ini]
[2021.02.04-14.26.11:749][  0]LogConfig: Applying CVar settings from Section [ViewDistanceQuality@3] File [C:/unrealP/KJB_Portfolio_UE4/KJB_Portfolio/Saved/Config/Windows/Scalability.ini]
[2021.02.04-14.26.11:749][  0]LogConfig: Setting CVar [[r.SkeletalMeshLODBias:0]]
[2021.02.04-14.26.11:749][  0]LogConfig: Setting CVar [[r.ViewDistanceScale:1.0]]
[2021.02.04-14.26.11:749][  0]LogConfig: Applying CVar settings from Section [AntiAliasingQuality@3] File [C:/unrealP/KJB_Portfolio_UE4/KJB_Portfolio/Saved/Config/Windows/Scalability.ini]
[2021.02.04-14.26.11:749][  0]LogConfig: Setting CVar [[r.PostProcessAAQuality:4]]
[2021.02.04-14.26.11:749][  0]LogConfig: Applying CVar settings from Section [ShadowQuality@3] File [C:/unrealP/KJB_Portfolio_UE4/KJB_Portfolio/Saved/Config/Windows/Scalability.ini]
[2021.02.04-14.26.11:749][  0]LogConfig: Setting CVar [[r.LightFunctionQuality:1]]
[2021.02.04-14.26.11:749][  0]LogConfig: Setting CVar [[r.ShadowQuality:5]]
[2021.02.04-14.26.11:749][  0]LogConfig: Setting CVar [[r.Shadow.CSM.MaxCascades:10]]
[2021.02.04-14.26.11:750][  0]LogConfig: Setting CVar [[r.Shadow.MaxResolution:2048]]
[2021.02.04-14.26.11:750][  0]LogConfig: Setting CVar [[r.Shadow.MaxCSMResolution:2048]]
[2021.02.04-14.26.11:750][  0]LogConfig: Setting CVar [[r.Shadow.RadiusThreshold:0.01]]
[2021.02.04-14.26.11:750][  0]LogConfig: Setting CVar [[r.Shadow.DistanceScale:1.0]]
[2021.02.04-14.26.11:750][  0]LogConfig: Setting CVar [[r.Shadow.CSM.TransitionScale:1.0]]
[2021.02.04-14.26.11:750][  0]LogConfig: Setting CVar [[r.Shadow.PreShadowResolutionFactor:1.0]]
[2021.02.04-14.26.11:750][  0]LogConfig: Setting CVar [[r.DistanceFieldShadowing:1]]
[2021.02.04-14.26.11:750][  0]LogConfig: Setting CVar [[r.DistanceFieldAO:1]]
[2021.02.04-14.26.11:750][  0]LogConfig: Setting CVar [[r.AOQuality:2]]
[2021.02.04-14.26.11:750][  0]LogConfig: Setting CVar [[r.VolumetricFog:1]]
[2021.02.04-14.26.11:750][  0]LogConfig: Setting CVar [[r.VolumetricFog.GridPixelSize:8]]
[2021.02.04-14.26.11:750][  0]LogConfig: Setting CVar [[r.VolumetricFog.GridSizeZ:128]]
[2021.02.04-14.26.11:750][  0]LogConfig: Setting CVar [[r.VolumetricFog.HistoryMissSupersampleCount:4]]
[2021.02.04-14.26.11:750][  0]LogConfig: Setting CVar [[r.LightMaxDrawDistanceScale:1]]
[2021.02.04-14.26.11:750][  0]LogConfig: Setting CVar [[r.CapsuleShadows:1]]
[2021.02.04-14.26.11:750][  0]LogConfig: Applying CVar settings from Section [PostProcessQuality@3] File [C:/unrealP/KJB_Portfolio_UE4/KJB_Portfolio/Saved/Config/Windows/Scalability.ini]
[2021.02.04-14.26.11:750][  0]LogConfig: Setting CVar [[r.MotionBlurQuality:4]]
[2021.02.04-14.26.11:750][  0]LogConfig: Setting CVar [[r.AmbientOcclusionMipLevelFactor:0.4]]
[2021.02.04-14.26.11:750][  0]LogConfig: Setting CVar [[r.AmbientOcclusionMaxQuality:100]]
[2021.02.04-14.26.11:750][  0]LogConfig: Setting CVar [[r.AmbientOcclusionLevels:-1]]
[2021.02.04-14.26.11:750][  0]LogConfig: Setting CVar [[r.AmbientOcclusionRadiusScale:1.0]]
[2021.02.04-14.26.11:750][  0]LogConfig: Setting CVar [[r.DepthOfFieldQuality:2]]
[2021.02.04-14.26.11:750][  0]LogConfig: Setting CVar [[r.RenderTargetPoolMin:400]]
[2021.02.04-14.26.11:750][  0]LogConfig: Setting CVar [[r.LensFlareQuality:2]]
[2021.02.04-14.26.11:750][  0]LogConfig: Setting CVar [[r.SceneColorFringeQuality:1]]
[2021.02.04-14.26.11:750][  0]LogConfig: Setting CVar [[r.EyeAdaptationQuality:2]]
[2021.02.04-14.26.11:750][  0]LogConfig: Setting CVar [[r.BloomQuality:5]]
[2021.02.04-14.26.11:750][  0]LogConfig: Setting CVar [[r.FastBlurThreshold:100]]
[2021.02.04-14.26.11:750][  0]LogConfig: Setting CVar [[r.Upscale.Quality:3]]
[2021.02.04-14.26.11:750][  0]LogConfig: Setting CVar [[r.Tonemapper.GrainQuantization:1]]
[2021.02.04-14.26.11:750][  0]LogConfig: Setting CVar [[r.LightShaftQuality:1]]
[2021.02.04-14.26.11:750][  0]LogConfig: Setting CVar [[r.Filter.SizeScale:1]]
[2021.02.04-14.26.11:750][  0]LogConfig: Setting CVar [[r.Tonemapper.Quality:5]]
[2021.02.04-14.26.11:750][  0]LogConfig: Setting CVar [[r.DOF.Gather.AccumulatorQuality:1        ; higher gathering accumulator quality]]
[2021.02.04-14.26.11:750][  0]LogConfig: Setting CVar [[r.DOF.Gather.PostfilterMethod:1          ; Median3x3 postfilering method]]
[2021.02.04-14.26.11:750][  0]LogConfig: Setting CVar [[r.DOF.Gather.EnableBokehSettings:0       ; no bokeh simulation when gathering]]
[2021.02.04-14.26.11:750][  0]LogConfig: Setting CVar [[r.DOF.Gather.RingCount:4                 ; medium number of samples when gathering]]
[2021.02.04-14.26.11:750][  0]LogConfig: Setting CVar [[r.DOF.Scatter.ForegroundCompositing:1    ; additive foreground scattering]]
[2021.02.04-14.26.11:750][  0]LogConfig: Setting CVar [[r.DOF.Scatter.BackgroundCompositing:2    ; additive background scattering]]
[2021.02.04-14.26.11:750][  0]LogConfig: Setting CVar [[r.DOF.Scatter.EnableBokehSettings:1      ; bokeh simulation when scattering]]
[2021.02.04-14.26.11:750][  0]LogConfig: Setting CVar [[r.DOF.Scatter.MaxSpriteRatio:0.1         ; only a maximum of 10% of scattered bokeh]]
[2021.02.04-14.26.11:750][  0]LogConfig: Setting CVar [[r.DOF.Recombine.Quality:1                ; cheap slight out of focus]]
[2021.02.04-14.26.11:750][  0]LogConfig: Setting CVar [[r.DOF.Recombine.EnableBokehSettings:0    ; no bokeh simulation on slight out of focus]]
[2021.02.04-14.26.11:750][  0]LogConfig: Setting CVar [[r.DOF.TemporalAAQuality:1                ; more stable temporal accumulation]]
[2021.02.04-14.26.11:750][  0]LogConfig: Setting CVar [[r.DOF.Kernel.MaxForegroundRadius:0.025]]
[2021.02.04-14.26.11:751][  0]LogConfig: Setting CVar [[r.DOF.Kernel.MaxBackgroundRadius:0.025]]
[2021.02.04-14.26.11:751][  0]LogConfig: Applying CVar settings from Section [TextureQuality@3] File [C:/unrealP/KJB_Portfolio_UE4/KJB_Portfolio/Saved/Config/Windows/Scalability.ini]
[2021.02.04-14.26.11:751][  0]LogConfig: Setting CVar [[r.Streaming.MipBias:0]]
[2021.02.04-14.26.11:751][  0]LogConfig: Setting CVar [[r.Streaming.AmortizeCPUToGPUCopy:0]]
[2021.02.04-14.26.11:751][  0]LogConfig: Setting CVar [[r.Streaming.MaxNumTexturesToStreamPerFrame:0]]
[2021.02.04-14.26.11:751][  0]LogConfig: Setting CVar [[r.Streaming.Boost:1]]
[2021.02.04-14.26.11:751][  0]LogConfig: Setting CVar [[r.MaxAnisotropy:8]]
[2021.02.04-14.26.11:751][  0]LogConfig: Setting CVar [[r.VT.MaxAnisotropy:8]]
[2021.02.04-14.26.11:751][  0]LogConfig: Setting CVar [[r.Streaming.LimitPoolSizeToVRAM:0]]
[2021.02.04-14.26.11:751][  0]LogConfig: Setting CVar [[r.Streaming.PoolSize:1000]]
[2021.02.04-14.26.11:751][  0]LogConfig: Setting CVar [[r.Streaming.MaxEffectiveScreenSize:0]]
[2021.02.04-14.26.11:751][  0]LogConfig: Applying CVar settings from Section [EffectsQuality@3] File [C:/unrealP/KJB_Portfolio_UE4/KJB_Portfolio/Saved/Config/Windows/Scalability.ini]
[2021.02.04-14.26.11:751][  0]LogConfig: Setting CVar [[r.TranslucencyLightingVolumeDim:64]]
[2021.02.04-14.26.11:751][  0]LogConfig: Setting CVar [[r.RefractionQuality:2]]
[2021.02.04-14.26.11:751][  0]LogConfig: Setting CVar [[r.SSR.Quality:3]]
[2021.02.04-14.26.11:751][  0]LogConfig: Setting CVar [[r.SSR.HalfResSceneColor:0]]
[2021.02.04-14.26.11:751][  0]LogConfig: Setting CVar [[r.SceneColorFormat:4]]
[2021.02.04-14.26.11:751][  0]LogConfig: Setting CVar [[r.DetailMode:2]]
[2021.02.04-14.26.11:751][  0]LogConfig: Setting CVar [[r.TranslucencyVolumeBlur:1]]
[2021.02.04-14.26.11:751][  0]LogConfig: Setting CVar [[r.MaterialQualityLevel:1 ; High quality]]
[2021.02.04-14.26.11:751][  0]LogConfig: Setting CVar [[r.SSS.Scale:1]]
[2021.02.04-14.26.11:751][  0]LogConfig: Setting CVar [[r.SSS.SampleSet:2]]
[2021.02.04-14.26.11:751][  0]LogConfig: Setting CVar [[r.SSS.Quality:1]]
[2021.02.04-14.26.11:751][  0]LogConfig: Setting CVar [[r.SSS.HalfRes:0]]
[2021.02.04-14.26.11:751][  0]LogConfig: Setting CVar [[r.SSGI.Quality:3]]
[2021.02.04-14.26.11:751][  0]LogConfig: Setting CVar [[r.EmitterSpawnRateScale:1.0]]
[2021.02.04-14.26.11:751][  0]LogConfig: Setting CVar [[r.ParticleLightQuality:2]]
[2021.02.04-14.26.11:751][  0]LogConfig: Setting CVar [[r.SkyAtmosphere.AerialPerspectiveLUT.FastApplyOnOpaque:1 ; Always have FastSkyLUT 1 in this case to avoid wrong sky]]
[2021.02.04-14.26.11:751][  0]LogConfig: Setting CVar [[r.SkyAtmosphere.AerialPerspectiveLUT.SampleCountPerSlice:1]]
[2021.02.04-14.26.11:751][  0]LogConfig: Setting CVar [[r.SkyAtmosphere.AerialPerspectiveLUT.DepthResolution:16.0]]
[2021.02.04-14.26.11:751][  0]LogConfig: Setting CVar [[r.SkyAtmosphere.FastSkyLUT:1]]
[2021.02.04-14.26.11:751][  0]LogConfig: Setting CVar [[r.SkyAtmosphere.FastSkyLUT.SampleCountMin:4.0]]
[2021.02.04-14.26.11:751][  0]LogConfig: Setting CVar [[r.SkyAtmosphere.FastSkyLUT.SampleCountMax:32.0]]
[2021.02.04-14.26.11:751][  0]LogConfig: Setting CVar [[r.SkyAtmosphere.SampleCountMin:4.0]]
[2021.02.04-14.26.11:751][  0]LogConfig: Setting CVar [[r.SkyAtmosphere.SampleCountMax:32.0]]
[2021.02.04-14.26.11:751][  0]LogConfig: Setting CVar [[r.SkyAtmosphere.TransmittanceLUT.UseSmallFormat:0]]
[2021.02.04-14.26.11:751][  0]LogConfig: Setting CVar [[r.SkyAtmosphere.TransmittanceLUT.SampleCount:10.0]]
[2021.02.04-14.26.11:751][  0]LogConfig: Setting CVar [[r.SkyAtmosphere.MultiScatteringLUT.SampleCount:15.0]]
[2021.02.04-14.26.11:751][  0]LogConfig: Applying CVar settings from Section [FoliageQuality@3] File [C:/unrealP/KJB_Portfolio_UE4/KJB_Portfolio/Saved/Config/Windows/Scalability.ini]
[2021.02.04-14.26.11:751][  0]LogConfig: Setting CVar [[foliage.DensityScale:1.0]]
[2021.02.04-14.26.11:751][  0]LogConfig: Setting CVar [[grass.DensityScale:1.0]]
[2021.02.04-14.26.11:751][  0]LogConfig: Applying CVar settings from Section [ShadingQuality@3] File [C:/unrealP/KJB_Portfolio_UE4/KJB_Portfolio/Saved/Config/Windows/Scalability.ini]
[2021.02.04-14.26.11:751][  0]LogConfig: Setting CVar [[r.HairStrands.SkyLighting.SampleCount:16]]
[2021.02.04-14.26.11:751][  0]LogConfig: Setting CVar [[r.HairStrands.SkyLighting.JitterIntegration:0]]
[2021.02.04-14.26.11:751][  0]LogConfig: Setting CVar [[r.HairStrands.SkyAO.SampleCount:16]]
[2021.02.04-14.26.11:751][  0]LogConfig: Setting CVar [[r.HairStrands.DeepShadow.SuperSampling:0]]
[2021.02.04-14.26.11:751][  0]LogConfig: Setting CVar [[r.HairStrands.VisibilityPPLL:0]]
[2021.02.04-14.26.11:751][  0]LogConfig: Setting CVar [[r.HairStrands.RasterizationScale:0.5]]
[2021.02.04-14.26.11:751][  0]LogConfig: Setting CVar [[r.HairStrands.VelocityRasterizationScale:1]]
[2021.02.04-14.26.11:752][  0]LogInit: Selected Device Profile: [Windows]
[2021.02.04-14.26.11:752][  0]LogInit: Applying CVar settings loaded from the selected device profile: [Windows]
[2021.02.04-14.26.11:752][  0]LogHAL: Display: Platform has ~ 16 GB [17110773760 / 17179869184 / 16], which maps to Larger [LargestMinGB=32, LargerMinGB=12, DefaultMinGB=8, SmallerMinGB=6, SmallestMinGB=0)
[2021.02.04-14.26.11:752][  0]LogInit: Going up to parent DeviceProfile []
[2021.02.04-14.26.11:752][  0]LogConfig: Applying CVar settings from Section [ViewDistanceQuality@3] File [C:/unrealP/KJB_Portfolio_UE4/KJB_Portfolio/Saved/Config/Windows/Scalability.ini]
[2021.02.04-14.26.11:752][  0]LogConfig: Setting CVar [[r.SkeletalMeshLODBias:0]]
[2021.02.04-14.26.11:752][  0]LogConfig: Setting CVar [[r.ViewDistanceScale:1.0]]
[2021.02.04-14.26.11:752][  0]LogConfig: Applying CVar settings from Section [AntiAliasingQuality@3] File [C:/unrealP/KJB_Portfolio_UE4/KJB_Portfolio/Saved/Config/Windows/Scalability.ini]
[2021.02.04-14.26.11:752][  0]LogConfig: Setting CVar [[r.PostProcessAAQuality:4]]
[2021.02.04-14.26.11:752][  0]LogConfig: Applying CVar settings from Section [ShadowQuality@3] File [C:/unrealP/KJB_Portfolio_UE4/KJB_Portfolio/Saved/Config/Windows/Scalability.ini]
[2021.02.04-14.26.11:752][  0]LogConfig: Setting CVar [[r.LightFunctionQuality:1]]
[2021.02.04-14.26.11:752][  0]LogConfig: Setting CVar [[r.ShadowQuality:5]]
[2021.02.04-14.26.11:752][  0]LogConfig: Setting CVar [[r.Shadow.CSM.MaxCascades:10]]
[2021.02.04-14.26.11:752][  0]LogConfig: Setting CVar [[r.Shadow.MaxResolution:2048]]
[2021.02.04-14.26.11:752][  0]LogConfig: Setting CVar [[r.Shadow.MaxCSMResolution:2048]]
[2021.02.04-14.26.11:752][  0]LogConfig: Setting CVar [[r.Shadow.RadiusThreshold:0.01]]
[2021.02.04-14.26.11:752][  0]LogConfig: Setting CVar [[r.Shadow.DistanceScale:1.0]]
[2021.02.04-14.26.11:752][  0]LogConfig: Setting CVar [[r.Shadow.CSM.TransitionScale:1.0]]
[2021.02.04-14.26.11:752][  0]LogConfig: Setting CVar [[r.Shadow.PreShadowResolutionFactor:1.0]]
[2021.02.04-14.26.11:752][  0]LogConfig: Setting CVar [[r.DistanceFieldShadowing:1]]
[2021.02.04-14.26.11:752][  0]LogConfig: Setting CVar [[r.DistanceFieldAO:1]]
[2021.02.04-14.26.11:752][  0]LogConfig: Setting CVar [[r.AOQuality:2]]
[2021.02.04-14.26.11:752][  0]LogConfig: Setting CVar [[r.VolumetricFog:1]]
[2021.02.04-14.26.11:752][  0]LogConfig: Setting CVar [[r.VolumetricFog.GridPixelSize:8]]
[2021.02.04-14.26.11:752][  0]LogConfig: Setting CVar [[r.VolumetricFog.GridSizeZ:128]]
[2021.02.04-14.26.11:752][  0]LogConfig: Setting CVar [[r.VolumetricFog.HistoryMissSupersampleCount:4]]
[2021.02.04-14.26.11:752][  0]LogConfig: Setting CVar [[r.LightMaxDrawDistanceScale:1]]
[2021.02.04-14.26.11:752][  0]LogConfig: Setting CVar [[r.CapsuleShadows:1]]
[2021.02.04-14.26.11:752][  0]LogConfig: Applying CVar settings from Section [PostProcessQuality@3] File [C:/unrealP/KJB_Portfolio_UE4/KJB_Portfolio/Saved/Config/Windows/Scalability.ini]
[2021.02.04-14.26.11:752][  0]LogConfig: Setting CVar [[r.MotionBlurQuality:4]]
[2021.02.04-14.26.11:752][  0]LogConfig: Setting CVar [[r.AmbientOcclusionMipLevelFactor:0.4]]
[2021.02.04-14.26.11:752][  0]LogConfig: Setting CVar [[r.AmbientOcclusionMaxQuality:100]]
[2021.02.04-14.26.11:752][  0]LogConfig: Setting CVar [[r.AmbientOcclusionLevels:-1]]
[2021.02.04-14.26.11:752][  0]LogConfig: Setting CVar [[r.AmbientOcclusionRadiusScale:1.0]]
[2021.02.04-14.26.11:752][  0]LogConfig: Setting CVar [[r.DepthOfFieldQuality:2]]
[2021.02.04-14.26.11:752][  0]LogConfig: Setting CVar [[r.RenderTargetPoolMin:400]]
[2021.02.04-14.26.11:752][  0]LogConfig: Setting CVar [[r.LensFlareQuality:2]]
[2021.02.04-14.26.11:752][  0]LogConfig: Setting CVar [[r.SceneColorFringeQuality:1]]
[2021.02.04-14.26.11:752][  0]LogConfig: Setting CVar [[r.EyeAdaptationQuality:2]]
[2021.02.04-14.26.11:752][  0]LogConfig: Setting CVar [[r.BloomQuality:5]]
[2021.02.04-14.26.11:752][  0]LogConfig: Setting CVar [[r.FastBlurThreshold:100]]
[2021.02.04-14.26.11:752][  0]LogConfig: Setting CVar [[r.Upscale.Quality:3]]
[2021.02.04-14.26.11:752][  0]LogConfig: Setting CVar [[r.Tonemapper.GrainQuantization:1]]
[2021.02.04-14.26.11:752][  0]LogConfig: Setting CVar [[r.LightShaftQuality:1]]
[2021.02.04-14.26.11:752][  0]LogConfig: Setting CVar [[r.Filter.SizeScale:1]]
[2021.02.04-14.26.11:752][  0]LogConfig: Setting CVar [[r.Tonemapper.Quality:5]]
[2021.02.04-14.26.11:752][  0]LogConfig: Setting CVar [[r.DOF.Gather.AccumulatorQuality:1        ; higher gathering accumulator quality]]
[2021.02.04-14.26.11:752][  0]LogConfig: Setting CVar [[r.DOF.Gather.PostfilterMethod:1          ; Median3x3 postfilering method]]
[2021.02.04-14.26.11:752][  0]LogConfig: Setting CVar [[r.DOF.Gather.EnableBokehSettings:0       ; no bokeh simulation when gathering]]
[2021.02.04-14.26.11:753][  0]LogConfig: Setting CVar [[r.DOF.Gather.RingCount:4                 ; medium number of samples when gathering]]
[2021.02.04-14.26.11:753][  0]LogConfig: Setting CVar [[r.DOF.Scatter.ForegroundCompositing:1    ; additive foreground scattering]]
[2021.02.04-14.26.11:753][  0]LogConfig: Setting CVar [[r.DOF.Scatter.BackgroundCompositing:2    ; additive background scattering]]
[2021.02.04-14.26.11:753][  0]LogConfig: Setting CVar [[r.DOF.Scatter.EnableBokehSettings:1      ; bokeh simulation when scattering]]
[2021.02.04-14.26.11:753][  0]LogConfig: Setting CVar [[r.DOF.Scatter.MaxSpriteRatio:0.1         ; only a maximum of 10% of scattered bokeh]]
[2021.02.04-14.26.11:753][  0]LogConfig: Setting CVar [[r.DOF.Recombine.Quality:1                ; cheap slight out of focus]]
[2021.02.04-14.26.11:753][  0]LogConfig: Setting CVar [[r.DOF.Recombine.EnableBokehSettings:0    ; no bokeh simulation on slight out of focus]]
[2021.02.04-14.26.11:753][  0]LogConfig: Setting CVar [[r.DOF.TemporalAAQuality:1                ; more stable temporal accumulation]]
[2021.02.04-14.26.11:753][  0]LogConfig: Setting CVar [[r.DOF.Kernel.MaxForegroundRadius:0.025]]
[2021.02.04-14.26.11:753][  0]LogConfig: Setting CVar [[r.DOF.Kernel.MaxBackgroundRadius:0.025]]
[2021.02.04-14.26.11:753][  0]LogConfig: Applying CVar settings from Section [TextureQuality@3] File [C:/unrealP/KJB_Portfolio_UE4/KJB_Portfolio/Saved/Config/Windows/Scalability.ini]
[2021.02.04-14.26.11:753][  0]LogConfig: Setting CVar [[r.Streaming.MipBias:0]]
[2021.02.04-14.26.11:753][  0]LogConfig: Setting CVar [[r.Streaming.AmortizeCPUToGPUCopy:0]]
[2021.02.04-14.26.11:753][  0]LogConfig: Setting CVar [[r.Streaming.MaxNumTexturesToStreamPerFrame:0]]
[2021.02.04-14.26.11:753][  0]LogConfig: Setting CVar [[r.Streaming.Boost:1]]
[2021.02.04-14.26.11:753][  0]LogConfig: Setting CVar [[r.MaxAnisotropy:8]]
[2021.02.04-14.26.11:753][  0]LogConfig: Setting CVar [[r.VT.MaxAnisotropy:8]]
[2021.02.04-14.26.11:753][  0]LogConfig: Setting CVar [[r.Streaming.LimitPoolSizeToVRAM:0]]
[2021.02.04-14.26.11:753][  0]LogConfig: Setting CVar [[r.Streaming.PoolSize:1000]]
[2021.02.04-14.26.11:753][  0]LogConfig: Setting CVar [[r.Streaming.MaxEffectiveScreenSize:0]]
[2021.02.04-14.26.11:753][  0]LogConfig: Applying CVar settings from Section [EffectsQuality@3] File [C:/unrealP/KJB_Portfolio_UE4/KJB_Portfolio/Saved/Config/Windows/Scalability.ini]
[2021.02.04-14.26.11:753][  0]LogConfig: Setting CVar [[r.TranslucencyLightingVolumeDim:64]]
[2021.02.04-14.26.11:753][  0]LogConfig: Setting CVar [[r.RefractionQuality:2]]
[2021.02.04-14.26.11:753][  0]LogConfig: Setting CVar [[r.SSR.Quality:3]]
[2021.02.04-14.26.11:753][  0]LogConfig: Setting CVar [[r.SSR.HalfResSceneColor:0]]
[2021.02.04-14.26.11:753][  0]LogConfig: Setting CVar [[r.SceneColorFormat:4]]
[2021.02.04-14.26.11:753][  0]LogConfig: Setting CVar [[r.DetailMode:2]]
[2021.02.04-14.26.11:753][  0]LogConfig: Setting CVar [[r.TranslucencyVolumeBlur:1]]
[2021.02.04-14.26.11:753][  0]LogConfig: Setting CVar [[r.MaterialQualityLevel:1 ; High quality]]
[2021.02.04-14.26.11:753][  0]LogConfig: Setting CVar [[r.SSS.Scale:1]]
[2021.02.04-14.26.11:753][  0]LogConfig: Setting CVar [[r.SSS.SampleSet:2]]
[2021.02.04-14.26.11:753][  0]LogConfig: Setting CVar [[r.SSS.Quality:1]]
[2021.02.04-14.26.11:753][  0]LogConfig: Setting CVar [[r.SSS.HalfRes:0]]
[2021.02.04-14.26.11:753][  0]LogConfig: Setting CVar [[r.SSGI.Quality:3]]
[2021.02.04-14.26.11:753][  0]LogConfig: Setting CVar [[r.EmitterSpawnRateScale:1.0]]
[2021.02.04-14.26.11:753][  0]LogConfig: Setting CVar [[r.ParticleLightQuality:2]]
[2021.02.04-14.26.11:753][  0]LogConfig: Setting CVar [[r.SkyAtmosphere.AerialPerspectiveLUT.FastApplyOnOpaque:1 ; Always have FastSkyLUT 1 in this case to avoid wrong sky]]
[2021.02.04-14.26.11:753][  0]LogConfig: Setting CVar [[r.SkyAtmosphere.AerialPerspectiveLUT.SampleCountPerSlice:1]]
[2021.02.04-14.26.11:753][  0]LogConfig: Setting CVar [[r.SkyAtmosphere.AerialPerspectiveLUT.DepthResolution:16.0]]
[2021.02.04-14.26.11:753][  0]LogConfig: Setting CVar [[r.SkyAtmosphere.FastSkyLUT:1]]
[2021.02.04-14.26.11:753][  0]LogConfig: Setting CVar [[r.SkyAtmosphere.FastSkyLUT.SampleCountMin:4.0]]
[2021.02.04-14.26.11:753][  0]LogConfig: Setting CVar [[r.SkyAtmosphere.FastSkyLUT.SampleCountMax:32.0]]
[2021.02.04-14.26.11:753][  0]LogConfig: Setting CVar [[r.SkyAtmosphere.SampleCountMin:4.0]]
[2021.02.04-14.26.11:753][  0]LogConfig: Setting CVar [[r.SkyAtmosphere.SampleCountMax:32.0]]
[2021.02.04-14.26.11:753][  0]LogConfig: Setting CVar [[r.SkyAtmosphere.TransmittanceLUT.UseSmallFormat:0]]
[2021.02.04-14.26.11:753][  0]LogConfig: Setting CVar [[r.SkyAtmosphere.TransmittanceLUT.SampleCount:10.0]]
[2021.02.04-14.26.11:753][  0]LogConfig: Setting CVar [[r.SkyAtmosphere.MultiScatteringLUT.SampleCount:15.0]]
[2021.02.04-14.26.11:754][  0]LogConfig: Applying CVar settings from Section [FoliageQuality@3] File [C:/unrealP/KJB_Portfolio_UE4/KJB_Portfolio/Saved/Config/Windows/Scalability.ini]
[2021.02.04-14.26.11:754][  0]LogConfig: Setting CVar [[foliage.DensityScale:1.0]]
[2021.02.04-14.26.11:754][  0]LogConfig: Setting CVar [[grass.DensityScale:1.0]]
[2021.02.04-14.26.11:754][  0]LogConfig: Applying CVar settings from Section [ShadingQuality@3] File [C:/unrealP/KJB_Portfolio_UE4/KJB_Portfolio/Saved/Config/Windows/Scalability.ini]
[2021.02.04-14.26.11:754][  0]LogConfig: Setting CVar [[r.HairStrands.SkyLighting.SampleCount:16]]
[2021.02.04-14.26.11:754][  0]LogConfig: Setting CVar [[r.HairStrands.SkyLighting.JitterIntegration:0]]
[2021.02.04-14.26.11:754][  0]LogConfig: Setting CVar [[r.HairStrands.SkyAO.SampleCount:16]]
[2021.02.04-14.26.11:754][  0]LogConfig: Setting CVar [[r.HairStrands.DeepShadow.SuperSampling:0]]
[2021.02.04-14.26.11:754][  0]LogConfig: Setting CVar [[r.HairStrands.VisibilityPPLL:0]]
[2021.02.04-14.26.11:754][  0]LogConfig: Setting CVar [[r.HairStrands.RasterizationScale:0.5]]
[2021.02.04-14.26.11:754][  0]LogConfig: Setting CVar [[r.HairStrands.VelocityRasterizationScale:1]]
[2021.02.04-14.26.11:754][  0]LogConfig: Applying CVar settings from Section [Startup] File [../../../Engine/Config/ConsoleVariables.ini]
[2021.02.04-14.26.11:754][  0]LogConfig: Setting CVar [[net.UseAdaptiveNetUpdateFrequency:0]]
[2021.02.04-14.26.11:754][  0]LogConfig: Setting CVar [[p.chaos.AllowCreatePhysxBodies:1]]
[2021.02.04-14.26.11:754][  0]LogConfig: Setting CVar [[fx.SkipVectorVMBackendOptimizations:1]]
[2021.02.04-14.26.11:754][  0]LogConfig: Applying CVar settings from Section [ConsoleVariables] File [C:/unrealP/KJB_Portfolio_UE4/KJB_Portfolio/Saved/Config/Windows/Engine.ini]
[2021.02.04-14.26.11:754][  0]LogInit: Computer: DESKTOP-6HEEP2H
[2021.02.04-14.26.11:754][  0]LogInit: User: KJB
[2021.02.04-14.26.11:754][  0]LogInit: CPU Page size=4096, Cores=6
[2021.02.04-14.26.11:754][  0]LogInit: High frequency timer resolution =10.000000 MHz
[2021.02.04-14.26.11:754][  0]LogMemory: Memory total: Physical=15.9GB (16GB approx)
[2021.02.04-14.26.11:754][  0]LogMemory: Platform Memory Stats for Windows
[2021.02.04-14.26.11:754][  0]LogMemory: Process Physical Memory: 116.87 MB used, 116.88 MB peak
[2021.02.04-14.26.11:754][  0]LogMemory: Process Virtual Memory: 102.12 MB used, 102.13 MB peak
[2021.02.04-14.26.11:754][  0]LogMemory: Physical Memory: 9928.62 MB used,  6389.49 MB free, 16318.11 MB total
[2021.02.04-14.26.11:754][  0]LogMemory: Virtual Memory: 5137.39 MB used,  134212592.00 MB free, 134217728.00 MB total
[2021.02.04-14.26.11:763][  0]LogWindows: WindowsPlatformFeatures enabled
[2021.02.04-14.26.11:807][  0]LogInit: Physics initialised using underlying interface: PhysX
[2021.02.04-14.26.11:807][  0]LogInit: Using OS detected language (ko-KR).
[2021.02.04-14.26.11:807][  0]LogInit: Using OS detected locale (ko-KR).
[2021.02.04-14.26.11:811][  0]LogTextLocalizationManager: No specific localization for 'ko-KR' exists, so the 'ko' localization will be used.
[2021.02.04-14.26.11:902][  0]LogInit: Setting process to per monitor DPI aware
[2021.02.04-14.26.11:960][  0]LogSlate: New Slate User Created.  User Index 0, Is Virtual User: 0
[2021.02.04-14.26.11:960][  0]LogSlate: Slate User Registered.  User Index 0, Is Virtual User: 0
[2021.02.04-14.26.12:126][  0]LogHMD: Failed to initialize OpenVR with code 110
[2021.02.04-14.26.12:126][  0]LogD3D11RHI: D3D11 min allowed feature level: 11_0
[2021.02.04-14.26.12:126][  0]LogD3D11RHI: D3D11 max allowed feature level: 11_0
[2021.02.04-14.26.12:126][  0]LogD3D11RHI: D3D11 adapters:
[2021.02.04-14.26.12:212][  0]LogD3D11RHI:    0. 'NVIDIA GeForce GTX 1660 SUPER' (Feature Level 11_0)
[2021.02.04-14.26.12:212][  0]LogD3D11RHI:       5991/0/8159 MB DedicatedVideo/DedicatedSystem/SharedSystem, Outputs:1, VendorId:0x10de
[2021.02.04-14.26.12:215][  0]LogD3D11RHI:    1. 'Microsoft Basic Render Driver' (Feature Level 11_0)
[2021.02.04-14.26.12:215][  0]LogD3D11RHI:       0/0/8159 MB DedicatedVideo/DedicatedSystem/SharedSystem, Outputs:0, VendorId:0x1414
[2021.02.04-14.26.12:215][  0]LogD3D11RHI: Chosen D3D11 Adapter: 0
[2021.02.04-14.26.12:223][  0]LogD3D11RHI: Creating new Direct3DDevice
[2021.02.04-14.26.12:224][  0]LogD3D11RHI:     GPU DeviceId: 0x21c4 (for the marketing name, search the web for "GPU Device Id")
[2021.02.04-14.26.12:224][  0]LogWindows: EnumDisplayDevices:
[2021.02.04-14.26.12:224][  0]LogWindows:    0. 'NVIDIA GeForce GTX 1660 SUPER' (P:1 D:1)
[2021.02.04-14.26.12:224][  0]LogWindows:    1. 'NVIDIA GeForce GTX 1660 SUPER' (P:0 D:0)
[2021.02.04-14.26.12:225][  0]LogWindows:    2. 'NVIDIA GeForce GTX 1660 SUPER' (P:0 D:0)
[2021.02.04-14.26.12:226][  0]LogWindows:    3. 'NVIDIA GeForce GTX 1660 SUPER' (P:0 D:0)
[2021.02.04-14.26.12:226][  0]LogWindows: DebugString: FoundDriverCount:4 
[2021.02.04-14.26.12:226][  0]LogD3D11RHI:     Adapter Name: NVIDIA GeForce GTX 1660 SUPER
[2021.02.04-14.26.12:226][  0]LogD3D11RHI:   Driver Version: 451.67 (internal:27.21.14.5167, unified:451.67)
[2021.02.04-14.26.12:226][  0]LogD3D11RHI:      Driver Date: 7-5-2020
[2021.02.04-14.26.12:226][  0]LogRHI: Texture pool is 4193 MB (70% of 5991 MB)
[2021.02.04-14.26.12:278][  0]LogD3D11RHI: RHI has support for 64 bit atomics
[2021.02.04-14.26.12:278][  0]LogD3D11RHI: Async texture creation enabled
[2021.02.04-14.26.12:278][  0]LogD3D11RHI: Array index from any shader is supported
[2021.02.04-14.26.12:294][  0]LogD3D11RHI: GPU Timing Frequency: 1000.000000 (Debug: 2 1)
[2021.02.04-14.26.12:596][  0]LogTargetPlatformManager: Display: Loaded TargetPlatform 'AllDesktop'
[2021.02.04-14.26.12:618][  0]LogTargetPlatformManager: Display: Loaded TargetPlatform 'Android'
[2021.02.04-14.26.12:618][  0]LogTargetPlatformManager: Display: Loaded TargetPlatform 'Android_ASTC'
[2021.02.04-14.26.12:618][  0]LogTargetPlatformManager: Display: Loaded TargetPlatform 'Android_DXT'
[2021.02.04-14.26.12:618][  0]LogTargetPlatformManager: Display: Loaded TargetPlatform 'Android_ETC2'
[2021.02.04-14.26.12:618][  0]LogTargetPlatformManager: Display: Loaded TargetPlatform 'AndroidClient'
[2021.02.04-14.26.12:618][  0]LogTargetPlatformManager: Display: Loaded TargetPlatform 'Android_ASTCClient'
[2021.02.04-14.26.12:618][  0]LogTargetPlatformManager: Display: Loaded TargetPlatform 'Android_DXTClient'
[2021.02.04-14.26.12:618][  0]LogTargetPlatformManager: Display: Loaded TargetPlatform 'Android_ETC2Client'
[2021.02.04-14.26.12:618][  0]LogTargetPlatformManager: Display: Loaded TargetPlatform 'Android_Multi'
[2021.02.04-14.26.12:618][  0]LogTargetPlatformManager: Display: Loaded TargetPlatform 'Android_MultiClient'
[2021.02.04-14.26.12:646][  0]LogTargetPlatformManager: Display: Loaded TargetPlatform 'IOSClient'
[2021.02.04-14.26.12:646][  0]LogTargetPlatformManager: Display: Loaded TargetPlatform 'IOS'
[2021.02.04-14.26.12:659][  0]LogTargetPlatformManager: Display: Loaded TargetPlatform 'Linux'
[2021.02.04-14.26.12:670][  0]LogTargetPlatformManager: Display: Loaded TargetPlatform 'LinuxNoEditor'
[2021.02.04-14.26.12:680][  0]LogTargetPlatformManager: Display: Loaded TargetPlatform 'LinuxClient'
[2021.02.04-14.26.12:691][  0]LogTargetPlatformManager: Display: Loaded TargetPlatform 'LinuxServer'
[2021.02.04-14.26.12:701][  0]LogTargetPlatformManager: Display: Loaded TargetPlatform 'LinuxAArch64NoEditor'
[2021.02.04-14.26.12:712][  0]LogTargetPlatformManager: Display: Loaded TargetPlatform 'LinuxAArch64Client'
[2021.02.04-14.26.12:723][  0]LogTargetPlatformManager: Display: Loaded TargetPlatform 'LinuxAArch64Server'
[2021.02.04-14.26.12:751][  0]LogTargetPlatformManager: Display: Loaded TargetPlatform 'Lumin'
[2021.02.04-14.26.12:751][  0]LogTargetPlatformManager: Display: Loaded TargetPlatform 'LuminClient'
[2021.02.04-14.26.12:771][  0]LogTargetPlatformManager: Display: Loaded TargetPlatform 'TVOSClient'
[2021.02.04-14.26.12:771][  0]LogTargetPlatformManager: Display: Loaded TargetPlatform 'TVOS'
[2021.02.04-14.26.12:781][  0]LogTargetPlatformManager: Display: Loaded TargetPlatform 'WindowsNoEditor'
[2021.02.04-14.26.12:793][  0]LogTargetPlatformManager: Display: Loaded TargetPlatform 'Windows'
[2021.02.04-14.26.12:804][  0]LogTargetPlatformManager: Display: Loaded TargetPlatform 'WindowsClient'
[2021.02.04-14.26.12:814][  0]LogTargetPlatformManager: Display: Loaded TargetPlatform 'WindowsServer'
[2021.02.04-14.26.12:814][  0]LogTargetPlatformManager: Display: Building Assets For Windows
[2021.02.04-14.26.12:825][  0]LogAudioDebug: Display: Lib vorbis DLL was dynamically loaded.
[2021.02.04-14.26.12:906][  0]LogShaderCompilers: Guid format shader working directory is -14 characters bigger than the processId version (../../../../../../unrealP/KJB_Portfolio_UE4/KJB_Portfolio/Intermediate/Shaders/WorkingDirectory/24580/).
[2021.02.04-14.26.12:907][  0]LogShaderCompilers: Cleaned the shader compiler working directory 'C:/Users/KJB/AppData/Local/Temp/UnrealShaderWorkingDir/CED42E2742A54045C9F646B98959DC61/'.
[2021.02.04-14.26.12:907][  0]LogXGEController: Cannot use XGE Controller as Incredibuild is not installed on this machine.
[2021.02.04-14.26.12:907][  0]LogShaderCompilers: Cannot use XGE Shader Compiler as Incredibuild is not installed on this machine.
[2021.02.04-14.26.12:907][  0]LogShaderCompilers: Display: Using Local Shader Compiler.
[2021.02.04-14.26.13:633][  0]LogDerivedDataCache: Display: Max Cache Size: 512 MB
[2021.02.04-14.26.13:699][  0]LogDerivedDataCache: Loaded boot cache 0.07s 125MB C:/Users/KJB/AppData/Local/UnrealEngine/4.25/DerivedDataCache/Boot.ddc.
[2021.02.04-14.26.13:699][  0]LogDerivedDataCache: Display: Loaded Boot cache: C:/Users/KJB/AppData/Local/UnrealEngine/4.25/DerivedDataCache/Boot.ddc
[2021.02.04-14.26.13:699][  0]LogDerivedDataCache: FDerivedDataBackendGraph:  Pak pak cache file ../../../../../../unrealP/KJB_Portfolio_UE4/KJB_Portfolio/DerivedDataCache/DDC.ddp not found, will not use a pak cache.
[2021.02.04-14.26.13:699][  0]LogDerivedDataCache: Unable to find inner node Pak for hierarchical cache Hierarchy.
[2021.02.04-14.26.13:700][  0]LogDerivedDataCache: FDerivedDataBackendGraph:  CompressedPak pak cache file ../../../../../../unrealP/KJB_Portfolio_UE4/KJB_Portfolio/DerivedDataCache/Compressed.ddp not found, will not use a pak cache.
[2021.02.04-14.26.13:700][  0]LogDerivedDataCache: Unable to find inner node CompressedPak for hierarchical cache Hierarchy.
[2021.02.04-14.26.13:710][  0]LogDerivedDataCache: Display: Pak cache opened for reading ../../../Engine/DerivedDataCache/Compressed.ddp.
[2021.02.04-14.26.13:710][  0]LogDerivedDataCache: FDerivedDataBackendGraph:  EnterprisePak pak cache file ../../../Enterprise/DerivedDataCache/Compressed.ddp not found, will not use a pak cache.
[2021.02.04-14.26.13:710][  0]LogDerivedDataCache: Unable to find inner node EnterprisePak for hierarchical cache Hierarchy.
[2021.02.04-14.26.13:711][  0]LogDerivedDataCache: Using Local data cache path C:/Users/KJB/AppData/Local/UnrealEngine/Common/DerivedDataCache: Writable
[2021.02.04-14.26.13:711][  0]LogDerivedDataCache: Shared data cache path not found in *engine.ini, will not use an Shared cache.
[2021.02.04-14.26.13:711][  0]LogDerivedDataCache: Unable to find inner node Shared for hierarchical cache Hierarchy.
[2021.02.04-14.26.13:754][  0]LogSlate: Using FreeType 2.10.0
[2021.02.04-14.26.13:754][  0]LogSlate: SlateFontServices - WITH_FREETYPE: 1, WITH_HARFBUZZ: 1
[2021.02.04-14.26.13:778][  0]LogAssetRegistry: FAssetRegistry took 0.0029 seconds to start up
[2021.02.04-14.26.14:001][  0]LogInit: Selected Device Profile: [Windows]
[2021.02.04-14.26.14:115][  0]LogMeshReduction: Using QuadricMeshReduction for automatic static mesh reduction
[2021.02.04-14.26.14:115][  0]LogMeshReduction: Using SimplygonMeshReduction for automatic skeletal mesh reduction
[2021.02.04-14.26.14:115][  0]LogMeshReduction: Using ProxyLODMeshReduction for automatic mesh merging
[2021.02.04-14.26.14:115][  0]LogMeshReduction: No distributed automatic mesh merging module available
[2021.02.04-14.26.14:115][  0]LogMeshMerging: No distributed automatic mesh merging module available
[2021.02.04-14.26.14:131][  0]LogNetVersion: KJB_Portfolio 1.0.0, NetCL: 13144385, EngineNetVer: 14, GameNetVer: 0 (Checksum: 3600608709)
[2021.02.04-14.26.14:512][  0]LogAISub: UAISubsystem::UAISubsystem AISubsystem (0000011D612AF880), frame # 0
[2021.02.04-14.26.14:512][  0]LogAISub: UAISubsystem::UAISubsystem AIPerceptionSystem (0000011D612A3C40), frame # 0
[2021.02.04-14.26.14:514][  0]LogAISub: UAISubsystem::UAISubsystem EnvQueryManager (0000011D61340800), frame # 0
[2021.02.04-14.26.14:547][  0]LogPackageLocalizationCache: Processed 19 localized package path(s) for 1 prioritized culture(s) in 0.028169 seconds
[2021.02.04-14.26.14:552][  0]LogUObjectArray: 15917 objects as part of root set at end of initial load.
[2021.02.04-14.26.14:552][  0]LogUObjectAllocator: 3965568 out of 0 bytes used by permanent object pool.
[2021.02.04-14.26.14:552][  0]LogUObjectArray: CloseDisregardForGC: 0/0 objects in disregard for GC pool
[2021.02.04-14.26.15:032][  0]LogTcpMessaging: Initializing TcpMessaging bridge
[2021.02.04-14.26.15:038][  0]LogUdpMessaging: Initializing bridge on interface 0.0.0.0:0 to multicast group 230.0.0.1:6666.
[2021.02.04-14.26.15:862][  0]LogLinker: Warning: '{FileName}': 파일을 찾을 수 없습니다. 로드에 실패했습니다.
[2021.02.04-14.26.15:862][  0]LogLinker: Warning: '{FileName}': 파일을 찾을 수 없습니다. 로드에 실패했습니다.
[2021.02.04-14.26.15:862][  0]LogUObjectGlobals: Warning: 'Class /Game/ThirdPersonBP/ThirdPersonOverview.ThirdPersonOverview_C' 오브젝트를 찾는 데 실패했습니다.
[2021.02.04-14.26.15:907][  0]SourceControl: 소스 컨트롤이 꺼졌습니다.
[2021.02.04-14.26.15:907][  0]SourceControl: 소스 컨트롤이 꺼졌습니다.
[2021.02.04-14.26.15:911][  0]SourceControl: 소스 컨트롤이 꺼졌습니다.
[2021.02.04-14.26.15:915][  0]SourceControl: 소스 컨트롤이 꺼졌습니다.
[2021.02.04-14.26.15:925][  0]SourceControl: 소스 컨트롤이 꺼졌습니다.
[2021.02.04-14.26.16:251][  0]LogAndroidPermission: UAndroidPermissionCallbackProxy::GetInstance
[2021.02.04-14.26.16:279][  0]LogAudioCaptureCore: Display: No Audio Capture implementations found. Audio input will be silent.
[2021.02.04-14.26.16:279][  0]LogAudioCaptureCore: Display: No Audio Capture implementations found. Audio input will be silent.
[2021.02.04-14.26.16:339][  0]LogOcInput: OculusInput pre-init called
[2021.02.04-14.26.16:353][  0]LogWindows: Failed to load 'OVRPlugin.dll' (GetLastError=126)
[2021.02.04-14.26.16:354][  0]LogWindows: File 'OVRPlugin.dll' does not exist
[2021.02.04-14.26.16:429][  0]LogEngine: Initializing Engine...
[2021.02.04-14.26.16:432][  0]LogHMD: Failed to initialize OpenVR with code 110
[2021.02.04-14.26.16:432][  0]LogMagicLeap: Warning: VR disabled because ZI is not enabled.  To enable, in the editor, Edit -> Project Settings -> Plugins -> Magic Leap Plugin -> Enable Zero Iteration
[2021.02.04-14.26.16:433][  0]LogStats: UGameplayTagsManager::InitializeManager -  0.000 s
[2021.02.04-14.26.16:554][  0]LogInit: Initializing FReadOnlyCVARCache
[2021.02.04-14.26.16:563][  0]LogAIModule: Creating AISystem for world Untitled
[2021.02.04-14.26.16:563][  0]LogAISub: UAISubsystem::UAISubsystem EnvQueryManager (0000011D6C0D6400), frame # 0
[2021.02.04-14.26.16:563][  0]LogAISub: UAISubsystem::UAISubsystem AIPerceptionSystem (0000011D6C122340), frame # 0
[2021.02.04-14.26.16:573][  0]LogAudioMixer: Display: Audio Mixer Platform Settings:
[2021.02.04-14.26.16:573][  0]LogAudioMixer: Display: 	Sample Rate:						  48000
[2021.02.04-14.26.16:573][  0]LogAudioMixer: Display: 	Callback Buffer Frame Size Requested: 1024
[2021.02.04-14.26.16:573][  0]LogAudioMixer: Display: 	Callback Buffer Frame Size To Use:	  1024
[2021.02.04-14.26.16:573][  0]LogAudioMixer: Display: 	Number of buffers to queue:			  2
[2021.02.04-14.26.16:573][  0]LogAudioMixer: Display: 	Max Channels (voices):				  32
[2021.02.04-14.26.16:573][  0]LogAudioMixer: Display: 	Number of Async Source Workers:		  0
[2021.02.04-14.26.16:573][  0]LogAudio: Display: AudioDevice MaxSources: 32
[2021.02.04-14.26.16:574][  0]LogAudio: Display: Using built-in audio occlusion.
[2021.02.04-14.26.16:574][  0]LogAudioMixer: Display: Initializing audio mixer.
[2021.02.04-14.26.16:595][  0]LogAudioMixer: Display: 0: FrontLeft
[2021.02.04-14.26.16:595][  0]LogAudioMixer: Display: 1: FrontRight
[2021.02.04-14.26.16:655][  0]LogAudioMixer: Display: Using Audio Device 스피커(Realtek High Definition Audio)
[2021.02.04-14.26.16:658][  0]LogAudioMixer: Display: Initializing Sound Submixes...
[2021.02.04-14.26.16:661][  0]LogAudioMixer: Display: Creating Master Submix 'MasterSubmixDefault'
[2021.02.04-14.26.16:661][  0]LogAudioMixer: Display: Creating Master Submix 'MasterReverbSubmixDefault'
[2021.02.04-14.26.16:662][  0]LogAudioMixer: Display: Creating Master Submix 'MasterEQSubmixDefault'
[2021.02.04-14.26.16:663][  0]LogInit: FAudioDevice initialized.
[2021.02.04-14.26.16:663][  0]LogNetVersion: Set ProjectVersion to 1.0.0.0. Version Checksum will be recalculated on next use.
[2021.02.04-14.26.17:086][  0]LogDerivedDataCache: Saved boot cache 0.42s 125MB C:/Users/KJB/AppData/Local/UnrealEngine/4.25/DerivedDataCache/Boot.ddc.
[2021.02.04-14.26.17:088][  0]LogInit: Texture streaming: Enabled
[2021.02.04-14.26.17:112][  0]LogEngineSessionManager: EngineSessionManager initialized
[2021.02.04-14.26.17:112][  0]LogEditorSessionSummary: Verbose: Initializing EditorSessionSummaryWriter for editor session tracking
[2021.02.04-14.26.17:117][  0]LogEditorSessionSummary: EditorSessionSummaryWriter initialized
[2021.02.04-14.26.17:173][  0]LogInit: Transaction tracking system initialized
[2021.02.04-14.26.17:203][  0]BlueprintLog: New page: 에디터 로드
[2021.02.04-14.26.17:300][  0]LocalizationService: 현지화 서비스가 비활성화되었습니다.
[2021.02.04-14.26.17:470][  0]LogCook: Display: Max memory allowance for cook 16384mb min free memory 0mb
[2021.02.04-14.26.17:470][  0]LogCook: Display: Mobile HDR setting 1
[2021.02.04-14.26.17:645][  0]LogFileCache: Scanning file cache for directory 'C:/unrealP/KJB_Portfolio_UE4/KJB_Portfolio/Content/' took 0.06s
[2021.02.04-14.26.17:845][  0]SourceControl: 소스 컨트롤이 꺼졌습니다.
[2021.02.04-14.26.17:845][  0]LogUnrealEdMisc: Loading editor; pre map load, took 7.882
[2021.02.04-14.26.17:845][  0]Cmd: MAP LOAD FILE="../../../../../../unrealP/KJB_Portfolio_UE4/KJB_Portfolio/Content/MyContents/NewMap.umap" TEMPLATE=0 SHOWPROGRESS=1 FEATURELEVEL=3
[2021.02.04-14.26.17:846][  0]LightingResults: New page: 라이팅 빌드
[2021.02.04-14.26.17:846][  0]LogWorld: UWorld::CleanupWorld for Untitled, bSessionEnded=true, bCleanupResources=true
[2021.02.04-14.26.17:846][  0]LogSlate: InvalidateAllWidgets triggered.  All widgets were invalidated
[2021.02.04-14.26.17:846][  0]MapCheck: New page: 맵 체크
[2021.02.04-14.26.17:846][  0]LightingResults: New page: 라이팅 빌드
[2021.02.04-14.26.17:859][  0]LogAISub: UAISubsystem::~UAISubsystem EnvQueryManager (0000011D6C0D6400), frame # 0
[2021.02.04-14.26.17:860][  0]LogAISub: UAISubsystem::~UAISubsystem AIPerceptionSystem (0000011D6C122340), frame # 0
[2021.02.04-14.26.17:861][  0]LogUObjectHash: Compacting FUObjectHashTables data took   0.92ms
[2021.02.04-14.26.17:958][  0]LogAIModule: Creating AISystem for world NewMap
[2021.02.04-14.26.17:958][  0]LogAISub: UAISubsystem::UAISubsystem EnvQueryManager (0000011D4E443A00), frame # 0
[2021.02.04-14.26.17:958][  0]LogAISub: UAISubsystem::UAISubsystem AIPerceptionSystem (0000011D61764A40), frame # 0
[2021.02.04-14.26.17:964][  0]LogEditorServer: Finished looking for orphan Actors (0.000 secs)
[2021.02.04-14.26.17:977][  0]LogUObjectHash: Compacting FUObjectHashTables data took   0.83ms
[2021.02.04-14.26.17:977][  0]Cmd: MAP CHECKDEP NOCLEARLOG
[2021.02.04-14.26.17:977][  0]MapCheck: 맵 체크 완료: 오류 0 회, 경고 0 회, 소요 시간 0.176ms.
[2021.02.04-14.26.17:977][  0]LogFileHelpers: Loading map 'NewMap' took 0.132
[2021.02.04-14.26.17:983][  0]LogUnrealEdMisc: Total Editor Startup Time, took 8.019
[2021.02.04-14.26.18:128][  0]LogSlate: Updating window title bar state: overlay mode, drag disabled, window buttons hidden, title bar hidden
[2021.02.04-14.26.18:137][  0]LogSlate: Updating window title bar state: overlay mode, drag disabled, window buttons hidden, title bar hidden
[2021.02.04-14.26.18:145][  0]LogSlate: Updating window title bar state: overlay mode, drag disabled, window buttons hidden, title bar hidden
[2021.02.04-14.26.18:153][  0]LogSlate: Updating window title bar state: overlay mode, drag disabled, window buttons hidden, title bar hidden
[2021.02.04-14.26.18:170][  0]LogCollectionManager: Loaded 0 collections in 0.002999 seconds
[2021.02.04-14.26.18:190][  0]LogFileCache: Scanning file cache for directory 'C:/unrealP/KJB_Portfolio_UE4/KJB_Portfolio/Saved/Collections/' took 0.00s
[2021.02.04-14.26.18:190][  0]LogFileCache: Scanning file cache for directory 'C:/unrealP/KJB_Portfolio_UE4/KJB_Portfolio/Content/Developers/KJB/Collections/' took 0.00s
[2021.02.04-14.26.18:190][  0]LogFileCache: Scanning file cache for directory 'C:/unrealP/KJB_Portfolio_UE4/KJB_Portfolio/Content/Collections/' took 0.00s
[2021.02.04-14.26.18:190][  0]LogContentBrowser: Native class hierarchy populated in 0.0129 seconds. Added 3462 classes and 824 folders.
[2021.02.04-14.26.18:194][  0]LogContentBrowser: Native class hierarchy updated for 'WidgetCarousel' in 0.0007 seconds. Added 0 classes and 0 folders.
[2021.02.04-14.26.18:274][  0]LogContentBrowser: Native class hierarchy updated for 'AddContentDialog' in 0.0004 seconds. Added 0 classes and 0 folders.
[2021.02.04-14.26.18:279][  0]LogContentBrowser: Native class hierarchy updated for 'SceneOutliner' in 0.0004 seconds. Added 2 classes and 0 folders.
[2021.02.04-14.26.18:434][  0]LogSlate: Took 0.000256 seconds to synchronously load lazily loaded font '../../../Engine/Content/Slate/Fonts/Roboto-Regular.ttf' (155K)
[2021.02.04-14.26.18:436][  0]LogSlate: Took 0.001410 seconds to synchronously load lazily loaded font '../../../Engine/Content/Editor/Slate/Fonts/NanumGothic.ttf' (4243K)
[2021.02.04-14.26.18:439][  0]LogSlate: Took 0.001846 seconds to synchronously load lazily loaded font '../../../Engine/Content/Editor/Slate/Fonts/NanumGothicBold.ttf' (4188K)
[2021.02.04-14.26.18:439][  0]LogSlate: Took 0.000201 seconds to synchronously load lazily loaded font '../../../Engine/Content/Slate/Fonts/Roboto-Bold.ttf' (160K)
[2021.02.04-14.26.18:443][  0]LogSlate: Took 0.000187 seconds to synchronously load lazily loaded font '../../../Engine/Content/Editor/Slate/Fonts/FontAwesome.ttf' (139K)
[2021.02.04-14.26.18:493][  0]LogRenderer: Reallocating scene render targets to support 1236x568 Format 10 NumSamples 1 (Frame:1).
[2021.02.04-14.26.18:572][  0]LogContentBrowser: Native class hierarchy updated for 'HierarchicalLODOutliner' in 0.0004 seconds. Added 0 classes and 0 folders.
[2021.02.04-14.26.18:573][  0]LogLoad: (Engine Initialization) Total time: 8.61 seconds
[2021.02.04-14.26.18:573][  0]LogLoad: (Engine Initialization) Total Blueprint compile time: 0.00 seconds
[2021.02.04-14.26.18:632][  0]LogContentStreaming: Texture pool size now 1000 MB
[2021.02.04-14.26.18:664][  0]LogSlate: Took 0.000165 seconds to synchronously load lazily loaded font '../../../Engine/Content/Slate/Fonts/Roboto-Light.ttf' (167K)
[2021.02.04-14.26.18:711][  1]LogAssetRegistry: Asset discovery search completed in 4.9339 seconds
[2021.02.04-14.26.18:715][  1]LogCollectionManager: Fixed up redirectors for 0 collections in 0.000002 seconds (updated 0 objects)
[2021.02.04-14.26.44:394][859]LogSlate: Took 0.000243 seconds to synchronously load lazily loaded font '../../../Engine/Content/Slate/Fonts/Roboto-Light.ttf' (167K)
[2021.02.04-14.26.44:408][859]LogAssetEditorSubsystem: Opening Asset editor for Blueprint /Game/MyContents/Monster/Enemy_Great_Spider/Greater_SpiderBP.Greater_SpiderBP
[2021.02.04-14.26.44:760][859]LogContentBrowser: Native class hierarchy updated for 'BlueprintGraph' in 0.0007 seconds. Added 125 classes and 0 folders.
[2021.02.04-14.26.47:634][ 54]LogSlate: Window 'Greater_SpiderBP' being destroyed
[2021.02.04-14.26.47:643][ 54]LogWorld: UWorld::CleanupWorld for World_5, bSessionEnded=true, bCleanupResources=true
[2021.02.04-14.26.47:643][ 54]LogSlate: InvalidateAllWidgets triggered.  All widgets were invalidated
[2021.02.04-14.26.47:721][ 54]LogAssetEditorSubsystem: Opening Asset editor for Blueprint /Game/MyContents/Monster/Enemy_Great_Spider/Greater_SpiderBP.Greater_SpiderBP
[2021.02.04-14.26.48:170][ 54]LogSlate: Took 0.000259 seconds to synchronously load lazily loaded font '../../../Engine/Content/Slate/Fonts/Roboto-BoldCondensed.ttf' (158K)
[2021.02.04-14.26.51:473][349]LogSlate: Took 0.000286 seconds to synchronously load lazily loaded font '../../../Engine/Content/Slate/Fonts/Roboto-Italic.ttf' (157K)
[2021.02.04-14.26.59:747][254]LogSlate: Window 'Greater_SpiderBP' being destroyed
[2021.02.04-14.26.59:753][254]LogSlate: Window 'Greater_SpiderBP' being destroyed
[2021.02.04-14.26.59:753][254]LogWorld: UWorld::CleanupWorld for World_7, bSessionEnded=true, bCleanupResources=true
[2021.02.04-14.26.59:753][254]LogSlate: InvalidateAllWidgets triggered.  All widgets were invalidated
[2021.02.04-14.27.40:277][617]LogSlate: Window '프로파일 편집' being destroyed
[2021.02.04-14.27.55:733][709]LogSlate: Window '프로파일 편집' being destroyed
[2021.02.04-14.27.56:926][830]LogSlate: Window '프로젝트 세팅' being destroyed
[2021.02.04-14.27.56:929][830]LogSlate: Window '프로젝트 세팅' being destroyed
[2021.02.04-14.28.37:048][734]Candidate modules for hot reload:
[2021.02.04-14.28.37:048][734]  KJB_Portfolio
[2021.02.04-14.28.37:048][734]Launching UnrealBuildTool... [C:/Program Files/Epic Games/UE_4.25/Engine/Binaries/DotNET/UnrealBuildTool.exe  -ModuleWithSuffix=KJB_Portfolio,9249 KJB_PortfolioEditor Win64 Development -Project="C:/unrealP/KJB_Portfolio_UE4/KJB_Portfolio/KJB_Portfolio.uproject" "C:/unrealP/KJB_Portfolio_UE4/KJB_Portfolio/KJB_Portfolio.uproject"  -IgnoreJunk]
[2021.02.04-14.28.37:056][734]Warning: Starting HotReload took  0.0s.
[2021.02.04-14.28.51:656][ 63]CompilerResultsLog: New page: 컴파일 - 2021. 2. 5. 오전 8:28:51
[2021.02.04-14.28.51:656][ 63]CompilerResultsLog: Using 'git status' to determine working set for adaptive non-unity build (C:\unrealP\KJB_Portfolio_UE4).
[2021.02.04-14.28.51:656][ 63]CompilerResultsLog: Building KJB_PortfolioEditor...
[2021.02.04-14.28.51:656][ 63]CompilerResultsLog: Using Visual Studio 2017 14.16.27042 toolchain (C:\Program Files (x86)\Microsoft Visual Studio\2017\Community\VC\Tools\MSVC\14.16.27023) and Windows 10.0.17763.0 SDK (C:\Program Files (x86)\Windows Kits\10).
[2021.02.04-14.28.51:656][ 63]CompilerResultsLog: Building 4 actions with 12 processes...
[2021.02.04-14.28.51:656][ 63]CompilerResultsLog:   [1/4] Module.KJB_Portfolio.cpp
[2021.02.04-14.28.51:656][ 63]CompilerResultsLog:   [2/4] UE4Editor-KJB_Portfolio-9249.lib
[2021.02.04-14.28.51:656][ 63]CompilerResultsLog:      C:\unrealP\KJB_Portfolio_UE4\KJB_Portfolio\Intermediate\Build\Win64\UE4Editor\Development\KJB_Portfolio\UE4Editor-KJB_Portfolio-9249.lib ???̺귯?? ?? C:\unrealP\KJB_Portfolio_UE4\KJB_Portfolio\Intermediate\Build\Win64\UE4Editor\Development\KJB_Portfolio\UE4Editor-KJB_Portfolio-9249.exp ??ü?? ?????ϰ? ?ֽ??ϴ?.
[2021.02.04-14.28.51:656][ 63]CompilerResultsLog:   [3/4] UE4Editor-KJB_Portfolio-9249.dll
[2021.02.04-14.28.51:656][ 63]CompilerResultsLog:      C:\unrealP\KJB_Portfolio_UE4\KJB_Portfolio\Intermediate\Build\Win64\UE4Editor\Development\KJB_Portfolio\UE4Editor-KJB_Portfolio-9249.suppressed.lib ???̺귯?? ?? C:\unrealP\KJB_Portfolio_UE4\KJB_Portfolio\Intermediate\Build\Win64\UE4Editor\Development\KJB_Portfolio\UE4Editor-KJB_Portfolio-9249.suppressed.exp ??ü?? ?????ϰ? ?ֽ??ϴ?.
[2021.02.04-14.28.51:656][ 63]CompilerResultsLog:   [4/4] KJB_PortfolioEditor.target
[2021.02.04-14.28.51:656][ 63]CompilerResultsLog: Total time in Parallel executor: 13.34 seconds
[2021.02.04-14.28.51:656][ 63]CompilerResultsLog: Total execution time: 14.21 seconds
[2021.02.04-14.28.51:656][ 63]LogMainFrame: MainFrame: Module compiling took 14.613 seconds
[2021.02.04-14.28.51:753][ 63]LogClass: EItemTypes HotReload.
[2021.02.04-14.28.51:753][ 63]LogClass: EItemType HotReload.
[2021.02.04-14.28.51:753][ 63]LogClass: ECharacterState HotReload.
[2021.02.04-14.28.51:753][ 63]LogClass: ESlotType HotReload.
[2021.02.04-14.28.51:753][ 63]LogClass: ItemData HotReload.
[2021.02.04-14.28.51:753][ 63]LogClass: PlayerStatData HotReload.
[2021.02.04-14.28.51:753][ 63]LogClass: MonsterStatData HotReload.
[2021.02.04-14.28.51:772][ 63]LogContentBrowser: Native class hierarchy updated for 'KJB_Portfolio' in 0.0005 seconds. Added 35 classes and 3 folders.
[2021.02.04-14.28.51:776][ 63]Display: HotReload successful (12 functions remapped  3 scriptstructs remapped)
[2021.02.04-14.28.51:891][ 63]LogContentBrowser: Native class hierarchy populated in 0.0089 seconds. Added 3462 classes and 824 folders.
[2021.02.04-14.28.51:892][ 63]Display: HotReload took 14.9s.
[2021.02.04-14.29.21:702][259]Candidate modules for hot reload:
[2021.02.04-14.29.21:702][259]  KJB_Portfolio
[2021.02.04-14.29.21:702][259]Launching UnrealBuildTool... [C:/Program Files/Epic Games/UE_4.25/Engine/Binaries/DotNET/UnrealBuildTool.exe  -ModuleWithSuffix=KJB_Portfolio,8587 KJB_PortfolioEditor Win64 Development -Project="C:/unrealP/KJB_Portfolio_UE4/KJB_Portfolio/KJB_Portfolio.uproject" "C:/unrealP/KJB_Portfolio_UE4/KJB_Portfolio/KJB_Portfolio.uproject"  -IgnoreJunk]
[2021.02.04-14.29.21:709][259]Warning: Starting HotReload took  0.0s.
[2021.02.04-14.29.35:769][173]CompilerResultsLog: New page: 컴파일 - 2021. 2. 5. 오전 8:29:35
[2021.02.04-14.29.35:769][173]CompilerResultsLog: Using 'git status' to determine working set for adaptive non-unity build (C:\unrealP\KJB_Portfolio_UE4).
[2021.02.04-14.29.35:769][173]CompilerResultsLog: Building KJB_PortfolioEditor...
[2021.02.04-14.29.35:769][173]CompilerResultsLog: Using Visual Studio 2017 14.16.27042 toolchain (C:\Program Files (x86)\Microsoft Visual Studio\2017\Community\VC\Tools\MSVC\14.16.27023) and Windows 10.0.17763.0 SDK (C:\Program Files (x86)\Windows Kits\10).
[2021.02.04-14.29.35:769][173]CompilerResultsLog: Building 4 actions with 12 processes...
[2021.02.04-14.29.35:769][173]CompilerResultsLog:   [1/4] Module.KJB_Portfolio.cpp
[2021.02.04-14.29.35:769][173]CompilerResultsLog:   [2/4] UE4Editor-KJB_Portfolio-8587.lib
[2021.02.04-14.29.35:769][173]CompilerResultsLog:      C:\unrealP\KJB_Portfolio_UE4\KJB_Portfolio\Intermediate\Build\Win64\UE4Editor\Development\KJB_Portfolio\UE4Editor-KJB_Portfolio-8587.lib ???̺귯?? ?? C:\unrealP\KJB_Portfolio_UE4\KJB_Portfolio\Intermediate\Build\Win64\UE4Editor\Development\KJB_Portfolio\UE4Editor-KJB_Portfolio-8587.exp ??ü?? ?????ϰ? ?ֽ??ϴ?.
[2021.02.04-14.29.35:769][173]CompilerResultsLog:   [3/4] UE4Editor-KJB_Portfolio-8587.dll
[2021.02.04-14.29.35:769][173]CompilerResultsLog:      C:\unrealP\KJB_Portfolio_UE4\KJB_Portfolio\Intermediate\Build\Win64\UE4Editor\Development\KJB_Portfolio\UE4Editor-KJB_Portfolio-8587.suppressed.lib ???̺귯?? ?? C:\unrealP\KJB_Portfolio_UE4\KJB_Portfolio\Intermediate\Build\Win64\UE4Editor\Development\KJB_Portfolio\UE4Editor-KJB_Portfolio-8587.suppressed.exp ??ü?? ?????ϰ? ?ֽ??ϴ?.
[2021.02.04-14.29.35:769][173]CompilerResultsLog:   [4/4] KJB_PortfolioEditor.target
[2021.02.04-14.29.35:769][173]CompilerResultsLog: Total time in Parallel executor: 13.25 seconds
[2021.02.04-14.29.35:769][173]CompilerResultsLog: Total execution time: 13.97 seconds
[2021.02.04-14.29.35:769][173]LogMainFrame: MainFrame: Module compiling took 14.070 seconds
[2021.02.04-14.29.35:888][173]LogClass: EItemTypes HotReload.
[2021.02.04-14.29.35:888][173]LogClass: EItemType HotReload.
[2021.02.04-14.29.35:888][173]LogClass: ECharacterState HotReload.
[2021.02.04-14.29.35:888][173]LogClass: ESlotType HotReload.
[2021.02.04-14.29.35:889][173]LogClass: ItemData HotReload.
[2021.02.04-14.29.35:889][173]LogClass: PlayerStatData HotReload.
[2021.02.04-14.29.35:889][173]LogClass: MonsterStatData HotReload.
[2021.02.04-14.29.35:906][173]LogContentBrowser: Native class hierarchy updated for 'KJB_Portfolio' in 0.0005 seconds. Added 35 classes and 3 folders.
[2021.02.04-14.29.35:912][173]Display: HotReload successful (12 functions remapped  3 scriptstructs remapped)
[2021.02.04-14.29.36:038][173]LogContentBrowser: Native class hierarchy populated in 0.0087 seconds. Added 3462 classes and 824 folders.
[2021.02.04-14.29.36:039][173]Display: HotReload took 14.3s.
[2021.02.04-14.29.37:985][362]LogTemp: Repeating last play command: 선택된 뷰포트
[2021.02.04-14.29.38:009][362]LogPlayLevel: PlayLevel: No blueprints needed recompiling
[2021.02.04-14.29.38:009][362]PIE: New page: PIE 세션: NewMap (2021. 2. 5. 오전 8:29:38)
[2021.02.04-14.29.38:010][362]LogOnline: OSS: Creating online subsystem instance for: NULL
[2021.02.04-14.29.38:011][362]LogOnline: OSS: TryLoadSubsystemAndSetDefault: Loaded subsystem for module [NULL]
[2021.02.04-14.29.38:011][362]LogPlayLevel: Creating play world package: /Game/MyContents/UEDPIE_0_NewMap
[2021.02.04-14.29.38:018][362]LogPlayLevel: PIE: StaticDuplicateObject took: (0.007060s)
[2021.02.04-14.29.38:019][362]LogAIModule: Creating AISystem for world NewMap
[2021.02.04-14.29.38:019][362]LogAISub: UAISubsystem::UAISubsystem EnvQueryManager (0000011DB4FA7E00), frame # 8362
[2021.02.04-14.29.38:019][362]LogAISub: UAISubsystem::UAISubsystem AIPerceptionSystem (0000011DB4FCA840), frame # 8362
[2021.02.04-14.29.38:019][362]LogPlayLevel: PIE: World Init took: (0.001197s)
[2021.02.04-14.29.38:019][362]LogPlayLevel: PIE: Created PIE world by copying editor world from /Game/MyContents/NewMap.NewMap to /Game/MyContents/UEDPIE_0_NewMap.NewMap (0.008447s)
[2021.02.04-14.29.38:199][362]LogUObjectHash: Compacting FUObjectHashTables data took   5.10ms
[2021.02.04-14.29.38:201][362]GameLog: Warning: UMyGameInstance::Init(27) Attack of Level 25 Player : 0
[2021.02.04-14.29.38:201][362]LogAudioMixer: Display: Audio Mixer Platform Settings:
[2021.02.04-14.29.38:201][362]LogAudioMixer: Display: 	Sample Rate:						  48000
[2021.02.04-14.29.38:201][362]LogAudioMixer: Display: 	Callback Buffer Frame Size Requested: 1024
[2021.02.04-14.29.38:201][362]LogAudioMixer: Display: 	Callback Buffer Frame Size To Use:	  1024
[2021.02.04-14.29.38:201][362]LogAudioMixer: Display: 	Number of buffers to queue:			  2
[2021.02.04-14.29.38:201][362]LogAudioMixer: Display: 	Max Channels (voices):				  32
[2021.02.04-14.29.38:201][362]LogAudioMixer: Display: 	Number of Async Source Workers:		  0
[2021.02.04-14.29.38:201][362]LogAudio: Display: AudioDevice MaxSources: 32
[2021.02.04-14.29.38:201][362]LogAudio: Display: Using built-in audio occlusion.
[2021.02.04-14.29.38:201][362]LogAudioMixer: Display: Initializing audio mixer.
[2021.02.04-14.29.38:210][362]LogAudioMixer: Display: 0: FrontLeft
[2021.02.04-14.29.38:210][362]LogAudioMixer: Display: 1: FrontRight
[2021.02.04-14.29.38:244][362]LogAudioMixer: Display: Using Audio Device 스피커(Realtek High Definition Audio)
[2021.02.04-14.29.38:244][362]LogAudioMixer: Display: Initializing Sound Submixes...
[2021.02.04-14.29.38:244][362]LogAudioMixer: Display: Creating Master Submix 'MasterSubmixDefault'
[2021.02.04-14.29.38:244][362]LogAudioMixer: Display: Creating Master Submix 'MasterReverbSubmixDefault'
[2021.02.04-14.29.38:245][362]LogAudioMixer: Display: Creating Master Submix 'MasterEQSubmixDefault'
[2021.02.04-14.29.38:255][362]LogInit: FAudioDevice initialized.
[2021.02.04-14.29.38:265][362]LogLoad: Game class is 'MyGameModeBase'
[2021.02.04-14.29.38:267][362]LogWorld: Bringing World /Game/MyContents/UEDPIE_0_NewMap.NewMap up for play (max tick rate 0) at 2021.02.04-23.29.38
[2021.02.04-14.29.38:268][362]LogWorld: Bringing up level for play took: 0.002432
[2021.02.04-14.29.38:269][362]LogOnline: OSS: Creating online subsystem instance for: :Context_9
[2021.02.04-14.29.38:306][362]LogContentBrowser: Native class hierarchy updated for 'MovieSceneCapture' in 0.0005 seconds. Added 20 classes and 0 folders.
[2021.02.04-14.29.38:307][362]AnimBlueprintLog: Warning: 슬롯노드: MyCharacterAnim_BP_C 애니메이션 인스턴트 클래스의 'UpperBody' 는 이미 존재합니다. 이 클래스의 애니메이션 그래프에서 중복을 제거하세요.
[2021.02.04-14.29.38:312][362]GameLog: Warning: AMyPlayerState::GetExpRatio(24) Ratio : 0.000000, Current : 0, Max : 40
[2021.02.04-14.29.38:312][362]GameLog: Warning: AMyPlayerState::GetExpRatio(24) Ratio : 0.000000, Current : 0, Max : 40
[2021.02.04-14.29.38:312][362]PIE: 서버가 로그인했습니다.
[2021.02.04-14.29.38:314][362]PIE: 에디터에서 플레이 총 시작 시간 0.31초입니다.
[2021.02.04-14.29.42:126][781]LogActor: Warning: DamageWidgetActor_BP_C /Game/MyContents/UEDPIE_0_NewMap.NewMap:PersistentLevel.DamageWidgetActor_BP_C_0 has natively added scene component(s), but none of them were set as the actor's RootComponent - picking one arbitrarily
[2021.02.04-14.29.42:127][781]GameLog: Warning: AMonster::TakeDamage(155) Monster : Greater_SpiderBP10_23 took Damage : 60.000000
[2021.02.04-14.29.42:935][878]GameLog: Warning: AMonster::SetCharacterState(194) 0.000000
[2021.02.04-14.29.42:935][878]LogActor: Warning: DamageWidgetActor_BP_C /Game/MyContents/UEDPIE_0_NewMap.NewMap:PersistentLevel.DamageWidgetActor_BP_C_1 has natively added scene component(s), but none of them were set as the actor's RootComponent - picking one arbitrarily
[2021.02.04-14.29.42:935][878]GameLog: Warning: AMyPlayerState::GetExpRatio(24) Ratio : 0.250000, Current : 10, Max : 40
[2021.02.04-14.29.42:936][878]GameLog: Warning: AMyPlayerState::GetExpRatio(24) Ratio : 0.250000, Current : 10, Max : 40
[2021.02.04-14.29.42:936][878]GameLog: Warning: AMonster::TakeDamage(155) Monster : Greater_SpiderBP10_23 took Damage : 60.000000
[2021.02.04-14.29.45:933][237]PIE: '/Engine/Transient.UnrealEdEngine_0:MyGameInstance_0.UI_Damage_C_1' 에서 호출된 UWidget::RemoveFromParent() 에 UMG 부모가 없습니다 (TakeWidget() 을 통해 네이티브 슬레이트 위젯에 바로 추가된 경우 RemoveFromParent() 를 통해서가 아니라 명시적으로 바로 제거해 줘야 합니다.)
[2021.02.04-14.29.51:746][914]LogSlate: Updating window title bar state: overlay mode, drag disabled, window buttons hidden, title bar hidden
[2021.02.04-14.29.51:746][914]LogWorld: BeginTearingDown for /Game/MyContents/UEDPIE_0_NewMap
[2021.02.04-14.29.51:747][914]LogWorld: UWorld::CleanupWorld for NewMap, bSessionEnded=true, bCleanupResources=true
[2021.02.04-14.29.51:747][914]LogSlate: InvalidateAllWidgets triggered.  All widgets were invalidated
[2021.02.04-14.29.51:756][914]LogPlayLevel: Display: Shutting down PIE online subsystems
[2021.02.04-14.29.51:763][914]LogSlate: InvalidateAllWidgets triggered.  All widgets were invalidated
[2021.02.04-14.29.54:133][914]LogThreadingWindows: Error: Runnable thread TaskGraphThreadNP 2 crashed.
[2021.02.04-14.29.54:133][914]LogWindows: Error: === Critical error: ===
[2021.02.04-14.29.54:133][914]LogWindows: Error: 
[2021.02.04-14.29.54:133][914]LogWindows: Error: Fatal error!
[2021.02.04-14.29.54:133][914]LogWindows: Error: 
[2021.02.04-14.29.54:133][914]LogWindows: Error: Unhandled Exception: EXCEPTION_ACCESS_VIOLATION reading address 0x00000008
[2021.02.04-14.29.54:133][914]LogWindows: Error: 
[2021.02.04-14.29.54:133][914]LogWindows: Error: [Callstack] 0x00007ffc95309721 UE4Editor-CoreUObject.dll!UnknownFunction []
[2021.02.04-14.29.54:133][914]LogWindows: Error: [Callstack] 0x00007ffc955402c3 UE4Editor-CoreUObject.dll!UnknownFunction []
[2021.02.04-14.29.54:133][914]LogWindows: Error: [Callstack] 0x00007ffc95506da1 UE4Editor-CoreUObject.dll!UnknownFunction []
[2021.02.04-14.29.54:133][914]LogWindows: Error: [Callstack] 0x00007ffc9550e11e UE4Editor-CoreUObject.dll!UnknownFunction []
[2021.02.04-14.29.54:133][914]LogWindows: Error: [Callstack] 0x00007ffc81087ad9 UE4Editor-Core.dll!UnknownFunction []
[2021.02.04-14.29.54:133][914]LogWindows: Error: [Callstack] 0x00007ffc81088b1d UE4Editor-Core.dll!UnknownFunction []
[2021.02.04-14.29.54:133][914]LogWindows: Error: [Callstack] 0x00007ffc81090eeb UE4Editor-Core.dll!UnknownFunction []
[2021.02.04-14.29.54:133][914]LogWindows: Error: [Callstack] 0x00007ffc815704db UE4Editor-Core.dll!UnknownFunction []
[2021.02.04-14.29.54:133][914]LogWindows: Error: [Callstack] 0x00007ffc81567eb0 UE4Editor-Core.dll!UnknownFunction []
[2021.02.04-14.29.54:133][914]LogWindows: Error: [Callstack] 0x00007ffcd4b27034 KERNEL32.DLL!UnknownFunction []
[2021.02.04-14.29.54:133][914]LogWindows: Error: [Callstack] 0x00007ffcd5e9d0d1 ntdll.dll!UnknownFunction []
[2021.02.04-14.29.54:133][914]LogWindows: Error: 
[2021.02.04-14.29.54:133][914]LogWindows: Error: Crash in runnable thread TaskGraphThreadNP 2
[2021.02.04-14.29.54:156][914]LogExit: Executing StaticShutdownAfterError
[2021.02.04-14.29.54:156][914]LogWindows: FPlatformMisc::RequestExit(1)
[2021.02.04-14.29.54:156][914]LogCore: Engine exit requested (reason: Win RequestExit)
[2021.02.04-14.29.54:165][914]Log file closed, 02/04/21 23:29:54
