Log file open, 03/13/21 14:23:18
LogInit: Display: Running engine for game: KJB_Portfolio
LogPlatformFile: Not using cached read wrapper
LogTaskGraph: Started task graph with 5 named threads and 35 total threads with 3 sets of task threads.
LogStats: Stats thread started at 0.194116
LogD3D11RHI: Loaded GFSDK_Aftermath_Lib.x64.dll
LogICUInternationalization: ICU TimeZone Detection - Raw Offset: +9:00, Platform Override: ''
LogPluginManager: Mounting plugin Paper2D
LogPluginManager: Mounting plugin AISupport
LogPluginManager: Mounting plugin LightPropagationVolume
LogPluginManager: Mounting plugin CameraShakePreviewer
LogPluginManager: Mounting plugin ActorLayerUtilities
LogPluginManager: Mounting plugin AnimationSharing
LogPluginManager: Mounting plugin CLionSourceCodeAccess
LogPluginManager: Mounting plugin CodeLiteSourceCodeAccess
LogPluginManager: Mounting plugin GitSourceControl
LogPluginManager: Mounting plugin KDevelopSourceCodeAccess
LogPluginManager: Mounting plugin NullSourceCodeAccess
LogPluginManager: Mounting plugin PerforceSourceControl
LogPluginManager: Mounting plugin PlasticSourceControl
LogPluginManager: Mounting plugin RiderSourceCodeAccess
LogPluginManager: Mounting plugin SubversionSourceControl
LogPluginManager: Mounting plugin UObjectPlugin
LogPluginManager: Mounting plugin VisualStudioCodeSourceCodeAccess
LogPluginManager: Mounting plugin VisualStudioSourceCodeAccess
LogPluginManager: Mounting plugin XCodeSourceCodeAccess
LogPluginManager: Mounting plugin AssetManagerEditor
LogPluginManager: Mounting plugin CryptoKeys
LogPluginManager: Mounting plugin CurveEditorTools
LogPluginManager: Mounting plugin DataValidation
LogPluginManager: Mounting plugin EditorScriptingUtilities
LogPluginManager: Mounting plugin FacialAnimation
LogPluginManager: Mounting plugin GameplayTagsEditor
LogPluginManager: Mounting plugin GeometryMode
LogPluginManager: Mounting plugin MacGraphicsSwitching
LogPluginManager: Mounting plugin MaterialAnalyzer
LogPluginManager: Mounting plugin MobileLauncherProfileWizard
LogPluginManager: Mounting plugin PluginBrowser
LogPluginManager: Mounting plugin SpeedTreeImporter
LogPluginManager: Mounting plugin DatasmithContent
LogPluginManager: Mounting plugin VariantManagerContent
LogPluginManager: Mounting plugin AlembicImporter
LogPluginManager: Mounting plugin AutomationUtils
LogPluginManager: Mounting plugin BackChannel
LogPluginManager: Mounting plugin ChaosCloth
LogPluginManager: Mounting plugin ChaosClothEditor
LogPluginManager: Mounting plugin ChaosEditor
LogPluginManager: Mounting plugin ChaosNiagara
LogPluginManager: Mounting plugin ChaosSolverPlugin
LogPluginManager: Mounting plugin CharacterAI
LogPluginManager: Mounting plugin GeometryCache
LogPluginManager: Mounting plugin GeometryCollectionPlugin
LogPluginManager: Mounting plugin GeometryProcessing
LogPluginManager: Mounting plugin PlanarCut
LogPluginManager: Mounting plugin PlatformCrypto
LogPluginManager: Mounting plugin ProxyLODPlugin
LogPluginManager: Mounting plugin SkeletalReduction
LogPluginManager: Mounting plugin Niagara
LogPluginManager: Mounting plugin MagicLeap
LogPluginManager: Mounting plugin MagicLeapLightEstimation
LogPluginManager: Mounting plugin MagicLeapMedia
LogPluginManager: Mounting plugin MagicLeapPassableWorld
LogPluginManager: Mounting plugin MLSDK
LogPluginManager: Mounting plugin AndroidMedia
LogPluginManager: Mounting plugin AvfMedia
LogPluginManager: Mounting plugin ImgMedia
LogPluginManager: Mounting plugin MediaCompositing
LogPluginManager: Mounting plugin MediaPlayerEditor
LogPluginManager: Mounting plugin WebMMedia
LogPluginManager: Mounting plugin WmfMedia
LogPluginManager: Mounting plugin MeshPainting
LogPluginManager: Mounting plugin TcpMessaging
LogPluginManager: Mounting plugin UdpMessaging
LogPluginManager: Mounting plugin ActorSequence
LogPluginManager: Mounting plugin LevelSequenceEditor
LogPluginManager: Mounting plugin MatineeToLevelSequence
LogPluginManager: Mounting plugin MovieRenderPipeline
LogPluginManager: Mounting plugin TemplateSequence
LogPluginManager: Mounting plugin NetcodeUnitTest
LogPluginManager: Mounting plugin NUTUnrealEngine4
LogPluginManager: Mounting plugin OnlineSubsystemGooglePlay
LogPluginManager: Mounting plugin OnlineSubsystemIOS
LogPluginManager: Mounting plugin OnlineSubsystem
LogPluginManager: Mounting plugin OnlineSubsystemNull
LogPluginManager: Mounting plugin OnlineSubsystemUtils
LogPluginManager: Mounting plugin LauncherChunkInstaller
LogPluginManager: Mounting plugin AndroidDeviceProfileSelector
LogPluginManager: Mounting plugin AndroidMoviePlayer
LogPluginManager: Mounting plugin AndroidPermission
LogPluginManager: Mounting plugin AppleImageUtils
LogPluginManager: Mounting plugin AppleMoviePlayer
LogPluginManager: Mounting plugin ArchVisCharacter
LogPluginManager: Mounting plugin AssetTags
LogPluginManager: Mounting plugin AudioCapture
LogPluginManager: Mounting plugin CableComponent
LogPluginManager: Mounting plugin CustomMeshComponent
LogPluginManager: Mounting plugin EditableMesh
LogPluginManager: Mounting plugin ExampleDeviceProfileSelector
LogPluginManager: Mounting plugin GoogleCloudMessaging
LogPluginManager: Mounting plugin GooglePAD
LogPluginManager: Mounting plugin IOSDeviceProfileSelector
LogPluginManager: Mounting plugin LinuxDeviceProfileSelector
LogPluginManager: Mounting plugin LocationServicesBPLibrary
LogPluginManager: Mounting plugin MobilePatchingUtils
LogPluginManager: Mounting plugin OculusVR
LogPluginManager: Mounting plugin PhysXVehicles
LogPluginManager: Mounting plugin PostSplashScreen
LogPluginManager: Mounting plugin ProceduralMeshComponent
LogPluginManager: Mounting plugin RuntimePhysXCooking
LogPluginManager: Mounting plugin SignificanceManager
LogPluginManager: Mounting plugin SoundFields
LogPluginManager: Mounting plugin SteamVR
LogPluginManager: Mounting plugin Synthesis
LogPluginManager: Mounting plugin WebMMoviePlayer
LogPluginManager: Mounting plugin WindowsMoviePlayer
LogPluginManager: Mounting plugin ScreenshotTools
LogInit: Using libcurl 7.55.1-DEV
LogInit:  - built for x86_64-pc-win32
LogInit:  - supports SSL with OpenSSL/1.1.1
LogInit:  - supports HTTP deflate (compression) using libz 1.2.8
LogInit:  - other features:
LogInit:      CURL_VERSION_SSL
LogInit:      CURL_VERSION_LIBZ
LogInit:      CURL_VERSION_IPV6
LogInit:      CURL_VERSION_ASYNCHDNS
LogInit:      CURL_VERSION_LARGEFILE
LogInit:      CURL_VERSION_IDN
LogInit:  CurlRequestOptions (configurable via config and command line):
LogInit:  - bVerifyPeer = true  - Libcurl will verify peer certificate
LogInit:  - bUseHttpProxy = false  - Libcurl will NOT use HTTP proxy
LogInit:  - bDontReuseConnections = false  - Libcurl will reuse connections
LogInit:  - MaxHostConnections = 16  - Libcurl will limit the number of connections to a host
LogInit:  - LocalHostAddr = Default
LogInit:  - BufferSize = 65536
LogOnline: OSS: Creating online subsystem instance for: NULL
LogInit: WinSock: version 1.1 (2.2), MaxSocks=32767, MaxUdp=65467
LogOnline: OSS: TryLoadSubsystemAndSetDefault: Loaded subsystem for module [NULL]
LogInit: Build: ++UE4+Release-4.25-CL-14469661
LogInit: Engine Version: 4.25.4-14469661+++UE4+Release-4.25
LogInit: Compatible Engine Version: 4.25.0-13144385+++UE4+Release-4.25
LogInit: Net CL: 13144385
LogInit: OS: Windows 10 (Release 2004) (), CPU: AMD Ryzen 5 3600 6-Core Processor              , GPU: NVIDIA GeForce GTX 1660 SUPER
LogInit: Compiled (64-bit): Oct 11 2020 08:10:49
LogInit: Compiled with Visual C++: 19.24.28315.00
LogInit: Build Configuration: Development
LogInit: Branch Name: ++UE4+Release-4.25
LogInit: Command Line:  -EpicPortal -epicusername=cheonjin13 -epicuserid=9ce07566b3e8499d8258e7641dbf49df -epiclocale=ko
LogInit: Base Directory: C:/Program Files/Epic Games/UE_4.25/Engine/Binaries/Win64/
LogInit: Allocator: TBB
LogInit: Installed Engine Build: 1
LogDevObjectVersion: Number of dev versions registered: 26
LogDevObjectVersion:   Dev-Blueprints (B0D832E4-1F89-4F0D-ACCF-7EB736FD4AA2): 10
LogDevObjectVersion:   Dev-Build (E1C64328-A22C-4D53-A36C-8E866417BD8C): 0
LogDevObjectVersion:   Dev-Core (375EC13C-06E4-48FB-B500-84F0262A717E): 4
LogDevObjectVersion:   Dev-Editor (E4B068ED-F494-42E9-A231-DA0B2E46BB41): 38
LogDevObjectVersion:   Dev-Framework (CFFC743F-43B0-4480-9391-14DF171D2073): 37
LogDevObjectVersion:   Dev-Mobile (B02B49B5-BB20-44E9-A304-32B752E40360): 2
LogDevObjectVersion:   Dev-Networking (A4E4105C-59A1-49B5-A7C5-40C4547EDFEE): 0
LogDevObjectVersion:   Dev-Online (39C831C9-5AE6-47DC-9A44-9C173E1C8E7C): 0
LogDevObjectVersion:   Dev-Physics (78F01B33-EBEA-4F98-B9B4-84EACCB95AA2): 4
LogDevObjectVersion:   Dev-Platform (6631380F-2D4D-43E0-8009-CF276956A95A): 0
LogDevObjectVersion:   Dev-Rendering (12F88B9F-8875-4AFC-A67C-D90C383ABD29): 43
LogDevObjectVersion:   Dev-Sequencer (7B5AE74C-D270-4C10-A958-57980B212A5A): 12
LogDevObjectVersion:   Dev-VR (D7296918-1DD6-4BDD-9DE2-64A83CC13884): 3
LogDevObjectVersion:   Dev-LoadTimes (C2A15278-BFE7-4AFE-6C17-90FF531DF755): 1
LogDevObjectVersion:   Private-Geometry (6EACA3D4-40EC-4CC1-B786-8BED09428FC5): 3
LogDevObjectVersion:   Dev-AnimPhys (29E575DD-E0A3-4627-9D10-D276232CDCEA): 17
LogDevObjectVersion:   Dev-Anim (AF43A65D-7FD3-4947-9873-3E8ED9C1BB05): 7
LogDevObjectVersion:   Dev-ReflectionCapture (6B266CEC-1EC7-4B8F-A30B-E4D90942FC07): 1
LogDevObjectVersion:   Dev-Automation (0DF73D61-A23F-47EA-B727-89E90C41499A): 1
LogDevObjectVersion:   FortniteMain (601D1886-AC64-4F84-AA16-D3DE0DEAC7D6): 31
LogDevObjectVersion:   Dev-Enterprise (9DFFBCD6-494F-0158-E221-12823C92A888): 10
LogDevObjectVersion:   Dev-Niagara (F2AED0AC-9AFE-416F-8664-AA7FFA26D6FC): 1
LogDevObjectVersion:   Dev-Destruction (174F1F0B-B4C6-45A5-B13F-2EE8D0FB917D): 10
LogDevObjectVersion:   Dev-Physics-Ext (35F94A83-E258-406C-A318-09F59610247C): 37
LogDevObjectVersion:   Dev-PhysicsMaterial-Chaos (B68FC16E-8B1B-42E2-B453-215C058844FE): 1
LogDevObjectVersion:   Dev-CineCamera (B2E18506-4273-CFC2-A54E-F4BB758BBA07): 1
LogInit: Presizing for max 25165824 objects, including 0 objects not considered by GC, pre-allocating 0 bytes for permanent pool.
LogConfig: Applying CVar settings from Section [/Script/Engine.StreamingSettings] File [C:/unrealP/KJB_Portfolio_UE4/KJB_Portfolio/Saved/Config/Windows/Engine.ini]
LogConfig: Setting CVar [[s.MinBulkDataSizeForAsyncLoading:131072]]
LogConfig: Setting CVar [[s.AsyncLoadingThreadEnabled:0]]
LogConfig: Setting CVar [[s.EventDrivenLoaderEnabled:1]]
LogConfig: Setting CVar [[s.WarnIfTimeLimitExceeded:0]]
LogConfig: Setting CVar [[s.TimeLimitExceededMultiplier:1.5]]
LogConfig: Setting CVar [[s.TimeLimitExceededMinTime:0.005]]
LogConfig: Setting CVar [[s.UseBackgroundLevelStreaming:1]]
LogConfig: Setting CVar [[s.PriorityAsyncLoadingExtraTime:15.0]]
LogConfig: Setting CVar [[s.LevelStreamingActorsUpdateTimeLimit:5.0]]
LogConfig: Setting CVar [[s.PriorityLevelStreamingActorsUpdateExtraTime:5.0]]
LogConfig: Setting CVar [[s.LevelStreamingComponentsRegistrationGranularity:10]]
LogConfig: Setting CVar [[s.UnregisterComponentsTimeLimit:1.0]]
LogConfig: Setting CVar [[s.LevelStreamingComponentsUnregistrationGranularity:5]]
LogConfig: Setting CVar [[s.FlushStreamingOnExit:1]]
LogInit: Object subsystem initialized
LogConfig: Setting CVar [[con.DebugEarlyDefault:1]]
LogConfig: Setting CVar [[r.setres:1280x720]]
[2021.03.13-05.23.19:294][  0]LogConfig: Setting CVar [[r.VSync:0]]
[2021.03.13-05.23.19:294][  0]LogConfig: Setting CVar [[r.RHICmdBypass:0]]
[2021.03.13-05.23.19:294][  0]LogConfig: Applying CVar settings from Section [/Script/Engine.RendererSettings] File [C:/unrealP/KJB_Portfolio_UE4/KJB_Portfolio/Saved/Config/Windows/Engine.ini]
[2021.03.13-05.23.19:294][  0]LogConfig: Setting CVar [[r.GPUCrashDebugging:0]]
[2021.03.13-05.23.19:294][  0]LogConfig: Applying CVar settings from Section [/Script/Engine.RendererOverrideSettings] File [C:/unrealP/KJB_Portfolio_UE4/KJB_Portfolio/Saved/Config/Windows/Engine.ini]
[2021.03.13-05.23.19:294][  0]LogConfig: Applying CVar settings from Section [/Script/Engine.StreamingSettings] File [C:/unrealP/KJB_Portfolio_UE4/KJB_Portfolio/Saved/Config/Windows/Engine.ini]
[2021.03.13-05.23.19:294][  0]LogConfig: Setting CVar [[s.MinBulkDataSizeForAsyncLoading:131072]]
[2021.03.13-05.23.19:294][  0]LogConfig: Setting CVar [[s.AsyncLoadingThreadEnabled:0]]
[2021.03.13-05.23.19:294][  0]LogConfig: Setting CVar [[s.EventDrivenLoaderEnabled:1]]
[2021.03.13-05.23.19:294][  0]LogConfig: Setting CVar [[s.WarnIfTimeLimitExceeded:0]]
[2021.03.13-05.23.19:294][  0]LogConfig: Setting CVar [[s.TimeLimitExceededMultiplier:1.5]]
[2021.03.13-05.23.19:294][  0]LogConfig: Setting CVar [[s.TimeLimitExceededMinTime:0.005]]
[2021.03.13-05.23.19:294][  0]LogConfig: Setting CVar [[s.UseBackgroundLevelStreaming:1]]
[2021.03.13-05.23.19:294][  0]LogConfig: Setting CVar [[s.PriorityAsyncLoadingExtraTime:15.0]]
[2021.03.13-05.23.19:294][  0]LogConfig: Setting CVar [[s.LevelStreamingActorsUpdateTimeLimit:5.0]]
[2021.03.13-05.23.19:294][  0]LogConfig: Setting CVar [[s.PriorityLevelStreamingActorsUpdateExtraTime:5.0]]
[2021.03.13-05.23.19:294][  0]LogConfig: Setting CVar [[s.LevelStreamingComponentsRegistrationGranularity:10]]
[2021.03.13-05.23.19:294][  0]LogConfig: Setting CVar [[s.UnregisterComponentsTimeLimit:1.0]]
[2021.03.13-05.23.19:294][  0]LogConfig: Setting CVar [[s.LevelStreamingComponentsUnregistrationGranularity:5]]
[2021.03.13-05.23.19:294][  0]LogConfig: Setting CVar [[s.FlushStreamingOnExit:1]]
[2021.03.13-05.23.19:294][  0]LogConfig: Applying CVar settings from Section [/Script/Engine.GarbageCollectionSettings] File [C:/unrealP/KJB_Portfolio_UE4/KJB_Portfolio/Saved/Config/Windows/Engine.ini]
[2021.03.13-05.23.19:294][  0]LogConfig: Setting CVar [[gc.MaxObjectsNotConsideredByGC:1]]
[2021.03.13-05.23.19:294][  0]LogConfig: Setting CVar [[gc.SizeOfPermanentObjectPool:0]]
[2021.03.13-05.23.19:294][  0]LogConfig: Setting CVar [[gc.FlushStreamingOnGC:0]]
[2021.03.13-05.23.19:294][  0]LogConfig: Setting CVar [[gc.NumRetriesBeforeForcingGC:10]]
[2021.03.13-05.23.19:294][  0]LogConfig: Setting CVar [[gc.AllowParallelGC:1]]
[2021.03.13-05.23.19:294][  0]LogConfig: Setting CVar [[gc.TimeBetweenPurgingPendingKillObjects:61.1]]
[2021.03.13-05.23.19:294][  0]LogConfig: Setting CVar [[gc.MaxObjectsInEditor:25165824]]
[2021.03.13-05.23.19:294][  0]LogConfig: Setting CVar [[gc.IncrementalBeginDestroyEnabled:1]]
[2021.03.13-05.23.19:294][  0]LogConfig: Setting CVar [[gc.CreateGCClusters:1]]
[2021.03.13-05.23.19:294][  0]LogConfig: Setting CVar [[gc.MinGCClusterSize:5]]
[2021.03.13-05.23.19:294][  0]LogConfig: Setting CVar [[gc.ActorClusteringEnabled:0]]
[2021.03.13-05.23.19:294][  0]LogConfig: Setting CVar [[gc.BlueprintClusteringEnabled:0]]
[2021.03.13-05.23.19:294][  0]LogConfig: Setting CVar [[gc.UseDisregardForGCOnDedicatedServers:0]]
[2021.03.13-05.23.19:294][  0]LogConfig: Applying CVar settings from Section [/Script/Engine.NetworkSettings] File [C:/unrealP/KJB_Portfolio_UE4/KJB_Portfolio/Saved/Config/Windows/Engine.ini]
[2021.03.13-05.23.19:294][  0]LogConfig: Applying CVar settings from Section [/Script/UnrealEd.CookerSettings] File [C:/unrealP/KJB_Portfolio_UE4/KJB_Portfolio/Saved/Config/Windows/Engine.ini]
[2021.03.13-05.23.19:298][  0]LogConfig: Applying CVar settings from Section [ViewDistanceQuality@3] File [C:/unrealP/KJB_Portfolio_UE4/KJB_Portfolio/Saved/Config/Windows/Scalability.ini]
[2021.03.13-05.23.19:298][  0]LogConfig: Setting CVar [[r.SkeletalMeshLODBias:0]]
[2021.03.13-05.23.19:298][  0]LogConfig: Setting CVar [[r.ViewDistanceScale:1.0]]
[2021.03.13-05.23.19:298][  0]LogConfig: Applying CVar settings from Section [AntiAliasingQuality@3] File [C:/unrealP/KJB_Portfolio_UE4/KJB_Portfolio/Saved/Config/Windows/Scalability.ini]
[2021.03.13-05.23.19:298][  0]LogConfig: Setting CVar [[r.PostProcessAAQuality:4]]
[2021.03.13-05.23.19:298][  0]LogConfig: Applying CVar settings from Section [ShadowQuality@3] File [C:/unrealP/KJB_Portfolio_UE4/KJB_Portfolio/Saved/Config/Windows/Scalability.ini]
[2021.03.13-05.23.19:298][  0]LogConfig: Setting CVar [[r.LightFunctionQuality:1]]
[2021.03.13-05.23.19:298][  0]LogConfig: Setting CVar [[r.ShadowQuality:5]]
[2021.03.13-05.23.19:298][  0]LogConfig: Setting CVar [[r.Shadow.CSM.MaxCascades:10]]
[2021.03.13-05.23.19:298][  0]LogConfig: Setting CVar [[r.Shadow.MaxResolution:2048]]
[2021.03.13-05.23.19:298][  0]LogConfig: Setting CVar [[r.Shadow.MaxCSMResolution:2048]]
[2021.03.13-05.23.19:298][  0]LogConfig: Setting CVar [[r.Shadow.RadiusThreshold:0.01]]
[2021.03.13-05.23.19:298][  0]LogConfig: Setting CVar [[r.Shadow.DistanceScale:1.0]]
[2021.03.13-05.23.19:298][  0]LogConfig: Setting CVar [[r.Shadow.CSM.TransitionScale:1.0]]
[2021.03.13-05.23.19:298][  0]LogConfig: Setting CVar [[r.Shadow.PreShadowResolutionFactor:1.0]]
[2021.03.13-05.23.19:298][  0]LogConfig: Setting CVar [[r.DistanceFieldShadowing:1]]
[2021.03.13-05.23.19:298][  0]LogConfig: Setting CVar [[r.DistanceFieldAO:1]]
[2021.03.13-05.23.19:298][  0]LogConfig: Setting CVar [[r.AOQuality:2]]
[2021.03.13-05.23.19:298][  0]LogConfig: Setting CVar [[r.VolumetricFog:1]]
[2021.03.13-05.23.19:298][  0]LogConfig: Setting CVar [[r.VolumetricFog.GridPixelSize:8]]
[2021.03.13-05.23.19:298][  0]LogConfig: Setting CVar [[r.VolumetricFog.GridSizeZ:128]]
[2021.03.13-05.23.19:298][  0]LogConfig: Setting CVar [[r.VolumetricFog.HistoryMissSupersampleCount:4]]
[2021.03.13-05.23.19:298][  0]LogConfig: Setting CVar [[r.LightMaxDrawDistanceScale:1]]
[2021.03.13-05.23.19:298][  0]LogConfig: Setting CVar [[r.CapsuleShadows:1]]
[2021.03.13-05.23.19:298][  0]LogConfig: Applying CVar settings from Section [PostProcessQuality@3] File [C:/unrealP/KJB_Portfolio_UE4/KJB_Portfolio/Saved/Config/Windows/Scalability.ini]
[2021.03.13-05.23.19:298][  0]LogConfig: Setting CVar [[r.MotionBlurQuality:4]]
[2021.03.13-05.23.19:298][  0]LogConfig: Setting CVar [[r.AmbientOcclusionMipLevelFactor:0.4]]
[2021.03.13-05.23.19:298][  0]LogConfig: Setting CVar [[r.AmbientOcclusionMaxQuality:100]]
[2021.03.13-05.23.19:298][  0]LogConfig: Setting CVar [[r.AmbientOcclusionLevels:-1]]
[2021.03.13-05.23.19:298][  0]LogConfig: Setting CVar [[r.AmbientOcclusionRadiusScale:1.0]]
[2021.03.13-05.23.19:298][  0]LogConfig: Setting CVar [[r.DepthOfFieldQuality:2]]
[2021.03.13-05.23.19:298][  0]LogConfig: Setting CVar [[r.RenderTargetPoolMin:400]]
[2021.03.13-05.23.19:298][  0]LogConfig: Setting CVar [[r.LensFlareQuality:2]]
[2021.03.13-05.23.19:298][  0]LogConfig: Setting CVar [[r.SceneColorFringeQuality:1]]
[2021.03.13-05.23.19:298][  0]LogConfig: Setting CVar [[r.EyeAdaptationQuality:2]]
[2021.03.13-05.23.19:298][  0]LogConfig: Setting CVar [[r.BloomQuality:5]]
[2021.03.13-05.23.19:298][  0]LogConfig: Setting CVar [[r.FastBlurThreshold:100]]
[2021.03.13-05.23.19:298][  0]LogConfig: Setting CVar [[r.Upscale.Quality:3]]
[2021.03.13-05.23.19:298][  0]LogConfig: Setting CVar [[r.Tonemapper.GrainQuantization:1]]
[2021.03.13-05.23.19:298][  0]LogConfig: Setting CVar [[r.LightShaftQuality:1]]
[2021.03.13-05.23.19:298][  0]LogConfig: Setting CVar [[r.Filter.SizeScale:1]]
[2021.03.13-05.23.19:298][  0]LogConfig: Setting CVar [[r.Tonemapper.Quality:5]]
[2021.03.13-05.23.19:298][  0]LogConfig: Setting CVar [[r.DOF.Gather.AccumulatorQuality:1        ; higher gathering accumulator quality]]
[2021.03.13-05.23.19:298][  0]LogConfig: Setting CVar [[r.DOF.Gather.PostfilterMethod:1          ; Median3x3 postfilering method]]
[2021.03.13-05.23.19:298][  0]LogConfig: Setting CVar [[r.DOF.Gather.EnableBokehSettings:0       ; no bokeh simulation when gathering]]
[2021.03.13-05.23.19:298][  0]LogConfig: Setting CVar [[r.DOF.Gather.RingCount:4                 ; medium number of samples when gathering]]
[2021.03.13-05.23.19:298][  0]LogConfig: Setting CVar [[r.DOF.Scatter.ForegroundCompositing:1    ; additive foreground scattering]]
[2021.03.13-05.23.19:298][  0]LogConfig: Setting CVar [[r.DOF.Scatter.BackgroundCompositing:2    ; additive background scattering]]
[2021.03.13-05.23.19:298][  0]LogConfig: Setting CVar [[r.DOF.Scatter.EnableBokehSettings:1      ; bokeh simulation when scattering]]
[2021.03.13-05.23.19:298][  0]LogConfig: Setting CVar [[r.DOF.Scatter.MaxSpriteRatio:0.1         ; only a maximum of 10% of scattered bokeh]]
[2021.03.13-05.23.19:298][  0]LogConfig: Setting CVar [[r.DOF.Recombine.Quality:1                ; cheap slight out of focus]]
[2021.03.13-05.23.19:298][  0]LogConfig: Setting CVar [[r.DOF.Recombine.EnableBokehSettings:0    ; no bokeh simulation on slight out of focus]]
[2021.03.13-05.23.19:298][  0]LogConfig: Setting CVar [[r.DOF.TemporalAAQuality:1                ; more stable temporal accumulation]]
[2021.03.13-05.23.19:298][  0]LogConfig: Setting CVar [[r.DOF.Kernel.MaxForegroundRadius:0.025]]
[2021.03.13-05.23.19:298][  0]LogConfig: Setting CVar [[r.DOF.Kernel.MaxBackgroundRadius:0.025]]
[2021.03.13-05.23.19:298][  0]LogConfig: Applying CVar settings from Section [TextureQuality@3] File [C:/unrealP/KJB_Portfolio_UE4/KJB_Portfolio/Saved/Config/Windows/Scalability.ini]
[2021.03.13-05.23.19:298][  0]LogConfig: Setting CVar [[r.Streaming.MipBias:0]]
[2021.03.13-05.23.19:298][  0]LogConfig: Setting CVar [[r.Streaming.AmortizeCPUToGPUCopy:0]]
[2021.03.13-05.23.19:299][  0]LogConfig: Setting CVar [[r.Streaming.MaxNumTexturesToStreamPerFrame:0]]
[2021.03.13-05.23.19:299][  0]LogConfig: Setting CVar [[r.Streaming.Boost:1]]
[2021.03.13-05.23.19:299][  0]LogConfig: Setting CVar [[r.MaxAnisotropy:8]]
[2021.03.13-05.23.19:299][  0]LogConfig: Setting CVar [[r.VT.MaxAnisotropy:8]]
[2021.03.13-05.23.19:299][  0]LogConfig: Setting CVar [[r.Streaming.LimitPoolSizeToVRAM:0]]
[2021.03.13-05.23.19:299][  0]LogConfig: Setting CVar [[r.Streaming.PoolSize:1000]]
[2021.03.13-05.23.19:299][  0]LogConfig: Setting CVar [[r.Streaming.MaxEffectiveScreenSize:0]]
[2021.03.13-05.23.19:299][  0]LogConfig: Applying CVar settings from Section [EffectsQuality@3] File [C:/unrealP/KJB_Portfolio_UE4/KJB_Portfolio/Saved/Config/Windows/Scalability.ini]
[2021.03.13-05.23.19:299][  0]LogConfig: Setting CVar [[r.TranslucencyLightingVolumeDim:64]]
[2021.03.13-05.23.19:299][  0]LogConfig: Setting CVar [[r.RefractionQuality:2]]
[2021.03.13-05.23.19:299][  0]LogConfig: Setting CVar [[r.SSR.Quality:3]]
[2021.03.13-05.23.19:299][  0]LogConfig: Setting CVar [[r.SSR.HalfResSceneColor:0]]
[2021.03.13-05.23.19:299][  0]LogConfig: Setting CVar [[r.SceneColorFormat:4]]
[2021.03.13-05.23.19:299][  0]LogConfig: Setting CVar [[r.DetailMode:2]]
[2021.03.13-05.23.19:299][  0]LogConfig: Setting CVar [[r.TranslucencyVolumeBlur:1]]
[2021.03.13-05.23.19:299][  0]LogConfig: Setting CVar [[r.MaterialQualityLevel:1 ; High quality]]
[2021.03.13-05.23.19:299][  0]LogConfig: Setting CVar [[r.SSS.Scale:1]]
[2021.03.13-05.23.19:299][  0]LogConfig: Setting CVar [[r.SSS.SampleSet:2]]
[2021.03.13-05.23.19:299][  0]LogConfig: Setting CVar [[r.SSS.Quality:1]]
[2021.03.13-05.23.19:299][  0]LogConfig: Setting CVar [[r.SSS.HalfRes:0]]
[2021.03.13-05.23.19:299][  0]LogConfig: Setting CVar [[r.SSGI.Quality:3]]
[2021.03.13-05.23.19:299][  0]LogConfig: Setting CVar [[r.EmitterSpawnRateScale:1.0]]
[2021.03.13-05.23.19:299][  0]LogConfig: Setting CVar [[r.ParticleLightQuality:2]]
[2021.03.13-05.23.19:299][  0]LogConfig: Setting CVar [[r.SkyAtmosphere.AerialPerspectiveLUT.FastApplyOnOpaque:1 ; Always have FastSkyLUT 1 in this case to avoid wrong sky]]
[2021.03.13-05.23.19:299][  0]LogConfig: Setting CVar [[r.SkyAtmosphere.AerialPerspectiveLUT.SampleCountPerSlice:1]]
[2021.03.13-05.23.19:299][  0]LogConfig: Setting CVar [[r.SkyAtmosphere.AerialPerspectiveLUT.DepthResolution:16.0]]
[2021.03.13-05.23.19:299][  0]LogConfig: Setting CVar [[r.SkyAtmosphere.FastSkyLUT:1]]
[2021.03.13-05.23.19:299][  0]LogConfig: Setting CVar [[r.SkyAtmosphere.FastSkyLUT.SampleCountMin:4.0]]
[2021.03.13-05.23.19:299][  0]LogConfig: Setting CVar [[r.SkyAtmosphere.FastSkyLUT.SampleCountMax:32.0]]
[2021.03.13-05.23.19:299][  0]LogConfig: Setting CVar [[r.SkyAtmosphere.SampleCountMin:4.0]]
[2021.03.13-05.23.19:299][  0]LogConfig: Setting CVar [[r.SkyAtmosphere.SampleCountMax:32.0]]
[2021.03.13-05.23.19:299][  0]LogConfig: Setting CVar [[r.SkyAtmosphere.TransmittanceLUT.UseSmallFormat:0]]
[2021.03.13-05.23.19:299][  0]LogConfig: Setting CVar [[r.SkyAtmosphere.TransmittanceLUT.SampleCount:10.0]]
[2021.03.13-05.23.19:299][  0]LogConfig: Setting CVar [[r.SkyAtmosphere.MultiScatteringLUT.SampleCount:15.0]]
[2021.03.13-05.23.19:299][  0]LogConfig: Applying CVar settings from Section [FoliageQuality@3] File [C:/unrealP/KJB_Portfolio_UE4/KJB_Portfolio/Saved/Config/Windows/Scalability.ini]
[2021.03.13-05.23.19:299][  0]LogConfig: Setting CVar [[foliage.DensityScale:1.0]]
[2021.03.13-05.23.19:299][  0]LogConfig: Setting CVar [[grass.DensityScale:1.0]]
[2021.03.13-05.23.19:299][  0]LogConfig: Applying CVar settings from Section [ShadingQuality@3] File [C:/unrealP/KJB_Portfolio_UE4/KJB_Portfolio/Saved/Config/Windows/Scalability.ini]
[2021.03.13-05.23.19:299][  0]LogConfig: Setting CVar [[r.HairStrands.SkyLighting.SampleCount:16]]
[2021.03.13-05.23.19:299][  0]LogConfig: Setting CVar [[r.HairStrands.SkyLighting.JitterIntegration:0]]
[2021.03.13-05.23.19:299][  0]LogConfig: Setting CVar [[r.HairStrands.SkyAO.SampleCount:16]]
[2021.03.13-05.23.19:299][  0]LogConfig: Setting CVar [[r.HairStrands.DeepShadow.SuperSampling:0]]
[2021.03.13-05.23.19:299][  0]LogConfig: Setting CVar [[r.HairStrands.VisibilityPPLL:0]]
[2021.03.13-05.23.19:299][  0]LogConfig: Setting CVar [[r.HairStrands.RasterizationScale:0.5]]
[2021.03.13-05.23.19:299][  0]LogConfig: Setting CVar [[r.HairStrands.VelocityRasterizationScale:1]]
[2021.03.13-05.23.19:299][  0]LogInit: Selected Device Profile: [Windows]
[2021.03.13-05.23.19:299][  0]LogInit: Applying CVar settings loaded from the selected device profile: [Windows]
[2021.03.13-05.23.19:299][  0]LogHAL: Display: Platform has ~ 16 GB [17110773760 / 17179869184 / 16], which maps to Larger [LargestMinGB=32, LargerMinGB=12, DefaultMinGB=8, SmallerMinGB=6, SmallestMinGB=0)
[2021.03.13-05.23.19:299][  0]LogInit: Going up to parent DeviceProfile []
[2021.03.13-05.23.19:299][  0]LogConfig: Applying CVar settings from Section [ViewDistanceQuality@1] File [C:/unrealP/KJB_Portfolio_UE4/KJB_Portfolio/Saved/Config/Windows/Scalability.ini]
[2021.03.13-05.23.19:299][  0]LogConfig: Setting CVar [[r.SkeletalMeshLODBias:1]]
[2021.03.13-05.23.19:299][  0]LogConfig: Setting CVar [[r.ViewDistanceScale:0.6]]
[2021.03.13-05.23.19:299][  0]LogConfig: Applying CVar settings from Section [AntiAliasingQuality@1] File [C:/unrealP/KJB_Portfolio_UE4/KJB_Portfolio/Saved/Config/Windows/Scalability.ini]
[2021.03.13-05.23.19:299][  0]LogConfig: Setting CVar [[r.PostProcessAAQuality:2]]
[2021.03.13-05.23.19:299][  0]LogConfig: Applying CVar settings from Section [ShadowQuality@1] File [C:/unrealP/KJB_Portfolio_UE4/KJB_Portfolio/Saved/Config/Windows/Scalability.ini]
[2021.03.13-05.23.19:299][  0]LogConfig: Setting CVar [[r.LightFunctionQuality:1]]
[2021.03.13-05.23.19:299][  0]LogConfig: Setting CVar [[r.ShadowQuality:3]]
[2021.03.13-05.23.19:299][  0]LogConfig: Setting CVar [[r.Shadow.CSM.MaxCascades:1]]
[2021.03.13-05.23.19:299][  0]LogConfig: Setting CVar [[r.Shadow.MaxResolution:1024]]
[2021.03.13-05.23.19:299][  0]LogConfig: Setting CVar [[r.Shadow.MaxCSMResolution:1024]]
[2021.03.13-05.23.19:299][  0]LogConfig: Setting CVar [[r.Shadow.RadiusThreshold:0.05]]
[2021.03.13-05.23.19:299][  0]LogConfig: Setting CVar [[r.Shadow.DistanceScale:0.7]]
[2021.03.13-05.23.19:299][  0]LogConfig: Setting CVar [[r.Shadow.CSM.TransitionScale:0.25]]
[2021.03.13-05.23.19:299][  0]LogConfig: Setting CVar [[r.Shadow.PreShadowResolutionFactor:0.5]]
[2021.03.13-05.23.19:299][  0]LogConfig: Setting CVar [[r.DistanceFieldShadowing:0]]
[2021.03.13-05.23.19:299][  0]LogConfig: Setting CVar [[r.DistanceFieldAO:0]]
[2021.03.13-05.23.19:299][  0]LogConfig: Setting CVar [[r.VolumetricFog:0]]
[2021.03.13-05.23.19:299][  0]LogConfig: Setting CVar [[r.LightMaxDrawDistanceScale:.5]]
[2021.03.13-05.23.19:299][  0]LogConfig: Setting CVar [[r.CapsuleShadows:1]]
[2021.03.13-05.23.19:299][  0]LogConfig: Applying CVar settings from Section [PostProcessQuality@1] File [C:/unrealP/KJB_Portfolio_UE4/KJB_Portfolio/Saved/Config/Windows/Scalability.ini]
[2021.03.13-05.23.19:300][  0]LogConfig: Setting CVar [[r.MotionBlurQuality:3]]
[2021.03.13-05.23.19:300][  0]LogConfig: Setting CVar [[r.AmbientOcclusionMipLevelFactor:1.0]]
[2021.03.13-05.23.19:300][  0]LogConfig: Setting CVar [[r.AmbientOcclusionMaxQuality:60]]
[2021.03.13-05.23.19:300][  0]LogConfig: Setting CVar [[r.AmbientOcclusionLevels:-1]]
[2021.03.13-05.23.19:300][  0]LogConfig: Setting CVar [[r.AmbientOcclusionRadiusScale:1.5]]
[2021.03.13-05.23.19:300][  0]LogConfig: Setting CVar [[r.DepthOfFieldQuality:1]]
[2021.03.13-05.23.19:300][  0]LogConfig: Setting CVar [[r.RenderTargetPoolMin:350]]
[2021.03.13-05.23.19:300][  0]LogConfig: Setting CVar [[r.LensFlareQuality:0]]
[2021.03.13-05.23.19:300][  0]LogConfig: Setting CVar [[r.SceneColorFringeQuality:0]]
[2021.03.13-05.23.19:300][  0]LogConfig: Setting CVar [[r.EyeAdaptationQuality:0]]
[2021.03.13-05.23.19:300][  0]LogConfig: Setting CVar [[r.BloomQuality:4]]
[2021.03.13-05.23.19:300][  0]LogConfig: Setting CVar [[r.FastBlurThreshold:2]]
[2021.03.13-05.23.19:300][  0]LogConfig: Setting CVar [[r.Upscale.Quality:2]]
[2021.03.13-05.23.19:300][  0]LogConfig: Setting CVar [[r.Tonemapper.GrainQuantization:0]]
[2021.03.13-05.23.19:300][  0]LogConfig: Setting CVar [[r.LightShaftQuality:0]]
[2021.03.13-05.23.19:300][  0]LogConfig: Setting CVar [[r.Filter.SizeScale:0.7]]
[2021.03.13-05.23.19:300][  0]LogConfig: Setting CVar [[r.Tonemapper.Quality:2]]
[2021.03.13-05.23.19:300][  0]LogConfig: Setting CVar [[r.DOF.Gather.AccumulatorQuality:0        ; lower gathering accumulator quality]]
[2021.03.13-05.23.19:300][  0]LogConfig: Setting CVar [[r.DOF.Gather.PostfilterMethod:2          ; Max3x3 postfilering method]]
[2021.03.13-05.23.19:300][  0]LogConfig: Setting CVar [[r.DOF.Gather.EnableBokehSettings:0       ; no bokeh simulation when gathering]]
[2021.03.13-05.23.19:300][  0]LogConfig: Setting CVar [[r.DOF.Gather.RingCount:3                 ; low number of samples when gathering]]
[2021.03.13-05.23.19:300][  0]LogConfig: Setting CVar [[r.DOF.Scatter.ForegroundCompositing:0    ; no foreground scattering]]
[2021.03.13-05.23.19:300][  0]LogConfig: Setting CVar [[r.DOF.Scatter.BackgroundCompositing:0    ; no foreground scattering]]
[2021.03.13-05.23.19:300][  0]LogConfig: Setting CVar [[r.DOF.Recombine.Quality:0                ; no slight out of focus]]
[2021.03.13-05.23.19:300][  0]LogConfig: Setting CVar [[r.DOF.TemporalAAQuality:0                ; faster temporal accumulation]]
[2021.03.13-05.23.19:300][  0]LogConfig: Setting CVar [[r.DOF.Kernel.MaxForegroundRadius:0.006   ; required because low gathering and no scattering and not looking great at 1080p]]
[2021.03.13-05.23.19:300][  0]LogConfig: Setting CVar [[r.DOF.Kernel.MaxBackgroundRadius:0.006   ; required because low gathering and no scattering and not looking great at 1080p]]
[2021.03.13-05.23.19:300][  0]LogConfig: Applying CVar settings from Section [TextureQuality@1] File [C:/unrealP/KJB_Portfolio_UE4/KJB_Portfolio/Saved/Config/Windows/Scalability.ini]
[2021.03.13-05.23.19:300][  0]LogConfig: Setting CVar [[r.Streaming.MipBias:1]]
[2021.03.13-05.23.19:300][  0]LogConfig: Setting CVar [[r.Streaming.AmortizeCPUToGPUCopy:0]]
[2021.03.13-05.23.19:300][  0]LogConfig: Setting CVar [[r.Streaming.MaxNumTexturesToStreamPerFrame:0]]
[2021.03.13-05.23.19:300][  0]LogConfig: Setting CVar [[r.Streaming.Boost:1]]
[2021.03.13-05.23.19:300][  0]LogConfig: Setting CVar [[r.MaxAnisotropy:2]]
[2021.03.13-05.23.19:300][  0]LogConfig: Setting CVar [[r.VT.MaxAnisotropy:4]]
[2021.03.13-05.23.19:300][  0]LogConfig: Setting CVar [[r.Streaming.LimitPoolSizeToVRAM:1]]
[2021.03.13-05.23.19:300][  0]LogConfig: Setting CVar [[r.Streaming.PoolSize:600]]
[2021.03.13-05.23.19:300][  0]LogConfig: Setting CVar [[r.Streaming.MaxEffectiveScreenSize:0]]
[2021.03.13-05.23.19:300][  0]LogConfig: Applying CVar settings from Section [EffectsQuality@1] File [C:/unrealP/KJB_Portfolio_UE4/KJB_Portfolio/Saved/Config/Windows/Scalability.ini]
[2021.03.13-05.23.19:300][  0]LogConfig: Setting CVar [[r.TranslucencyLightingVolumeDim:32]]
[2021.03.13-05.23.19:300][  0]LogConfig: Setting CVar [[r.RefractionQuality:0]]
[2021.03.13-05.23.19:300][  0]LogConfig: Setting CVar [[r.SSR.Quality:0]]
[2021.03.13-05.23.19:300][  0]LogConfig: Setting CVar [[r.SSR.HalfResSceneColor:1]]
[2021.03.13-05.23.19:300][  0]LogConfig: Setting CVar [[r.SceneColorFormat:3]]
[2021.03.13-05.23.19:300][  0]LogConfig: Setting CVar [[r.DetailMode:1]]
[2021.03.13-05.23.19:300][  0]LogConfig: Setting CVar [[r.TranslucencyVolumeBlur:0]]
[2021.03.13-05.23.19:300][  0]LogConfig: Setting CVar [[r.MaterialQualityLevel:2 ; Medium quality]]
[2021.03.13-05.23.19:300][  0]LogConfig: Setting CVar [[r.SSS.Scale:0.75]]
[2021.03.13-05.23.19:300][  0]LogConfig: Setting CVar [[r.SSS.SampleSet:0]]
[2021.03.13-05.23.19:300][  0]LogConfig: Setting CVar [[r.SSS.Quality:0]]
[2021.03.13-05.23.19:300][  0]LogConfig: Setting CVar [[r.SSS.HalfRes:1]]
[2021.03.13-05.23.19:300][  0]LogConfig: Setting CVar [[r.SSGI.Quality:1]]
[2021.03.13-05.23.19:300][  0]LogConfig: Setting CVar [[r.EmitterSpawnRateScale:0.25]]
[2021.03.13-05.23.19:300][  0]LogConfig: Setting CVar [[r.ParticleLightQuality:0]]
[2021.03.13-05.23.19:300][  0]LogConfig: Setting CVar [[r.SkyAtmosphere.AerialPerspectiveLUT.FastApplyOnOpaque:1 ; Always have FastSkyLUT 1 in this case to avoid wrong sky]]
[2021.03.13-05.23.19:300][  0]LogConfig: Setting CVar [[r.SkyAtmosphere.AerialPerspectiveLUT.SampleCountPerSlice:1]]
[2021.03.13-05.23.19:300][  0]LogConfig: Setting CVar [[r.SkyAtmosphere.AerialPerspectiveLUT.DepthResolution:16.0]]
[2021.03.13-05.23.19:301][  0]LogConfig: Setting CVar [[r.SkyAtmosphere.FastSkyLUT:1]]
[2021.03.13-05.23.19:301][  0]LogConfig: Setting CVar [[r.SkyAtmosphere.FastSkyLUT.SampleCountMin:4.0]]
[2021.03.13-05.23.19:301][  0]LogConfig: Setting CVar [[r.SkyAtmosphere.FastSkyLUT.SampleCountMax:32.0]]
[2021.03.13-05.23.19:301][  0]LogConfig: Setting CVar [[r.SkyAtmosphere.SampleCountMin:4.0]]
[2021.03.13-05.23.19:301][  0]LogConfig: Setting CVar [[r.SkyAtmosphere.SampleCountMax:32.0]]
[2021.03.13-05.23.19:301][  0]LogConfig: Setting CVar [[r.SkyAtmosphere.TransmittanceLUT.UseSmallFormat:0]]
[2021.03.13-05.23.19:301][  0]LogConfig: Setting CVar [[r.SkyAtmosphere.TransmittanceLUT.SampleCount:10.0]]
[2021.03.13-05.23.19:301][  0]LogConfig: Setting CVar [[r.SkyAtmosphere.MultiScatteringLUT.SampleCount:15.0]]
[2021.03.13-05.23.19:301][  0]LogConfig: Applying CVar settings from Section [FoliageQuality@1] File [C:/unrealP/KJB_Portfolio_UE4/KJB_Portfolio/Saved/Config/Windows/Scalability.ini]
[2021.03.13-05.23.19:301][  0]LogConfig: Setting CVar [[foliage.DensityScale:0.4]]
[2021.03.13-05.23.19:301][  0]LogConfig: Setting CVar [[grass.DensityScale:0.4]]
[2021.03.13-05.23.19:301][  0]LogConfig: Applying CVar settings from Section [ShadingQuality@3] File [C:/unrealP/KJB_Portfolio_UE4/KJB_Portfolio/Saved/Config/Windows/Scalability.ini]
[2021.03.13-05.23.19:301][  0]LogConfig: Setting CVar [[r.HairStrands.SkyLighting.SampleCount:16]]
[2021.03.13-05.23.19:301][  0]LogConfig: Setting CVar [[r.HairStrands.SkyLighting.JitterIntegration:0]]
[2021.03.13-05.23.19:301][  0]LogConfig: Setting CVar [[r.HairStrands.SkyAO.SampleCount:16]]
[2021.03.13-05.23.19:301][  0]LogConfig: Setting CVar [[r.HairStrands.DeepShadow.SuperSampling:0]]
[2021.03.13-05.23.19:301][  0]LogConfig: Setting CVar [[r.HairStrands.VisibilityPPLL:0]]
[2021.03.13-05.23.19:301][  0]LogConfig: Setting CVar [[r.HairStrands.RasterizationScale:0.5]]
[2021.03.13-05.23.19:301][  0]LogConfig: Setting CVar [[r.HairStrands.VelocityRasterizationScale:1]]
[2021.03.13-05.23.19:301][  0]LogConfig: Applying CVar settings from Section [Startup] File [../../../Engine/Config/ConsoleVariables.ini]
[2021.03.13-05.23.19:301][  0]LogConfig: Setting CVar [[net.UseAdaptiveNetUpdateFrequency:0]]
[2021.03.13-05.23.19:301][  0]LogConfig: Setting CVar [[p.chaos.AllowCreatePhysxBodies:1]]
[2021.03.13-05.23.19:301][  0]LogConfig: Setting CVar [[fx.SkipVectorVMBackendOptimizations:1]]
[2021.03.13-05.23.19:301][  0]LogConfig: Applying CVar settings from Section [ConsoleVariables] File [C:/unrealP/KJB_Portfolio_UE4/KJB_Portfolio/Saved/Config/Windows/Engine.ini]
[2021.03.13-05.23.19:301][  0]LogInit: Computer: DESKTOP-6HEEP2H
[2021.03.13-05.23.19:301][  0]LogInit: User: KJB
[2021.03.13-05.23.19:301][  0]LogInit: CPU Page size=4096, Cores=6
[2021.03.13-05.23.19:301][  0]LogInit: High frequency timer resolution =10.000000 MHz
[2021.03.13-05.23.19:301][  0]LogMemory: Memory total: Physical=15.9GB (16GB approx)
[2021.03.13-05.23.19:301][  0]LogMemory: Platform Memory Stats for Windows
[2021.03.13-05.23.19:301][  0]LogMemory: Process Physical Memory: 117.44 MB used, 117.45 MB peak
[2021.03.13-05.23.19:301][  0]LogMemory: Process Virtual Memory: 105.41 MB used, 105.41 MB peak
[2021.03.13-05.23.19:301][  0]LogMemory: Physical Memory: 11088.20 MB used,  5229.91 MB free, 16318.11 MB total
[2021.03.13-05.23.19:302][  0]LogMemory: Virtual Memory: 5175.00 MB used,  134212552.00 MB free, 134217728.00 MB total
[2021.03.13-05.23.19:311][  0]LogWindows: WindowsPlatformFeatures enabled
[2021.03.13-05.23.19:421][  0]LogInit: Physics initialised using underlying interface: PhysX
[2021.03.13-05.23.19:422][  0]LogInit: Using OS detected language (ko-KR).
[2021.03.13-05.23.19:422][  0]LogInit: Using OS detected locale (ko-KR).
[2021.03.13-05.23.19:426][  0]LogTextLocalizationManager: No specific localization for 'ko-KR' exists, so the 'ko' localization will be used.
[2021.03.13-05.23.19:502][  0]LogInit: Setting process to per monitor DPI aware
[2021.03.13-05.23.19:551][  0]LogSlate: New Slate User Created.  User Index 0, Is Virtual User: 0
[2021.03.13-05.23.19:551][  0]LogSlate: Slate User Registered.  User Index 0, Is Virtual User: 0
[2021.03.13-05.23.19:728][  0]LogHMD: Failed to initialize OpenVR with code 110
[2021.03.13-05.23.19:728][  0]LogD3D11RHI: D3D11 min allowed feature level: 11_0
[2021.03.13-05.23.19:728][  0]LogD3D11RHI: D3D11 max allowed feature level: 11_0
[2021.03.13-05.23.19:728][  0]LogD3D11RHI: D3D11 adapters:
[2021.03.13-05.23.19:831][  0]LogD3D11RHI:    0. 'NVIDIA GeForce GTX 1660 SUPER' (Feature Level 11_0)
[2021.03.13-05.23.19:831][  0]LogD3D11RHI:       5991/0/8159 MB DedicatedVideo/DedicatedSystem/SharedSystem, Outputs:1, VendorId:0x10de
[2021.03.13-05.23.19:834][  0]LogD3D11RHI:    1. 'Microsoft Basic Render Driver' (Feature Level 11_0)
[2021.03.13-05.23.19:834][  0]LogD3D11RHI:       0/0/8159 MB DedicatedVideo/DedicatedSystem/SharedSystem, Outputs:0, VendorId:0x1414
[2021.03.13-05.23.19:834][  0]LogD3D11RHI: Chosen D3D11 Adapter: 0
[2021.03.13-05.23.19:841][  0]LogD3D11RHI: Creating new Direct3DDevice
[2021.03.13-05.23.19:841][  0]LogD3D11RHI:     GPU DeviceId: 0x21c4 (for the marketing name, search the web for "GPU Device Id")
[2021.03.13-05.23.19:841][  0]LogWindows: EnumDisplayDevices:
[2021.03.13-05.23.19:841][  0]LogWindows:    0. 'NVIDIA GeForce GTX 1660 SUPER' (P:1 D:1)
[2021.03.13-05.23.19:842][  0]LogWindows:    1. 'NVIDIA GeForce GTX 1660 SUPER' (P:0 D:0)
[2021.03.13-05.23.19:843][  0]LogWindows:    2. 'NVIDIA GeForce GTX 1660 SUPER' (P:0 D:0)
[2021.03.13-05.23.19:843][  0]LogWindows:    3. 'NVIDIA GeForce GTX 1660 SUPER' (P:0 D:0)
[2021.03.13-05.23.19:844][  0]LogWindows: DebugString: FoundDriverCount:4 
[2021.03.13-05.23.19:844][  0]LogD3D11RHI:     Adapter Name: NVIDIA GeForce GTX 1660 SUPER
[2021.03.13-05.23.19:844][  0]LogD3D11RHI:   Driver Version: 461.40 (internal:27.21.14.6140, unified:461.40)
[2021.03.13-05.23.19:844][  0]LogD3D11RHI:      Driver Date: 1-22-2021
[2021.03.13-05.23.19:844][  0]LogRHI: Texture pool is 4193 MB (70% of 5991 MB)
[2021.03.13-05.23.19:918][  0]LogD3D11RHI: RHI has support for 64 bit atomics
[2021.03.13-05.23.19:919][  0]LogD3D11RHI: Async texture creation enabled
[2021.03.13-05.23.19:919][  0]LogD3D11RHI: Array index from any shader is supported
[2021.03.13-05.23.19:934][  0]LogD3D11RHI: GPU Timing Frequency: 1000.000000 (Debug: 2 1)
[2021.03.13-05.23.20:267][  0]LogTargetPlatformManager: Display: Loaded TargetPlatform 'AllDesktop'
[2021.03.13-05.23.20:302][  0]LogTargetPlatformManager: Display: Loaded TargetPlatform 'Android'
[2021.03.13-05.23.20:302][  0]LogTargetPlatformManager: Display: Loaded TargetPlatform 'Android_ASTC'
[2021.03.13-05.23.20:302][  0]LogTargetPlatformManager: Display: Loaded TargetPlatform 'Android_DXT'
[2021.03.13-05.23.20:302][  0]LogTargetPlatformManager: Display: Loaded TargetPlatform 'Android_ETC2'
[2021.03.13-05.23.20:302][  0]LogTargetPlatformManager: Display: Loaded TargetPlatform 'AndroidClient'
[2021.03.13-05.23.20:303][  0]LogTargetPlatformManager: Display: Loaded TargetPlatform 'Android_ASTCClient'
[2021.03.13-05.23.20:303][  0]LogTargetPlatformManager: Display: Loaded TargetPlatform 'Android_DXTClient'
[2021.03.13-05.23.20:303][  0]LogTargetPlatformManager: Display: Loaded TargetPlatform 'Android_ETC2Client'
[2021.03.13-05.23.20:303][  0]LogTargetPlatformManager: Display: Loaded TargetPlatform 'Android_Multi'
[2021.03.13-05.23.20:303][  0]LogTargetPlatformManager: Display: Loaded TargetPlatform 'Android_MultiClient'
[2021.03.13-05.23.20:334][  0]LogTargetPlatformManager: Display: Loaded TargetPlatform 'IOSClient'
[2021.03.13-05.23.20:334][  0]LogTargetPlatformManager: Display: Loaded TargetPlatform 'IOS'
[2021.03.13-05.23.20:347][  0]LogTargetPlatformManager: Display: Loaded TargetPlatform 'Linux'
[2021.03.13-05.23.20:362][  0]LogTargetPlatformManager: Display: Loaded TargetPlatform 'LinuxNoEditor'
[2021.03.13-05.23.20:376][  0]LogTargetPlatformManager: Display: Loaded TargetPlatform 'LinuxClient'
[2021.03.13-05.23.20:388][  0]LogTargetPlatformManager: Display: Loaded TargetPlatform 'LinuxServer'
[2021.03.13-05.23.20:401][  0]LogTargetPlatformManager: Display: Loaded TargetPlatform 'LinuxAArch64NoEditor'
[2021.03.13-05.23.20:413][  0]LogTargetPlatformManager: Display: Loaded TargetPlatform 'LinuxAArch64Client'
[2021.03.13-05.23.20:425][  0]LogTargetPlatformManager: Display: Loaded TargetPlatform 'LinuxAArch64Server'
[2021.03.13-05.23.20:457][  0]LogTargetPlatformManager: Display: Loaded TargetPlatform 'Lumin'
[2021.03.13-05.23.20:457][  0]LogTargetPlatformManager: Display: Loaded TargetPlatform 'LuminClient'
[2021.03.13-05.23.20:475][  0]LogTargetPlatformManager: Display: Loaded TargetPlatform 'TVOSClient'
[2021.03.13-05.23.20:476][  0]LogTargetPlatformManager: Display: Loaded TargetPlatform 'TVOS'
[2021.03.13-05.23.20:487][  0]LogTargetPlatformManager: Display: Loaded TargetPlatform 'WindowsNoEditor'
[2021.03.13-05.23.20:498][  0]LogTargetPlatformManager: Display: Loaded TargetPlatform 'Windows'
[2021.03.13-05.23.20:509][  0]LogTargetPlatformManager: Display: Loaded TargetPlatform 'WindowsClient'
[2021.03.13-05.23.20:521][  0]LogTargetPlatformManager: Display: Loaded TargetPlatform 'WindowsServer'
[2021.03.13-05.23.20:521][  0]LogTargetPlatformManager: Display: Building Assets For Windows
[2021.03.13-05.23.20:533][  0]LogAudioDebug: Display: Lib vorbis DLL was dynamically loaded.
[2021.03.13-05.23.20:618][  0]LogShaderCompilers: Guid format shader working directory is -14 characters bigger than the processId version (../../../../../../unrealP/KJB_Portfolio_UE4/KJB_Portfolio/Intermediate/Shaders/WorkingDirectory/19308/).
[2021.03.13-05.23.20:618][  0]LogShaderCompilers: Cleaned the shader compiler working directory 'C:/Users/KJB/AppData/Local/Temp/UnrealShaderWorkingDir/C59B7D7F44DDC2282EFAD4B92428B25B/'.
[2021.03.13-05.23.20:619][  0]LogXGEController: Cannot use XGE Controller as Incredibuild is not installed on this machine.
[2021.03.13-05.23.20:619][  0]LogShaderCompilers: Cannot use XGE Shader Compiler as Incredibuild is not installed on this machine.
[2021.03.13-05.23.20:619][  0]LogShaderCompilers: Display: Using Local Shader Compiler.
[2021.03.13-05.23.21:318][  0]LogDerivedDataCache: Display: Max Cache Size: 512 MB
[2021.03.13-05.23.21:381][  0]LogDerivedDataCache: Loaded boot cache 0.06s 128MB C:/Users/KJB/AppData/Local/UnrealEngine/4.25/DerivedDataCache/Boot.ddc.
[2021.03.13-05.23.21:381][  0]LogDerivedDataCache: Display: Loaded Boot cache: C:/Users/KJB/AppData/Local/UnrealEngine/4.25/DerivedDataCache/Boot.ddc
[2021.03.13-05.23.21:381][  0]LogDerivedDataCache: FDerivedDataBackendGraph:  Pak pak cache file ../../../../../../unrealP/KJB_Portfolio_UE4/KJB_Portfolio/DerivedDataCache/DDC.ddp not found, will not use a pak cache.
[2021.03.13-05.23.21:381][  0]LogDerivedDataCache: Unable to find inner node Pak for hierarchical cache Hierarchy.
[2021.03.13-05.23.21:382][  0]LogDerivedDataCache: FDerivedDataBackendGraph:  CompressedPak pak cache file ../../../../../../unrealP/KJB_Portfolio_UE4/KJB_Portfolio/DerivedDataCache/Compressed.ddp not found, will not use a pak cache.
[2021.03.13-05.23.21:382][  0]LogDerivedDataCache: Unable to find inner node CompressedPak for hierarchical cache Hierarchy.
[2021.03.13-05.23.21:392][  0]LogDerivedDataCache: Display: Pak cache opened for reading ../../../Engine/DerivedDataCache/Compressed.ddp.
[2021.03.13-05.23.21:392][  0]LogDerivedDataCache: FDerivedDataBackendGraph:  EnterprisePak pak cache file ../../../Enterprise/DerivedDataCache/Compressed.ddp not found, will not use a pak cache.
[2021.03.13-05.23.21:392][  0]LogDerivedDataCache: Unable to find inner node EnterprisePak for hierarchical cache Hierarchy.
[2021.03.13-05.23.21:393][  0]LogDerivedDataCache: Using Local data cache path C:/Users/KJB/AppData/Local/UnrealEngine/Common/DerivedDataCache: Writable
[2021.03.13-05.23.21:393][  0]LogDerivedDataCache: Shared data cache path not found in *engine.ini, will not use an Shared cache.
[2021.03.13-05.23.21:393][  0]LogDerivedDataCache: Unable to find inner node Shared for hierarchical cache Hierarchy.
[2021.03.13-05.23.21:436][  0]LogSlate: Using FreeType 2.10.0
[2021.03.13-05.23.21:436][  0]LogSlate: SlateFontServices - WITH_FREETYPE: 1, WITH_HARFBUZZ: 1
[2021.03.13-05.23.21:460][  0]LogAssetRegistry: FAssetRegistry took 0.0028 seconds to start up
[2021.03.13-05.23.21:712][  0]LogInit: Selected Device Profile: [Windows]
[2021.03.13-05.23.21:832][  0]LogMeshReduction: Using QuadricMeshReduction for automatic static mesh reduction
[2021.03.13-05.23.21:832][  0]LogMeshReduction: Using SimplygonMeshReduction for automatic skeletal mesh reduction
[2021.03.13-05.23.21:832][  0]LogMeshReduction: Using ProxyLODMeshReduction for automatic mesh merging
[2021.03.13-05.23.21:832][  0]LogMeshReduction: No distributed automatic mesh merging module available
[2021.03.13-05.23.21:832][  0]LogMeshMerging: No distributed automatic mesh merging module available
[2021.03.13-05.23.21:850][  0]LogNetVersion: KJB_Portfolio 1.0.0, NetCL: 13144385, EngineNetVer: 14, GameNetVer: 0 (Checksum: 3600608709)
[2021.03.13-05.23.22:220][  0]LogAISub: UAISubsystem::UAISubsystem AISubsystem (000001A6C79B7A80), frame # 0
[2021.03.13-05.23.22:220][  0]LogAISub: UAISubsystem::UAISubsystem AIPerceptionSystem (000001A6C79AFC40), frame # 0
[2021.03.13-05.23.22:221][  0]LogAISub: UAISubsystem::UAISubsystem EnvQueryManager (000001A6C7A50800), frame # 0
[2021.03.13-05.23.22:254][  0]LogPackageLocalizationCache: Processed 19 localized package path(s) for 1 prioritized culture(s) in 0.028324 seconds
[2021.03.13-05.23.22:259][  0]LogUObjectArray: 15917 objects as part of root set at end of initial load.
[2021.03.13-05.23.22:259][  0]LogUObjectAllocator: 3965568 out of 0 bytes used by permanent object pool.
[2021.03.13-05.23.22:259][  0]LogUObjectArray: CloseDisregardForGC: 0/0 objects in disregard for GC pool
[2021.03.13-05.23.22:690][  0]LogTcpMessaging: Initializing TcpMessaging bridge
[2021.03.13-05.23.22:696][  0]LogUdpMessaging: Initializing bridge on interface 0.0.0.0:0 to multicast group 230.0.0.1:6666.
[2021.03.13-05.23.23:887][  0]SourceControl: 소스 컨트롤이 꺼졌습니다.
[2021.03.13-05.23.23:887][  0]SourceControl: 소스 컨트롤이 꺼졌습니다.
[2021.03.13-05.23.23:892][  0]SourceControl: 소스 컨트롤이 꺼졌습니다.
[2021.03.13-05.23.23:897][  0]SourceControl: 소스 컨트롤이 꺼졌습니다.
[2021.03.13-05.23.23:909][  0]SourceControl: 소스 컨트롤이 꺼졌습니다.
[2021.03.13-05.23.24:312][  0]LogAndroidPermission: UAndroidPermissionCallbackProxy::GetInstance
[2021.03.13-05.23.24:343][  0]LogAudioCaptureCore: Display: No Audio Capture implementations found. Audio input will be silent.
[2021.03.13-05.23.24:343][  0]LogAudioCaptureCore: Display: No Audio Capture implementations found. Audio input will be silent.
[2021.03.13-05.23.24:410][  0]LogOcInput: OculusInput pre-init called
[2021.03.13-05.23.24:425][  0]LogWindows: Failed to load 'OVRPlugin.dll' (GetLastError=126)
[2021.03.13-05.23.24:425][  0]LogWindows: File 'OVRPlugin.dll' does not exist
[2021.03.13-05.23.24:504][  0]LogEngine: Initializing Engine...
[2021.03.13-05.23.24:505][  0]LogHMD: Failed to initialize OpenVR with code 110
[2021.03.13-05.23.24:505][  0]LogMagicLeap: Warning: VR disabled because ZI is not enabled.  To enable, in the editor, Edit -> Project Settings -> Plugins -> Magic Leap Plugin -> Enable Zero Iteration
[2021.03.13-05.23.24:506][  0]LogStats: UGameplayTagsManager::InitializeManager -  0.000 s
[2021.03.13-05.23.24:602][  0]LogInit: Initializing FReadOnlyCVARCache
[2021.03.13-05.23.24:612][  0]LogAIModule: Creating AISystem for world Untitled
[2021.03.13-05.23.24:613][  0]LogAISub: UAISubsystem::UAISubsystem EnvQueryManager (000001A6D408A200), frame # 0
[2021.03.13-05.23.24:613][  0]LogAISub: UAISubsystem::UAISubsystem AIPerceptionSystem (000001A6D40BD080), frame # 0
[2021.03.13-05.23.24:622][  0]LogAudioMixer: Display: Audio Mixer Platform Settings:
[2021.03.13-05.23.24:622][  0]LogAudioMixer: Display: 	Sample Rate:						  48000
[2021.03.13-05.23.24:622][  0]LogAudioMixer: Display: 	Callback Buffer Frame Size Requested: 1024
[2021.03.13-05.23.24:622][  0]LogAudioMixer: Display: 	Callback Buffer Frame Size To Use:	  1024
[2021.03.13-05.23.24:622][  0]LogAudioMixer: Display: 	Number of buffers to queue:			  2
[2021.03.13-05.23.24:622][  0]LogAudioMixer: Display: 	Max Channels (voices):				  32
[2021.03.13-05.23.24:622][  0]LogAudioMixer: Display: 	Number of Async Source Workers:		  0
[2021.03.13-05.23.24:622][  0]LogAudio: Display: AudioDevice MaxSources: 32
[2021.03.13-05.23.24:622][  0]LogAudio: Display: Using built-in audio occlusion.
[2021.03.13-05.23.24:622][  0]LogAudioMixer: Display: Initializing audio mixer.
[2021.03.13-05.23.24:644][  0]LogAudioMixer: Display: 0: FrontLeft
[2021.03.13-05.23.24:644][  0]LogAudioMixer: Display: 1: FrontRight
[2021.03.13-05.23.24:702][  0]LogAudioMixer: Display: Using Audio Device 스피커(Realtek High Definition Audio)
[2021.03.13-05.23.24:705][  0]LogAudioMixer: Display: Initializing Sound Submixes...
[2021.03.13-05.23.24:707][  0]LogAudioMixer: Display: Creating Master Submix 'MasterSubmixDefault'
[2021.03.13-05.23.24:707][  0]LogAudioMixer: Display: Creating Master Submix 'MasterReverbSubmixDefault'
[2021.03.13-05.23.24:708][  0]LogAudioMixer: Display: Creating Master Submix 'MasterEQSubmixDefault'
[2021.03.13-05.23.24:708][  0]LogInit: FAudioDevice initialized.
[2021.03.13-05.23.24:709][  0]LogNetVersion: Set ProjectVersion to 1.0.0.0. Version Checksum will be recalculated on next use.
[2021.03.13-05.23.24:827][  0]LogDerivedDataCache: Saved boot cache 0.12s 128MB C:/Users/KJB/AppData/Local/UnrealEngine/4.25/DerivedDataCache/Boot.ddc.
[2021.03.13-05.23.24:833][  0]LogInit: Texture streaming: Enabled
[2021.03.13-05.23.24:857][  0]LogEngineSessionManager: EngineSessionManager initialized
[2021.03.13-05.23.24:857][  0]LogEditorSessionSummary: Verbose: Initializing EditorSessionSummaryWriter for editor session tracking
[2021.03.13-05.23.24:863][  0]LogEditorSessionSummary: EditorSessionSummaryWriter initialized
[2021.03.13-05.23.24:909][  0]LogInit: Transaction tracking system initialized
[2021.03.13-05.23.24:941][  0]BlueprintLog: New page: 에디터 로드
[2021.03.13-05.23.25:044][  0]LocalizationService: 현지화 서비스가 비활성화되었습니다.
[2021.03.13-05.23.25:550][  0]LogCook: Display: Max memory allowance for cook 16384mb min free memory 0mb
[2021.03.13-05.23.25:550][  0]LogCook: Display: Mobile HDR setting 1
[2021.03.13-05.23.25:757][  0]LogFileCache: Scanning file cache for directory 'C:/unrealP/KJB_Portfolio_UE4/KJB_Portfolio/Content/' took 0.08s
[2021.03.13-05.23.25:959][  0]SourceControl: 소스 컨트롤이 꺼졌습니다.
[2021.03.13-05.23.26:056][  0]LogSlate: Took 0.001356 seconds to synchronously load lazily loaded font '../../../Engine/Content/Editor/Slate/Fonts/NanumGothic.ttf' (4243K)
[2021.03.13-05.23.26:056][  0]LogSlate: Took 0.000174 seconds to synchronously load lazily loaded font '../../../Engine/Content/Slate/Fonts/Roboto-Regular.ttf' (155K)
[2021.03.13-05.23.31:007][  0]LogSlate: Window '패키지 복원' being destroyed
[2021.03.13-05.23.31:009][  0]LogWindowsTextInputMethodSystem: Display: IME system now activated using TSF (Microsoft 입력기).
[2021.03.13-05.23.31:033][  0]LogWindowsTextInputMethodSystem: Display: IME system now activated using TSF (Microsoft 입력기).
[2021.03.13-05.23.32:445][  0]LogSlate: Window '소스 컨트롤에서 체크아웃할 수 없습니다!' being destroyed
[2021.03.13-05.23.32:448][  0]LogWindowsTextInputMethodSystem: Display: IME system now activated using TSF (Microsoft 입력기).
[2021.03.13-05.23.32:452][  0]Message dialog closed, result: Ok, title: 소스 컨트롤에서 체크아웃할 수 없습니다!, text: 다음 애셋을 소스 컨트롤에서 체크아웃 시키지 못했습니다:
/Game/MyContents/SkillSystem/Components/BPC_SkillTree
[2021.03.13-05.23.32:468][  0]LogUObjectHash: Compacting FUObjectHashTables data took   1.17ms
[2021.03.13-05.23.32:480][  0]LogUObjectHash: Compacting FUObjectHashTables data took   0.30ms
[2021.03.13-05.23.32:482][  0]LoadErrors: New page: 패키지 로드중: /Game/MyContents/SkillSystem/Components/BPC_SkillTree
[2021.03.13-05.23.32:495][  0]LogWindowsTextInputMethodSystem: Display: IME system now activated using TSF (Microsoft 입력기).
[2021.03.13-05.23.32:495][  0]LogUnrealEdMisc: Loading editor; pre map load, took 14.908
[2021.03.13-05.23.32:495][  0]Cmd: MAP LOAD FILE="../../../../../../unrealP/KJB_Portfolio_UE4/KJB_Portfolio/Content/MyContents/NewMap.umap" TEMPLATE=0 SHOWPROGRESS=1 FEATURELEVEL=3
[2021.03.13-05.23.32:496][  0]LightingResults: New page: 라이팅 빌드
[2021.03.13-05.23.32:497][  0]LogWorld: UWorld::CleanupWorld for Untitled, bSessionEnded=true, bCleanupResources=true
[2021.03.13-05.23.32:497][  0]LogSlate: InvalidateAllWidgets triggered.  All widgets were invalidated
[2021.03.13-05.23.32:497][  0]MapCheck: New page: 맵 체크
[2021.03.13-05.23.32:497][  0]LightingResults: New page: 라이팅 빌드
[2021.03.13-05.23.32:515][  0]LogOutputDevice: Warning: 

Script Stack (0 frames):

[2021.03.13-05.23.33:027][  0]LogStats: FPlatformStackWalk::StackWalkAndDump -  0.512 s
[2021.03.13-05.23.33:027][  0]LogOutputDevice: Error: === Handled ensure: ===
[2021.03.13-05.23.33:027][  0]LogOutputDevice: Error: 
[2021.03.13-05.23.33:027][  0]LogOutputDevice: Error: Ensure condition failed: ToPin->LinkedTo.Contains(this) [File:D:/Build/++UE4/Sync/Engine/Source/Runtime/Engine/Private/EdGraph/EdGraphPin.cpp] [Line: 475]
[2021.03.13-05.23.33:027][  0]LogOutputDevice: Error: UEdGraphPin::링크끊기-> Pin 'Spell' on node 'Can Upgrade Spell' 핀과 상호적으로 연결되어 있지 않습니다. 'self' on node 'SkillInfo 구하기'
[2021.03.13-05.23.33:027][  0]LogOutputDevice: Error: Stack: 
[2021.03.13-05.23.33:027][  0]LogOutputDevice: Error: [Callstack] 0x00007fff6f3c9b0a UE4Editor-Engine.dll!UnknownFunction []
[2021.03.13-05.23.33:027][  0]LogOutputDevice: Error: [Callstack] 0x00007fff6e166c7b UE4Editor-Engine.dll!UnknownFunction []
[2021.03.13-05.23.33:027][  0]LogOutputDevice: Error: [Callstack] 0x00007fff6e166b35 UE4Editor-Engine.dll!UnknownFunction []
[2021.03.13-05.23.33:027][  0]LogOutputDevice: Error: [Callstack] 0x00007fff6e17490b UE4Editor-Engine.dll!UnknownFunction []
[2021.03.13-05.23.33:027][  0]LogOutputDevice: Error: [Callstack] 0x00007fff6e1657e1 UE4Editor-Engine.dll!UnknownFunction []
[2021.03.13-05.23.33:027][  0]LogOutputDevice: Error: [Callstack] 0x00007fff9589bd58 UE4Editor-CoreUObject.dll!UnknownFunction []
[2021.03.13-05.23.33:027][  0]LogOutputDevice: Error: [Callstack] 0x00007fff9587a02b UE4Editor-CoreUObject.dll!UnknownFunction []
[2021.03.13-05.23.33:027][  0]LogOutputDevice: Error: [Callstack] 0x00007fff95809da3 UE4Editor-CoreUObject.dll!UnknownFunction []
[2021.03.13-05.23.33:027][  0]LogOutputDevice: Error: [Callstack] 0x00007fff9580900c UE4Editor-CoreUObject.dll!UnknownFunction []
[2021.03.13-05.23.33:027][  0]LogOutputDevice: Error: [Callstack] 0x00007fff79ea0f70 UE4Editor-UnrealEd.dll!UnknownFunction []
[2021.03.13-05.23.33:027][  0]LogOutputDevice: Error: [Callstack] 0x00007fff79f1c50e UE4Editor-UnrealEd.dll!UnknownFunction []
[2021.03.13-05.23.33:027][  0]LogOutputDevice: Error: [Callstack] 0x00007fff79f46c21 UE4Editor-UnrealEd.dll!UnknownFunction []
[2021.03.13-05.23.33:027][  0]LogOutputDevice: Error: [Callstack] 0x00007fff79f3661f UE4Editor-UnrealEd.dll!UnknownFunction []
[2021.03.13-05.23.33:027][  0]LogOutputDevice: Error: [Callstack] 0x00007fff79f1e791 UE4Editor-UnrealEd.dll!UnknownFunction []
[2021.03.13-05.23.33:027][  0]LogOutputDevice: Error: [Callstack] 0x00007fff7a75a077 UE4Editor-UnrealEd.dll!UnknownFunction []
[2021.03.13-05.23.33:027][  0]LogOutputDevice: Error: [Callstack] 0x00007fff7a293882 UE4Editor-UnrealEd.dll!UnknownFunction []
[2021.03.13-05.23.33:027][  0]LogOutputDevice: Error: [Callstack] 0x00007fff7a293684 UE4Editor-UnrealEd.dll!UnknownFunction []
[2021.03.13-05.23.33:028][  0]LogOutputDevice: Error: [Callstack] 0x00007fff7a794976 UE4Editor-UnrealEd.dll!UnknownFunction []
[2021.03.13-05.23.33:028][  0]LogOutputDevice: Error: [Callstack] 0x00007fff7a756113 UE4Editor-UnrealEd.dll!UnknownFunction []
[2021.03.13-05.23.33:028][  0]LogOutputDevice: Error: [Callstack] 0x00007ff6bf0eb8fb UE4Editor.exe!UnknownFunction []
[2021.03.13-05.23.33:028][  0]LogOutputDevice: Error: [Callstack] 0x00007ff6bf0ebb5a UE4Editor.exe!UnknownFunction []
[2021.03.13-05.23.33:028][  0]LogOutputDevice: Error: [Callstack] 0x00007ff6bf0fe31d UE4Editor.exe!UnknownFunction []
[2021.03.13-05.23.33:028][  0]LogOutputDevice: Error: [Callstack] 0x00007ff6bf10145a UE4Editor.exe!UnknownFunction []
[2021.03.13-05.23.33:028][  0]LogOutputDevice: Error: [Callstack] 0x00007fffdeb47034 KERNEL32.DLL!UnknownFunction []
[2021.03.13-05.23.33:028][  0]LogOutputDevice: Error: [Callstack] 0x00007fffdf59d241 ntdll.dll!UnknownFunction []
[2021.03.13-05.23.33:028][  0]LogOutputDevice: Error: 
[2021.03.13-05.23.33:030][  0]LogStats:                SubmitErrorReport -  0.000 s
[2021.03.13-05.23.34:541][  0]LogStats:                    SendNewReport -  1.511 s
[2021.03.13-05.23.34:541][  0]LogStats:             FDebug::EnsureFailed -  2.027 s
[2021.03.13-05.23.34:542][  0]LogOutputDevice: Warning: 

Script Stack (0 frames):

[2021.03.13-05.23.34:542][  0]LogStats: FPlatformStackWalk::StackWalkAndDump -  0.000 s
[2021.03.13-05.23.34:542][  0]LogOutputDevice: Error: === Handled ensure: ===
[2021.03.13-05.23.34:542][  0]LogOutputDevice: Error: 
[2021.03.13-05.23.34:542][  0]LogOutputDevice: Error: Ensure condition failed: ToPin->LinkedTo.Contains(this) [File:D:/Build/++UE4/Sync/Engine/Source/Runtime/Engine/Private/EdGraph/EdGraphPin.cpp] [Line: 475]
[2021.03.13-05.23.34:542][  0]LogOutputDevice: Error: UEdGraphPin::링크끊기-> Pin 'Spell' on node 'Can Upgrade Spell' 핀과 상호적으로 연결되어 있지 않습니다. 'self' on node 'CurrentStageIndex 구하기'
[2021.03.13-05.23.34:542][  0]LogOutputDevice: Error: Stack: 
[2021.03.13-05.23.34:542][  0]LogOutputDevice: Error: [Callstack] 0x00007fff6f3c9b0a UE4Editor-Engine.dll!UnknownFunction []
[2021.03.13-05.23.34:542][  0]LogOutputDevice: Error: [Callstack] 0x00007fff6e166c7b UE4Editor-Engine.dll!UnknownFunction []
[2021.03.13-05.23.34:542][  0]LogOutputDevice: Error: [Callstack] 0x00007fff6e166b35 UE4Editor-Engine.dll!UnknownFunction []
[2021.03.13-05.23.34:542][  0]LogOutputDevice: Error: [Callstack] 0x00007fff6e17490b UE4Editor-Engine.dll!UnknownFunction []
[2021.03.13-05.23.34:542][  0]LogOutputDevice: Error: [Callstack] 0x00007fff6e1657e1 UE4Editor-Engine.dll!UnknownFunction []
[2021.03.13-05.23.34:542][  0]LogOutputDevice: Error: [Callstack] 0x00007fff9589bd58 UE4Editor-CoreUObject.dll!UnknownFunction []
[2021.03.13-05.23.34:542][  0]LogOutputDevice: Error: [Callstack] 0x00007fff9587a02b UE4Editor-CoreUObject.dll!UnknownFunction []
[2021.03.13-05.23.34:542][  0]LogOutputDevice: Error: [Callstack] 0x00007fff95809da3 UE4Editor-CoreUObject.dll!UnknownFunction []
[2021.03.13-05.23.34:542][  0]LogOutputDevice: Error: [Callstack] 0x00007fff9580900c UE4Editor-CoreUObject.dll!UnknownFunction []
[2021.03.13-05.23.34:542][  0]LogOutputDevice: Error: [Callstack] 0x00007fff79ea0f70 UE4Editor-UnrealEd.dll!UnknownFunction []
[2021.03.13-05.23.34:542][  0]LogOutputDevice: Error: [Callstack] 0x00007fff79f1c50e UE4Editor-UnrealEd.dll!UnknownFunction []
[2021.03.13-05.23.34:542][  0]LogOutputDevice: Error: [Callstack] 0x00007fff79f46c21 UE4Editor-UnrealEd.dll!UnknownFunction []
[2021.03.13-05.23.34:542][  0]LogOutputDevice: Error: [Callstack] 0x00007fff79f3661f UE4Editor-UnrealEd.dll!UnknownFunction []
[2021.03.13-05.23.34:542][  0]LogOutputDevice: Error: [Callstack] 0x00007fff79f1e791 UE4Editor-UnrealEd.dll!UnknownFunction []
[2021.03.13-05.23.34:542][  0]LogOutputDevice: Error: [Callstack] 0x00007fff7a75a077 UE4Editor-UnrealEd.dll!UnknownFunction []
[2021.03.13-05.23.34:542][  0]LogOutputDevice: Error: [Callstack] 0x00007fff7a293882 UE4Editor-UnrealEd.dll!UnknownFunction []
[2021.03.13-05.23.34:542][  0]LogOutputDevice: Error: [Callstack] 0x00007fff7a293684 UE4Editor-UnrealEd.dll!UnknownFunction []
[2021.03.13-05.23.34:542][  0]LogOutputDevice: Error: [Callstack] 0x00007fff7a794976 UE4Editor-UnrealEd.dll!UnknownFunction []
[2021.03.13-05.23.34:542][  0]LogOutputDevice: Error: [Callstack] 0x00007fff7a756113 UE4Editor-UnrealEd.dll!UnknownFunction []
[2021.03.13-05.23.34:543][  0]LogOutputDevice: Error: [Callstack] 0x00007ff6bf0eb8fb UE4Editor.exe!UnknownFunction []
[2021.03.13-05.23.34:543][  0]LogOutputDevice: Error: [Callstack] 0x00007ff6bf0ebb5a UE4Editor.exe!UnknownFunction []
[2021.03.13-05.23.34:543][  0]LogOutputDevice: Error: [Callstack] 0x00007ff6bf0fe31d UE4Editor.exe!UnknownFunction []
[2021.03.13-05.23.34:543][  0]LogOutputDevice: Error: [Callstack] 0x00007ff6bf10145a UE4Editor.exe!UnknownFunction []
[2021.03.13-05.23.34:543][  0]LogOutputDevice: Error: [Callstack] 0x00007fffdeb47034 KERNEL32.DLL!UnknownFunction []
[2021.03.13-05.23.34:543][  0]LogOutputDevice: Error: [Callstack] 0x00007fffdf59d241 ntdll.dll!UnknownFunction []
[2021.03.13-05.23.34:543][  0]LogOutputDevice: Error: 
[2021.03.13-05.23.34:553][  0]LogStats:                SubmitErrorReport -  0.000 s
[2021.03.13-05.23.39:440][  0]LogStats:                    SendNewReport -  4.886 s
[2021.03.13-05.23.39:440][  0]LogStats:             FDebug::EnsureFailed -  4.898 s
[2021.03.13-05.23.39:441][  0]LogOutputDevice: Warning: 

Script Stack (0 frames):

[2021.03.13-05.23.39:441][  0]LogStats: FPlatformStackWalk::StackWalkAndDump -  0.000 s
[2021.03.13-05.23.39:441][  0]LogOutputDevice: Error: === Handled ensure: ===
[2021.03.13-05.23.39:441][  0]LogOutputDevice: Error: 
[2021.03.13-05.23.39:441][  0]LogOutputDevice: Error: Ensure condition failed: ToPin->LinkedTo.Contains(this) [File:D:/Build/++UE4/Sync/Engine/Source/Runtime/Engine/Private/EdGraph/EdGraphPin.cpp] [Line: 475]
[2021.03.13-05.23.39:441][  0]LogOutputDevice: Error: UEdGraphPin::링크끊기-> Pin 'then' on node 'Can Upgrade Spell' 핀과 상호적으로 연결되어 있지 않습니다. 'execute' on node 'Branch'
[2021.03.13-05.23.39:441][  0]LogOutputDevice: Error: Stack: 
[2021.03.13-05.23.39:441][  0]LogOutputDevice: Error: [Callstack] 0x00007fff6f3c9b0a UE4Editor-Engine.dll!UnknownFunction []
[2021.03.13-05.23.39:441][  0]LogOutputDevice: Error: [Callstack] 0x00007fff6e166c7b UE4Editor-Engine.dll!UnknownFunction []
[2021.03.13-05.23.39:441][  0]LogOutputDevice: Error: [Callstack] 0x00007fff6e166b35 UE4Editor-Engine.dll!UnknownFunction []
[2021.03.13-05.23.39:441][  0]LogOutputDevice: Error: [Callstack] 0x00007fff6e17490b UE4Editor-Engine.dll!UnknownFunction []
[2021.03.13-05.23.39:441][  0]LogOutputDevice: Error: [Callstack] 0x00007fff6e1657e1 UE4Editor-Engine.dll!UnknownFunction []
[2021.03.13-05.23.39:441][  0]LogOutputDevice: Error: [Callstack] 0x00007fff9589bd58 UE4Editor-CoreUObject.dll!UnknownFunction []
[2021.03.13-05.23.39:441][  0]LogOutputDevice: Error: [Callstack] 0x00007fff9587a02b UE4Editor-CoreUObject.dll!UnknownFunction []
[2021.03.13-05.23.39:441][  0]LogOutputDevice: Error: [Callstack] 0x00007fff95809da3 UE4Editor-CoreUObject.dll!UnknownFunction []
[2021.03.13-05.23.39:441][  0]LogOutputDevice: Error: [Callstack] 0x00007fff9580900c UE4Editor-CoreUObject.dll!UnknownFunction []
[2021.03.13-05.23.39:441][  0]LogOutputDevice: Error: [Callstack] 0x00007fff79ea0f70 UE4Editor-UnrealEd.dll!UnknownFunction []
[2021.03.13-05.23.39:441][  0]LogOutputDevice: Error: [Callstack] 0x00007fff79f1c50e UE4Editor-UnrealEd.dll!UnknownFunction []
[2021.03.13-05.23.39:441][  0]LogOutputDevice: Error: [Callstack] 0x00007fff79f46c21 UE4Editor-UnrealEd.dll!UnknownFunction []
[2021.03.13-05.23.39:441][  0]LogOutputDevice: Error: [Callstack] 0x00007fff79f3661f UE4Editor-UnrealEd.dll!UnknownFunction []
[2021.03.13-05.23.39:441][  0]LogOutputDevice: Error: [Callstack] 0x00007fff79f1e791 UE4Editor-UnrealEd.dll!UnknownFunction []
[2021.03.13-05.23.39:442][  0]LogOutputDevice: Error: [Callstack] 0x00007fff7a75a077 UE4Editor-UnrealEd.dll!UnknownFunction []
[2021.03.13-05.23.39:442][  0]LogOutputDevice: Error: [Callstack] 0x00007fff7a293882 UE4Editor-UnrealEd.dll!UnknownFunction []
[2021.03.13-05.23.39:442][  0]LogOutputDevice: Error: [Callstack] 0x00007fff7a293684 UE4Editor-UnrealEd.dll!UnknownFunction []
[2021.03.13-05.23.39:442][  0]LogOutputDevice: Error: [Callstack] 0x00007fff7a794976 UE4Editor-UnrealEd.dll!UnknownFunction []
[2021.03.13-05.23.39:442][  0]LogOutputDevice: Error: [Callstack] 0x00007fff7a756113 UE4Editor-UnrealEd.dll!UnknownFunction []
[2021.03.13-05.23.39:442][  0]LogOutputDevice: Error: [Callstack] 0x00007ff6bf0eb8fb UE4Editor.exe!UnknownFunction []
[2021.03.13-05.23.39:442][  0]LogOutputDevice: Error: [Callstack] 0x00007ff6bf0ebb5a UE4Editor.exe!UnknownFunction []
[2021.03.13-05.23.39:442][  0]LogOutputDevice: Error: [Callstack] 0x00007ff6bf0fe31d UE4Editor.exe!UnknownFunction []
[2021.03.13-05.23.39:442][  0]LogOutputDevice: Error: [Callstack] 0x00007ff6bf10145a UE4Editor.exe!UnknownFunction []
[2021.03.13-05.23.39:442][  0]LogOutputDevice: Error: [Callstack] 0x00007fffdeb47034 KERNEL32.DLL!UnknownFunction []
[2021.03.13-05.23.39:442][  0]LogOutputDevice: Error: [Callstack] 0x00007fffdf59d241 ntdll.dll!UnknownFunction []
[2021.03.13-05.23.39:442][  0]LogOutputDevice: Error: 
[2021.03.13-05.23.39:452][  0]LogStats:                SubmitErrorReport -  0.000 s
[2021.03.13-05.23.42:295][  0]LogStats:                    SendNewReport -  2.843 s
[2021.03.13-05.23.42:295][  0]LogStats:             FDebug::EnsureFailed -  2.855 s
[2021.03.13-05.23.42:296][  0]LogOutputDevice: Warning: 

Script Stack (0 frames):

[2021.03.13-05.23.42:296][  0]LogStats: FPlatformStackWalk::StackWalkAndDump -  0.000 s
[2021.03.13-05.23.42:296][  0]LogOutputDevice: Error: === Handled ensure: ===
[2021.03.13-05.23.42:296][  0]LogOutputDevice: Error: 
[2021.03.13-05.23.42:296][  0]LogOutputDevice: Error: Ensure condition failed: ToPin->LinkedTo.Contains(this) [File:D:/Build/++UE4/Sync/Engine/Source/Runtime/Engine/Private/EdGraph/EdGraphPin.cpp] [Line: 475]
[2021.03.13-05.23.42:296][  0]LogOutputDevice: Error: UEdGraphPin::링크끊기-> Pin 'Spell' on node 'Can Upgrade Spell' 핀과 상호적으로 연결되어 있지 않습니다. 'self' on node 'Next Stage'
[2021.03.13-05.23.42:296][  0]LogOutputDevice: Error: Stack: 
[2021.03.13-05.23.42:296][  0]LogOutputDevice: Error: [Callstack] 0x00007fff6f3c9b0a UE4Editor-Engine.dll!UnknownFunction []
[2021.03.13-05.23.42:296][  0]LogOutputDevice: Error: [Callstack] 0x00007fff6e166c7b UE4Editor-Engine.dll!UnknownFunction []
[2021.03.13-05.23.42:296][  0]LogOutputDevice: Error: [Callstack] 0x00007fff6e166b35 UE4Editor-Engine.dll!UnknownFunction []
[2021.03.13-05.23.42:296][  0]LogOutputDevice: Error: [Callstack] 0x00007fff6e17490b UE4Editor-Engine.dll!UnknownFunction []
[2021.03.13-05.23.42:296][  0]LogOutputDevice: Error: [Callstack] 0x00007fff6e1657e1 UE4Editor-Engine.dll!UnknownFunction []
[2021.03.13-05.23.42:296][  0]LogOutputDevice: Error: [Callstack] 0x00007fff9589bd58 UE4Editor-CoreUObject.dll!UnknownFunction []
[2021.03.13-05.23.42:296][  0]LogOutputDevice: Error: [Callstack] 0x00007fff9587a02b UE4Editor-CoreUObject.dll!UnknownFunction []
[2021.03.13-05.23.42:296][  0]LogOutputDevice: Error: [Callstack] 0x00007fff95809da3 UE4Editor-CoreUObject.dll!UnknownFunction []
[2021.03.13-05.23.42:296][  0]LogOutputDevice: Error: [Callstack] 0x00007fff9580900c UE4Editor-CoreUObject.dll!UnknownFunction []
[2021.03.13-05.23.42:296][  0]LogOutputDevice: Error: [Callstack] 0x00007fff79ea0f70 UE4Editor-UnrealEd.dll!UnknownFunction []
[2021.03.13-05.23.42:296][  0]LogOutputDevice: Error: [Callstack] 0x00007fff79f1c50e UE4Editor-UnrealEd.dll!UnknownFunction []
[2021.03.13-05.23.42:296][  0]LogOutputDevice: Error: [Callstack] 0x00007fff79f46c21 UE4Editor-UnrealEd.dll!UnknownFunction []
[2021.03.13-05.23.42:296][  0]LogOutputDevice: Error: [Callstack] 0x00007fff79f3661f UE4Editor-UnrealEd.dll!UnknownFunction []
[2021.03.13-05.23.42:296][  0]LogOutputDevice: Error: [Callstack] 0x00007fff79f1e791 UE4Editor-UnrealEd.dll!UnknownFunction []
[2021.03.13-05.23.42:296][  0]LogOutputDevice: Error: [Callstack] 0x00007fff7a75a077 UE4Editor-UnrealEd.dll!UnknownFunction []
[2021.03.13-05.23.42:296][  0]LogOutputDevice: Error: [Callstack] 0x00007fff7a293882 UE4Editor-UnrealEd.dll!UnknownFunction []
[2021.03.13-05.23.42:296][  0]LogOutputDevice: Error: [Callstack] 0x00007fff7a293684 UE4Editor-UnrealEd.dll!UnknownFunction []
[2021.03.13-05.23.42:296][  0]LogOutputDevice: Error: [Callstack] 0x00007fff7a794976 UE4Editor-UnrealEd.dll!UnknownFunction []
[2021.03.13-05.23.42:296][  0]LogOutputDevice: Error: [Callstack] 0x00007fff7a756113 UE4Editor-UnrealEd.dll!UnknownFunction []
[2021.03.13-05.23.42:296][  0]LogOutputDevice: Error: [Callstack] 0x00007ff6bf0eb8fb UE4Editor.exe!UnknownFunction []
[2021.03.13-05.23.42:296][  0]LogOutputDevice: Error: [Callstack] 0x00007ff6bf0ebb5a UE4Editor.exe!UnknownFunction []
[2021.03.13-05.23.42:297][  0]LogOutputDevice: Error: [Callstack] 0x00007ff6bf0fe31d UE4Editor.exe!UnknownFunction []
[2021.03.13-05.23.42:297][  0]LogOutputDevice: Error: [Callstack] 0x00007ff6bf10145a UE4Editor.exe!UnknownFunction []
[2021.03.13-05.23.42:297][  0]LogOutputDevice: Error: [Callstack] 0x00007fffdeb47034 KERNEL32.DLL!UnknownFunction []
[2021.03.13-05.23.42:297][  0]LogOutputDevice: Error: [Callstack] 0x00007fffdf59d241 ntdll.dll!UnknownFunction []
[2021.03.13-05.23.42:297][  0]LogOutputDevice: Error: 
[2021.03.13-05.23.42:307][  0]LogStats:                SubmitErrorReport -  0.000 s
[2021.03.13-05.23.45:089][  0]LogStats:                    SendNewReport -  2.781 s
[2021.03.13-05.23.45:089][  0]LogStats:             FDebug::EnsureFailed -  2.793 s
[2021.03.13-05.23.45:090][  0]LogAISub: UAISubsystem::~UAISubsystem EnvQueryManager (000001A6D408A200), frame # 0
[2021.03.13-05.23.45:090][  0]LogAISub: UAISubsystem::~UAISubsystem AIPerceptionSystem (000001A6D40BD080), frame # 0
[2021.03.13-05.23.45:091][  0]LogUObjectHash: Compacting FUObjectHashTables data took   0.84ms
[2021.03.13-05.23.45:245][  0]LogAIModule: Creating AISystem for world NewMap
[2021.03.13-05.23.45:245][  0]LogAISub: UAISubsystem::UAISubsystem EnvQueryManager (000001A6CC5A3A00), frame # 0
[2021.03.13-05.23.45:245][  0]LogAISub: UAISubsystem::UAISubsystem AIPerceptionSystem (000001A6CC4EF4C0), frame # 0
[2021.03.13-05.23.45:252][  0]LogEditorServer: Finished looking for orphan Actors (0.000 secs)
[2021.03.13-05.23.45:265][  0]LogUObjectHash: Compacting FUObjectHashTables data took   1.17ms
[2021.03.13-05.23.45:265][  0]Cmd: MAP CHECKDEP NOCLEARLOG
[2021.03.13-05.23.45:266][  0]MapCheck: 맵 체크 완료: 오류 0 회, 경고 0 회, 소요 시간 0.337ms.
[2021.03.13-05.23.45:266][  0]LogFileHelpers: Loading map 'NewMap' took 12.770
[2021.03.13-05.23.45:277][  0]LogUnrealEdMisc: Total Editor Startup Time, took 27.689
[2021.03.13-05.23.45:359][  0]LogSlate: Updating window title bar state: overlay mode, drag disabled, window buttons hidden, title bar hidden
[2021.03.13-05.23.45:364][  0]LogSlate: Updating window title bar state: overlay mode, drag disabled, window buttons hidden, title bar hidden
[2021.03.13-05.23.45:370][  0]LogSlate: Updating window title bar state: overlay mode, drag disabled, window buttons hidden, title bar hidden
[2021.03.13-05.23.45:376][  0]LogSlate: Updating window title bar state: overlay mode, drag disabled, window buttons hidden, title bar hidden
[2021.03.13-05.23.45:386][  0]LogCollectionManager: Loaded 0 collections in 0.001815 seconds
[2021.03.13-05.23.45:401][  0]LogFileCache: Scanning file cache for directory 'C:/unrealP/KJB_Portfolio_UE4/KJB_Portfolio/Saved/Collections/' took 0.00s
[2021.03.13-05.23.45:401][  0]LogFileCache: Scanning file cache for directory 'C:/unrealP/KJB_Portfolio_UE4/KJB_Portfolio/Content/Developers/KJB/Collections/' took 0.00s
[2021.03.13-05.23.45:401][  0]LogFileCache: Scanning file cache for directory 'C:/unrealP/KJB_Portfolio_UE4/KJB_Portfolio/Content/Collections/' took 0.00s
[2021.03.13-05.23.45:401][  0]LogContentBrowser: Native class hierarchy populated in 0.0095 seconds. Added 3455 classes and 824 folders.
[2021.03.13-05.23.45:404][  0]LogContentBrowser: Native class hierarchy updated for 'WidgetCarousel' in 0.0003 seconds. Added 0 classes and 0 folders.
[2021.03.13-05.23.45:554][  0]LogContentBrowser: Native class hierarchy updated for 'AddContentDialog' in 0.0004 seconds. Added 0 classes and 0 folders.
[2021.03.13-05.23.45:560][  0]LogContentBrowser: Native class hierarchy updated for 'SceneOutliner' in 0.0004 seconds. Added 2 classes and 0 folders.
[2021.03.13-05.23.45:728][  0]LogSlate: Took 0.001432 seconds to synchronously load lazily loaded font '../../../Engine/Content/Editor/Slate/Fonts/NanumGothicBold.ttf' (4188K)
[2021.03.13-05.23.45:728][  0]LogSlate: Took 0.000169 seconds to synchronously load lazily loaded font '../../../Engine/Content/Slate/Fonts/Roboto-Bold.ttf' (160K)
[2021.03.13-05.23.45:733][  0]LogSlate: Took 0.001338 seconds to synchronously load lazily loaded font '../../../Engine/Content/Editor/Slate/Fonts/FontAwesome.ttf' (139K)
[2021.03.13-05.23.45:762][  0]LogRenderer: Reallocating scene render targets to support 1208x572 Format 9 NumSamples 1 (Frame:1).
[2021.03.13-05.23.45:829][  0]LogContentBrowser: Native class hierarchy updated for 'HierarchicalLODOutliner' in 0.0004 seconds. Added 0 classes and 0 folders.
[2021.03.13-05.23.45:829][  0]LogLoad: (Engine Initialization) Total time: 28.24 seconds
[2021.03.13-05.23.45:829][  0]LogLoad: (Engine Initialization) Total Blueprint compile time: 0.00 seconds
[2021.03.13-05.23.45:926][  0]LogContentStreaming: Texture pool size now 600 MB
[2021.03.13-05.23.45:930][  0]LogTemp: Resetting audio stream to device id 
[2021.03.13-05.23.45:949][  0]LogAudioMixer: Display: 0: FrontLeft
[2021.03.13-05.23.45:949][  0]LogAudioMixer: Display: 1: FrontRight
[2021.03.13-05.23.46:036][  1]LogAssetRegistry: Asset discovery search completed in 24.5779 seconds
[2021.03.13-05.23.46:040][  1]LogCollectionManager: Fixed up redirectors for 0 collections in 0.000002 seconds (updated 0 objects)
[2021.03.13-05.23.46:853][ 96]LogSlate: Took 0.001374 seconds to synchronously load lazily loaded font '../../../Engine/Content/Slate/Fonts/Roboto-Light.ttf' (167K)
[2021.03.13-05.23.50:950][221]LogSlate: Took 0.000245 seconds to synchronously load lazily loaded font '../../../Engine/Content/Slate/Fonts/Roboto-Light.ttf' (167K)
[2021.03.13-05.23.50:973][221]LogScript: Warning: CharacterRef 프로퍼티를 읽으려던 중 None 에 접근했습니다.
	MyCharacterAnim_BP_C /Engine/Transient.World_0:PersistentLevel.SkeletalMeshActor_0.SkeletalMeshComponent0.MyCharacterAnim_BP_C_0
	Function /Game/MyContents/Character/Animations/MyCharacterAnim_BP.MyCharacterAnim_BP_C:ExecuteUbergraph_MyCharacterAnim_BP:001F
[2021.03.13-05.23.52:998][420]LogAssetEditorSubsystem: Opening Asset editor for Blueprint /Game/MyContents/SkillSystem/Components/BPC_SkillTree.BPC_SkillTree
[2021.03.13-05.23.53:221][420]LogContentBrowser: Native class hierarchy updated for 'BlueprintGraph' in 0.0008 seconds. Added 125 classes and 0 folders.
[2021.03.13-05.23.54:012][420]LogAssetEditorSubsystem: Opening Asset editor for Blueprint /Game/MyContents/Character/BP_PlayerBase.BP_PlayerBase
[2021.03.13-05.23.54:414][420]LogAssetEditorSubsystem: Opening Asset editor for Blueprint /Game/MyContents/SkillSystem/SkillActors/Master_Skill.Master_Skill
[2021.03.13-05.23.54:796][420]LogAssetEditorSubsystem: Opening Asset editor for WidgetBlueprint /Game/MyContents/SkillSystem/UI/W_SkillTreeEntry.W_SkillTreeEntry
[2021.03.13-05.23.55:146][420]LogAssetEditorSubsystem: Opening Asset editor for WidgetBlueprint /Game/MyContents/SkillSystem/UI/W_SubTree.W_SubTree
[2021.03.13-05.23.55:479][420]LogAssetEditorSubsystem: Opening Asset editor for WidgetBlueprint /Game/MyContents/SkillSystem/UI/W_TreeCategory.W_TreeCategory
[2021.03.13-05.23.55:845][420]LogAssetEditorSubsystem: Opening Asset editor for WidgetBlueprint /Game/MyContents/SkillSystem/UI/W_MainTree.W_MainTree
[2021.03.13-05.23.56:489][420]LogSlate: Took 0.000271 seconds to synchronously load lazily loaded font '../../../Engine/Content/Slate/Fonts/Roboto-BoldCondensed.ttf' (158K)
[2021.03.13-05.23.58:312][599]Candidate modules for hot reload:
[2021.03.13-05.23.58:312][599]  KJB_Portfolio
[2021.03.13-05.23.58:312][599]Launching UnrealBuildTool... [C:/Program Files/Epic Games/UE_4.25/Engine/Binaries/DotNET/UnrealBuildTool.exe  -ModuleWithSuffix=KJB_Portfolio,3069 KJB_PortfolioEditor Win64 Development -Project="C:/unrealP/KJB_Portfolio_UE4/KJB_Portfolio/KJB_Portfolio.uproject" "C:/unrealP/KJB_Portfolio_UE4/KJB_Portfolio/KJB_Portfolio.uproject"  -IgnoreJunk]
[2021.03.13-05.23.58:316][599]Warning: Starting HotReload took  0.0s.
[2021.03.13-05.24.02:377][981]CompilerResultsLog: New page: 컴파일 - 2021. 3. 13. 오후 11:24:02
[2021.03.13-05.24.02:378][981]CompilerResultsLog: Using 'git status' to determine working set for adaptive non-unity build (C:\unrealP\KJB_Portfolio_UE4).
[2021.03.13-05.24.02:378][981]CompilerResultsLog: Building KJB_PortfolioEditor...
[2021.03.13-05.24.02:378][981]CompilerResultsLog: Using Visual Studio 2017 14.16.27042 toolchain (C:\Program Files (x86)\Microsoft Visual Studio\2017\Community\VC\Tools\MSVC\14.16.27023) and Windows 10.0.17763.0 SDK (C:\Program Files (x86)\Windows Kits\10).
[2021.03.13-05.24.02:378][981]CompilerResultsLog: Building 3 actions with 12 processes...
[2021.03.13-05.24.02:378][981]CompilerResultsLog:   [1/3] UE4Editor-KJB_Portfolio-3069.lib
[2021.03.13-05.24.02:378][981]CompilerResultsLog:      C:\unrealP\KJB_Portfolio_UE4\KJB_Portfolio\Intermediate\Build\Win64\UE4Editor\Development\KJB_Portfolio\UE4Editor-KJB_Portfolio-3069.lib ???̺귯?? ?? C:\unrealP\KJB_Portfolio_UE4\KJB_Portfolio\Intermediate\Build\Win64\UE4Editor\Development\KJB_Portfolio\UE4Editor-KJB_Portfolio-3069.exp ??ü?? ?????ϰ? ?ֽ??ϴ?.
[2021.03.13-05.24.02:378][981]CompilerResultsLog:   [2/3] UE4Editor-KJB_Portfolio-3069.dll
[2021.03.13-05.24.02:378][981]CompilerResultsLog:      C:\unrealP\KJB_Portfolio_UE4\KJB_Portfolio\Intermediate\Build\Win64\UE4Editor\Development\KJB_Portfolio\UE4Editor-KJB_Portfolio-3069.suppressed.lib ???̺귯?? ?? C:\unrealP\KJB_Portfolio_UE4\KJB_Portfolio\Intermediate\Build\Win64\UE4Editor\Development\KJB_Portfolio\UE4Editor-KJB_Portfolio-3069.suppressed.exp ??ü?? ?????ϰ? ?ֽ??ϴ?.
[2021.03.13-05.24.02:378][981]CompilerResultsLog:   [3/3] KJB_PortfolioEditor.target
[2021.03.13-05.24.02:378][981]CompilerResultsLog: Total time in Parallel executor: 3.20 seconds
[2021.03.13-05.24.02:378][981]CompilerResultsLog: Total execution time: 3.94 seconds
[2021.03.13-05.24.02:378][981]LogMainFrame: MainFrame: Module compiling took 4.069 seconds
[2021.03.13-05.24.02:457][981]LogClass: EItemType HotReload.
[2021.03.13-05.24.02:457][981]LogClass: ECharacterState HotReload.
[2021.03.13-05.24.02:457][981]LogClass: PlayerStatData HotReload.
[2021.03.13-05.24.02:457][981]LogClass: MonsterStatData HotReload.
[2021.03.13-05.24.02:473][981]LogContentBrowser: Native class hierarchy updated for 'KJB_Portfolio' in 0.0005 seconds. Added 28 classes and 3 folders.
[2021.03.13-05.24.02:478][981]Display: HotReload successful (19 functions remapped  2 scriptstructs remapped)
[2021.03.13-05.24.02:582][981]LogContentBrowser: Native class hierarchy populated in 0.0089 seconds. Added 3455 classes and 824 folders.
[2021.03.13-05.24.02:590][981]Display: HotReload took  4.3s.
[2021.03.13-05.24.02:975][981]LogSlate: Took 0.000257 seconds to synchronously load lazily loaded font '../../../Engine/Content/Slate/Fonts/DroidSansMono.ttf' (77K)
[2021.03.13-05.24.02:995][981]LogSlate: Took 0.017783 seconds to synchronously load lazily loaded font '../../../Engine/Content/Editor/Slate/Fonts/NanumGothicExtraBold.ttf' (4074K)
[2021.03.13-05.24.02:997][981]LogSlate: Took 0.001285 seconds to synchronously load lazily loaded font '../../../Engine/Content/Slate/Fonts/DroidSansFallback.ttf' (3848K)
[2021.03.13-05.24.02:997][981]LogSlate: Last resort fallback font was requested. Font: '../../../Engine/Content/Slate/Fonts/DroidSansFallback.ttf', Character: 'ϰ (U+03f0)'
[2021.03.13-05.24.02:999][981]LogSlate: Took 0.001718 seconds to synchronously load lazily loaded font '../../../Engine/Content/SlateDebug/Fonts/LastResort.ttf' (5269K)
[2021.03.13-05.24.09:861][582]LogSlate: Took 0.000264 seconds to synchronously load lazily loaded font '../../../Engine/Content/Slate/Fonts/Roboto-Italic.ttf' (157K)
[2021.03.13-05.24.35:851][508]LogProperty: Warning: ObjectProperty /Script/Engine.MemberReference:MemberParent: unresolved reference to 'BlueprintGeneratedClass'"/Game/SkillSystem/Characters/SkillCharacter.SkillCharacter_C"',MemberName="CurrentLevel",MemberGuid=908E041F4805DBD157B0A0A53AE8244A)'
[2021.03.13-05.24.35:851][508]LogProperty: Warning: ObjectProperty /Script/Engine.MemberReference:MemberParent: unresolved reference to 'BlueprintGeneratedClass'"/Game/SkillSystem/Blueprints/SkillActors/Master_Skill.Master_Skill_C"',MemberName="NextStage",MemberGuid=0E1E0D2946B99FF76207D0B5BCF17A19)'
[2021.03.13-05.24.35:852][508]LogProperty: Warning: ObjectProperty /Script/BlueprintGraph.K2Node_StructOperation:StructType: unresolved reference to 'UserDefinedStruct'"/Game/SkillSystem/Blueprints/Structures/S_SkillStage.S_SkillStage"''
[2021.03.13-05.24.35:853][508]LogProperty: Warning: ObjectProperty /Script/Engine.MemberReference:MemberParent: unresolved reference to 'BlueprintGeneratedClass'"/Game/SkillSystem/Blueprints/SkillActors/Master_Skill.Master_Skill_C"',MemberName="CurrentStageIndex",MemberGuid=5FC06B56409E0052054E10B1C6CA749D)'
[2021.03.13-05.24.35:853][508]LogProperty: Warning: ObjectProperty /Script/Engine.MemberReference:MemberParent: unresolved reference to 'BlueprintGeneratedClass'"/Game/SkillSystem/Blueprints/SkillActors/Master_Skill.Master_Skill_C"',MemberName="SkillInfo",MemberGuid=D78A034D48C819E3D3BDC79EC46C5AE2)'
[2021.03.13-05.24.35:854][508]LogProperty: Warning: ObjectProperty /Script/BlueprintGraph.K2Node_StructOperation:StructType: unresolved reference to 'UserDefinedStruct'"/Game/SkillSystem/Blueprints/Structures/S_SkillInfo.S_SkillInfo"''
[2021.03.13-05.24.35:855][508]LogProperty: Warning: WeakObjectProperty /Script/Engine.EdGraphPinType:PinSubCategoryObject: unresolved reference to 'BlueprintGeneratedClass'"/Game/SkillSystem/Blueprints/SkillActors/Master_Skill.Master_Skill_C"',ContainerType=Array)'
[2021.03.13-05.27.46:537][292]Candidate modules for hot reload:
[2021.03.13-05.27.46:537][292]  KJB_Portfolio
[2021.03.13-05.27.46:537][292]Launching UnrealBuildTool... [C:/Program Files/Epic Games/UE_4.25/Engine/Binaries/DotNET/UnrealBuildTool.exe  -ModuleWithSuffix=KJB_Portfolio,2035 KJB_PortfolioEditor Win64 Development -Project="C:/unrealP/KJB_Portfolio_UE4/KJB_Portfolio/KJB_Portfolio.uproject" "C:/unrealP/KJB_Portfolio_UE4/KJB_Portfolio/KJB_Portfolio.uproject"  -IgnoreJunk]
[2021.03.13-05.27.46:541][292]Warning: Starting HotReload took  0.0s.
[2021.03.13-05.27.53:320][925]BlueprintLog: New page: BPC_SkillTree 컴파일
[2021.03.13-05.27.53:503][925]LogUObjectHash: Compacting FUObjectHashTables data took   5.07ms
[2021.03.13-05.27.54:371][949]LogSavePackage: Moving '../../../../../../unrealP/KJB_Portfolio_UE4/KJB_Portfolio/Saved/BPC_SkillTreeFAD7F49645744ACFF69A9EA48CDA2907.tmp' to '../../../../../../unrealP/KJB_Portfolio_UE4/KJB_Portfolio/Content/MyContents/SkillSystem/Components/BPC_SkillTree.uasset'
[2021.03.13-05.27.54:401][949]AssetCheck: New page: 애셋 저장: BPC_SkillTree
[2021.03.13-05.27.54:401][949]LogContentValidation: Display: Blueprint /Game/MyContents/SkillSystem/Components/BPC_SkillTree.BPC_SkillTree 유효성 검사
[2021.03.13-05.28.02:511][467]BlueprintLog: New page: BPC_SkillTree 컴파일
[2021.03.13-05.28.02:625][467]LogUObjectHash: Compacting FUObjectHashTables data took   5.48ms
[2021.03.13-05.28.03:223][478]LogSavePackage: Moving '../../../../../../unrealP/KJB_Portfolio_UE4/KJB_Portfolio/Saved/BPC_SkillTreeD059F8D54648AA6BF985F2A88509F265.tmp' to '../../../../../../unrealP/KJB_Portfolio_UE4/KJB_Portfolio/Content/MyContents/SkillSystem/Components/BPC_SkillTree.uasset'
[2021.03.13-05.28.03:310][478]AssetCheck: New page: 애셋 저장: BPC_SkillTree
[2021.03.13-05.28.03:310][478]LogContentValidation: Display: Blueprint /Game/MyContents/SkillSystem/Components/BPC_SkillTree.BPC_SkillTree 유효성 검사
[2021.03.13-05.28.06:977][710]CompilerResultsLog: New page: 컴파일 - 2021. 3. 13. 오후 11:28:06
[2021.03.13-05.28.06:977][710]CompilerResultsLog: Using 'git status' to determine working set for adaptive non-unity build (C:\unrealP\KJB_Portfolio_UE4).
[2021.03.13-05.28.06:977][710]CompilerResultsLog: Parsing headers for KJB_PortfolioEditor
[2021.03.13-05.28.06:977][710]CompilerResultsLog:   Running UnrealHeaderTool "C:\unrealP\KJB_Portfolio_UE4\KJB_Portfolio\KJB_Portfolio.uproject" "C:\unrealP\KJB_Portfolio_UE4\KJB_Portfolio\Intermediate\Build\Win64\KJB_PortfolioEditor\Development\KJB_PortfolioEditor.uhtmanifest" -LogCmds="loginit warning, logexit warning, logdatabase error" -Unattended -WarningsAsErrors -abslog="C:\Users\KJB\AppData\Local\UnrealBuildTool\Log_UHT.txt" -installed
[2021.03.13-05.28.06:977][710]CompilerResultsLog: Reflection code generated for KJB_PortfolioEditor in 5.7722037 seconds
[2021.03.13-05.28.06:977][710]CompilerResultsLog: Building KJB_PortfolioEditor...
[2021.03.13-05.28.06:977][710]CompilerResultsLog: Using Visual Studio 2017 14.16.27042 toolchain (C:\Program Files (x86)\Microsoft Visual Studio\2017\Community\VC\Tools\MSVC\14.16.27023) and Windows 10.0.17763.0 SDK (C:\Program Files (x86)\Windows Kits\10).
[2021.03.13-05.28.06:977][710]CompilerResultsLog: Building 11 actions with 12 processes...
[2021.03.13-05.28.06:977][710]CompilerResultsLog:   [1/11] KJB_Portfolio.init.gen.cpp
[2021.03.13-05.28.06:977][710]CompilerResultsLog:   [2/11] UsableItem.cpp
[2021.03.13-05.28.06:977][710]CompilerResultsLog:   [3/11] MyCharacterDataComponent.cpp
[2021.03.13-05.28.06:977][710]CompilerResultsLog:   [4/11] MyCharacterDataComponent.gen.cpp
[2021.03.13-05.28.06:977][710]CompilerResultsLog:   [5/11] PlayerWidget.cpp
[2021.03.13-05.28.06:977][710]CompilerResultsLog:   [6/11] MyPlayerController.cpp
[2021.03.13-05.28.06:977][710]CompilerResultsLog:   [7/11] CharacterWidget.cpp
[2021.03.13-05.28.06:977][710]CompilerResultsLog:   [8/11] MyCharacter.cpp
[2021.03.13-05.28.06:977][710]CompilerResultsLog:   [9/11] UE4Editor-KJB_Portfolio-2035.lib
[2021.03.13-05.28.06:977][710]CompilerResultsLog:      C:\unrealP\KJB_Portfolio_UE4\KJB_Portfolio\Intermediate\Build\Win64\UE4Editor\Development\KJB_Portfolio\UE4Editor-KJB_Portfolio-2035.lib ???̺귯?? ?? C:\unrealP\KJB_Portfolio_UE4\KJB_Portfolio\Intermediate\Build\Win64\UE4Editor\Development\KJB_Portfolio\UE4Editor-KJB_Portfolio-2035.exp ??ü?? ?????ϰ? ?ֽ??ϴ?.
[2021.03.13-05.28.06:977][710]CompilerResultsLog:   [10/11] UE4Editor-KJB_Portfolio-2035.dll
[2021.03.13-05.28.06:977][710]CompilerResultsLog:      C:\unrealP\KJB_Portfolio_UE4\KJB_Portfolio\Intermediate\Build\Win64\UE4Editor\Development\KJB_Portfolio\UE4Editor-KJB_Portfolio-2035.suppressed.lib ???̺귯?? ?? C:\unrealP\KJB_Portfolio_UE4\KJB_Portfolio\Intermediate\Build\Win64\UE4Editor\Development\KJB_Portfolio\UE4Editor-KJB_Portfolio-2035.suppressed.exp ??ü?? ?????ϰ? ?ֽ??ϴ?.
[2021.03.13-05.28.06:977][710]CompilerResultsLog:   [11/11] KJB_PortfolioEditor.target
[2021.03.13-05.28.06:977][710]CompilerResultsLog: Total time in Parallel executor: 13.50 seconds
[2021.03.13-05.28.06:977][710]CompilerResultsLog: Total execution time: 20.10 seconds
[2021.03.13-05.28.06:977][710]LogMainFrame: MainFrame: Module compiling took 20.444 seconds
[2021.03.13-05.28.07:044][710]LogClass: Could not find existing class MyCharacterDataComponent in package /Script/KJB_Portfolio for HotReload, assuming new class
[2021.03.13-05.28.07:044][710]LogClass: Function GetCurrentCharacterLevel is new.
[2021.03.13-05.28.07:044][710]LogClass: Function ModifyMP is new.
[2021.03.13-05.28.07:044][710]LogClass: Function UseMP is new.
[2021.03.13-05.28.07:066][710]LogClass: EItemType HotReload.
[2021.03.13-05.28.07:067][710]LogClass: ECharacterState HotReload.
[2021.03.13-05.28.07:067][710]LogClass: PlayerStatData HotReload.
[2021.03.13-05.28.07:067][710]LogClass: MonsterStatData HotReload.
[2021.03.13-05.28.07:082][710]LogHotReload: Re-instancing MyCharacter after hot-reload.
[2021.03.13-05.28.07:139][710]LogProperty: Warning: Serialized Class /Script/KJB_Portfolio.MyCharacterDataComponent for a property of Class /Engine/Transient.HOTRELOADED_MyCharacterDataComponent_0. Reference will be nullptred.
    Property = ObjectProperty /Script/KJB_Portfolio.MyCharacter:CharacterStat
    Item = MyCharacterDataComponent /Game/MyContents/Character/BP_PlayerBase.Default__BP_PlayerBase_C:CHARACTERSTAT
[2021.03.13-05.28.07:163][710]LogProperty: Warning: Serialized Class /Script/KJB_Portfolio.MyCharacterDataComponent for a property of Class /Engine/Transient.HOTRELOADED_MyCharacterDataComponent_0. Reference will be nullptred.
    Property = ObjectProperty /Script/KJB_Portfolio.MyCharacter:CharacterStat
    Item = MyCharacterDataComponent /Game/MyContents/Character/BP_PlayerBase.Default__SKEL_BP_PlayerBase_C:CHARACTERSTAT
[2021.03.13-05.28.07:172][710]LogProperty: Warning: Serialized Class /Script/KJB_Portfolio.MyCharacterDataComponent for a property of Class /Engine/Transient.HOTRELOADED_MyCharacterDataComponent_0. Reference will be nullptred.
    Property = ObjectProperty /Script/KJB_Portfolio.MyCharacter:CharacterStat
    Item = MyCharacterDataComponent /Engine/Transient.World_4:PersistentLevel.BP_PlayerBase_C_0.CHARACTERSTAT
[2021.03.13-05.28.07:273][710]LogHotReload: Re-instancing MyCharacterDataComponent after hot-reload.
[2021.03.13-05.28.07:308][710]LogContentBrowser: Native class hierarchy updated for 'KJB_Portfolio' in 0.0005 seconds. Added 28 classes and 3 folders.
[2021.03.13-05.28.07:312][710]Display: HotReload successful (16 functions remapped  2 scriptstructs remapped)
[2021.03.13-05.28.10:094][710]LogThreadingWindows: Error: Runnable thread PoolThread 36 crashed.
[2021.03.13-05.28.10:094][710]LogThreadingWindows: Error: Runnable thread PoolThread 40 crashed.
[2021.03.13-05.28.10:095][710]LogThreadingWindows: Error: Runnable thread PoolThread 34 crashed.
[2021.03.13-05.28.10:095][710]LogThreadingWindows: Error: Runnable thread PoolThread 33 crashed.
[2021.03.13-05.28.10:095][710]LogThreadingWindows: Error: Runnable thread PoolThread 39 crashed.
[2021.03.13-05.28.10:095][710]LogThreadingWindows: Error: Runnable thread PoolThread 41 crashed.
[2021.03.13-05.28.10:095][710]LogThreadingWindows: Error: Runnable thread PoolThread 32 crashed.
[2021.03.13-05.28.10:095][710]LogWindows: Error: HandleError re-entered.
[2021.03.13-05.28.10:095][710]LogWindows: FPlatformMisc::RequestExit(1)
[2021.03.13-05.28.10:095][710]LogCore: Engine exit requested (reason: Win RequestExit)
[2021.03.13-05.28.10:095][710]LogWindows: Error: HandleError re-entered.
[2021.03.13-05.28.10:095][710]LogWindows: Error: HandleError re-entered.
[2021.03.13-05.28.10:095][710]LogWindows: Error: HandleError re-entered.
[2021.03.13-05.28.10:095][710]LogWindows: FPlatformMisc::RequestExit(1)
[2021.03.13-05.28.10:095][710]LogWindows: FPlatformMisc::RequestExit(1)
[2021.03.13-05.28.10:095][710]LogWindows: FPlatformMisc::RequestExit(1)
[2021.03.13-05.28.10:095][710]LogCore: Engine exit requested (reason: Win RequestExit; note: exit was already requested)
[2021.03.13-05.28.10:095][710]LogWindows: Error: HandleError re-entered.
[2021.03.13-05.28.10:095][710]LogWindows: Error: HandleError re-entered.
[2021.03.13-05.28.10:095][710]LogCore: Engine exit requested (reason: Win RequestExit; note: exit was already requested)
[2021.03.13-05.28.10:095][710]LogCore: Engine exit requested (reason: Win RequestExit; note: exit was already requested)
[2021.03.13-05.28.10:095][710]LogWindows: FPlatformMisc::RequestExit(1)
[2021.03.13-05.28.10:095][710]LogWindows: FPlatformMisc::RequestExit(1)
[2021.03.13-05.28.10:095][710]LogCore: Engine exit requested (reason: Win RequestExit; note: exit was already requested)
[2021.03.13-05.28.10:095][710]LogCore: Engine exit requested (reason: Win RequestExit; note: exit was already requested)
[2021.03.13-05.28.10:095][710]LogWindows: Error: === Critical error: ===
[2021.03.13-05.28.10:095][710]LogWindows: Error: 
[2021.03.13-05.28.10:095][710]LogWindows: Error: Unhandled Exception: EXCEPTION_ACCESS_VIOLATION reading address 0x00000019
[2021.03.13-05.28.10:095][710]LogWindows: Error: 
[2021.03.13-05.28.10:095][710]LogWindows: Error: [Callstack] 0x00007fff956f0de8 UE4Editor-CoreUObject.dll!UnknownFunction []
[2021.03.13-05.28.10:095][710]LogWindows: Error: [Callstack] 0x00007fff957e5a85 UE4Editor-CoreUObject.dll!UnknownFunction []
[2021.03.13-05.28.10:095][710]LogWindows: Error: [Callstack] 0x00007fff957e6052 UE4Editor-CoreUObject.dll!UnknownFunction []
[2021.03.13-05.28.10:095][710]LogWindows: Error: [Callstack] 0x00007fff957e5dc2 UE4Editor-CoreUObject.dll!UnknownFunction []
[2021.03.13-05.28.10:095][710]LogWindows: Error: [Callstack] 0x00007fff957e557b UE4Editor-CoreUObject.dll!UnknownFunction []
[2021.03.13-05.28.10:095][710]LogWindows: Error: [Callstack] 0x00007fff957e557b UE4Editor-CoreUObject.dll!UnknownFunction []
[2021.03.13-05.28.10:095][710]LogWindows: Error: [Callstack] 0x00007fff957e486a UE4Editor-CoreUObject.dll!UnknownFunction []
[2021.03.13-05.28.10:095][710]LogWindows: Error: [Callstack] 0x00007fff957e3cfe UE4Editor-CoreUObject.dll!UnknownFunction []
[2021.03.13-05.28.10:095][710]LogWindows: Error: [Callstack] 0x00007fff5e0fc39c UE4Editor-HotReload.dll!UnknownFunction []
[2021.03.13-05.28.10:095][710]LogWindows: Error: [Callstack] 0x00007fff5e0fc13e UE4Editor-HotReload.dll!UnknownFunction []
[2021.03.13-05.28.10:095][710]LogWindows: Error: [Callstack] 0x00007fff8ab5630d UE4Editor-Core.dll!UnknownFunction []
[2021.03.13-05.28.10:095][710]LogWindows: Error: [Callstack] 0x00007fff8af204db UE4Editor-Core.dll!UnknownFunction []
[2021.03.13-05.28.10:095][710]LogWindows: Error: [Callstack] 0x00007fff8af17eb0 UE4Editor-Core.dll!UnknownFunction []
[2021.03.13-05.28.10:095][710]LogWindows: Error: [Callstack] 0x00007fffdeb47034 KERNEL32.DLL!UnknownFunction []
[2021.03.13-05.28.10:095][710]LogWindows: Error: [Callstack] 0x00007fffdf59d241 ntdll.dll!UnknownFunction []
[2021.03.13-05.28.10:095][710]LogWindows: Error: 
[2021.03.13-05.28.10:095][710]LogWindows: Error: Crash in runnable thread 
[2021.03.13-05.28.10:095][710]LogWindows: Error: Crash in runnable thread 
[2021.03.13-05.28.10:095][710]LogWindows: Error: Crash in runnable thread 
[2021.03.13-05.28.10:095][710]LogWindows: Error: Crash in runnable thread PoolThread 40PoolThread 34
[2021.03.13-05.28.10:095][710]LogWindows: Error: Crash in runnable thread PoolThread 36ead 39PoolThread 33PooolThread 32
[2021.03.13-05.28.10:114][710]Log file closed, 03/13/21 14:28:10
