Log file open, 02/04/21 10:33:26
LogInit: Display: Running engine for game: KJB_Portfolio
LogPlatformFile: Not using cached read wrapper
LogTaskGraph: Started task graph with 5 named threads and 35 total threads with 3 sets of task threads.
LogStats: Stats thread started at 0.201484
LogD3D11RHI: Loaded GFSDK_Aftermath_Lib.x64.dll
LogICUInternationalization: ICU TimeZone Detection - Raw Offset: +9:00, Platform Override: ''
LogPluginManager: Mounting plugin Paper2D
LogPluginManager: Mounting plugin AISupport
LogPluginManager: Mounting plugin LightPropagationVolume
LogPluginManager: Mounting plugin CameraShakePreviewer
LogPluginManager: Mounting plugin ActorLayerUtilities
LogPluginManager: Mounting plugin AnimationSharing
LogPluginManager: Mounting plugin CLionSourceCodeAccess
LogPluginManager: Mounting plugin CodeLiteSourceCodeAccess
LogPluginManager: Mounting plugin GitSourceControl
LogPluginManager: Mounting plugin KDevelopSourceCodeAccess
LogPluginManager: Mounting plugin NullSourceCodeAccess
LogPluginManager: Mounting plugin PerforceSourceControl
LogPluginManager: Mounting plugin PlasticSourceControl
LogPluginManager: Mounting plugin RiderSourceCodeAccess
LogPluginManager: Mounting plugin SubversionSourceControl
LogPluginManager: Mounting plugin UObjectPlugin
LogPluginManager: Mounting plugin VisualStudioCodeSourceCodeAccess
LogPluginManager: Mounting plugin VisualStudioSourceCodeAccess
LogPluginManager: Mounting plugin XCodeSourceCodeAccess
LogPluginManager: Mounting plugin AssetManagerEditor
LogPluginManager: Mounting plugin CryptoKeys
LogPluginManager: Mounting plugin CurveEditorTools
LogPluginManager: Mounting plugin DataValidation
LogPluginManager: Mounting plugin EditorScriptingUtilities
LogPluginManager: Mounting plugin FacialAnimation
LogPluginManager: Mounting plugin GameplayTagsEditor
LogPluginManager: Mounting plugin GeometryMode
LogPluginManager: Mounting plugin MacGraphicsSwitching
LogPluginManager: Mounting plugin MaterialAnalyzer
LogPluginManager: Mounting plugin MobileLauncherProfileWizard
LogPluginManager: Mounting plugin PluginBrowser
LogPluginManager: Mounting plugin SpeedTreeImporter
LogPluginManager: Mounting plugin DatasmithContent
LogPluginManager: Mounting plugin VariantManagerContent
LogPluginManager: Mounting plugin AlembicImporter
LogPluginManager: Mounting plugin AutomationUtils
LogPluginManager: Mounting plugin BackChannel
LogPluginManager: Mounting plugin ChaosCloth
LogPluginManager: Mounting plugin ChaosClothEditor
LogPluginManager: Mounting plugin ChaosEditor
LogPluginManager: Mounting plugin ChaosNiagara
LogPluginManager: Mounting plugin ChaosSolverPlugin
LogPluginManager: Mounting plugin CharacterAI
LogPluginManager: Mounting plugin GeometryCache
LogPluginManager: Mounting plugin GeometryCollectionPlugin
LogPluginManager: Mounting plugin GeometryProcessing
LogPluginManager: Mounting plugin PlanarCut
LogPluginManager: Mounting plugin PlatformCrypto
LogPluginManager: Mounting plugin ProxyLODPlugin
LogPluginManager: Mounting plugin SkeletalReduction
LogPluginManager: Mounting plugin Niagara
LogPluginManager: Mounting plugin MagicLeap
LogPluginManager: Mounting plugin MagicLeapLightEstimation
LogPluginManager: Mounting plugin MagicLeapMedia
LogPluginManager: Mounting plugin MagicLeapPassableWorld
LogPluginManager: Mounting plugin MLSDK
LogPluginManager: Mounting plugin AndroidMedia
LogPluginManager: Mounting plugin AvfMedia
LogPluginManager: Mounting plugin ImgMedia
LogPluginManager: Mounting plugin MediaCompositing
LogPluginManager: Mounting plugin MediaPlayerEditor
LogPluginManager: Mounting plugin WebMMedia
LogPluginManager: Mounting plugin WmfMedia
LogPluginManager: Mounting plugin MeshPainting
LogPluginManager: Mounting plugin TcpMessaging
LogPluginManager: Mounting plugin UdpMessaging
LogPluginManager: Mounting plugin ActorSequence
LogPluginManager: Mounting plugin LevelSequenceEditor
LogPluginManager: Mounting plugin MatineeToLevelSequence
LogPluginManager: Mounting plugin MovieRenderPipeline
LogPluginManager: Mounting plugin TemplateSequence
LogPluginManager: Mounting plugin NetcodeUnitTest
LogPluginManager: Mounting plugin NUTUnrealEngine4
LogPluginManager: Mounting plugin OnlineSubsystemGooglePlay
LogPluginManager: Mounting plugin OnlineSubsystemIOS
LogPluginManager: Mounting plugin OnlineSubsystem
LogPluginManager: Mounting plugin OnlineSubsystemNull
LogPluginManager: Mounting plugin OnlineSubsystemUtils
LogPluginManager: Mounting plugin LauncherChunkInstaller
LogPluginManager: Mounting plugin AndroidDeviceProfileSelector
LogPluginManager: Mounting plugin AndroidMoviePlayer
LogPluginManager: Mounting plugin AndroidPermission
LogPluginManager: Mounting plugin AppleImageUtils
LogPluginManager: Mounting plugin AppleMoviePlayer
LogPluginManager: Mounting plugin ArchVisCharacter
LogPluginManager: Mounting plugin AssetTags
LogPluginManager: Mounting plugin AudioCapture
LogPluginManager: Mounting plugin CableComponent
LogPluginManager: Mounting plugin CustomMeshComponent
LogPluginManager: Mounting plugin EditableMesh
LogPluginManager: Mounting plugin ExampleDeviceProfileSelector
LogPluginManager: Mounting plugin GoogleCloudMessaging
LogPluginManager: Mounting plugin GooglePAD
LogPluginManager: Mounting plugin IOSDeviceProfileSelector
LogPluginManager: Mounting plugin LinuxDeviceProfileSelector
LogPluginManager: Mounting plugin LocationServicesBPLibrary
LogPluginManager: Mounting plugin MobilePatchingUtils
LogPluginManager: Mounting plugin OculusVR
LogPluginManager: Mounting plugin PhysXVehicles
LogPluginManager: Mounting plugin PostSplashScreen
LogPluginManager: Mounting plugin ProceduralMeshComponent
LogPluginManager: Mounting plugin RuntimePhysXCooking
LogPluginManager: Mounting plugin SignificanceManager
LogPluginManager: Mounting plugin SoundFields
LogPluginManager: Mounting plugin SteamVR
LogPluginManager: Mounting plugin Synthesis
LogPluginManager: Mounting plugin WebMMoviePlayer
LogPluginManager: Mounting plugin WindowsMoviePlayer
LogPluginManager: Mounting plugin ScreenshotTools
LogInit: Using libcurl 7.55.1-DEV
LogInit:  - built for x86_64-pc-win32
LogInit:  - supports SSL with OpenSSL/1.1.1
LogInit:  - supports HTTP deflate (compression) using libz 1.2.8
LogInit:  - other features:
LogInit:      CURL_VERSION_SSL
LogInit:      CURL_VERSION_LIBZ
LogInit:      CURL_VERSION_IPV6
LogInit:      CURL_VERSION_ASYNCHDNS
LogInit:      CURL_VERSION_LARGEFILE
LogInit:      CURL_VERSION_IDN
LogInit:  CurlRequestOptions (configurable via config and command line):
LogInit:  - bVerifyPeer = true  - Libcurl will verify peer certificate
LogInit:  - bUseHttpProxy = false  - Libcurl will NOT use HTTP proxy
LogInit:  - bDontReuseConnections = false  - Libcurl will reuse connections
LogInit:  - MaxHostConnections = 16  - Libcurl will limit the number of connections to a host
LogInit:  - LocalHostAddr = Default
LogInit:  - BufferSize = 65536
LogOnline: OSS: Creating online subsystem instance for: NULL
LogInit: WinSock: version 1.1 (2.2), MaxSocks=32767, MaxUdp=65467
LogOnline: OSS: TryLoadSubsystemAndSetDefault: Loaded subsystem for module [NULL]
LogInit: Build: ++UE4+Release-4.25-CL-14469661
LogInit: Engine Version: 4.25.4-14469661+++UE4+Release-4.25
LogInit: Compatible Engine Version: 4.25.0-13144385+++UE4+Release-4.25
LogInit: Net CL: 13144385
LogInit: OS: Windows 10 (Release 2004) (), CPU: AMD Ryzen 5 3600 6-Core Processor              , GPU: NVIDIA GeForce GTX 1660 SUPER
LogInit: Compiled (64-bit): Oct 11 2020 08:10:49
LogInit: Compiled with Visual C++: 19.24.28315.00
LogInit: Build Configuration: Development
LogInit: Branch Name: ++UE4+Release-4.25
LogInit: Command Line:  -EpicPortal -epicusername=cheonjin13 -epicuserid=9ce07566b3e8499d8258e7641dbf49df -epiclocale=ko
LogInit: Base Directory: C:/Program Files/Epic Games/UE_4.25/Engine/Binaries/Win64/
LogInit: Allocator: TBB
LogInit: Installed Engine Build: 1
LogDevObjectVersion: Number of dev versions registered: 26
LogDevObjectVersion:   Dev-Blueprints (B0D832E4-1F89-4F0D-ACCF-7EB736FD4AA2): 10
LogDevObjectVersion:   Dev-Build (E1C64328-A22C-4D53-A36C-8E866417BD8C): 0
LogDevObjectVersion:   Dev-Core (375EC13C-06E4-48FB-B500-84F0262A717E): 4
LogDevObjectVersion:   Dev-Editor (E4B068ED-F494-42E9-A231-DA0B2E46BB41): 38
LogDevObjectVersion:   Dev-Framework (CFFC743F-43B0-4480-9391-14DF171D2073): 37
LogDevObjectVersion:   Dev-Mobile (B02B49B5-BB20-44E9-A304-32B752E40360): 2
LogDevObjectVersion:   Dev-Networking (A4E4105C-59A1-49B5-A7C5-40C4547EDFEE): 0
LogDevObjectVersion:   Dev-Online (39C831C9-5AE6-47DC-9A44-9C173E1C8E7C): 0
LogDevObjectVersion:   Dev-Physics (78F01B33-EBEA-4F98-B9B4-84EACCB95AA2): 4
LogDevObjectVersion:   Dev-Platform (6631380F-2D4D-43E0-8009-CF276956A95A): 0
LogDevObjectVersion:   Dev-Rendering (12F88B9F-8875-4AFC-A67C-D90C383ABD29): 43
LogDevObjectVersion:   Dev-Sequencer (7B5AE74C-D270-4C10-A958-57980B212A5A): 12
LogDevObjectVersion:   Dev-VR (D7296918-1DD6-4BDD-9DE2-64A83CC13884): 3
LogDevObjectVersion:   Dev-LoadTimes (C2A15278-BFE7-4AFE-6C17-90FF531DF755): 1
LogDevObjectVersion:   Private-Geometry (6EACA3D4-40EC-4CC1-B786-8BED09428FC5): 3
LogDevObjectVersion:   Dev-AnimPhys (29E575DD-E0A3-4627-9D10-D276232CDCEA): 17
LogDevObjectVersion:   Dev-Anim (AF43A65D-7FD3-4947-9873-3E8ED9C1BB05): 7
LogDevObjectVersion:   Dev-ReflectionCapture (6B266CEC-1EC7-4B8F-A30B-E4D90942FC07): 1
LogDevObjectVersion:   Dev-Automation (0DF73D61-A23F-47EA-B727-89E90C41499A): 1
LogDevObjectVersion:   FortniteMain (601D1886-AC64-4F84-AA16-D3DE0DEAC7D6): 31
LogDevObjectVersion:   Dev-Enterprise (9DFFBCD6-494F-0158-E221-12823C92A888): 10
LogDevObjectVersion:   Dev-Niagara (F2AED0AC-9AFE-416F-8664-AA7FFA26D6FC): 1
LogDevObjectVersion:   Dev-Destruction (174F1F0B-B4C6-45A5-B13F-2EE8D0FB917D): 10
LogDevObjectVersion:   Dev-Physics-Ext (35F94A83-E258-406C-A318-09F59610247C): 37
LogDevObjectVersion:   Dev-PhysicsMaterial-Chaos (B68FC16E-8B1B-42E2-B453-215C058844FE): 1
LogDevObjectVersion:   Dev-CineCamera (B2E18506-4273-CFC2-A54E-F4BB758BBA07): 1
LogInit: Presizing for max 25165824 objects, including 0 objects not considered by GC, pre-allocating 0 bytes for permanent pool.
LogConfig: Applying CVar settings from Section [/Script/Engine.StreamingSettings] File [C:/unrealP/KJB_Portfolio_UE4/KJB_Portfolio/Saved/Config/Windows/Engine.ini]
LogConfig: Setting CVar [[s.MinBulkDataSizeForAsyncLoading:131072]]
LogConfig: Setting CVar [[s.AsyncLoadingThreadEnabled:0]]
LogConfig: Setting CVar [[s.EventDrivenLoaderEnabled:1]]
LogConfig: Setting CVar [[s.WarnIfTimeLimitExceeded:0]]
LogConfig: Setting CVar [[s.TimeLimitExceededMultiplier:1.5]]
LogConfig: Setting CVar [[s.TimeLimitExceededMinTime:0.005]]
LogConfig: Setting CVar [[s.UseBackgroundLevelStreaming:1]]
LogConfig: Setting CVar [[s.PriorityAsyncLoadingExtraTime:15.0]]
LogConfig: Setting CVar [[s.LevelStreamingActorsUpdateTimeLimit:5.0]]
LogConfig: Setting CVar [[s.PriorityLevelStreamingActorsUpdateExtraTime:5.0]]
LogConfig: Setting CVar [[s.LevelStreamingComponentsRegistrationGranularity:10]]
LogConfig: Setting CVar [[s.UnregisterComponentsTimeLimit:1.0]]
LogConfig: Setting CVar [[s.LevelStreamingComponentsUnregistrationGranularity:5]]
LogConfig: Setting CVar [[s.FlushStreamingOnExit:1]]
LogInit: Object subsystem initialized
LogConfig: Setting CVar [[con.DebugEarlyDefault:1]]
LogConfig: Setting CVar [[r.setres:1280x720]]
[2021.02.04-01.33.26:631][  0]LogConfig: Setting CVar [[r.VSync:0]]
[2021.02.04-01.33.26:631][  0]LogConfig: Setting CVar [[r.RHICmdBypass:0]]
[2021.02.04-01.33.26:631][  0]LogConfig: Applying CVar settings from Section [/Script/Engine.RendererSettings] File [C:/unrealP/KJB_Portfolio_UE4/KJB_Portfolio/Saved/Config/Windows/Engine.ini]
[2021.02.04-01.33.26:631][  0]LogConfig: Setting CVar [[r.GPUCrashDebugging:0]]
[2021.02.04-01.33.26:631][  0]LogConfig: Applying CVar settings from Section [/Script/Engine.RendererOverrideSettings] File [C:/unrealP/KJB_Portfolio_UE4/KJB_Portfolio/Saved/Config/Windows/Engine.ini]
[2021.02.04-01.33.26:631][  0]LogConfig: Applying CVar settings from Section [/Script/Engine.StreamingSettings] File [C:/unrealP/KJB_Portfolio_UE4/KJB_Portfolio/Saved/Config/Windows/Engine.ini]
[2021.02.04-01.33.26:631][  0]LogConfig: Setting CVar [[s.MinBulkDataSizeForAsyncLoading:131072]]
[2021.02.04-01.33.26:631][  0]LogConfig: Setting CVar [[s.AsyncLoadingThreadEnabled:0]]
[2021.02.04-01.33.26:631][  0]LogConfig: Setting CVar [[s.EventDrivenLoaderEnabled:1]]
[2021.02.04-01.33.26:631][  0]LogConfig: Setting CVar [[s.WarnIfTimeLimitExceeded:0]]
[2021.02.04-01.33.26:631][  0]LogConfig: Setting CVar [[s.TimeLimitExceededMultiplier:1.5]]
[2021.02.04-01.33.26:631][  0]LogConfig: Setting CVar [[s.TimeLimitExceededMinTime:0.005]]
[2021.02.04-01.33.26:631][  0]LogConfig: Setting CVar [[s.UseBackgroundLevelStreaming:1]]
[2021.02.04-01.33.26:631][  0]LogConfig: Setting CVar [[s.PriorityAsyncLoadingExtraTime:15.0]]
[2021.02.04-01.33.26:631][  0]LogConfig: Setting CVar [[s.LevelStreamingActorsUpdateTimeLimit:5.0]]
[2021.02.04-01.33.26:631][  0]LogConfig: Setting CVar [[s.PriorityLevelStreamingActorsUpdateExtraTime:5.0]]
[2021.02.04-01.33.26:631][  0]LogConfig: Setting CVar [[s.LevelStreamingComponentsRegistrationGranularity:10]]
[2021.02.04-01.33.26:631][  0]LogConfig: Setting CVar [[s.UnregisterComponentsTimeLimit:1.0]]
[2021.02.04-01.33.26:631][  0]LogConfig: Setting CVar [[s.LevelStreamingComponentsUnregistrationGranularity:5]]
[2021.02.04-01.33.26:632][  0]LogConfig: Setting CVar [[s.FlushStreamingOnExit:1]]
[2021.02.04-01.33.26:632][  0]LogConfig: Applying CVar settings from Section [/Script/Engine.GarbageCollectionSettings] File [C:/unrealP/KJB_Portfolio_UE4/KJB_Portfolio/Saved/Config/Windows/Engine.ini]
[2021.02.04-01.33.26:632][  0]LogConfig: Setting CVar [[gc.MaxObjectsNotConsideredByGC:1]]
[2021.02.04-01.33.26:632][  0]LogConfig: Setting CVar [[gc.SizeOfPermanentObjectPool:0]]
[2021.02.04-01.33.26:632][  0]LogConfig: Setting CVar [[gc.FlushStreamingOnGC:0]]
[2021.02.04-01.33.26:632][  0]LogConfig: Setting CVar [[gc.NumRetriesBeforeForcingGC:10]]
[2021.02.04-01.33.26:632][  0]LogConfig: Setting CVar [[gc.AllowParallelGC:1]]
[2021.02.04-01.33.26:632][  0]LogConfig: Setting CVar [[gc.TimeBetweenPurgingPendingKillObjects:61.1]]
[2021.02.04-01.33.26:632][  0]LogConfig: Setting CVar [[gc.MaxObjectsInEditor:25165824]]
[2021.02.04-01.33.26:632][  0]LogConfig: Setting CVar [[gc.IncrementalBeginDestroyEnabled:1]]
[2021.02.04-01.33.26:632][  0]LogConfig: Setting CVar [[gc.CreateGCClusters:1]]
[2021.02.04-01.33.26:632][  0]LogConfig: Setting CVar [[gc.MinGCClusterSize:5]]
[2021.02.04-01.33.26:632][  0]LogConfig: Setting CVar [[gc.ActorClusteringEnabled:0]]
[2021.02.04-01.33.26:632][  0]LogConfig: Setting CVar [[gc.BlueprintClusteringEnabled:0]]
[2021.02.04-01.33.26:632][  0]LogConfig: Setting CVar [[gc.UseDisregardForGCOnDedicatedServers:0]]
[2021.02.04-01.33.26:632][  0]LogConfig: Applying CVar settings from Section [/Script/Engine.NetworkSettings] File [C:/unrealP/KJB_Portfolio_UE4/KJB_Portfolio/Saved/Config/Windows/Engine.ini]
[2021.02.04-01.33.26:632][  0]LogConfig: Applying CVar settings from Section [/Script/UnrealEd.CookerSettings] File [C:/unrealP/KJB_Portfolio_UE4/KJB_Portfolio/Saved/Config/Windows/Engine.ini]
[2021.02.04-01.33.26:635][  0]LogConfig: Applying CVar settings from Section [ViewDistanceQuality@3] File [C:/unrealP/KJB_Portfolio_UE4/KJB_Portfolio/Saved/Config/Windows/Scalability.ini]
[2021.02.04-01.33.26:635][  0]LogConfig: Setting CVar [[r.SkeletalMeshLODBias:0]]
[2021.02.04-01.33.26:635][  0]LogConfig: Setting CVar [[r.ViewDistanceScale:1.0]]
[2021.02.04-01.33.26:635][  0]LogConfig: Applying CVar settings from Section [AntiAliasingQuality@3] File [C:/unrealP/KJB_Portfolio_UE4/KJB_Portfolio/Saved/Config/Windows/Scalability.ini]
[2021.02.04-01.33.26:635][  0]LogConfig: Setting CVar [[r.PostProcessAAQuality:4]]
[2021.02.04-01.33.26:635][  0]LogConfig: Applying CVar settings from Section [ShadowQuality@3] File [C:/unrealP/KJB_Portfolio_UE4/KJB_Portfolio/Saved/Config/Windows/Scalability.ini]
[2021.02.04-01.33.26:635][  0]LogConfig: Setting CVar [[r.LightFunctionQuality:1]]
[2021.02.04-01.33.26:635][  0]LogConfig: Setting CVar [[r.ShadowQuality:5]]
[2021.02.04-01.33.26:635][  0]LogConfig: Setting CVar [[r.Shadow.CSM.MaxCascades:10]]
[2021.02.04-01.33.26:635][  0]LogConfig: Setting CVar [[r.Shadow.MaxResolution:2048]]
[2021.02.04-01.33.26:635][  0]LogConfig: Setting CVar [[r.Shadow.MaxCSMResolution:2048]]
[2021.02.04-01.33.26:635][  0]LogConfig: Setting CVar [[r.Shadow.RadiusThreshold:0.01]]
[2021.02.04-01.33.26:635][  0]LogConfig: Setting CVar [[r.Shadow.DistanceScale:1.0]]
[2021.02.04-01.33.26:635][  0]LogConfig: Setting CVar [[r.Shadow.CSM.TransitionScale:1.0]]
[2021.02.04-01.33.26:635][  0]LogConfig: Setting CVar [[r.Shadow.PreShadowResolutionFactor:1.0]]
[2021.02.04-01.33.26:635][  0]LogConfig: Setting CVar [[r.DistanceFieldShadowing:1]]
[2021.02.04-01.33.26:635][  0]LogConfig: Setting CVar [[r.DistanceFieldAO:1]]
[2021.02.04-01.33.26:635][  0]LogConfig: Setting CVar [[r.AOQuality:2]]
[2021.02.04-01.33.26:635][  0]LogConfig: Setting CVar [[r.VolumetricFog:1]]
[2021.02.04-01.33.26:635][  0]LogConfig: Setting CVar [[r.VolumetricFog.GridPixelSize:8]]
[2021.02.04-01.33.26:635][  0]LogConfig: Setting CVar [[r.VolumetricFog.GridSizeZ:128]]
[2021.02.04-01.33.26:635][  0]LogConfig: Setting CVar [[r.VolumetricFog.HistoryMissSupersampleCount:4]]
[2021.02.04-01.33.26:635][  0]LogConfig: Setting CVar [[r.LightMaxDrawDistanceScale:1]]
[2021.02.04-01.33.26:635][  0]LogConfig: Setting CVar [[r.CapsuleShadows:1]]
[2021.02.04-01.33.26:635][  0]LogConfig: Applying CVar settings from Section [PostProcessQuality@3] File [C:/unrealP/KJB_Portfolio_UE4/KJB_Portfolio/Saved/Config/Windows/Scalability.ini]
[2021.02.04-01.33.26:635][  0]LogConfig: Setting CVar [[r.MotionBlurQuality:4]]
[2021.02.04-01.33.26:635][  0]LogConfig: Setting CVar [[r.AmbientOcclusionMipLevelFactor:0.4]]
[2021.02.04-01.33.26:635][  0]LogConfig: Setting CVar [[r.AmbientOcclusionMaxQuality:100]]
[2021.02.04-01.33.26:635][  0]LogConfig: Setting CVar [[r.AmbientOcclusionLevels:-1]]
[2021.02.04-01.33.26:635][  0]LogConfig: Setting CVar [[r.AmbientOcclusionRadiusScale:1.0]]
[2021.02.04-01.33.26:635][  0]LogConfig: Setting CVar [[r.DepthOfFieldQuality:2]]
[2021.02.04-01.33.26:635][  0]LogConfig: Setting CVar [[r.RenderTargetPoolMin:400]]
[2021.02.04-01.33.26:635][  0]LogConfig: Setting CVar [[r.LensFlareQuality:2]]
[2021.02.04-01.33.26:635][  0]LogConfig: Setting CVar [[r.SceneColorFringeQuality:1]]
[2021.02.04-01.33.26:635][  0]LogConfig: Setting CVar [[r.EyeAdaptationQuality:2]]
[2021.02.04-01.33.26:635][  0]LogConfig: Setting CVar [[r.BloomQuality:5]]
[2021.02.04-01.33.26:635][  0]LogConfig: Setting CVar [[r.FastBlurThreshold:100]]
[2021.02.04-01.33.26:635][  0]LogConfig: Setting CVar [[r.Upscale.Quality:3]]
[2021.02.04-01.33.26:635][  0]LogConfig: Setting CVar [[r.Tonemapper.GrainQuantization:1]]
[2021.02.04-01.33.26:635][  0]LogConfig: Setting CVar [[r.LightShaftQuality:1]]
[2021.02.04-01.33.26:635][  0]LogConfig: Setting CVar [[r.Filter.SizeScale:1]]
[2021.02.04-01.33.26:635][  0]LogConfig: Setting CVar [[r.Tonemapper.Quality:5]]
[2021.02.04-01.33.26:635][  0]LogConfig: Setting CVar [[r.DOF.Gather.AccumulatorQuality:1        ; higher gathering accumulator quality]]
[2021.02.04-01.33.26:635][  0]LogConfig: Setting CVar [[r.DOF.Gather.PostfilterMethod:1          ; Median3x3 postfilering method]]
[2021.02.04-01.33.26:635][  0]LogConfig: Setting CVar [[r.DOF.Gather.EnableBokehSettings:0       ; no bokeh simulation when gathering]]
[2021.02.04-01.33.26:636][  0]LogConfig: Setting CVar [[r.DOF.Gather.RingCount:4                 ; medium number of samples when gathering]]
[2021.02.04-01.33.26:636][  0]LogConfig: Setting CVar [[r.DOF.Scatter.ForegroundCompositing:1    ; additive foreground scattering]]
[2021.02.04-01.33.26:636][  0]LogConfig: Setting CVar [[r.DOF.Scatter.BackgroundCompositing:2    ; additive background scattering]]
[2021.02.04-01.33.26:636][  0]LogConfig: Setting CVar [[r.DOF.Scatter.EnableBokehSettings:1      ; bokeh simulation when scattering]]
[2021.02.04-01.33.26:636][  0]LogConfig: Setting CVar [[r.DOF.Scatter.MaxSpriteRatio:0.1         ; only a maximum of 10% of scattered bokeh]]
[2021.02.04-01.33.26:636][  0]LogConfig: Setting CVar [[r.DOF.Recombine.Quality:1                ; cheap slight out of focus]]
[2021.02.04-01.33.26:636][  0]LogConfig: Setting CVar [[r.DOF.Recombine.EnableBokehSettings:0    ; no bokeh simulation on slight out of focus]]
[2021.02.04-01.33.26:636][  0]LogConfig: Setting CVar [[r.DOF.TemporalAAQuality:1                ; more stable temporal accumulation]]
[2021.02.04-01.33.26:636][  0]LogConfig: Setting CVar [[r.DOF.Kernel.MaxForegroundRadius:0.025]]
[2021.02.04-01.33.26:636][  0]LogConfig: Setting CVar [[r.DOF.Kernel.MaxBackgroundRadius:0.025]]
[2021.02.04-01.33.26:636][  0]LogConfig: Applying CVar settings from Section [TextureQuality@3] File [C:/unrealP/KJB_Portfolio_UE4/KJB_Portfolio/Saved/Config/Windows/Scalability.ini]
[2021.02.04-01.33.26:636][  0]LogConfig: Setting CVar [[r.Streaming.MipBias:0]]
[2021.02.04-01.33.26:636][  0]LogConfig: Setting CVar [[r.Streaming.AmortizeCPUToGPUCopy:0]]
[2021.02.04-01.33.26:636][  0]LogConfig: Setting CVar [[r.Streaming.MaxNumTexturesToStreamPerFrame:0]]
[2021.02.04-01.33.26:636][  0]LogConfig: Setting CVar [[r.Streaming.Boost:1]]
[2021.02.04-01.33.26:636][  0]LogConfig: Setting CVar [[r.MaxAnisotropy:8]]
[2021.02.04-01.33.26:636][  0]LogConfig: Setting CVar [[r.VT.MaxAnisotropy:8]]
[2021.02.04-01.33.26:636][  0]LogConfig: Setting CVar [[r.Streaming.LimitPoolSizeToVRAM:0]]
[2021.02.04-01.33.26:636][  0]LogConfig: Setting CVar [[r.Streaming.PoolSize:1000]]
[2021.02.04-01.33.26:636][  0]LogConfig: Setting CVar [[r.Streaming.MaxEffectiveScreenSize:0]]
[2021.02.04-01.33.26:636][  0]LogConfig: Applying CVar settings from Section [EffectsQuality@3] File [C:/unrealP/KJB_Portfolio_UE4/KJB_Portfolio/Saved/Config/Windows/Scalability.ini]
[2021.02.04-01.33.26:636][  0]LogConfig: Setting CVar [[r.TranslucencyLightingVolumeDim:64]]
[2021.02.04-01.33.26:636][  0]LogConfig: Setting CVar [[r.RefractionQuality:2]]
[2021.02.04-01.33.26:636][  0]LogConfig: Setting CVar [[r.SSR.Quality:3]]
[2021.02.04-01.33.26:636][  0]LogConfig: Setting CVar [[r.SSR.HalfResSceneColor:0]]
[2021.02.04-01.33.26:636][  0]LogConfig: Setting CVar [[r.SceneColorFormat:4]]
[2021.02.04-01.33.26:636][  0]LogConfig: Setting CVar [[r.DetailMode:2]]
[2021.02.04-01.33.26:636][  0]LogConfig: Setting CVar [[r.TranslucencyVolumeBlur:1]]
[2021.02.04-01.33.26:636][  0]LogConfig: Setting CVar [[r.MaterialQualityLevel:1 ; High quality]]
[2021.02.04-01.33.26:636][  0]LogConfig: Setting CVar [[r.SSS.Scale:1]]
[2021.02.04-01.33.26:636][  0]LogConfig: Setting CVar [[r.SSS.SampleSet:2]]
[2021.02.04-01.33.26:636][  0]LogConfig: Setting CVar [[r.SSS.Quality:1]]
[2021.02.04-01.33.26:636][  0]LogConfig: Setting CVar [[r.SSS.HalfRes:0]]
[2021.02.04-01.33.26:636][  0]LogConfig: Setting CVar [[r.SSGI.Quality:3]]
[2021.02.04-01.33.26:636][  0]LogConfig: Setting CVar [[r.EmitterSpawnRateScale:1.0]]
[2021.02.04-01.33.26:636][  0]LogConfig: Setting CVar [[r.ParticleLightQuality:2]]
[2021.02.04-01.33.26:636][  0]LogConfig: Setting CVar [[r.SkyAtmosphere.AerialPerspectiveLUT.FastApplyOnOpaque:1 ; Always have FastSkyLUT 1 in this case to avoid wrong sky]]
[2021.02.04-01.33.26:636][  0]LogConfig: Setting CVar [[r.SkyAtmosphere.AerialPerspectiveLUT.SampleCountPerSlice:1]]
[2021.02.04-01.33.26:636][  0]LogConfig: Setting CVar [[r.SkyAtmosphere.AerialPerspectiveLUT.DepthResolution:16.0]]
[2021.02.04-01.33.26:636][  0]LogConfig: Setting CVar [[r.SkyAtmosphere.FastSkyLUT:1]]
[2021.02.04-01.33.26:636][  0]LogConfig: Setting CVar [[r.SkyAtmosphere.FastSkyLUT.SampleCountMin:4.0]]
[2021.02.04-01.33.26:636][  0]LogConfig: Setting CVar [[r.SkyAtmosphere.FastSkyLUT.SampleCountMax:32.0]]
[2021.02.04-01.33.26:636][  0]LogConfig: Setting CVar [[r.SkyAtmosphere.SampleCountMin:4.0]]
[2021.02.04-01.33.26:636][  0]LogConfig: Setting CVar [[r.SkyAtmosphere.SampleCountMax:32.0]]
[2021.02.04-01.33.26:636][  0]LogConfig: Setting CVar [[r.SkyAtmosphere.TransmittanceLUT.UseSmallFormat:0]]
[2021.02.04-01.33.26:636][  0]LogConfig: Setting CVar [[r.SkyAtmosphere.TransmittanceLUT.SampleCount:10.0]]
[2021.02.04-01.33.26:636][  0]LogConfig: Setting CVar [[r.SkyAtmosphere.MultiScatteringLUT.SampleCount:15.0]]
[2021.02.04-01.33.26:636][  0]LogConfig: Applying CVar settings from Section [FoliageQuality@3] File [C:/unrealP/KJB_Portfolio_UE4/KJB_Portfolio/Saved/Config/Windows/Scalability.ini]
[2021.02.04-01.33.26:636][  0]LogConfig: Setting CVar [[foliage.DensityScale:1.0]]
[2021.02.04-01.33.26:636][  0]LogConfig: Setting CVar [[grass.DensityScale:1.0]]
[2021.02.04-01.33.26:636][  0]LogConfig: Applying CVar settings from Section [ShadingQuality@3] File [C:/unrealP/KJB_Portfolio_UE4/KJB_Portfolio/Saved/Config/Windows/Scalability.ini]
[2021.02.04-01.33.26:636][  0]LogConfig: Setting CVar [[r.HairStrands.SkyLighting.SampleCount:16]]
[2021.02.04-01.33.26:636][  0]LogConfig: Setting CVar [[r.HairStrands.SkyLighting.JitterIntegration:0]]
[2021.02.04-01.33.26:636][  0]LogConfig: Setting CVar [[r.HairStrands.SkyAO.SampleCount:16]]
[2021.02.04-01.33.26:636][  0]LogConfig: Setting CVar [[r.HairStrands.DeepShadow.SuperSampling:0]]
[2021.02.04-01.33.26:636][  0]LogConfig: Setting CVar [[r.HairStrands.VisibilityPPLL:0]]
[2021.02.04-01.33.26:636][  0]LogConfig: Setting CVar [[r.HairStrands.RasterizationScale:0.5]]
[2021.02.04-01.33.26:636][  0]LogConfig: Setting CVar [[r.HairStrands.VelocityRasterizationScale:1]]
[2021.02.04-01.33.26:636][  0]LogInit: Selected Device Profile: [Windows]
[2021.02.04-01.33.26:636][  0]LogInit: Applying CVar settings loaded from the selected device profile: [Windows]
[2021.02.04-01.33.26:637][  0]LogHAL: Display: Platform has ~ 16 GB [17110773760 / 17179869184 / 16], which maps to Larger [LargestMinGB=32, LargerMinGB=12, DefaultMinGB=8, SmallerMinGB=6, SmallestMinGB=0)
[2021.02.04-01.33.26:637][  0]LogInit: Going up to parent DeviceProfile []
[2021.02.04-01.33.26:637][  0]LogConfig: Applying CVar settings from Section [ViewDistanceQuality@3] File [C:/unrealP/KJB_Portfolio_UE4/KJB_Portfolio/Saved/Config/Windows/Scalability.ini]
[2021.02.04-01.33.26:637][  0]LogConfig: Setting CVar [[r.SkeletalMeshLODBias:0]]
[2021.02.04-01.33.26:637][  0]LogConfig: Setting CVar [[r.ViewDistanceScale:1.0]]
[2021.02.04-01.33.26:637][  0]LogConfig: Applying CVar settings from Section [AntiAliasingQuality@3] File [C:/unrealP/KJB_Portfolio_UE4/KJB_Portfolio/Saved/Config/Windows/Scalability.ini]
[2021.02.04-01.33.26:637][  0]LogConfig: Setting CVar [[r.PostProcessAAQuality:4]]
[2021.02.04-01.33.26:637][  0]LogConfig: Applying CVar settings from Section [ShadowQuality@3] File [C:/unrealP/KJB_Portfolio_UE4/KJB_Portfolio/Saved/Config/Windows/Scalability.ini]
[2021.02.04-01.33.26:637][  0]LogConfig: Setting CVar [[r.LightFunctionQuality:1]]
[2021.02.04-01.33.26:637][  0]LogConfig: Setting CVar [[r.ShadowQuality:5]]
[2021.02.04-01.33.26:637][  0]LogConfig: Setting CVar [[r.Shadow.CSM.MaxCascades:10]]
[2021.02.04-01.33.26:637][  0]LogConfig: Setting CVar [[r.Shadow.MaxResolution:2048]]
[2021.02.04-01.33.26:637][  0]LogConfig: Setting CVar [[r.Shadow.MaxCSMResolution:2048]]
[2021.02.04-01.33.26:637][  0]LogConfig: Setting CVar [[r.Shadow.RadiusThreshold:0.01]]
[2021.02.04-01.33.26:637][  0]LogConfig: Setting CVar [[r.Shadow.DistanceScale:1.0]]
[2021.02.04-01.33.26:637][  0]LogConfig: Setting CVar [[r.Shadow.CSM.TransitionScale:1.0]]
[2021.02.04-01.33.26:637][  0]LogConfig: Setting CVar [[r.Shadow.PreShadowResolutionFactor:1.0]]
[2021.02.04-01.33.26:637][  0]LogConfig: Setting CVar [[r.DistanceFieldShadowing:1]]
[2021.02.04-01.33.26:637][  0]LogConfig: Setting CVar [[r.DistanceFieldAO:1]]
[2021.02.04-01.33.26:637][  0]LogConfig: Setting CVar [[r.AOQuality:2]]
[2021.02.04-01.33.26:637][  0]LogConfig: Setting CVar [[r.VolumetricFog:1]]
[2021.02.04-01.33.26:637][  0]LogConfig: Setting CVar [[r.VolumetricFog.GridPixelSize:8]]
[2021.02.04-01.33.26:637][  0]LogConfig: Setting CVar [[r.VolumetricFog.GridSizeZ:128]]
[2021.02.04-01.33.26:637][  0]LogConfig: Setting CVar [[r.VolumetricFog.HistoryMissSupersampleCount:4]]
[2021.02.04-01.33.26:637][  0]LogConfig: Setting CVar [[r.LightMaxDrawDistanceScale:1]]
[2021.02.04-01.33.26:637][  0]LogConfig: Setting CVar [[r.CapsuleShadows:1]]
[2021.02.04-01.33.26:637][  0]LogConfig: Applying CVar settings from Section [PostProcessQuality@3] File [C:/unrealP/KJB_Portfolio_UE4/KJB_Portfolio/Saved/Config/Windows/Scalability.ini]
[2021.02.04-01.33.26:637][  0]LogConfig: Setting CVar [[r.MotionBlurQuality:4]]
[2021.02.04-01.33.26:637][  0]LogConfig: Setting CVar [[r.AmbientOcclusionMipLevelFactor:0.4]]
[2021.02.04-01.33.26:637][  0]LogConfig: Setting CVar [[r.AmbientOcclusionMaxQuality:100]]
[2021.02.04-01.33.26:637][  0]LogConfig: Setting CVar [[r.AmbientOcclusionLevels:-1]]
[2021.02.04-01.33.26:637][  0]LogConfig: Setting CVar [[r.AmbientOcclusionRadiusScale:1.0]]
[2021.02.04-01.33.26:637][  0]LogConfig: Setting CVar [[r.DepthOfFieldQuality:2]]
[2021.02.04-01.33.26:637][  0]LogConfig: Setting CVar [[r.RenderTargetPoolMin:400]]
[2021.02.04-01.33.26:637][  0]LogConfig: Setting CVar [[r.LensFlareQuality:2]]
[2021.02.04-01.33.26:637][  0]LogConfig: Setting CVar [[r.SceneColorFringeQuality:1]]
[2021.02.04-01.33.26:637][  0]LogConfig: Setting CVar [[r.EyeAdaptationQuality:2]]
[2021.02.04-01.33.26:637][  0]LogConfig: Setting CVar [[r.BloomQuality:5]]
[2021.02.04-01.33.26:637][  0]LogConfig: Setting CVar [[r.FastBlurThreshold:100]]
[2021.02.04-01.33.26:637][  0]LogConfig: Setting CVar [[r.Upscale.Quality:3]]
[2021.02.04-01.33.26:637][  0]LogConfig: Setting CVar [[r.Tonemapper.GrainQuantization:1]]
[2021.02.04-01.33.26:637][  0]LogConfig: Setting CVar [[r.LightShaftQuality:1]]
[2021.02.04-01.33.26:637][  0]LogConfig: Setting CVar [[r.Filter.SizeScale:1]]
[2021.02.04-01.33.26:637][  0]LogConfig: Setting CVar [[r.Tonemapper.Quality:5]]
[2021.02.04-01.33.26:637][  0]LogConfig: Setting CVar [[r.DOF.Gather.AccumulatorQuality:1        ; higher gathering accumulator quality]]
[2021.02.04-01.33.26:638][  0]LogConfig: Setting CVar [[r.DOF.Gather.PostfilterMethod:1          ; Median3x3 postfilering method]]
[2021.02.04-01.33.26:638][  0]LogConfig: Setting CVar [[r.DOF.Gather.EnableBokehSettings:0       ; no bokeh simulation when gathering]]
[2021.02.04-01.33.26:638][  0]LogConfig: Setting CVar [[r.DOF.Gather.RingCount:4                 ; medium number of samples when gathering]]
[2021.02.04-01.33.26:638][  0]LogConfig: Setting CVar [[r.DOF.Scatter.ForegroundCompositing:1    ; additive foreground scattering]]
[2021.02.04-01.33.26:638][  0]LogConfig: Setting CVar [[r.DOF.Scatter.BackgroundCompositing:2    ; additive background scattering]]
[2021.02.04-01.33.26:638][  0]LogConfig: Setting CVar [[r.DOF.Scatter.EnableBokehSettings:1      ; bokeh simulation when scattering]]
[2021.02.04-01.33.26:638][  0]LogConfig: Setting CVar [[r.DOF.Scatter.MaxSpriteRatio:0.1         ; only a maximum of 10% of scattered bokeh]]
[2021.02.04-01.33.26:638][  0]LogConfig: Setting CVar [[r.DOF.Recombine.Quality:1                ; cheap slight out of focus]]
[2021.02.04-01.33.26:638][  0]LogConfig: Setting CVar [[r.DOF.Recombine.EnableBokehSettings:0    ; no bokeh simulation on slight out of focus]]
[2021.02.04-01.33.26:638][  0]LogConfig: Setting CVar [[r.DOF.TemporalAAQuality:1                ; more stable temporal accumulation]]
[2021.02.04-01.33.26:638][  0]LogConfig: Setting CVar [[r.DOF.Kernel.MaxForegroundRadius:0.025]]
[2021.02.04-01.33.26:638][  0]LogConfig: Setting CVar [[r.DOF.Kernel.MaxBackgroundRadius:0.025]]
[2021.02.04-01.33.26:638][  0]LogConfig: Applying CVar settings from Section [TextureQuality@3] File [C:/unrealP/KJB_Portfolio_UE4/KJB_Portfolio/Saved/Config/Windows/Scalability.ini]
[2021.02.04-01.33.26:638][  0]LogConfig: Setting CVar [[r.Streaming.MipBias:0]]
[2021.02.04-01.33.26:638][  0]LogConfig: Setting CVar [[r.Streaming.AmortizeCPUToGPUCopy:0]]
[2021.02.04-01.33.26:638][  0]LogConfig: Setting CVar [[r.Streaming.MaxNumTexturesToStreamPerFrame:0]]
[2021.02.04-01.33.26:638][  0]LogConfig: Setting CVar [[r.Streaming.Boost:1]]
[2021.02.04-01.33.26:638][  0]LogConfig: Setting CVar [[r.MaxAnisotropy:8]]
[2021.02.04-01.33.26:638][  0]LogConfig: Setting CVar [[r.VT.MaxAnisotropy:8]]
[2021.02.04-01.33.26:638][  0]LogConfig: Setting CVar [[r.Streaming.LimitPoolSizeToVRAM:0]]
[2021.02.04-01.33.26:638][  0]LogConfig: Setting CVar [[r.Streaming.PoolSize:1000]]
[2021.02.04-01.33.26:638][  0]LogConfig: Setting CVar [[r.Streaming.MaxEffectiveScreenSize:0]]
[2021.02.04-01.33.26:638][  0]LogConfig: Applying CVar settings from Section [EffectsQuality@3] File [C:/unrealP/KJB_Portfolio_UE4/KJB_Portfolio/Saved/Config/Windows/Scalability.ini]
[2021.02.04-01.33.26:638][  0]LogConfig: Setting CVar [[r.TranslucencyLightingVolumeDim:64]]
[2021.02.04-01.33.26:638][  0]LogConfig: Setting CVar [[r.RefractionQuality:2]]
[2021.02.04-01.33.26:638][  0]LogConfig: Setting CVar [[r.SSR.Quality:3]]
[2021.02.04-01.33.26:638][  0]LogConfig: Setting CVar [[r.SSR.HalfResSceneColor:0]]
[2021.02.04-01.33.26:638][  0]LogConfig: Setting CVar [[r.SceneColorFormat:4]]
[2021.02.04-01.33.26:638][  0]LogConfig: Setting CVar [[r.DetailMode:2]]
[2021.02.04-01.33.26:638][  0]LogConfig: Setting CVar [[r.TranslucencyVolumeBlur:1]]
[2021.02.04-01.33.26:638][  0]LogConfig: Setting CVar [[r.MaterialQualityLevel:1 ; High quality]]
[2021.02.04-01.33.26:638][  0]LogConfig: Setting CVar [[r.SSS.Scale:1]]
[2021.02.04-01.33.26:638][  0]LogConfig: Setting CVar [[r.SSS.SampleSet:2]]
[2021.02.04-01.33.26:638][  0]LogConfig: Setting CVar [[r.SSS.Quality:1]]
[2021.02.04-01.33.26:638][  0]LogConfig: Setting CVar [[r.SSS.HalfRes:0]]
[2021.02.04-01.33.26:638][  0]LogConfig: Setting CVar [[r.SSGI.Quality:3]]
[2021.02.04-01.33.26:638][  0]LogConfig: Setting CVar [[r.EmitterSpawnRateScale:1.0]]
[2021.02.04-01.33.26:638][  0]LogConfig: Setting CVar [[r.ParticleLightQuality:2]]
[2021.02.04-01.33.26:638][  0]LogConfig: Setting CVar [[r.SkyAtmosphere.AerialPerspectiveLUT.FastApplyOnOpaque:1 ; Always have FastSkyLUT 1 in this case to avoid wrong sky]]
[2021.02.04-01.33.26:638][  0]LogConfig: Setting CVar [[r.SkyAtmosphere.AerialPerspectiveLUT.SampleCountPerSlice:1]]
[2021.02.04-01.33.26:638][  0]LogConfig: Setting CVar [[r.SkyAtmosphere.AerialPerspectiveLUT.DepthResolution:16.0]]
[2021.02.04-01.33.26:638][  0]LogConfig: Setting CVar [[r.SkyAtmosphere.FastSkyLUT:1]]
[2021.02.04-01.33.26:638][  0]LogConfig: Setting CVar [[r.SkyAtmosphere.FastSkyLUT.SampleCountMin:4.0]]
[2021.02.04-01.33.26:638][  0]LogConfig: Setting CVar [[r.SkyAtmosphere.FastSkyLUT.SampleCountMax:32.0]]
[2021.02.04-01.33.26:638][  0]LogConfig: Setting CVar [[r.SkyAtmosphere.SampleCountMin:4.0]]
[2021.02.04-01.33.26:638][  0]LogConfig: Setting CVar [[r.SkyAtmosphere.SampleCountMax:32.0]]
[2021.02.04-01.33.26:638][  0]LogConfig: Setting CVar [[r.SkyAtmosphere.TransmittanceLUT.UseSmallFormat:0]]
[2021.02.04-01.33.26:638][  0]LogConfig: Setting CVar [[r.SkyAtmosphere.TransmittanceLUT.SampleCount:10.0]]
[2021.02.04-01.33.26:638][  0]LogConfig: Setting CVar [[r.SkyAtmosphere.MultiScatteringLUT.SampleCount:15.0]]
[2021.02.04-01.33.26:638][  0]LogConfig: Applying CVar settings from Section [FoliageQuality@3] File [C:/unrealP/KJB_Portfolio_UE4/KJB_Portfolio/Saved/Config/Windows/Scalability.ini]
[2021.02.04-01.33.26:638][  0]LogConfig: Setting CVar [[foliage.DensityScale:1.0]]
[2021.02.04-01.33.26:638][  0]LogConfig: Setting CVar [[grass.DensityScale:1.0]]
[2021.02.04-01.33.26:638][  0]LogConfig: Applying CVar settings from Section [ShadingQuality@3] File [C:/unrealP/KJB_Portfolio_UE4/KJB_Portfolio/Saved/Config/Windows/Scalability.ini]
[2021.02.04-01.33.26:638][  0]LogConfig: Setting CVar [[r.HairStrands.SkyLighting.SampleCount:16]]
[2021.02.04-01.33.26:638][  0]LogConfig: Setting CVar [[r.HairStrands.SkyLighting.JitterIntegration:0]]
[2021.02.04-01.33.26:638][  0]LogConfig: Setting CVar [[r.HairStrands.SkyAO.SampleCount:16]]
[2021.02.04-01.33.26:638][  0]LogConfig: Setting CVar [[r.HairStrands.DeepShadow.SuperSampling:0]]
[2021.02.04-01.33.26:638][  0]LogConfig: Setting CVar [[r.HairStrands.VisibilityPPLL:0]]
[2021.02.04-01.33.26:639][  0]LogConfig: Setting CVar [[r.HairStrands.RasterizationScale:0.5]]
[2021.02.04-01.33.26:639][  0]LogConfig: Setting CVar [[r.HairStrands.VelocityRasterizationScale:1]]
[2021.02.04-01.33.26:639][  0]LogConfig: Applying CVar settings from Section [Startup] File [../../../Engine/Config/ConsoleVariables.ini]
[2021.02.04-01.33.26:639][  0]LogConfig: Setting CVar [[net.UseAdaptiveNetUpdateFrequency:0]]
[2021.02.04-01.33.26:639][  0]LogConfig: Setting CVar [[p.chaos.AllowCreatePhysxBodies:1]]
[2021.02.04-01.33.26:639][  0]LogConfig: Setting CVar [[fx.SkipVectorVMBackendOptimizations:1]]
[2021.02.04-01.33.26:639][  0]LogConfig: Applying CVar settings from Section [ConsoleVariables] File [C:/unrealP/KJB_Portfolio_UE4/KJB_Portfolio/Saved/Config/Windows/Engine.ini]
[2021.02.04-01.33.26:639][  0]LogInit: Computer: DESKTOP-6HEEP2H
[2021.02.04-01.33.26:639][  0]LogInit: User: KJB
[2021.02.04-01.33.26:639][  0]LogInit: CPU Page size=4096, Cores=6
[2021.02.04-01.33.26:639][  0]LogInit: High frequency timer resolution =10.000000 MHz
[2021.02.04-01.33.26:639][  0]LogMemory: Memory total: Physical=15.9GB (16GB approx)
[2021.02.04-01.33.26:639][  0]LogMemory: Platform Memory Stats for Windows
[2021.02.04-01.33.26:639][  0]LogMemory: Process Physical Memory: 117.00 MB used, 117.00 MB peak
[2021.02.04-01.33.26:639][  0]LogMemory: Process Virtual Memory: 102.36 MB used, 102.36 MB peak
[2021.02.04-01.33.26:639][  0]LogMemory: Physical Memory: 12020.12 MB used,  4297.98 MB free, 16318.11 MB total
[2021.02.04-01.33.26:639][  0]LogMemory: Virtual Memory: 5137.39 MB used,  134212592.00 MB free, 134217728.00 MB total
[2021.02.04-01.33.26:647][  0]LogWindows: WindowsPlatformFeatures enabled
[2021.02.04-01.33.26:689][  0]LogInit: Physics initialised using underlying interface: PhysX
[2021.02.04-01.33.26:690][  0]LogInit: Using OS detected language (ko-KR).
[2021.02.04-01.33.26:690][  0]LogInit: Using OS detected locale (ko-KR).
[2021.02.04-01.33.26:693][  0]LogTextLocalizationManager: No specific localization for 'ko-KR' exists, so the 'ko' localization will be used.
[2021.02.04-01.33.26:771][  0]LogInit: Setting process to per monitor DPI aware
[2021.02.04-01.33.26:826][  0]LogSlate: New Slate User Created.  User Index 0, Is Virtual User: 0
[2021.02.04-01.33.26:826][  0]LogSlate: Slate User Registered.  User Index 0, Is Virtual User: 0
[2021.02.04-01.33.26:998][  0]LogHMD: Failed to initialize OpenVR with code 110
[2021.02.04-01.33.26:998][  0]LogD3D11RHI: D3D11 min allowed feature level: 11_0
[2021.02.04-01.33.26:998][  0]LogD3D11RHI: D3D11 max allowed feature level: 11_0
[2021.02.04-01.33.26:998][  0]LogD3D11RHI: D3D11 adapters:
[2021.02.04-01.33.27:088][  0]LogD3D11RHI:    0. 'NVIDIA GeForce GTX 1660 SUPER' (Feature Level 11_0)
[2021.02.04-01.33.27:088][  0]LogD3D11RHI:       5991/0/8159 MB DedicatedVideo/DedicatedSystem/SharedSystem, Outputs:1, VendorId:0x10de
[2021.02.04-01.33.27:091][  0]LogD3D11RHI:    1. 'Microsoft Basic Render Driver' (Feature Level 11_0)
[2021.02.04-01.33.27:091][  0]LogD3D11RHI:       0/0/8159 MB DedicatedVideo/DedicatedSystem/SharedSystem, Outputs:0, VendorId:0x1414
[2021.02.04-01.33.27:091][  0]LogD3D11RHI: Chosen D3D11 Adapter: 0
[2021.02.04-01.33.27:099][  0]LogD3D11RHI: Creating new Direct3DDevice
[2021.02.04-01.33.27:099][  0]LogD3D11RHI:     GPU DeviceId: 0x21c4 (for the marketing name, search the web for "GPU Device Id")
[2021.02.04-01.33.27:099][  0]LogWindows: EnumDisplayDevices:
[2021.02.04-01.33.27:100][  0]LogWindows:    0. 'NVIDIA GeForce GTX 1660 SUPER' (P:1 D:1)
[2021.02.04-01.33.27:100][  0]LogWindows:    1. 'NVIDIA GeForce GTX 1660 SUPER' (P:0 D:0)
[2021.02.04-01.33.27:101][  0]LogWindows:    2. 'NVIDIA GeForce GTX 1660 SUPER' (P:0 D:0)
[2021.02.04-01.33.27:102][  0]LogWindows:    3. 'NVIDIA GeForce GTX 1660 SUPER' (P:0 D:0)
[2021.02.04-01.33.27:102][  0]LogWindows: DebugString: FoundDriverCount:4 
[2021.02.04-01.33.27:102][  0]LogD3D11RHI:     Adapter Name: NVIDIA GeForce GTX 1660 SUPER
[2021.02.04-01.33.27:102][  0]LogD3D11RHI:   Driver Version: 451.67 (internal:27.21.14.5167, unified:451.67)
[2021.02.04-01.33.27:102][  0]LogD3D11RHI:      Driver Date: 7-5-2020
[2021.02.04-01.33.27:102][  0]LogRHI: Texture pool is 4193 MB (70% of 5991 MB)
[2021.02.04-01.33.27:161][  0]LogD3D11RHI: RHI has support for 64 bit atomics
[2021.02.04-01.33.27:161][  0]LogD3D11RHI: Async texture creation enabled
[2021.02.04-01.33.27:161][  0]LogD3D11RHI: Array index from any shader is supported
[2021.02.04-01.33.27:177][  0]LogD3D11RHI: GPU Timing Frequency: 1000.000000 (Debug: 2 1)
[2021.02.04-01.33.27:490][  0]LogTargetPlatformManager: Display: Loaded TargetPlatform 'AllDesktop'
[2021.02.04-01.33.27:513][  0]LogTargetPlatformManager: Display: Loaded TargetPlatform 'Android'
[2021.02.04-01.33.27:513][  0]LogTargetPlatformManager: Display: Loaded TargetPlatform 'Android_ASTC'
[2021.02.04-01.33.27:513][  0]LogTargetPlatformManager: Display: Loaded TargetPlatform 'Android_DXT'
[2021.02.04-01.33.27:513][  0]LogTargetPlatformManager: Display: Loaded TargetPlatform 'Android_ETC2'
[2021.02.04-01.33.27:513][  0]LogTargetPlatformManager: Display: Loaded TargetPlatform 'AndroidClient'
[2021.02.04-01.33.27:513][  0]LogTargetPlatformManager: Display: Loaded TargetPlatform 'Android_ASTCClient'
[2021.02.04-01.33.27:513][  0]LogTargetPlatformManager: Display: Loaded TargetPlatform 'Android_DXTClient'
[2021.02.04-01.33.27:513][  0]LogTargetPlatformManager: Display: Loaded TargetPlatform 'Android_ETC2Client'
[2021.02.04-01.33.27:513][  0]LogTargetPlatformManager: Display: Loaded TargetPlatform 'Android_Multi'
[2021.02.04-01.33.27:513][  0]LogTargetPlatformManager: Display: Loaded TargetPlatform 'Android_MultiClient'
[2021.02.04-01.33.27:541][  0]LogTargetPlatformManager: Display: Loaded TargetPlatform 'IOSClient'
[2021.02.04-01.33.27:541][  0]LogTargetPlatformManager: Display: Loaded TargetPlatform 'IOS'
[2021.02.04-01.33.27:553][  0]LogTargetPlatformManager: Display: Loaded TargetPlatform 'Linux'
[2021.02.04-01.33.27:564][  0]LogTargetPlatformManager: Display: Loaded TargetPlatform 'LinuxNoEditor'
[2021.02.04-01.33.27:574][  0]LogTargetPlatformManager: Display: Loaded TargetPlatform 'LinuxClient'
[2021.02.04-01.33.27:585][  0]LogTargetPlatformManager: Display: Loaded TargetPlatform 'LinuxServer'
[2021.02.04-01.33.27:596][  0]LogTargetPlatformManager: Display: Loaded TargetPlatform 'LinuxAArch64NoEditor'
[2021.02.04-01.33.27:606][  0]LogTargetPlatformManager: Display: Loaded TargetPlatform 'LinuxAArch64Client'
[2021.02.04-01.33.27:617][  0]LogTargetPlatformManager: Display: Loaded TargetPlatform 'LinuxAArch64Server'
[2021.02.04-01.33.27:664][  0]LogTargetPlatformManager: Display: Loaded TargetPlatform 'Lumin'
[2021.02.04-01.33.27:664][  0]LogTargetPlatformManager: Display: Loaded TargetPlatform 'LuminClient'
[2021.02.04-01.33.27:696][  0]LogTargetPlatformManager: Display: Loaded TargetPlatform 'TVOSClient'
[2021.02.04-01.33.27:696][  0]LogTargetPlatformManager: Display: Loaded TargetPlatform 'TVOS'
[2021.02.04-01.33.27:715][  0]LogTargetPlatformManager: Display: Loaded TargetPlatform 'WindowsNoEditor'
[2021.02.04-01.33.27:730][  0]LogTargetPlatformManager: Display: Loaded TargetPlatform 'Windows'
[2021.02.04-01.33.27:741][  0]LogTargetPlatformManager: Display: Loaded TargetPlatform 'WindowsClient'
[2021.02.04-01.33.27:752][  0]LogTargetPlatformManager: Display: Loaded TargetPlatform 'WindowsServer'
[2021.02.04-01.33.27:752][  0]LogTargetPlatformManager: Display: Building Assets For Windows
[2021.02.04-01.33.27:763][  0]LogAudioDebug: Display: Lib vorbis DLL was dynamically loaded.
[2021.02.04-01.33.27:850][  0]LogShaderCompilers: Guid format shader working directory is -14 characters bigger than the processId version (../../../../../../unrealP/KJB_Portfolio_UE4/KJB_Portfolio/Intermediate/Shaders/WorkingDirectory/28560/).
[2021.02.04-01.33.27:851][  0]LogShaderCompilers: Cleaned the shader compiler working directory 'C:/Users/KJB/AppData/Local/Temp/UnrealShaderWorkingDir/1C10CDBD45A4AE836D9D3981CA17A305/'.
[2021.02.04-01.33.27:851][  0]LogXGEController: Cannot use XGE Controller as Incredibuild is not installed on this machine.
[2021.02.04-01.33.27:851][  0]LogShaderCompilers: Cannot use XGE Shader Compiler as Incredibuild is not installed on this machine.
[2021.02.04-01.33.27:851][  0]LogShaderCompilers: Display: Using Local Shader Compiler.
[2021.02.04-01.33.28:536][  0]LogDerivedDataCache: Display: Max Cache Size: 512 MB
[2021.02.04-01.33.28:596][  0]LogDerivedDataCache: Loaded boot cache 0.06s 125MB C:/Users/KJB/AppData/Local/UnrealEngine/4.25/DerivedDataCache/Boot.ddc.
[2021.02.04-01.33.28:596][  0]LogDerivedDataCache: Display: Loaded Boot cache: C:/Users/KJB/AppData/Local/UnrealEngine/4.25/DerivedDataCache/Boot.ddc
[2021.02.04-01.33.28:597][  0]LogDerivedDataCache: FDerivedDataBackendGraph:  Pak pak cache file ../../../../../../unrealP/KJB_Portfolio_UE4/KJB_Portfolio/DerivedDataCache/DDC.ddp not found, will not use a pak cache.
[2021.02.04-01.33.28:597][  0]LogDerivedDataCache: Unable to find inner node Pak for hierarchical cache Hierarchy.
[2021.02.04-01.33.28:597][  0]LogDerivedDataCache: FDerivedDataBackendGraph:  CompressedPak pak cache file ../../../../../../unrealP/KJB_Portfolio_UE4/KJB_Portfolio/DerivedDataCache/Compressed.ddp not found, will not use a pak cache.
[2021.02.04-01.33.28:597][  0]LogDerivedDataCache: Unable to find inner node CompressedPak for hierarchical cache Hierarchy.
[2021.02.04-01.33.28:606][  0]LogDerivedDataCache: Display: Pak cache opened for reading ../../../Engine/DerivedDataCache/Compressed.ddp.
[2021.02.04-01.33.28:606][  0]LogDerivedDataCache: FDerivedDataBackendGraph:  EnterprisePak pak cache file ../../../Enterprise/DerivedDataCache/Compressed.ddp not found, will not use a pak cache.
[2021.02.04-01.33.28:606][  0]LogDerivedDataCache: Unable to find inner node EnterprisePak for hierarchical cache Hierarchy.
[2021.02.04-01.33.28:608][  0]LogDerivedDataCache: Using Local data cache path C:/Users/KJB/AppData/Local/UnrealEngine/Common/DerivedDataCache: Writable
[2021.02.04-01.33.28:608][  0]LogDerivedDataCache: Shared data cache path not found in *engine.ini, will not use an Shared cache.
[2021.02.04-01.33.28:608][  0]LogDerivedDataCache: Unable to find inner node Shared for hierarchical cache Hierarchy.
[2021.02.04-01.33.28:650][  0]LogSlate: Using FreeType 2.10.0
[2021.02.04-01.33.28:651][  0]LogSlate: SlateFontServices - WITH_FREETYPE: 1, WITH_HARFBUZZ: 1
[2021.02.04-01.33.28:673][  0]LogAssetRegistry: FAssetRegistry took 0.0027 seconds to start up
[2021.02.04-01.33.28:849][  0]LogCollisionProfile: Warning: Profile (MyCharacter) - Custom Channel Name = 'MonsterAttack' hasn't been found
[2021.02.04-01.33.28:895][  0]LogInit: Selected Device Profile: [Windows]
[2021.02.04-01.33.29:024][  0]LogMeshReduction: Using QuadricMeshReduction for automatic static mesh reduction
[2021.02.04-01.33.29:024][  0]LogMeshReduction: Using SimplygonMeshReduction for automatic skeletal mesh reduction
[2021.02.04-01.33.29:024][  0]LogMeshReduction: Using ProxyLODMeshReduction for automatic mesh merging
[2021.02.04-01.33.29:024][  0]LogMeshReduction: No distributed automatic mesh merging module available
[2021.02.04-01.33.29:024][  0]LogMeshMerging: No distributed automatic mesh merging module available
[2021.02.04-01.33.29:047][  0]LogNetVersion: KJB_Portfolio 1.0.0, NetCL: 13144385, EngineNetVer: 14, GameNetVer: 0 (Checksum: 3600608709)
[2021.02.04-01.33.29:463][  0]LogAISub: UAISubsystem::UAISubsystem AISubsystem (00000251414DB940), frame # 0
[2021.02.04-01.33.29:464][  0]LogAISub: UAISubsystem::UAISubsystem AIPerceptionSystem (00000251414BFC40), frame # 0
[2021.02.04-01.33.29:465][  0]LogAISub: UAISubsystem::UAISubsystem EnvQueryManager (000002514155C800), frame # 0
[2021.02.04-01.33.29:505][  0]LogPackageLocalizationCache: Processed 19 localized package path(s) for 1 prioritized culture(s) in 0.033099 seconds
[2021.02.04-01.33.29:510][  0]LogUObjectArray: 15917 objects as part of root set at end of initial load.
[2021.02.04-01.33.29:510][  0]LogUObjectAllocator: 3965568 out of 0 bytes used by permanent object pool.
[2021.02.04-01.33.29:510][  0]LogUObjectArray: CloseDisregardForGC: 0/0 objects in disregard for GC pool
[2021.02.04-01.33.29:964][  0]LogTcpMessaging: Initializing TcpMessaging bridge
[2021.02.04-01.33.29:971][  0]LogUdpMessaging: Initializing bridge on interface 0.0.0.0:0 to multicast group 230.0.0.1:6666.
[2021.02.04-01.33.30:901][  0]LogLinker: Warning: '{FileName}': 파일을 찾을 수 없습니다. 로드에 실패했습니다.
[2021.02.04-01.33.30:901][  0]LogLinker: Warning: '{FileName}': 파일을 찾을 수 없습니다. 로드에 실패했습니다.
[2021.02.04-01.33.30:902][  0]LogUObjectGlobals: Warning: 'Class /Game/ThirdPersonBP/ThirdPersonOverview.ThirdPersonOverview_C' 오브젝트를 찾는 데 실패했습니다.
[2021.02.04-01.33.30:948][  0]SourceControl: 소스 컨트롤이 꺼졌습니다.
[2021.02.04-01.33.30:948][  0]SourceControl: 소스 컨트롤이 꺼졌습니다.
[2021.02.04-01.33.30:953][  0]SourceControl: 소스 컨트롤이 꺼졌습니다.
[2021.02.04-01.33.30:957][  0]SourceControl: 소스 컨트롤이 꺼졌습니다.
[2021.02.04-01.33.30:967][  0]SourceControl: 소스 컨트롤이 꺼졌습니다.
[2021.02.04-01.33.31:311][  0]LogAndroidPermission: UAndroidPermissionCallbackProxy::GetInstance
[2021.02.04-01.33.31:341][  0]LogAudioCaptureCore: Display: No Audio Capture implementations found. Audio input will be silent.
[2021.02.04-01.33.31:341][  0]LogAudioCaptureCore: Display: No Audio Capture implementations found. Audio input will be silent.
[2021.02.04-01.33.31:403][  0]LogOcInput: OculusInput pre-init called
[2021.02.04-01.33.31:417][  0]LogWindows: Failed to load 'OVRPlugin.dll' (GetLastError=126)
[2021.02.04-01.33.31:417][  0]LogWindows: File 'OVRPlugin.dll' does not exist
[2021.02.04-01.33.31:488][  0]LogEngine: Initializing Engine...
[2021.02.04-01.33.31:489][  0]LogHMD: Failed to initialize OpenVR with code 110
[2021.02.04-01.33.31:489][  0]LogMagicLeap: Warning: VR disabled because ZI is not enabled.  To enable, in the editor, Edit -> Project Settings -> Plugins -> Magic Leap Plugin -> Enable Zero Iteration
[2021.02.04-01.33.31:490][  0]LogStats: UGameplayTagsManager::InitializeManager -  0.000 s
[2021.02.04-01.33.31:591][  0]LogInit: Initializing FReadOnlyCVARCache
[2021.02.04-01.33.31:601][  0]LogAIModule: Creating AISystem for world Untitled
[2021.02.04-01.33.31:601][  0]LogAISub: UAISubsystem::UAISubsystem EnvQueryManager (000002514C18BC00), frame # 0
[2021.02.04-01.33.31:601][  0]LogAISub: UAISubsystem::UAISubsystem AIPerceptionSystem (000002514C1C6840), frame # 0
[2021.02.04-01.33.31:613][  0]LogAudioMixer: Display: Audio Mixer Platform Settings:
[2021.02.04-01.33.31:613][  0]LogAudioMixer: Display: 	Sample Rate:						  48000
[2021.02.04-01.33.31:613][  0]LogAudioMixer: Display: 	Callback Buffer Frame Size Requested: 1024
[2021.02.04-01.33.31:613][  0]LogAudioMixer: Display: 	Callback Buffer Frame Size To Use:	  1024
[2021.02.04-01.33.31:613][  0]LogAudioMixer: Display: 	Number of buffers to queue:			  2
[2021.02.04-01.33.31:613][  0]LogAudioMixer: Display: 	Max Channels (voices):				  32
[2021.02.04-01.33.31:613][  0]LogAudioMixer: Display: 	Number of Async Source Workers:		  0
[2021.02.04-01.33.31:613][  0]LogAudio: Display: AudioDevice MaxSources: 32
[2021.02.04-01.33.31:613][  0]LogAudio: Display: Using built-in audio occlusion.
[2021.02.04-01.33.31:613][  0]LogAudioMixer: Display: Initializing audio mixer.
[2021.02.04-01.33.31:635][  0]LogAudioMixer: Display: 0: FrontLeft
[2021.02.04-01.33.31:635][  0]LogAudioMixer: Display: 1: FrontRight
[2021.02.04-01.33.31:685][  0]LogAudioMixer: Display: Using Audio Device 스피커(Realtek High Definition Audio)
[2021.02.04-01.33.31:688][  0]LogAudioMixer: Display: Initializing Sound Submixes...
[2021.02.04-01.33.31:691][  0]LogAudioMixer: Display: Creating Master Submix 'MasterSubmixDefault'
[2021.02.04-01.33.31:691][  0]LogAudioMixer: Display: Creating Master Submix 'MasterReverbSubmixDefault'
[2021.02.04-01.33.31:692][  0]LogAudioMixer: Display: Creating Master Submix 'MasterEQSubmixDefault'
[2021.02.04-01.33.31:693][  0]LogInit: FAudioDevice initialized.
[2021.02.04-01.33.31:693][  0]LogNetVersion: Set ProjectVersion to 1.0.0.0. Version Checksum will be recalculated on next use.
[2021.02.04-01.33.31:816][  0]LogDerivedDataCache: Saved boot cache 0.12s 125MB C:/Users/KJB/AppData/Local/UnrealEngine/4.25/DerivedDataCache/Boot.ddc.
[2021.02.04-01.33.31:818][  0]LogInit: Texture streaming: Enabled
[2021.02.04-01.33.31:842][  0]LogEngineSessionManager: EngineSessionManager initialized
[2021.02.04-01.33.31:842][  0]LogEditorSessionSummary: Verbose: Initializing EditorSessionSummaryWriter for editor session tracking
[2021.02.04-01.33.31:847][  0]LogEditorSessionSummary: EditorSessionSummaryWriter initialized
[2021.02.04-01.33.31:909][  0]LogInit: Transaction tracking system initialized
[2021.02.04-01.33.31:965][  0]BlueprintLog: New page: 에디터 로드
[2021.02.04-01.33.32:058][  0]LocalizationService: 현지화 서비스가 비활성화되었습니다.
[2021.02.04-01.33.32:235][  0]LogCook: Display: Max memory allowance for cook 16384mb min free memory 0mb
[2021.02.04-01.33.32:235][  0]LogCook: Display: Mobile HDR setting 1
[2021.02.04-01.33.32:396][  0]LogFileCache: Scanning file cache for directory 'C:/unrealP/KJB_Portfolio_UE4/KJB_Portfolio/Content/' took 0.06s
[2021.02.04-01.33.32:585][  0]SourceControl: 소스 컨트롤이 꺼졌습니다.
[2021.02.04-01.33.32:585][  0]LogUnrealEdMisc: Loading editor; pre map load, took 7.777
[2021.02.04-01.33.32:586][  0]Cmd: MAP LOAD FILE="../../../../../../unrealP/KJB_Portfolio_UE4/KJB_Portfolio/Content/MyContents/NewMap.umap" TEMPLATE=0 SHOWPROGRESS=1 FEATURELEVEL=3
[2021.02.04-01.33.32:586][  0]LightingResults: New page: 라이팅 빌드
[2021.02.04-01.33.32:587][  0]LogWorld: UWorld::CleanupWorld for Untitled, bSessionEnded=true, bCleanupResources=true
[2021.02.04-01.33.32:587][  0]LogSlate: InvalidateAllWidgets triggered.  All widgets were invalidated
[2021.02.04-01.33.32:587][  0]MapCheck: New page: 맵 체크
[2021.02.04-01.33.32:587][  0]LightingResults: New page: 라이팅 빌드
[2021.02.04-01.33.32:598][  0]LogAISub: UAISubsystem::~UAISubsystem EnvQueryManager (000002514C18BC00), frame # 0
[2021.02.04-01.33.32:598][  0]LogAISub: UAISubsystem::~UAISubsystem AIPerceptionSystem (000002514C1C6840), frame # 0
[2021.02.04-01.33.32:599][  0]LogUObjectHash: Compacting FUObjectHashTables data took   0.85ms
[2021.02.04-01.33.32:694][  0]LogAIModule: Creating AISystem for world NewMap
[2021.02.04-01.33.32:694][  0]LogAISub: UAISubsystem::UAISubsystem EnvQueryManager (000002512D6ABA00), frame # 0
[2021.02.04-01.33.32:694][  0]LogAISub: UAISubsystem::UAISubsystem AIPerceptionSystem (00000251419A0A40), frame # 0
[2021.02.04-01.33.32:700][  0]LogEditorServer: Finished looking for orphan Actors (0.000 secs)
[2021.02.04-01.33.32:712][  0]LogUObjectHash: Compacting FUObjectHashTables data took   0.87ms
[2021.02.04-01.33.32:712][  0]Cmd: MAP CHECKDEP NOCLEARLOG
[2021.02.04-01.33.32:712][  0]MapCheck: 맵 체크 완료: 오류 0 회, 경고 0 회, 소요 시간 0.21ms.
[2021.02.04-01.33.32:712][  0]LogFileHelpers: Loading map 'NewMap' took 0.126
[2021.02.04-01.33.32:716][  0]LogUnrealEdMisc: Total Editor Startup Time, took 7.908
[2021.02.04-01.33.32:852][  0]LogSlate: Updating window title bar state: overlay mode, drag disabled, window buttons hidden, title bar hidden
[2021.02.04-01.33.32:858][  0]LogSlate: Updating window title bar state: overlay mode, drag disabled, window buttons hidden, title bar hidden
[2021.02.04-01.33.32:863][  0]LogSlate: Updating window title bar state: overlay mode, drag disabled, window buttons hidden, title bar hidden
[2021.02.04-01.33.32:869][  0]LogSlate: Updating window title bar state: overlay mode, drag disabled, window buttons hidden, title bar hidden
[2021.02.04-01.33.32:878][  0]LogCollectionManager: Loaded 0 collections in 0.001623 seconds
[2021.02.04-01.33.32:892][  0]LogFileCache: Scanning file cache for directory 'C:/unrealP/KJB_Portfolio_UE4/KJB_Portfolio/Saved/Collections/' took 0.00s
[2021.02.04-01.33.32:892][  0]LogFileCache: Scanning file cache for directory 'C:/unrealP/KJB_Portfolio_UE4/KJB_Portfolio/Content/Developers/KJB/Collections/' took 0.00s
[2021.02.04-01.33.32:892][  0]LogFileCache: Scanning file cache for directory 'C:/unrealP/KJB_Portfolio_UE4/KJB_Portfolio/Content/Collections/' took 0.00s
[2021.02.04-01.33.32:892][  0]LogContentBrowser: Native class hierarchy populated in 0.0090 seconds. Added 3461 classes and 824 folders.
[2021.02.04-01.33.32:894][  0]LogContentBrowser: Native class hierarchy updated for 'WidgetCarousel' in 0.0003 seconds. Added 0 classes and 0 folders.
[2021.02.04-01.33.32:951][  0]LogContentBrowser: Native class hierarchy updated for 'AddContentDialog' in 0.0004 seconds. Added 0 classes and 0 folders.
[2021.02.04-01.33.32:955][  0]LogContentBrowser: Native class hierarchy updated for 'SceneOutliner' in 0.0003 seconds. Added 2 classes and 0 folders.
[2021.02.04-01.33.33:095][  0]LogSlate: Took 0.000254 seconds to synchronously load lazily loaded font '../../../Engine/Content/Slate/Fonts/Roboto-Regular.ttf' (155K)
[2021.02.04-01.33.33:097][  0]LogSlate: Took 0.001240 seconds to synchronously load lazily loaded font '../../../Engine/Content/Editor/Slate/Fonts/NanumGothic.ttf' (4243K)
[2021.02.04-01.33.33:099][  0]LogSlate: Took 0.001315 seconds to synchronously load lazily loaded font '../../../Engine/Content/Editor/Slate/Fonts/NanumGothicBold.ttf' (4188K)
[2021.02.04-01.33.33:099][  0]LogSlate: Took 0.000146 seconds to synchronously load lazily loaded font '../../../Engine/Content/Slate/Fonts/Roboto-Bold.ttf' (160K)
[2021.02.04-01.33.33:102][  0]LogSlate: Took 0.000150 seconds to synchronously load lazily loaded font '../../../Engine/Content/Editor/Slate/Fonts/FontAwesome.ttf' (139K)
[2021.02.04-01.33.33:149][  0]LogRenderer: Reallocating scene render targets to support 1236x568 Format 10 NumSamples 1 (Frame:1).
[2021.02.04-01.33.33:229][  0]LogContentBrowser: Native class hierarchy updated for 'HierarchicalLODOutliner' in 0.0004 seconds. Added 0 classes and 0 folders.
[2021.02.04-01.33.33:229][  0]LogLoad: (Engine Initialization) Total time: 8.42 seconds
[2021.02.04-01.33.33:229][  0]LogLoad: (Engine Initialization) Total Blueprint compile time: 0.00 seconds
[2021.02.04-01.33.33:294][  0]LogContentStreaming: Texture pool size now 1000 MB
[2021.02.04-01.33.33:333][  0]LogSlate: Took 0.000324 seconds to synchronously load lazily loaded font '../../../Engine/Content/Slate/Fonts/Roboto-Light.ttf' (167K)
[2021.02.04-01.33.33:386][  1]LogAssetRegistry: Asset discovery search completed in 4.7135 seconds
[2021.02.04-01.33.33:390][  1]LogCollectionManager: Fixed up redirectors for 0 collections in 0.000002 seconds (updated 0 objects)
[2021.02.04-01.33.34:693][  5]LogSlate: Took 0.000370 seconds to synchronously load lazily loaded font '../../../Engine/Content/Slate/Fonts/Roboto-Light.ttf' (167K)
[2021.02.04-01.33.55:099][397]Candidate modules for hot reload:
[2021.02.04-01.33.55:099][397]  KJB_Portfolio
[2021.02.04-01.33.55:099][397]Launching UnrealBuildTool... [C:/Program Files/Epic Games/UE_4.25/Engine/Binaries/DotNET/UnrealBuildTool.exe  -ModuleWithSuffix=KJB_Portfolio,6874 KJB_PortfolioEditor Win64 Development -Project="C:/unrealP/KJB_Portfolio_UE4/KJB_Portfolio/KJB_Portfolio.uproject" "C:/unrealP/KJB_Portfolio_UE4/KJB_Portfolio/KJB_Portfolio.uproject"  -IgnoreJunk]
[2021.02.04-01.33.55:107][397]Warning: Starting HotReload took  0.0s.
[2021.02.04-01.33.56:338][497]LogSlate: Took 0.000958 seconds to synchronously load lazily loaded font '../../../Engine/Content/Slate/Fonts/DroidSansMono.ttf' (77K)
[2021.02.04-01.33.56:386][497]LogSlate: Took 0.014906 seconds to synchronously load lazily loaded font '../../../Engine/Content/Editor/Slate/Fonts/NanumGothicExtraBold.ttf' (4074K)
[2021.02.04-01.34.03:665][327]LogSlate: Window '콘텐츠 브라우저' being destroyed
[2021.02.04-01.34.03:668][327]LogSlate: Window '콘텐츠 브라우저' being destroyed
[2021.02.04-01.34.08:744][902]CompilerResultsLog: New page: 컴파일 - 2021. 2. 4. 오후 7:34:08
[2021.02.04-01.34.08:744][902]CompilerResultsLog: Using 'git status' to determine working set for adaptive non-unity build (C:\unrealP\KJB_Portfolio_UE4).
[2021.02.04-01.34.08:744][902]CompilerResultsLog: Building KJB_PortfolioEditor...
[2021.02.04-01.34.08:744][902]CompilerResultsLog: Using Visual Studio 2017 14.16.27042 toolchain (C:\Program Files (x86)\Microsoft Visual Studio\2017\Community\VC\Tools\MSVC\14.16.27023) and Windows 10.0.17763.0 SDK (C:\Program Files (x86)\Windows Kits\10).
[2021.02.04-01.34.08:744][902]CompilerResultsLog: Building 4 actions with 12 processes...
[2021.02.04-01.34.08:744][902]CompilerResultsLog:   [1/4] Module.KJB_Portfolio.cpp
[2021.02.04-01.34.08:744][902]CompilerResultsLog:   [2/4] UE4Editor-KJB_Portfolio-6874.lib
[2021.02.04-01.34.08:744][902]CompilerResultsLog:      C:\unrealP\KJB_Portfolio_UE4\KJB_Portfolio\Intermediate\Build\Win64\UE4Editor\Development\KJB_Portfolio\UE4Editor-KJB_Portfolio-6874.lib ???̺귯?? ?? C:\unrealP\KJB_Portfolio_UE4\KJB_Portfolio\Intermediate\Build\Win64\UE4Editor\Development\KJB_Portfolio\UE4Editor-KJB_Portfolio-6874.exp ??ü?? ?????ϰ? ?ֽ??ϴ?.
[2021.02.04-01.34.08:744][902]CompilerResultsLog:   [3/4] UE4Editor-KJB_Portfolio-6874.dll
[2021.02.04-01.34.08:744][902]CompilerResultsLog:      C:\unrealP\KJB_Portfolio_UE4\KJB_Portfolio\Intermediate\Build\Win64\UE4Editor\Development\KJB_Portfolio\UE4Editor-KJB_Portfolio-6874.suppressed.lib ???̺귯?? ?? C:\unrealP\KJB_Portfolio_UE4\KJB_Portfolio\Intermediate\Build\Win64\UE4Editor\Development\KJB_Portfolio\UE4Editor-KJB_Portfolio-6874.suppressed.exp ??ü?? ?????ϰ? ?ֽ??ϴ?.
[2021.02.04-01.34.08:744][902]CompilerResultsLog:   [4/4] KJB_PortfolioEditor.target
[2021.02.04-01.34.08:744][902]CompilerResultsLog: Total time in Parallel executor: 12.76 seconds
[2021.02.04-01.34.08:744][902]CompilerResultsLog: Total execution time: 13.53 seconds
[2021.02.04-01.34.08:744][902]LogMainFrame: MainFrame: Module compiling took 13.649 seconds
[2021.02.04-01.34.08:776][902]LogClass: EItemTypes HotReload.
[2021.02.04-01.34.08:776][902]LogClass: EItemType HotReload.
[2021.02.04-01.34.08:776][902]LogClass: ECharacterState HotReload.
[2021.02.04-01.34.08:776][902]LogClass: ESlotType HotReload.
[2021.02.04-01.34.08:776][902]LogClass: ItemData HotReload.
[2021.02.04-01.34.08:776][902]LogClass: PlayerStatData HotReload.
[2021.02.04-01.34.08:776][902]LogClass: MonsterStatData HotReload.
[2021.02.04-01.34.08:789][902]LogContentBrowser: Native class hierarchy updated for 'KJB_Portfolio' in 0.0004 seconds. Added 34 classes and 3 folders.
[2021.02.04-01.34.08:790][902]Display: HotReload successful (10 functions remapped  3 scriptstructs remapped)
[2021.02.04-01.34.08:879][902]LogContentBrowser: Native class hierarchy populated in 0.0084 seconds. Added 3461 classes and 824 folders.
[2021.02.04-01.34.08:879][902]Display: HotReload took 13.8s.
[2021.02.04-01.34.10:735][117]LogAssetEditorSubsystem: Opening Asset editor for Blueprint /Game/MyContents/Items/ItemActor/BP_ItemActor.BP_ItemActor
[2021.02.04-01.34.10:930][117]LogContentBrowser: Native class hierarchy updated for 'BlueprintGraph' in 0.0006 seconds. Added 125 classes and 0 folders.
[2021.02.04-01.34.13:140][281]LogSlate: Window 'BP_ItemActor' being destroyed
[2021.02.04-01.34.13:164][281]LogWorld: UWorld::CleanupWorld for World_0, bSessionEnded=true, bCleanupResources=true
[2021.02.04-01.34.13:164][281]LogSlate: InvalidateAllWidgets triggered.  All widgets were invalidated
[2021.02.04-01.34.13:231][281]LogAssetEditorSubsystem: Opening Asset editor for Blueprint /Game/MyContents/Items/ItemActor/BP_ItemActor.BP_ItemActor
[2021.02.04-01.34.13:604][281]LogSlate: Took 0.000255 seconds to synchronously load lazily loaded font '../../../Engine/Content/Slate/Fonts/Roboto-BoldCondensed.ttf' (158K)
[2021.02.04-01.34.15:737][525]LogSlate: Window 'BP_ItemActor' being destroyed
[2021.02.04-01.34.15:742][525]LogSlate: Window 'BP_ItemActor' being destroyed
[2021.02.04-01.34.15:743][525]LogWorld: UWorld::CleanupWorld for World_1, bSessionEnded=true, bCleanupResources=true
[2021.02.04-01.34.15:743][525]LogSlate: InvalidateAllWidgets triggered.  All widgets were invalidated
[2021.02.04-01.34.43:057][  0]Candidate modules for hot reload:
[2021.02.04-01.34.43:057][  0]  KJB_Portfolio
[2021.02.04-01.34.43:057][  0]Launching UnrealBuildTool... [C:/Program Files/Epic Games/UE_4.25/Engine/Binaries/DotNET/UnrealBuildTool.exe  -ModuleWithSuffix=KJB_Portfolio,9737 KJB_PortfolioEditor Win64 Development -Project="C:/unrealP/KJB_Portfolio_UE4/KJB_Portfolio/KJB_Portfolio.uproject" "C:/unrealP/KJB_Portfolio_UE4/KJB_Portfolio/KJB_Portfolio.uproject"  -IgnoreJunk]
[2021.02.04-01.34.43:064][  0]Warning: Starting HotReload took  0.0s.
[2021.02.04-01.34.52:080][ 35]CompilerResultsLog: New page: 컴파일 - 2021. 2. 4. 오후 7:34:52
[2021.02.04-01.34.52:080][ 35]CompilerResultsLog: Using 'git status' to determine working set for adaptive non-unity build (C:\unrealP\KJB_Portfolio_UE4).
[2021.02.04-01.34.52:080][ 35]CompilerResultsLog: Building KJB_PortfolioEditor...
[2021.02.04-01.34.52:080][ 35]CompilerResultsLog: Using Visual Studio 2017 14.16.27042 toolchain (C:\Program Files (x86)\Microsoft Visual Studio\2017\Community\VC\Tools\MSVC\14.16.27023) and Windows 10.0.17763.0 SDK (C:\Program Files (x86)\Windows Kits\10).
[2021.02.04-01.34.52:080][ 35]CompilerResultsLog: Building 4 actions with 12 processes...
[2021.02.04-01.34.52:080][ 35]CompilerResultsLog:   [1/4] Module.KJB_Portfolio.cpp
[2021.02.04-01.34.52:080][ 35]CompilerResultsLog:    C:/unrealP/KJB_Portfolio_UE4/KJB_Portfolio/Source/KJB_Portfolio/Private/ItemActor.cpp(23) : error C4138: '*/'?? ?ּ? ?ܺο? ?ֽ??ϴ?.
[2021.02.04-01.34.52:080][ 35]CompilerResultsLog:    C:/unrealP/KJB_Portfolio_UE4/KJB_Portfolio/Source/KJB_Portfolio/Private/ItemActor.cpp(23) : error C2059: ???? ????: '/'
[2021.02.04-01.34.52:080][ 35]LogMainFrame: MainFrame: Module compiling took 9.025 seconds
[2021.02.04-01.34.52:080][ 35]Warning: HotReload failed, recompile failed
[2021.02.04-01.34.53:740][230]LogSlate: Took 0.013145 seconds to synchronously load lazily loaded font '../../../Engine/Content/Slate/Fonts/DroidSansFallback.ttf' (3848K)
[2021.02.04-01.34.53:740][230]LogSlate: Last resort fallback font was requested. Font: '../../../Engine/Content/Slate/Fonts/DroidSansFallback.ttf', Character: 'ּ (U+05bc)'
[2021.02.04-01.34.53:760][230]LogSlate: Took 0.018029 seconds to synchronously load lazily loaded font '../../../Engine/Content/SlateDebug/Fonts/LastResort.ttf' (5269K)
[2021.02.04-01.34.59:922][482]Candidate modules for hot reload:
[2021.02.04-01.34.59:922][482]  KJB_Portfolio
[2021.02.04-01.34.59:922][482]Launching UnrealBuildTool... [C:/Program Files/Epic Games/UE_4.25/Engine/Binaries/DotNET/UnrealBuildTool.exe  -ModuleWithSuffix=KJB_Portfolio,5041 KJB_PortfolioEditor Win64 Development -Project="C:/unrealP/KJB_Portfolio_UE4/KJB_Portfolio/KJB_Portfolio.uproject" "C:/unrealP/KJB_Portfolio_UE4/KJB_Portfolio/KJB_Portfolio.uproject"  -IgnoreJunk]
[2021.02.04-01.34.59:929][482]Warning: Starting HotReload took  0.0s.
[2021.02.04-01.35.12:343][944]CompilerResultsLog: New page: 컴파일 - 2021. 2. 4. 오후 7:35:12
[2021.02.04-01.35.12:343][944]CompilerResultsLog: Using 'git status' to determine working set for adaptive non-unity build (C:\unrealP\KJB_Portfolio_UE4).
[2021.02.04-01.35.12:343][944]CompilerResultsLog: Building KJB_PortfolioEditor...
[2021.02.04-01.35.12:343][944]CompilerResultsLog: Using Visual Studio 2017 14.16.27042 toolchain (C:\Program Files (x86)\Microsoft Visual Studio\2017\Community\VC\Tools\MSVC\14.16.27023) and Windows 10.0.17763.0 SDK (C:\Program Files (x86)\Windows Kits\10).
[2021.02.04-01.35.12:343][944]CompilerResultsLog: Building 4 actions with 12 processes...
[2021.02.04-01.35.12:343][944]CompilerResultsLog:   [1/4] Module.KJB_Portfolio.cpp
[2021.02.04-01.35.12:343][944]CompilerResultsLog:   [2/4] UE4Editor-KJB_Portfolio-5041.lib
[2021.02.04-01.35.12:343][944]CompilerResultsLog:      C:\unrealP\KJB_Portfolio_UE4\KJB_Portfolio\Intermediate\Build\Win64\UE4Editor\Development\KJB_Portfolio\UE4Editor-KJB_Portfolio-5041.lib ???̺귯?? ?? C:\unrealP\KJB_Portfolio_UE4\KJB_Portfolio\Intermediate\Build\Win64\UE4Editor\Development\KJB_Portfolio\UE4Editor-KJB_Portfolio-5041.exp ??ü?? ?????ϰ? ?ֽ??ϴ?.
[2021.02.04-01.35.12:343][944]CompilerResultsLog:   [3/4] UE4Editor-KJB_Portfolio-5041.dll
[2021.02.04-01.35.12:343][944]CompilerResultsLog:      C:\unrealP\KJB_Portfolio_UE4\KJB_Portfolio\Intermediate\Build\Win64\UE4Editor\Development\KJB_Portfolio\UE4Editor-KJB_Portfolio-5041.suppressed.lib ???̺귯?? ?? C:\unrealP\KJB_Portfolio_UE4\KJB_Portfolio\Intermediate\Build\Win64\UE4Editor\Development\KJB_Portfolio\UE4Editor-KJB_Portfolio-5041.suppressed.exp ??ü?? ?????ϰ? ?ֽ??ϴ?.
[2021.02.04-01.35.12:343][944]CompilerResultsLog:   [4/4] KJB_PortfolioEditor.target
[2021.02.04-01.35.12:343][944]CompilerResultsLog: Total time in Parallel executor: 11.54 seconds
[2021.02.04-01.35.12:343][944]CompilerResultsLog: Total execution time: 12.18 seconds
[2021.02.04-01.35.12:343][944]LogMainFrame: MainFrame: Module compiling took 12.424 seconds
[2021.02.04-01.35.12:404][944]LogClass: EItemTypes HotReload.
[2021.02.04-01.35.12:404][944]LogClass: EItemType HotReload.
[2021.02.04-01.35.12:404][944]LogClass: ECharacterState HotReload.
[2021.02.04-01.35.12:404][944]LogClass: ESlotType HotReload.
[2021.02.04-01.35.12:405][944]LogClass: ItemData HotReload.
[2021.02.04-01.35.12:405][944]LogClass: PlayerStatData HotReload.
[2021.02.04-01.35.12:405][944]LogClass: MonsterStatData HotReload.
[2021.02.04-01.35.12:408][944]LogHotReload: Re-instancing ItemActor after hot-reload.
[2021.02.04-01.35.12:439][944]LogContentBrowser: Native class hierarchy updated for 'KJB_Portfolio' in 0.0005 seconds. Added 34 classes and 3 folders.
[2021.02.04-01.35.12:444][944]Display: HotReload successful (10 functions remapped  3 scriptstructs remapped)
[2021.02.04-01.35.12:547][944]LogContentBrowser: Native class hierarchy populated in 0.0087 seconds. Added 3461 classes and 824 folders.
[2021.02.04-01.35.12:547][944]Display: HotReload took 12.6s.
[2021.02.04-01.35.25:832][864]LogAssetEditorSubsystem: Opening Asset editor for Blueprint /Game/MyContents/Items/ItemActor/BP_ItemActor.BP_ItemActor
[2021.02.04-01.35.26:341][864]LogOutputDevice: Warning: 

Script Stack (0 frames):

[2021.02.04-01.35.26:774][864]LogStats: FPlatformStackWalk::StackWalkAndDump -  0.433 s
[2021.02.04-01.35.26:774][864]LogOutputDevice: Error: === Handled ensure: ===
[2021.02.04-01.35.26:774][864]LogOutputDevice: Error: 
[2021.02.04-01.35.26:774][864]LogOutputDevice: Error: Ensure condition failed: this->IsBound() [File:C:\Program Files\Epic Games\UE_4.25\Engine\Source\Runtime\Core\Public\Delegates/DelegateSignatureImpl.inl] [Line: 1132]
[2021.02.04-01.35.26:774][864]LogOutputDevice: Error: Unable to bind delegate to 'OnCharacterOverlap' (function might not be marked as a UFUNCTION or object may be pending kill)
[2021.02.04-01.35.26:774][864]LogOutputDevice: Error: Stack: 
[2021.02.04-01.35.26:774][864]LogOutputDevice: Error: [Callstack] 0x00007ffca7a81891 UE4Editor-KJB_Portfolio-5041.dll!DispatchCheckVerify<bool,<lambda_394e54f9a38b15c8b4d157fd3c09fdb5> >() [c:\program files\epic games\ue_4.25\engine\source\runtime\core\public\misc\assertionmacros.h:161]
[2021.02.04-01.35.26:774][864]LogOutputDevice: Error: [Callstack] 0x00007ffca7a68527 UE4Editor-KJB_Portfolio-5041.dll!AItemActor::PostInitializeComponents() [c:\unrealp\kjb_portfolio_ue4\kjb_portfolio\source\kjb_portfolio\private\itemactor.cpp:60]
[2021.02.04-01.35.26:774][864]LogOutputDevice: Error: [Callstack] 0x00007ffc73a66d5f UE4Editor-Engine.dll!UnknownFunction []
[2021.02.04-01.35.26:774][864]LogOutputDevice: Error: [Callstack] 0x00007ffc73a4d05c UE4Editor-Engine.dll!UnknownFunction []
[2021.02.04-01.35.26:774][864]LogOutputDevice: Error: [Callstack] 0x00007ffc73a6a43a UE4Editor-Engine.dll!UnknownFunction []
[2021.02.04-01.35.26:774][864]LogOutputDevice: Error: [Callstack] 0x00007ffc742f3da8 UE4Editor-Engine.dll!UnknownFunction []
[2021.02.04-01.35.26:774][864]LogOutputDevice: Error: [Callstack] 0x00007ffc742f4218 UE4Editor-Engine.dll!UnknownFunction []
[2021.02.04-01.35.26:774][864]LogOutputDevice: Error: [Callstack] 0x00007ffc710e6680 UE4Editor-Kismet.dll!UnknownFunction []
[2021.02.04-01.35.26:774][864]LogOutputDevice: Error: [Callstack] 0x00007ffc710e46d0 UE4Editor-Kismet.dll!UnknownFunction []
[2021.02.04-01.35.26:774][864]LogOutputDevice: Error: [Callstack] 0x00007ffc71fd0689 UE4Editor-UnrealEd.dll!UnknownFunction []
[2021.02.04-01.35.26:774][864]LogOutputDevice: Error: [Callstack] 0x00007ffc723aa14e UE4Editor-UnrealEd.dll!UnknownFunction []
[2021.02.04-01.35.26:774][864]LogOutputDevice: Error: [Callstack] 0x00007ffc72c837e6 UE4Editor-UnrealEd.dll!UnknownFunction []
[2021.02.04-01.35.26:774][864]LogOutputDevice: Error: [Callstack] 0x00007ff68a5d7800 UE4Editor.exe!UnknownFunction []
[2021.02.04-01.35.26:774][864]LogOutputDevice: Error: [Callstack] 0x00007ff68a5eba7c UE4Editor.exe!UnknownFunction []
[2021.02.04-01.35.26:774][864]LogOutputDevice: Error: [Callstack] 0x00007ff68a5ebb5a UE4Editor.exe!UnknownFunction []
[2021.02.04-01.35.26:774][864]LogOutputDevice: Error: [Callstack] 0x00007ff68a5fe31d UE4Editor.exe!UnknownFunction []
[2021.02.04-01.35.26:774][864]LogOutputDevice: Error: [Callstack] 0x00007ff68a60145a UE4Editor.exe!UnknownFunction []
[2021.02.04-01.35.26:774][864]LogOutputDevice: Error: [Callstack] 0x00007ffcd4b27034 KERNEL32.DLL!UnknownFunction []
[2021.02.04-01.35.26:774][864]LogOutputDevice: Error: [Callstack] 0x00007ffcd5e9d0d1 ntdll.dll!UnknownFunction []
[2021.02.04-01.35.26:774][864]LogOutputDevice: Error: 
[2021.02.04-01.35.26:778][864]LogStats:                SubmitErrorReport -  0.000 s
[2021.02.04-01.35.28:239][864]LogStats:                    SendNewReport -  1.461 s
[2021.02.04-01.35.28:239][864]LogStats:             FDebug::EnsureFailed -  1.898 s
[2021.02.04-01.35.30:096][ 58]LogSlate: Took 0.000205 seconds to synchronously load lazily loaded font '../../../Engine/Content/Slate/Fonts/Roboto-Italic.ttf' (157K)
[2021.02.04-01.35.50:003][376]LogRenderer: Reallocating scene render targets to support 1236x648 Format 10 NumSamples 1 (Frame:1).
[2021.02.04-01.36.07:354][293]LogSlate: Prevented a slow task dialog from being summoned while a context menu was open
[2021.02.04-01.36.11:353][704]BlueprintLog: New page: BP_ItemActor 컴파일
[2021.02.04-01.36.11:458][704]LogUObjectHash: Compacting FUObjectHashTables data took   3.62ms
[2021.02.04-01.36.12:308][794]LogSavePackage: Moving '../../../../../../unrealP/KJB_Portfolio_UE4/KJB_Portfolio/Saved/BP_ItemActor28BF7F8E46B63BF80E51018AF19C73C8.tmp' to '../../../../../../unrealP/KJB_Portfolio_UE4/KJB_Portfolio/Content/MyContents/Items/ItemActor/BP_ItemActor.uasset'
[2021.02.04-01.36.12:321][794]AssetCheck: New page: 애셋 저장: BP_ItemActor
[2021.02.04-01.36.12:322][794]LogContentValidation: Display: Blueprint /Game/MyContents/Items/ItemActor/BP_ItemActor.BP_ItemActor 유효성 검사
[2021.02.04-01.39.38:488][370]LogSlate: Window 'BP_ItemActor' being destroyed
[2021.02.04-01.39.38:493][370]LogSlate: Window 'BP_ItemActor' being destroyed
[2021.02.04-01.39.38:509][370]LogWorld: UWorld::CleanupWorld for World_2, bSessionEnded=true, bCleanupResources=true
[2021.02.04-01.39.38:509][370]LogSlate: InvalidateAllWidgets triggered.  All widgets were invalidated
[2021.02.04-01.39.40:113][547]LogAssetEditorSubsystem: Opening Asset editor for Blueprint /Game/MyContents/Items/ItemActor/BP_ItemActor.BP_ItemActor
[2021.02.04-01.40.38:679][519]LogHttp: Warning: 0000025192FD2B00: invalid HTTP response code received. URL: https://datarouter.ol.epicgames.com/datarouter/api/v1/public/data?SessionID=%7BEE79650E-450D-5C10-17F4-9DA9874EC175%7D&AppID=UEEditor.Rocket.Release&AppVersion=4.25.4-14469661%2B%2B%2BUE4%2BRelease-4.25&UserID=1ef0005042868c227e3e6a9bb70d2893%7C9ce07566b3e8499d8258e7641dbf49df%7Cf53cb18d-12f6-44bc-9aab-9eed9a0334b5&AppEnvironment=datacollector-source&UploadType=eteventstream, HTTP code: 0, content length: 0, actual payload size: 0
[2021.02.04-01.40.38:679][519]LogHttp: Warning: 0000025192FD2B00: request failed, libcurl error: 0 (No error)
[2021.02.04-01.40.38:679][519]LogHttp: Warning: 0000025192FD2B00: libcurl info message cache 0 (Found bundle for host datarouter.ol.epicgames.com: 0x2511847ff70 [can pipeline])
[2021.02.04-01.40.38:679][519]LogHttp: Warning: 0000025192FD2B00: libcurl info message cache 1 (Re-using existing connection! (#1) with host datarouter.ol.epicgames.com)
[2021.02.04-01.40.38:679][519]LogHttp: Warning: 0000025192FD2B00: libcurl info message cache 2 (Connected to datarouter.ol.epicgames.com (52.44.225.229) port 443 (#1))
[2021.02.04-01.40.38:679][519]LogHttp: Warning: 0000025192FD2B00: libcurl info message cache 3 (We are completely uploaded and fine)
[2021.02.04-01.40.38:679][519]LogHttp: Warning: 0000025192FD2B00: libcurl info message cache 4 (TLSv1.2 (IN), TLS alert, Client hello (1):)
[2021.02.04-01.40.38:679][519]LogHttp: Warning: 0000025192FD2B00: libcurl info message cache 5 (Connection died, retrying a fresh connect)
[2021.02.04-01.40.38:679][519]LogHttp: Warning: 0000025192FD2B00: libcurl info message cache 6 (necessary data rewind wasn't possible)
[2021.02.04-01.40.38:679][519]LogHttp: Warning: 0000025192FD2B00: libcurl info message cache 7 (Closing connection 1)
[2021.02.04-01.40.38:679][519]LogHttp: Warning: 0000025192FD2B00: libcurl info message cache 8 (TLSv1.2 (OUT), TLS alert, Client hello (1):)
[2021.02.04-01.40.38:688][520]LogHttp: Warning: Retry exhausted on https://datarouter.ol.epicgames.com/datarouter/api/v1/public/data?SessionID=%7BEE79650E-450D-5C10-17F4-9DA9874EC175%7D&AppID=UEEditor.Rocket.Release&AppVersion=4.25.4-14469661%2B%2B%2BUE4%2BRelease-4.25&UserID=1ef0005042868c227e3e6a9bb70d2893%7C9ce07566b3e8499d8258e7641dbf49df%7Cf53cb18d-12f6-44bc-9aab-9eed9a0334b5&AppEnvironment=datacollector-source&UploadType=eteventstream
[2021.02.04-01.43.34:460][385]LogThreadingWindows: Error: Runnable thread TaskGraphThreadNP 8 crashed.
[2021.02.04-01.43.34:460][385]LogWindows: Error: === Critical error: ===
[2021.02.04-01.43.34:460][385]LogWindows: Error: 
[2021.02.04-01.43.34:460][385]LogWindows: Error: Unhandled Exception: EXCEPTION_ACCESS_VIOLATION 0x00000014
[2021.02.04-01.43.34:460][385]LogWindows: Error: 
[2021.02.04-01.43.34:460][385]LogWindows: Error: [Callstack] 0x0000001400000014 UnknownFunction []
[2021.02.04-01.43.34:460][385]LogWindows: Error: [Callstack] 0x00007ffc824f9724 UE4Editor-CoreUObject.dll!UnknownFunction []
[2021.02.04-01.43.34:460][385]LogWindows: Error: [Callstack] 0x00007ffc827302c3 UE4Editor-CoreUObject.dll!UnknownFunction []
[2021.02.04-01.43.34:460][385]LogWindows: Error: [Callstack] 0x00007ffc826f6da1 UE4Editor-CoreUObject.dll!UnknownFunction []
[2021.02.04-01.43.34:460][385]LogWindows: Error: [Callstack] 0x00007ffc826fe11e UE4Editor-CoreUObject.dll!UnknownFunction []
[2021.02.04-01.43.34:460][385]LogWindows: Error: [Callstack] 0x00007ffc7fae7ad9 UE4Editor-Core.dll!UnknownFunction []
[2021.02.04-01.43.34:460][385]LogWindows: Error: [Callstack] 0x00007ffc7fae8b1d UE4Editor-Core.dll!UnknownFunction []
[2021.02.04-01.43.34:460][385]LogWindows: Error: [Callstack] 0x00007ffc7faf0eeb UE4Editor-Core.dll!UnknownFunction []
[2021.02.04-01.43.34:460][385]LogWindows: Error: [Callstack] 0x00007ffc7ffd04db UE4Editor-Core.dll!UnknownFunction []
[2021.02.04-01.43.34:460][385]LogWindows: Error: [Callstack] 0x00007ffc7ffc7eb0 UE4Editor-Core.dll!UnknownFunction []
[2021.02.04-01.43.34:460][385]LogWindows: Error: [Callstack] 0x00007ffcd4b27034 KERNEL32.DLL!UnknownFunction []
[2021.02.04-01.43.34:460][385]LogWindows: Error: [Callstack] 0x00007ffcd5e9d0d1 ntdll.dll!UnknownFunction []
[2021.02.04-01.43.34:460][385]LogWindows: Error: 
[2021.02.04-01.43.34:460][385]LogWindows: Error: Crash in runnable thread TaskGraphThreadNP 8
[2021.02.04-01.43.34:479][385]LogExit: Executing StaticShutdownAfterError
[2021.02.04-01.43.34:479][385]LogWindows: FPlatformMisc::RequestExit(1)
[2021.02.04-01.43.34:479][385]LogCore: Engine exit requested (reason: Win RequestExit)
[2021.02.04-01.43.34:486][385]Log file closed, 02/04/21 10:43:34
