Log file open, 03/09/21 15:37:44
LogInit: Display: Running engine for game: KJB_Portfolio
LogPlatformFile: Not using cached read wrapper
LogTaskGraph: Started task graph with 5 named threads and 35 total threads with 3 sets of task threads.
LogStats: Stats thread started at 0.199676
LogD3D11RHI: Loaded GFSDK_Aftermath_Lib.x64.dll
LogICUInternationalization: ICU TimeZone Detection - Raw Offset: +9:00, Platform Override: ''
LogPluginManager: Mounting plugin Paper2D
LogPluginManager: Mounting plugin AISupport
LogPluginManager: Mounting plugin LightPropagationVolume
LogPluginManager: Mounting plugin CameraShakePreviewer
LogPluginManager: Mounting plugin ActorLayerUtilities
LogPluginManager: Mounting plugin AnimationSharing
LogPluginManager: Mounting plugin CLionSourceCodeAccess
LogPluginManager: Mounting plugin CodeLiteSourceCodeAccess
LogPluginManager: Mounting plugin GitSourceControl
LogPluginManager: Mounting plugin KDevelopSourceCodeAccess
LogPluginManager: Mounting plugin NullSourceCodeAccess
LogPluginManager: Mounting plugin PerforceSourceControl
LogPluginManager: Mounting plugin PlasticSourceControl
LogPluginManager: Mounting plugin RiderSourceCodeAccess
LogPluginManager: Mounting plugin SubversionSourceControl
LogPluginManager: Mounting plugin UObjectPlugin
LogPluginManager: Mounting plugin VisualStudioCodeSourceCodeAccess
LogPluginManager: Mounting plugin VisualStudioSourceCodeAccess
LogPluginManager: Mounting plugin XCodeSourceCodeAccess
LogPluginManager: Mounting plugin AssetManagerEditor
LogPluginManager: Mounting plugin CryptoKeys
LogPluginManager: Mounting plugin CurveEditorTools
LogPluginManager: Mounting plugin DataValidation
LogPluginManager: Mounting plugin EditorScriptingUtilities
LogPluginManager: Mounting plugin FacialAnimation
LogPluginManager: Mounting plugin GameplayTagsEditor
LogPluginManager: Mounting plugin GeometryMode
LogPluginManager: Mounting plugin MacGraphicsSwitching
LogPluginManager: Mounting plugin MaterialAnalyzer
LogPluginManager: Mounting plugin MobileLauncherProfileWizard
LogPluginManager: Mounting plugin PluginBrowser
LogPluginManager: Mounting plugin SpeedTreeImporter
LogPluginManager: Mounting plugin DatasmithContent
LogPluginManager: Mounting plugin VariantManagerContent
LogPluginManager: Mounting plugin AlembicImporter
LogPluginManager: Mounting plugin AutomationUtils
LogPluginManager: Mounting plugin BackChannel
LogPluginManager: Mounting plugin ChaosCloth
LogPluginManager: Mounting plugin ChaosClothEditor
LogPluginManager: Mounting plugin ChaosEditor
LogPluginManager: Mounting plugin ChaosNiagara
LogPluginManager: Mounting plugin ChaosSolverPlugin
LogPluginManager: Mounting plugin CharacterAI
LogPluginManager: Mounting plugin GeometryCache
LogPluginManager: Mounting plugin GeometryCollectionPlugin
LogPluginManager: Mounting plugin GeometryProcessing
LogPluginManager: Mounting plugin PlanarCut
LogPluginManager: Mounting plugin PlatformCrypto
LogPluginManager: Mounting plugin ProxyLODPlugin
LogPluginManager: Mounting plugin SkeletalReduction
LogPluginManager: Mounting plugin Niagara
LogPluginManager: Mounting plugin MagicLeap
LogPluginManager: Mounting plugin MagicLeapLightEstimation
LogPluginManager: Mounting plugin MagicLeapMedia
LogPluginManager: Mounting plugin MagicLeapPassableWorld
LogPluginManager: Mounting plugin MLSDK
LogPluginManager: Mounting plugin AndroidMedia
LogPluginManager: Mounting plugin AvfMedia
LogPluginManager: Mounting plugin ImgMedia
LogPluginManager: Mounting plugin MediaCompositing
LogPluginManager: Mounting plugin MediaPlayerEditor
LogPluginManager: Mounting plugin WebMMedia
LogPluginManager: Mounting plugin WmfMedia
LogPluginManager: Mounting plugin MeshPainting
LogPluginManager: Mounting plugin TcpMessaging
LogPluginManager: Mounting plugin UdpMessaging
LogPluginManager: Mounting plugin ActorSequence
LogPluginManager: Mounting plugin LevelSequenceEditor
LogPluginManager: Mounting plugin MatineeToLevelSequence
LogPluginManager: Mounting plugin MovieRenderPipeline
LogPluginManager: Mounting plugin TemplateSequence
LogPluginManager: Mounting plugin NetcodeUnitTest
LogPluginManager: Mounting plugin NUTUnrealEngine4
LogPluginManager: Mounting plugin OnlineSubsystemGooglePlay
LogPluginManager: Mounting plugin OnlineSubsystemIOS
LogPluginManager: Mounting plugin OnlineSubsystem
LogPluginManager: Mounting plugin OnlineSubsystemNull
LogPluginManager: Mounting plugin OnlineSubsystemUtils
LogPluginManager: Mounting plugin LauncherChunkInstaller
LogPluginManager: Mounting plugin AndroidDeviceProfileSelector
LogPluginManager: Mounting plugin AndroidMoviePlayer
LogPluginManager: Mounting plugin AndroidPermission
LogPluginManager: Mounting plugin AppleImageUtils
LogPluginManager: Mounting plugin AppleMoviePlayer
LogPluginManager: Mounting plugin ArchVisCharacter
LogPluginManager: Mounting plugin AssetTags
LogPluginManager: Mounting plugin AudioCapture
LogPluginManager: Mounting plugin CableComponent
LogPluginManager: Mounting plugin CustomMeshComponent
LogPluginManager: Mounting plugin EditableMesh
LogPluginManager: Mounting plugin ExampleDeviceProfileSelector
LogPluginManager: Mounting plugin GoogleCloudMessaging
LogPluginManager: Mounting plugin GooglePAD
LogPluginManager: Mounting plugin IOSDeviceProfileSelector
LogPluginManager: Mounting plugin LinuxDeviceProfileSelector
LogPluginManager: Mounting plugin LocationServicesBPLibrary
LogPluginManager: Mounting plugin MobilePatchingUtils
LogPluginManager: Mounting plugin OculusVR
LogPluginManager: Mounting plugin PhysXVehicles
LogPluginManager: Mounting plugin PostSplashScreen
LogPluginManager: Mounting plugin ProceduralMeshComponent
LogPluginManager: Mounting plugin RuntimePhysXCooking
LogPluginManager: Mounting plugin SignificanceManager
LogPluginManager: Mounting plugin SoundFields
LogPluginManager: Mounting plugin SteamVR
LogPluginManager: Mounting plugin Synthesis
LogPluginManager: Mounting plugin WebMMoviePlayer
LogPluginManager: Mounting plugin WindowsMoviePlayer
LogPluginManager: Mounting plugin ScreenshotTools
LogInit: Using libcurl 7.55.1-DEV
LogInit:  - built for x86_64-pc-win32
LogInit:  - supports SSL with OpenSSL/1.1.1
LogInit:  - supports HTTP deflate (compression) using libz 1.2.8
LogInit:  - other features:
LogInit:      CURL_VERSION_SSL
LogInit:      CURL_VERSION_LIBZ
LogInit:      CURL_VERSION_IPV6
LogInit:      CURL_VERSION_ASYNCHDNS
LogInit:      CURL_VERSION_LARGEFILE
LogInit:      CURL_VERSION_IDN
LogInit:  CurlRequestOptions (configurable via config and command line):
LogInit:  - bVerifyPeer = true  - Libcurl will verify peer certificate
LogInit:  - bUseHttpProxy = false  - Libcurl will NOT use HTTP proxy
LogInit:  - bDontReuseConnections = false  - Libcurl will reuse connections
LogInit:  - MaxHostConnections = 16  - Libcurl will limit the number of connections to a host
LogInit:  - LocalHostAddr = Default
LogInit:  - BufferSize = 65536
LogOnline: OSS: Creating online subsystem instance for: NULL
LogInit: WinSock: version 1.1 (2.2), MaxSocks=32767, MaxUdp=65467
LogOnline: OSS: TryLoadSubsystemAndSetDefault: Loaded subsystem for module [NULL]
LogInit: Build: ++UE4+Release-4.25-CL-14469661
LogInit: Engine Version: 4.25.4-14469661+++UE4+Release-4.25
LogInit: Compatible Engine Version: 4.25.0-13144385+++UE4+Release-4.25
LogInit: Net CL: 13144385
LogInit: OS: Windows 10 (Release 2004) (), CPU: AMD Ryzen 5 3600 6-Core Processor              , GPU: NVIDIA GeForce GTX 1660 SUPER
LogInit: Compiled (64-bit): Oct 11 2020 08:10:49
LogInit: Compiled with Visual C++: 19.24.28315.00
LogInit: Build Configuration: Development
LogInit: Branch Name: ++UE4+Release-4.25
LogInit: Command Line:  -EpicPortal -epicusername=cheonjin13 -epicuserid=9ce07566b3e8499d8258e7641dbf49df -epiclocale=ko
LogInit: Base Directory: C:/Program Files/Epic Games/UE_4.25/Engine/Binaries/Win64/
LogInit: Allocator: TBB
LogInit: Installed Engine Build: 1
LogDevObjectVersion: Number of dev versions registered: 26
LogDevObjectVersion:   Dev-Blueprints (B0D832E4-1F89-4F0D-ACCF-7EB736FD4AA2): 10
LogDevObjectVersion:   Dev-Build (E1C64328-A22C-4D53-A36C-8E866417BD8C): 0
LogDevObjectVersion:   Dev-Core (375EC13C-06E4-48FB-B500-84F0262A717E): 4
LogDevObjectVersion:   Dev-Editor (E4B068ED-F494-42E9-A231-DA0B2E46BB41): 38
LogDevObjectVersion:   Dev-Framework (CFFC743F-43B0-4480-9391-14DF171D2073): 37
LogDevObjectVersion:   Dev-Mobile (B02B49B5-BB20-44E9-A304-32B752E40360): 2
LogDevObjectVersion:   Dev-Networking (A4E4105C-59A1-49B5-A7C5-40C4547EDFEE): 0
LogDevObjectVersion:   Dev-Online (39C831C9-5AE6-47DC-9A44-9C173E1C8E7C): 0
LogDevObjectVersion:   Dev-Physics (78F01B33-EBEA-4F98-B9B4-84EACCB95AA2): 4
LogDevObjectVersion:   Dev-Platform (6631380F-2D4D-43E0-8009-CF276956A95A): 0
LogDevObjectVersion:   Dev-Rendering (12F88B9F-8875-4AFC-A67C-D90C383ABD29): 43
LogDevObjectVersion:   Dev-Sequencer (7B5AE74C-D270-4C10-A958-57980B212A5A): 12
LogDevObjectVersion:   Dev-VR (D7296918-1DD6-4BDD-9DE2-64A83CC13884): 3
LogDevObjectVersion:   Dev-LoadTimes (C2A15278-BFE7-4AFE-6C17-90FF531DF755): 1
LogDevObjectVersion:   Private-Geometry (6EACA3D4-40EC-4CC1-B786-8BED09428FC5): 3
LogDevObjectVersion:   Dev-AnimPhys (29E575DD-E0A3-4627-9D10-D276232CDCEA): 17
LogDevObjectVersion:   Dev-Anim (AF43A65D-7FD3-4947-9873-3E8ED9C1BB05): 7
LogDevObjectVersion:   Dev-ReflectionCapture (6B266CEC-1EC7-4B8F-A30B-E4D90942FC07): 1
LogDevObjectVersion:   Dev-Automation (0DF73D61-A23F-47EA-B727-89E90C41499A): 1
LogDevObjectVersion:   FortniteMain (601D1886-AC64-4F84-AA16-D3DE0DEAC7D6): 31
LogDevObjectVersion:   Dev-Enterprise (9DFFBCD6-494F-0158-E221-12823C92A888): 10
LogDevObjectVersion:   Dev-Niagara (F2AED0AC-9AFE-416F-8664-AA7FFA26D6FC): 1
LogDevObjectVersion:   Dev-Destruction (174F1F0B-B4C6-45A5-B13F-2EE8D0FB917D): 10
LogDevObjectVersion:   Dev-Physics-Ext (35F94A83-E258-406C-A318-09F59610247C): 37
LogDevObjectVersion:   Dev-PhysicsMaterial-Chaos (B68FC16E-8B1B-42E2-B453-215C058844FE): 1
LogDevObjectVersion:   Dev-CineCamera (B2E18506-4273-CFC2-A54E-F4BB758BBA07): 1
LogInit: Presizing for max 25165824 objects, including 0 objects not considered by GC, pre-allocating 0 bytes for permanent pool.
LogConfig: Applying CVar settings from Section [/Script/Engine.StreamingSettings] File [C:/unrealP/KJB_Portfolio_UE4/KJB_Portfolio/Saved/Config/Windows/Engine.ini]
LogConfig: Setting CVar [[s.MinBulkDataSizeForAsyncLoading:131072]]
LogConfig: Setting CVar [[s.AsyncLoadingThreadEnabled:0]]
LogConfig: Setting CVar [[s.EventDrivenLoaderEnabled:1]]
LogConfig: Setting CVar [[s.WarnIfTimeLimitExceeded:0]]
LogConfig: Setting CVar [[s.TimeLimitExceededMultiplier:1.5]]
LogConfig: Setting CVar [[s.TimeLimitExceededMinTime:0.005]]
LogConfig: Setting CVar [[s.UseBackgroundLevelStreaming:1]]
LogConfig: Setting CVar [[s.PriorityAsyncLoadingExtraTime:15.0]]
LogConfig: Setting CVar [[s.LevelStreamingActorsUpdateTimeLimit:5.0]]
LogConfig: Setting CVar [[s.PriorityLevelStreamingActorsUpdateExtraTime:5.0]]
LogConfig: Setting CVar [[s.LevelStreamingComponentsRegistrationGranularity:10]]
LogConfig: Setting CVar [[s.UnregisterComponentsTimeLimit:1.0]]
LogConfig: Setting CVar [[s.LevelStreamingComponentsUnregistrationGranularity:5]]
LogConfig: Setting CVar [[s.FlushStreamingOnExit:1]]
LogInit: Object subsystem initialized
LogConfig: Setting CVar [[con.DebugEarlyDefault:1]]
LogConfig: Setting CVar [[r.setres:1280x720]]
[2021.03.09-06.37.44:677][  0]LogConfig: Setting CVar [[r.VSync:0]]
[2021.03.09-06.37.44:677][  0]LogConfig: Setting CVar [[r.RHICmdBypass:0]]
[2021.03.09-06.37.44:677][  0]LogConfig: Applying CVar settings from Section [/Script/Engine.RendererSettings] File [C:/unrealP/KJB_Portfolio_UE4/KJB_Portfolio/Saved/Config/Windows/Engine.ini]
[2021.03.09-06.37.44:677][  0]LogConfig: Setting CVar [[r.GPUCrashDebugging:0]]
[2021.03.09-06.37.44:677][  0]LogConfig: Applying CVar settings from Section [/Script/Engine.RendererOverrideSettings] File [C:/unrealP/KJB_Portfolio_UE4/KJB_Portfolio/Saved/Config/Windows/Engine.ini]
[2021.03.09-06.37.44:677][  0]LogConfig: Applying CVar settings from Section [/Script/Engine.StreamingSettings] File [C:/unrealP/KJB_Portfolio_UE4/KJB_Portfolio/Saved/Config/Windows/Engine.ini]
[2021.03.09-06.37.44:677][  0]LogConfig: Setting CVar [[s.MinBulkDataSizeForAsyncLoading:131072]]
[2021.03.09-06.37.44:677][  0]LogConfig: Setting CVar [[s.AsyncLoadingThreadEnabled:0]]
[2021.03.09-06.37.44:677][  0]LogConfig: Setting CVar [[s.EventDrivenLoaderEnabled:1]]
[2021.03.09-06.37.44:677][  0]LogConfig: Setting CVar [[s.WarnIfTimeLimitExceeded:0]]
[2021.03.09-06.37.44:677][  0]LogConfig: Setting CVar [[s.TimeLimitExceededMultiplier:1.5]]
[2021.03.09-06.37.44:677][  0]LogConfig: Setting CVar [[s.TimeLimitExceededMinTime:0.005]]
[2021.03.09-06.37.44:677][  0]LogConfig: Setting CVar [[s.UseBackgroundLevelStreaming:1]]
[2021.03.09-06.37.44:677][  0]LogConfig: Setting CVar [[s.PriorityAsyncLoadingExtraTime:15.0]]
[2021.03.09-06.37.44:677][  0]LogConfig: Setting CVar [[s.LevelStreamingActorsUpdateTimeLimit:5.0]]
[2021.03.09-06.37.44:677][  0]LogConfig: Setting CVar [[s.PriorityLevelStreamingActorsUpdateExtraTime:5.0]]
[2021.03.09-06.37.44:677][  0]LogConfig: Setting CVar [[s.LevelStreamingComponentsRegistrationGranularity:10]]
[2021.03.09-06.37.44:677][  0]LogConfig: Setting CVar [[s.UnregisterComponentsTimeLimit:1.0]]
[2021.03.09-06.37.44:677][  0]LogConfig: Setting CVar [[s.LevelStreamingComponentsUnregistrationGranularity:5]]
[2021.03.09-06.37.44:677][  0]LogConfig: Setting CVar [[s.FlushStreamingOnExit:1]]
[2021.03.09-06.37.44:677][  0]LogConfig: Applying CVar settings from Section [/Script/Engine.GarbageCollectionSettings] File [C:/unrealP/KJB_Portfolio_UE4/KJB_Portfolio/Saved/Config/Windows/Engine.ini]
[2021.03.09-06.37.44:677][  0]LogConfig: Setting CVar [[gc.MaxObjectsNotConsideredByGC:1]]
[2021.03.09-06.37.44:677][  0]LogConfig: Setting CVar [[gc.SizeOfPermanentObjectPool:0]]
[2021.03.09-06.37.44:677][  0]LogConfig: Setting CVar [[gc.FlushStreamingOnGC:0]]
[2021.03.09-06.37.44:677][  0]LogConfig: Setting CVar [[gc.NumRetriesBeforeForcingGC:10]]
[2021.03.09-06.37.44:677][  0]LogConfig: Setting CVar [[gc.AllowParallelGC:1]]
[2021.03.09-06.37.44:677][  0]LogConfig: Setting CVar [[gc.TimeBetweenPurgingPendingKillObjects:61.1]]
[2021.03.09-06.37.44:677][  0]LogConfig: Setting CVar [[gc.MaxObjectsInEditor:25165824]]
[2021.03.09-06.37.44:677][  0]LogConfig: Setting CVar [[gc.IncrementalBeginDestroyEnabled:1]]
[2021.03.09-06.37.44:677][  0]LogConfig: Setting CVar [[gc.CreateGCClusters:1]]
[2021.03.09-06.37.44:677][  0]LogConfig: Setting CVar [[gc.MinGCClusterSize:5]]
[2021.03.09-06.37.44:677][  0]LogConfig: Setting CVar [[gc.ActorClusteringEnabled:0]]
[2021.03.09-06.37.44:677][  0]LogConfig: Setting CVar [[gc.BlueprintClusteringEnabled:0]]
[2021.03.09-06.37.44:677][  0]LogConfig: Setting CVar [[gc.UseDisregardForGCOnDedicatedServers:0]]
[2021.03.09-06.37.44:677][  0]LogConfig: Applying CVar settings from Section [/Script/Engine.NetworkSettings] File [C:/unrealP/KJB_Portfolio_UE4/KJB_Portfolio/Saved/Config/Windows/Engine.ini]
[2021.03.09-06.37.44:677][  0]LogConfig: Applying CVar settings from Section [/Script/UnrealEd.CookerSettings] File [C:/unrealP/KJB_Portfolio_UE4/KJB_Portfolio/Saved/Config/Windows/Engine.ini]
[2021.03.09-06.37.44:681][  0]LogConfig: Applying CVar settings from Section [ViewDistanceQuality@3] File [C:/unrealP/KJB_Portfolio_UE4/KJB_Portfolio/Saved/Config/Windows/Scalability.ini]
[2021.03.09-06.37.44:681][  0]LogConfig: Setting CVar [[r.SkeletalMeshLODBias:0]]
[2021.03.09-06.37.44:681][  0]LogConfig: Setting CVar [[r.ViewDistanceScale:1.0]]
[2021.03.09-06.37.44:681][  0]LogConfig: Applying CVar settings from Section [AntiAliasingQuality@3] File [C:/unrealP/KJB_Portfolio_UE4/KJB_Portfolio/Saved/Config/Windows/Scalability.ini]
[2021.03.09-06.37.44:681][  0]LogConfig: Setting CVar [[r.PostProcessAAQuality:4]]
[2021.03.09-06.37.44:681][  0]LogConfig: Applying CVar settings from Section [ShadowQuality@3] File [C:/unrealP/KJB_Portfolio_UE4/KJB_Portfolio/Saved/Config/Windows/Scalability.ini]
[2021.03.09-06.37.44:681][  0]LogConfig: Setting CVar [[r.LightFunctionQuality:1]]
[2021.03.09-06.37.44:681][  0]LogConfig: Setting CVar [[r.ShadowQuality:5]]
[2021.03.09-06.37.44:681][  0]LogConfig: Setting CVar [[r.Shadow.CSM.MaxCascades:10]]
[2021.03.09-06.37.44:681][  0]LogConfig: Setting CVar [[r.Shadow.MaxResolution:2048]]
[2021.03.09-06.37.44:681][  0]LogConfig: Setting CVar [[r.Shadow.MaxCSMResolution:2048]]
[2021.03.09-06.37.44:681][  0]LogConfig: Setting CVar [[r.Shadow.RadiusThreshold:0.01]]
[2021.03.09-06.37.44:681][  0]LogConfig: Setting CVar [[r.Shadow.DistanceScale:1.0]]
[2021.03.09-06.37.44:681][  0]LogConfig: Setting CVar [[r.Shadow.CSM.TransitionScale:1.0]]
[2021.03.09-06.37.44:681][  0]LogConfig: Setting CVar [[r.Shadow.PreShadowResolutionFactor:1.0]]
[2021.03.09-06.37.44:681][  0]LogConfig: Setting CVar [[r.DistanceFieldShadowing:1]]
[2021.03.09-06.37.44:681][  0]LogConfig: Setting CVar [[r.DistanceFieldAO:1]]
[2021.03.09-06.37.44:681][  0]LogConfig: Setting CVar [[r.AOQuality:2]]
[2021.03.09-06.37.44:681][  0]LogConfig: Setting CVar [[r.VolumetricFog:1]]
[2021.03.09-06.37.44:681][  0]LogConfig: Setting CVar [[r.VolumetricFog.GridPixelSize:8]]
[2021.03.09-06.37.44:681][  0]LogConfig: Setting CVar [[r.VolumetricFog.GridSizeZ:128]]
[2021.03.09-06.37.44:681][  0]LogConfig: Setting CVar [[r.VolumetricFog.HistoryMissSupersampleCount:4]]
[2021.03.09-06.37.44:681][  0]LogConfig: Setting CVar [[r.LightMaxDrawDistanceScale:1]]
[2021.03.09-06.37.44:681][  0]LogConfig: Setting CVar [[r.CapsuleShadows:1]]
[2021.03.09-06.37.44:681][  0]LogConfig: Applying CVar settings from Section [PostProcessQuality@3] File [C:/unrealP/KJB_Portfolio_UE4/KJB_Portfolio/Saved/Config/Windows/Scalability.ini]
[2021.03.09-06.37.44:681][  0]LogConfig: Setting CVar [[r.MotionBlurQuality:4]]
[2021.03.09-06.37.44:681][  0]LogConfig: Setting CVar [[r.AmbientOcclusionMipLevelFactor:0.4]]
[2021.03.09-06.37.44:681][  0]LogConfig: Setting CVar [[r.AmbientOcclusionMaxQuality:100]]
[2021.03.09-06.37.44:681][  0]LogConfig: Setting CVar [[r.AmbientOcclusionLevels:-1]]
[2021.03.09-06.37.44:681][  0]LogConfig: Setting CVar [[r.AmbientOcclusionRadiusScale:1.0]]
[2021.03.09-06.37.44:681][  0]LogConfig: Setting CVar [[r.DepthOfFieldQuality:2]]
[2021.03.09-06.37.44:681][  0]LogConfig: Setting CVar [[r.RenderTargetPoolMin:400]]
[2021.03.09-06.37.44:681][  0]LogConfig: Setting CVar [[r.LensFlareQuality:2]]
[2021.03.09-06.37.44:681][  0]LogConfig: Setting CVar [[r.SceneColorFringeQuality:1]]
[2021.03.09-06.37.44:681][  0]LogConfig: Setting CVar [[r.EyeAdaptationQuality:2]]
[2021.03.09-06.37.44:681][  0]LogConfig: Setting CVar [[r.BloomQuality:5]]
[2021.03.09-06.37.44:681][  0]LogConfig: Setting CVar [[r.FastBlurThreshold:100]]
[2021.03.09-06.37.44:681][  0]LogConfig: Setting CVar [[r.Upscale.Quality:3]]
[2021.03.09-06.37.44:681][  0]LogConfig: Setting CVar [[r.Tonemapper.GrainQuantization:1]]
[2021.03.09-06.37.44:681][  0]LogConfig: Setting CVar [[r.LightShaftQuality:1]]
[2021.03.09-06.37.44:681][  0]LogConfig: Setting CVar [[r.Filter.SizeScale:1]]
[2021.03.09-06.37.44:681][  0]LogConfig: Setting CVar [[r.Tonemapper.Quality:5]]
[2021.03.09-06.37.44:681][  0]LogConfig: Setting CVar [[r.DOF.Gather.AccumulatorQuality:1        ; higher gathering accumulator quality]]
[2021.03.09-06.37.44:681][  0]LogConfig: Setting CVar [[r.DOF.Gather.PostfilterMethod:1          ; Median3x3 postfilering method]]
[2021.03.09-06.37.44:681][  0]LogConfig: Setting CVar [[r.DOF.Gather.EnableBokehSettings:0       ; no bokeh simulation when gathering]]
[2021.03.09-06.37.44:681][  0]LogConfig: Setting CVar [[r.DOF.Gather.RingCount:4                 ; medium number of samples when gathering]]
[2021.03.09-06.37.44:681][  0]LogConfig: Setting CVar [[r.DOF.Scatter.ForegroundCompositing:1    ; additive foreground scattering]]
[2021.03.09-06.37.44:681][  0]LogConfig: Setting CVar [[r.DOF.Scatter.BackgroundCompositing:2    ; additive background scattering]]
[2021.03.09-06.37.44:681][  0]LogConfig: Setting CVar [[r.DOF.Scatter.EnableBokehSettings:1      ; bokeh simulation when scattering]]
[2021.03.09-06.37.44:681][  0]LogConfig: Setting CVar [[r.DOF.Scatter.MaxSpriteRatio:0.1         ; only a maximum of 10% of scattered bokeh]]
[2021.03.09-06.37.44:681][  0]LogConfig: Setting CVar [[r.DOF.Recombine.Quality:1                ; cheap slight out of focus]]
[2021.03.09-06.37.44:681][  0]LogConfig: Setting CVar [[r.DOF.Recombine.EnableBokehSettings:0    ; no bokeh simulation on slight out of focus]]
[2021.03.09-06.37.44:682][  0]LogConfig: Setting CVar [[r.DOF.TemporalAAQuality:1                ; more stable temporal accumulation]]
[2021.03.09-06.37.44:682][  0]LogConfig: Setting CVar [[r.DOF.Kernel.MaxForegroundRadius:0.025]]
[2021.03.09-06.37.44:682][  0]LogConfig: Setting CVar [[r.DOF.Kernel.MaxBackgroundRadius:0.025]]
[2021.03.09-06.37.44:682][  0]LogConfig: Applying CVar settings from Section [TextureQuality@3] File [C:/unrealP/KJB_Portfolio_UE4/KJB_Portfolio/Saved/Config/Windows/Scalability.ini]
[2021.03.09-06.37.44:682][  0]LogConfig: Setting CVar [[r.Streaming.MipBias:0]]
[2021.03.09-06.37.44:682][  0]LogConfig: Setting CVar [[r.Streaming.AmortizeCPUToGPUCopy:0]]
[2021.03.09-06.37.44:682][  0]LogConfig: Setting CVar [[r.Streaming.MaxNumTexturesToStreamPerFrame:0]]
[2021.03.09-06.37.44:682][  0]LogConfig: Setting CVar [[r.Streaming.Boost:1]]
[2021.03.09-06.37.44:682][  0]LogConfig: Setting CVar [[r.MaxAnisotropy:8]]
[2021.03.09-06.37.44:682][  0]LogConfig: Setting CVar [[r.VT.MaxAnisotropy:8]]
[2021.03.09-06.37.44:682][  0]LogConfig: Setting CVar [[r.Streaming.LimitPoolSizeToVRAM:0]]
[2021.03.09-06.37.44:682][  0]LogConfig: Setting CVar [[r.Streaming.PoolSize:1000]]
[2021.03.09-06.37.44:682][  0]LogConfig: Setting CVar [[r.Streaming.MaxEffectiveScreenSize:0]]
[2021.03.09-06.37.44:682][  0]LogConfig: Applying CVar settings from Section [EffectsQuality@3] File [C:/unrealP/KJB_Portfolio_UE4/KJB_Portfolio/Saved/Config/Windows/Scalability.ini]
[2021.03.09-06.37.44:682][  0]LogConfig: Setting CVar [[r.TranslucencyLightingVolumeDim:64]]
[2021.03.09-06.37.44:682][  0]LogConfig: Setting CVar [[r.RefractionQuality:2]]
[2021.03.09-06.37.44:682][  0]LogConfig: Setting CVar [[r.SSR.Quality:3]]
[2021.03.09-06.37.44:682][  0]LogConfig: Setting CVar [[r.SSR.HalfResSceneColor:0]]
[2021.03.09-06.37.44:682][  0]LogConfig: Setting CVar [[r.SceneColorFormat:4]]
[2021.03.09-06.37.44:682][  0]LogConfig: Setting CVar [[r.DetailMode:2]]
[2021.03.09-06.37.44:682][  0]LogConfig: Setting CVar [[r.TranslucencyVolumeBlur:1]]
[2021.03.09-06.37.44:682][  0]LogConfig: Setting CVar [[r.MaterialQualityLevel:1 ; High quality]]
[2021.03.09-06.37.44:682][  0]LogConfig: Setting CVar [[r.SSS.Scale:1]]
[2021.03.09-06.37.44:682][  0]LogConfig: Setting CVar [[r.SSS.SampleSet:2]]
[2021.03.09-06.37.44:682][  0]LogConfig: Setting CVar [[r.SSS.Quality:1]]
[2021.03.09-06.37.44:682][  0]LogConfig: Setting CVar [[r.SSS.HalfRes:0]]
[2021.03.09-06.37.44:682][  0]LogConfig: Setting CVar [[r.SSGI.Quality:3]]
[2021.03.09-06.37.44:682][  0]LogConfig: Setting CVar [[r.EmitterSpawnRateScale:1.0]]
[2021.03.09-06.37.44:682][  0]LogConfig: Setting CVar [[r.ParticleLightQuality:2]]
[2021.03.09-06.37.44:682][  0]LogConfig: Setting CVar [[r.SkyAtmosphere.AerialPerspectiveLUT.FastApplyOnOpaque:1 ; Always have FastSkyLUT 1 in this case to avoid wrong sky]]
[2021.03.09-06.37.44:682][  0]LogConfig: Setting CVar [[r.SkyAtmosphere.AerialPerspectiveLUT.SampleCountPerSlice:1]]
[2021.03.09-06.37.44:682][  0]LogConfig: Setting CVar [[r.SkyAtmosphere.AerialPerspectiveLUT.DepthResolution:16.0]]
[2021.03.09-06.37.44:682][  0]LogConfig: Setting CVar [[r.SkyAtmosphere.FastSkyLUT:1]]
[2021.03.09-06.37.44:682][  0]LogConfig: Setting CVar [[r.SkyAtmosphere.FastSkyLUT.SampleCountMin:4.0]]
[2021.03.09-06.37.44:682][  0]LogConfig: Setting CVar [[r.SkyAtmosphere.FastSkyLUT.SampleCountMax:32.0]]
[2021.03.09-06.37.44:682][  0]LogConfig: Setting CVar [[r.SkyAtmosphere.SampleCountMin:4.0]]
[2021.03.09-06.37.44:682][  0]LogConfig: Setting CVar [[r.SkyAtmosphere.SampleCountMax:32.0]]
[2021.03.09-06.37.44:682][  0]LogConfig: Setting CVar [[r.SkyAtmosphere.TransmittanceLUT.UseSmallFormat:0]]
[2021.03.09-06.37.44:682][  0]LogConfig: Setting CVar [[r.SkyAtmosphere.TransmittanceLUT.SampleCount:10.0]]
[2021.03.09-06.37.44:682][  0]LogConfig: Setting CVar [[r.SkyAtmosphere.MultiScatteringLUT.SampleCount:15.0]]
[2021.03.09-06.37.44:682][  0]LogConfig: Applying CVar settings from Section [FoliageQuality@3] File [C:/unrealP/KJB_Portfolio_UE4/KJB_Portfolio/Saved/Config/Windows/Scalability.ini]
[2021.03.09-06.37.44:682][  0]LogConfig: Setting CVar [[foliage.DensityScale:1.0]]
[2021.03.09-06.37.44:682][  0]LogConfig: Setting CVar [[grass.DensityScale:1.0]]
[2021.03.09-06.37.44:682][  0]LogConfig: Applying CVar settings from Section [ShadingQuality@3] File [C:/unrealP/KJB_Portfolio_UE4/KJB_Portfolio/Saved/Config/Windows/Scalability.ini]
[2021.03.09-06.37.44:682][  0]LogConfig: Setting CVar [[r.HairStrands.SkyLighting.SampleCount:16]]
[2021.03.09-06.37.44:682][  0]LogConfig: Setting CVar [[r.HairStrands.SkyLighting.JitterIntegration:0]]
[2021.03.09-06.37.44:682][  0]LogConfig: Setting CVar [[r.HairStrands.SkyAO.SampleCount:16]]
[2021.03.09-06.37.44:682][  0]LogConfig: Setting CVar [[r.HairStrands.DeepShadow.SuperSampling:0]]
[2021.03.09-06.37.44:682][  0]LogConfig: Setting CVar [[r.HairStrands.VisibilityPPLL:0]]
[2021.03.09-06.37.44:682][  0]LogConfig: Setting CVar [[r.HairStrands.RasterizationScale:0.5]]
[2021.03.09-06.37.44:682][  0]LogConfig: Setting CVar [[r.HairStrands.VelocityRasterizationScale:1]]
[2021.03.09-06.37.44:682][  0]LogInit: Selected Device Profile: [Windows]
[2021.03.09-06.37.44:682][  0]LogInit: Applying CVar settings loaded from the selected device profile: [Windows]
[2021.03.09-06.37.44:682][  0]LogHAL: Display: Platform has ~ 16 GB [17110773760 / 17179869184 / 16], which maps to Larger [LargestMinGB=32, LargerMinGB=12, DefaultMinGB=8, SmallerMinGB=6, SmallestMinGB=0)
[2021.03.09-06.37.44:682][  0]LogInit: Going up to parent DeviceProfile []
[2021.03.09-06.37.44:682][  0]LogConfig: Applying CVar settings from Section [ViewDistanceQuality@1] File [C:/unrealP/KJB_Portfolio_UE4/KJB_Portfolio/Saved/Config/Windows/Scalability.ini]
[2021.03.09-06.37.44:682][  0]LogConfig: Setting CVar [[r.SkeletalMeshLODBias:1]]
[2021.03.09-06.37.44:682][  0]LogConfig: Setting CVar [[r.ViewDistanceScale:0.6]]
[2021.03.09-06.37.44:682][  0]LogConfig: Applying CVar settings from Section [AntiAliasingQuality@1] File [C:/unrealP/KJB_Portfolio_UE4/KJB_Portfolio/Saved/Config/Windows/Scalability.ini]
[2021.03.09-06.37.44:682][  0]LogConfig: Setting CVar [[r.PostProcessAAQuality:2]]
[2021.03.09-06.37.44:682][  0]LogConfig: Applying CVar settings from Section [ShadowQuality@1] File [C:/unrealP/KJB_Portfolio_UE4/KJB_Portfolio/Saved/Config/Windows/Scalability.ini]
[2021.03.09-06.37.44:682][  0]LogConfig: Setting CVar [[r.LightFunctionQuality:1]]
[2021.03.09-06.37.44:682][  0]LogConfig: Setting CVar [[r.ShadowQuality:3]]
[2021.03.09-06.37.44:682][  0]LogConfig: Setting CVar [[r.Shadow.CSM.MaxCascades:1]]
[2021.03.09-06.37.44:682][  0]LogConfig: Setting CVar [[r.Shadow.MaxResolution:1024]]
[2021.03.09-06.37.44:682][  0]LogConfig: Setting CVar [[r.Shadow.MaxCSMResolution:1024]]
[2021.03.09-06.37.44:682][  0]LogConfig: Setting CVar [[r.Shadow.RadiusThreshold:0.05]]
[2021.03.09-06.37.44:683][  0]LogConfig: Setting CVar [[r.Shadow.DistanceScale:0.7]]
[2021.03.09-06.37.44:683][  0]LogConfig: Setting CVar [[r.Shadow.CSM.TransitionScale:0.25]]
[2021.03.09-06.37.44:683][  0]LogConfig: Setting CVar [[r.Shadow.PreShadowResolutionFactor:0.5]]
[2021.03.09-06.37.44:683][  0]LogConfig: Setting CVar [[r.DistanceFieldShadowing:0]]
[2021.03.09-06.37.44:683][  0]LogConfig: Setting CVar [[r.DistanceFieldAO:0]]
[2021.03.09-06.37.44:683][  0]LogConfig: Setting CVar [[r.VolumetricFog:0]]
[2021.03.09-06.37.44:683][  0]LogConfig: Setting CVar [[r.LightMaxDrawDistanceScale:.5]]
[2021.03.09-06.37.44:683][  0]LogConfig: Setting CVar [[r.CapsuleShadows:1]]
[2021.03.09-06.37.44:683][  0]LogConfig: Applying CVar settings from Section [PostProcessQuality@1] File [C:/unrealP/KJB_Portfolio_UE4/KJB_Portfolio/Saved/Config/Windows/Scalability.ini]
[2021.03.09-06.37.44:683][  0]LogConfig: Setting CVar [[r.MotionBlurQuality:3]]
[2021.03.09-06.37.44:683][  0]LogConfig: Setting CVar [[r.AmbientOcclusionMipLevelFactor:1.0]]
[2021.03.09-06.37.44:683][  0]LogConfig: Setting CVar [[r.AmbientOcclusionMaxQuality:60]]
[2021.03.09-06.37.44:683][  0]LogConfig: Setting CVar [[r.AmbientOcclusionLevels:-1]]
[2021.03.09-06.37.44:683][  0]LogConfig: Setting CVar [[r.AmbientOcclusionRadiusScale:1.5]]
[2021.03.09-06.37.44:683][  0]LogConfig: Setting CVar [[r.DepthOfFieldQuality:1]]
[2021.03.09-06.37.44:683][  0]LogConfig: Setting CVar [[r.RenderTargetPoolMin:350]]
[2021.03.09-06.37.44:683][  0]LogConfig: Setting CVar [[r.LensFlareQuality:0]]
[2021.03.09-06.37.44:683][  0]LogConfig: Setting CVar [[r.SceneColorFringeQuality:0]]
[2021.03.09-06.37.44:683][  0]LogConfig: Setting CVar [[r.EyeAdaptationQuality:0]]
[2021.03.09-06.37.44:683][  0]LogConfig: Setting CVar [[r.BloomQuality:4]]
[2021.03.09-06.37.44:683][  0]LogConfig: Setting CVar [[r.FastBlurThreshold:2]]
[2021.03.09-06.37.44:683][  0]LogConfig: Setting CVar [[r.Upscale.Quality:2]]
[2021.03.09-06.37.44:683][  0]LogConfig: Setting CVar [[r.Tonemapper.GrainQuantization:0]]
[2021.03.09-06.37.44:683][  0]LogConfig: Setting CVar [[r.LightShaftQuality:0]]
[2021.03.09-06.37.44:683][  0]LogConfig: Setting CVar [[r.Filter.SizeScale:0.7]]
[2021.03.09-06.37.44:683][  0]LogConfig: Setting CVar [[r.Tonemapper.Quality:2]]
[2021.03.09-06.37.44:683][  0]LogConfig: Setting CVar [[r.DOF.Gather.AccumulatorQuality:0        ; lower gathering accumulator quality]]
[2021.03.09-06.37.44:683][  0]LogConfig: Setting CVar [[r.DOF.Gather.PostfilterMethod:2          ; Max3x3 postfilering method]]
[2021.03.09-06.37.44:683][  0]LogConfig: Setting CVar [[r.DOF.Gather.EnableBokehSettings:0       ; no bokeh simulation when gathering]]
[2021.03.09-06.37.44:683][  0]LogConfig: Setting CVar [[r.DOF.Gather.RingCount:3                 ; low number of samples when gathering]]
[2021.03.09-06.37.44:683][  0]LogConfig: Setting CVar [[r.DOF.Scatter.ForegroundCompositing:0    ; no foreground scattering]]
[2021.03.09-06.37.44:683][  0]LogConfig: Setting CVar [[r.DOF.Scatter.BackgroundCompositing:0    ; no foreground scattering]]
[2021.03.09-06.37.44:683][  0]LogConfig: Setting CVar [[r.DOF.Recombine.Quality:0                ; no slight out of focus]]
[2021.03.09-06.37.44:683][  0]LogConfig: Setting CVar [[r.DOF.TemporalAAQuality:0                ; faster temporal accumulation]]
[2021.03.09-06.37.44:683][  0]LogConfig: Setting CVar [[r.DOF.Kernel.MaxForegroundRadius:0.006   ; required because low gathering and no scattering and not looking great at 1080p]]
[2021.03.09-06.37.44:683][  0]LogConfig: Setting CVar [[r.DOF.Kernel.MaxBackgroundRadius:0.006   ; required because low gathering and no scattering and not looking great at 1080p]]
[2021.03.09-06.37.44:683][  0]LogConfig: Applying CVar settings from Section [TextureQuality@1] File [C:/unrealP/KJB_Portfolio_UE4/KJB_Portfolio/Saved/Config/Windows/Scalability.ini]
[2021.03.09-06.37.44:683][  0]LogConfig: Setting CVar [[r.Streaming.MipBias:1]]
[2021.03.09-06.37.44:683][  0]LogConfig: Setting CVar [[r.Streaming.AmortizeCPUToGPUCopy:0]]
[2021.03.09-06.37.44:683][  0]LogConfig: Setting CVar [[r.Streaming.MaxNumTexturesToStreamPerFrame:0]]
[2021.03.09-06.37.44:683][  0]LogConfig: Setting CVar [[r.Streaming.Boost:1]]
[2021.03.09-06.37.44:683][  0]LogConfig: Setting CVar [[r.MaxAnisotropy:2]]
[2021.03.09-06.37.44:683][  0]LogConfig: Setting CVar [[r.VT.MaxAnisotropy:4]]
[2021.03.09-06.37.44:683][  0]LogConfig: Setting CVar [[r.Streaming.LimitPoolSizeToVRAM:1]]
[2021.03.09-06.37.44:683][  0]LogConfig: Setting CVar [[r.Streaming.PoolSize:600]]
[2021.03.09-06.37.44:683][  0]LogConfig: Setting CVar [[r.Streaming.MaxEffectiveScreenSize:0]]
[2021.03.09-06.37.44:683][  0]LogConfig: Applying CVar settings from Section [EffectsQuality@1] File [C:/unrealP/KJB_Portfolio_UE4/KJB_Portfolio/Saved/Config/Windows/Scalability.ini]
[2021.03.09-06.37.44:683][  0]LogConfig: Setting CVar [[r.TranslucencyLightingVolumeDim:32]]
[2021.03.09-06.37.44:683][  0]LogConfig: Setting CVar [[r.RefractionQuality:0]]
[2021.03.09-06.37.44:683][  0]LogConfig: Setting CVar [[r.SSR.Quality:0]]
[2021.03.09-06.37.44:683][  0]LogConfig: Setting CVar [[r.SSR.HalfResSceneColor:1]]
[2021.03.09-06.37.44:683][  0]LogConfig: Setting CVar [[r.SceneColorFormat:3]]
[2021.03.09-06.37.44:683][  0]LogConfig: Setting CVar [[r.DetailMode:1]]
[2021.03.09-06.37.44:683][  0]LogConfig: Setting CVar [[r.TranslucencyVolumeBlur:0]]
[2021.03.09-06.37.44:683][  0]LogConfig: Setting CVar [[r.MaterialQualityLevel:2 ; Medium quality]]
[2021.03.09-06.37.44:683][  0]LogConfig: Setting CVar [[r.SSS.Scale:0.75]]
[2021.03.09-06.37.44:683][  0]LogConfig: Setting CVar [[r.SSS.SampleSet:0]]
[2021.03.09-06.37.44:683][  0]LogConfig: Setting CVar [[r.SSS.Quality:0]]
[2021.03.09-06.37.44:683][  0]LogConfig: Setting CVar [[r.SSS.HalfRes:1]]
[2021.03.09-06.37.44:683][  0]LogConfig: Setting CVar [[r.SSGI.Quality:1]]
[2021.03.09-06.37.44:683][  0]LogConfig: Setting CVar [[r.EmitterSpawnRateScale:0.25]]
[2021.03.09-06.37.44:683][  0]LogConfig: Setting CVar [[r.ParticleLightQuality:0]]
[2021.03.09-06.37.44:683][  0]LogConfig: Setting CVar [[r.SkyAtmosphere.AerialPerspectiveLUT.FastApplyOnOpaque:1 ; Always have FastSkyLUT 1 in this case to avoid wrong sky]]
[2021.03.09-06.37.44:683][  0]LogConfig: Setting CVar [[r.SkyAtmosphere.AerialPerspectiveLUT.SampleCountPerSlice:1]]
[2021.03.09-06.37.44:683][  0]LogConfig: Setting CVar [[r.SkyAtmosphere.AerialPerspectiveLUT.DepthResolution:16.0]]
[2021.03.09-06.37.44:683][  0]LogConfig: Setting CVar [[r.SkyAtmosphere.FastSkyLUT:1]]
[2021.03.09-06.37.44:683][  0]LogConfig: Setting CVar [[r.SkyAtmosphere.FastSkyLUT.SampleCountMin:4.0]]
[2021.03.09-06.37.44:683][  0]LogConfig: Setting CVar [[r.SkyAtmosphere.FastSkyLUT.SampleCountMax:32.0]]
[2021.03.09-06.37.44:683][  0]LogConfig: Setting CVar [[r.SkyAtmosphere.SampleCountMin:4.0]]
[2021.03.09-06.37.44:683][  0]LogConfig: Setting CVar [[r.SkyAtmosphere.SampleCountMax:32.0]]
[2021.03.09-06.37.44:683][  0]LogConfig: Setting CVar [[r.SkyAtmosphere.TransmittanceLUT.UseSmallFormat:0]]
[2021.03.09-06.37.44:683][  0]LogConfig: Setting CVar [[r.SkyAtmosphere.TransmittanceLUT.SampleCount:10.0]]
[2021.03.09-06.37.44:683][  0]LogConfig: Setting CVar [[r.SkyAtmosphere.MultiScatteringLUT.SampleCount:15.0]]
[2021.03.09-06.37.44:683][  0]LogConfig: Applying CVar settings from Section [FoliageQuality@1] File [C:/unrealP/KJB_Portfolio_UE4/KJB_Portfolio/Saved/Config/Windows/Scalability.ini]
[2021.03.09-06.37.44:684][  0]LogConfig: Setting CVar [[foliage.DensityScale:0.4]]
[2021.03.09-06.37.44:684][  0]LogConfig: Setting CVar [[grass.DensityScale:0.4]]
[2021.03.09-06.37.44:684][  0]LogConfig: Applying CVar settings from Section [ShadingQuality@3] File [C:/unrealP/KJB_Portfolio_UE4/KJB_Portfolio/Saved/Config/Windows/Scalability.ini]
[2021.03.09-06.37.44:684][  0]LogConfig: Setting CVar [[r.HairStrands.SkyLighting.SampleCount:16]]
[2021.03.09-06.37.44:684][  0]LogConfig: Setting CVar [[r.HairStrands.SkyLighting.JitterIntegration:0]]
[2021.03.09-06.37.44:684][  0]LogConfig: Setting CVar [[r.HairStrands.SkyAO.SampleCount:16]]
[2021.03.09-06.37.44:684][  0]LogConfig: Setting CVar [[r.HairStrands.DeepShadow.SuperSampling:0]]
[2021.03.09-06.37.44:684][  0]LogConfig: Setting CVar [[r.HairStrands.VisibilityPPLL:0]]
[2021.03.09-06.37.44:684][  0]LogConfig: Setting CVar [[r.HairStrands.RasterizationScale:0.5]]
[2021.03.09-06.37.44:684][  0]LogConfig: Setting CVar [[r.HairStrands.VelocityRasterizationScale:1]]
[2021.03.09-06.37.44:684][  0]LogConfig: Applying CVar settings from Section [Startup] File [../../../Engine/Config/ConsoleVariables.ini]
[2021.03.09-06.37.44:684][  0]LogConfig: Setting CVar [[net.UseAdaptiveNetUpdateFrequency:0]]
[2021.03.09-06.37.44:684][  0]LogConfig: Setting CVar [[p.chaos.AllowCreatePhysxBodies:1]]
[2021.03.09-06.37.44:684][  0]LogConfig: Setting CVar [[fx.SkipVectorVMBackendOptimizations:1]]
[2021.03.09-06.37.44:684][  0]LogConfig: Applying CVar settings from Section [ConsoleVariables] File [C:/unrealP/KJB_Portfolio_UE4/KJB_Portfolio/Saved/Config/Windows/Engine.ini]
[2021.03.09-06.37.44:684][  0]LogInit: Computer: DESKTOP-6HEEP2H
[2021.03.09-06.37.44:684][  0]LogInit: User: KJB
[2021.03.09-06.37.44:684][  0]LogInit: CPU Page size=4096, Cores=6
[2021.03.09-06.37.44:684][  0]LogInit: High frequency timer resolution =10.000000 MHz
[2021.03.09-06.37.44:684][  0]LogMemory: Memory total: Physical=15.9GB (16GB approx)
[2021.03.09-06.37.44:684][  0]LogMemory: Platform Memory Stats for Windows
[2021.03.09-06.37.44:684][  0]LogMemory: Process Physical Memory: 117.47 MB used, 117.48 MB peak
[2021.03.09-06.37.44:684][  0]LogMemory: Process Virtual Memory: 105.50 MB used, 105.50 MB peak
[2021.03.09-06.37.44:684][  0]LogMemory: Physical Memory: 11317.07 MB used,  5001.04 MB free, 16318.11 MB total
[2021.03.09-06.37.44:684][  0]LogMemory: Virtual Memory: 5175.00 MB used,  134212552.00 MB free, 134217728.00 MB total
[2021.03.09-06.37.44:694][  0]LogWindows: WindowsPlatformFeatures enabled
[2021.03.09-06.37.44:806][  0]LogInit: Physics initialised using underlying interface: PhysX
[2021.03.09-06.37.44:807][  0]LogInit: Using OS detected language (ko-KR).
[2021.03.09-06.37.44:807][  0]LogInit: Using OS detected locale (ko-KR).
[2021.03.09-06.37.44:811][  0]LogTextLocalizationManager: No specific localization for 'ko-KR' exists, so the 'ko' localization will be used.
[2021.03.09-06.37.44:901][  0]LogInit: Setting process to per monitor DPI aware
[2021.03.09-06.37.44:956][  0]LogSlate: New Slate User Created.  User Index 0, Is Virtual User: 0
[2021.03.09-06.37.44:956][  0]LogSlate: Slate User Registered.  User Index 0, Is Virtual User: 0
[2021.03.09-06.37.45:142][  0]LogHMD: Failed to initialize OpenVR with code 110
[2021.03.09-06.37.45:142][  0]LogD3D11RHI: D3D11 min allowed feature level: 11_0
[2021.03.09-06.37.45:142][  0]LogD3D11RHI: D3D11 max allowed feature level: 11_0
[2021.03.09-06.37.45:142][  0]LogD3D11RHI: D3D11 adapters:
[2021.03.09-06.37.45:249][  0]LogD3D11RHI:    0. 'NVIDIA GeForce GTX 1660 SUPER' (Feature Level 11_0)
[2021.03.09-06.37.45:249][  0]LogD3D11RHI:       5991/0/8159 MB DedicatedVideo/DedicatedSystem/SharedSystem, Outputs:1, VendorId:0x10de
[2021.03.09-06.37.45:252][  0]LogD3D11RHI:    1. 'Microsoft Basic Render Driver' (Feature Level 11_0)
[2021.03.09-06.37.45:252][  0]LogD3D11RHI:       0/0/8159 MB DedicatedVideo/DedicatedSystem/SharedSystem, Outputs:0, VendorId:0x1414
[2021.03.09-06.37.45:252][  0]LogD3D11RHI: Chosen D3D11 Adapter: 0
[2021.03.09-06.37.45:259][  0]LogD3D11RHI: Creating new Direct3DDevice
[2021.03.09-06.37.45:259][  0]LogD3D11RHI:     GPU DeviceId: 0x21c4 (for the marketing name, search the web for "GPU Device Id")
[2021.03.09-06.37.45:259][  0]LogWindows: EnumDisplayDevices:
[2021.03.09-06.37.45:259][  0]LogWindows:    0. 'NVIDIA GeForce GTX 1660 SUPER' (P:1 D:1)
[2021.03.09-06.37.45:260][  0]LogWindows:    1. 'NVIDIA GeForce GTX 1660 SUPER' (P:0 D:0)
[2021.03.09-06.37.45:261][  0]LogWindows:    2. 'NVIDIA GeForce GTX 1660 SUPER' (P:0 D:0)
[2021.03.09-06.37.45:262][  0]LogWindows:    3. 'NVIDIA GeForce GTX 1660 SUPER' (P:0 D:0)
[2021.03.09-06.37.45:262][  0]LogWindows: DebugString: FoundDriverCount:4 
[2021.03.09-06.37.45:262][  0]LogD3D11RHI:     Adapter Name: NVIDIA GeForce GTX 1660 SUPER
[2021.03.09-06.37.45:262][  0]LogD3D11RHI:   Driver Version: 461.40 (internal:27.21.14.6140, unified:461.40)
[2021.03.09-06.37.45:262][  0]LogD3D11RHI:      Driver Date: 1-22-2021
[2021.03.09-06.37.45:262][  0]LogRHI: Texture pool is 4193 MB (70% of 5991 MB)
[2021.03.09-06.37.45:335][  0]LogD3D11RHI: RHI has support for 64 bit atomics
[2021.03.09-06.37.45:335][  0]LogD3D11RHI: Async texture creation enabled
[2021.03.09-06.37.45:335][  0]LogD3D11RHI: Array index from any shader is supported
[2021.03.09-06.37.45:351][  0]LogD3D11RHI: GPU Timing Frequency: 1000.000000 (Debug: 2 1)
[2021.03.09-06.37.45:709][  0]LogTargetPlatformManager: Display: Loaded TargetPlatform 'AllDesktop'
[2021.03.09-06.37.45:733][  0]LogTargetPlatformManager: Display: Loaded TargetPlatform 'Android'
[2021.03.09-06.37.45:733][  0]LogTargetPlatformManager: Display: Loaded TargetPlatform 'Android_ASTC'
[2021.03.09-06.37.45:734][  0]LogTargetPlatformManager: Display: Loaded TargetPlatform 'Android_DXT'
[2021.03.09-06.37.45:734][  0]LogTargetPlatformManager: Display: Loaded TargetPlatform 'Android_ETC2'
[2021.03.09-06.37.45:734][  0]LogTargetPlatformManager: Display: Loaded TargetPlatform 'AndroidClient'
[2021.03.09-06.37.45:734][  0]LogTargetPlatformManager: Display: Loaded TargetPlatform 'Android_ASTCClient'
[2021.03.09-06.37.45:734][  0]LogTargetPlatformManager: Display: Loaded TargetPlatform 'Android_DXTClient'
[2021.03.09-06.37.45:734][  0]LogTargetPlatformManager: Display: Loaded TargetPlatform 'Android_ETC2Client'
[2021.03.09-06.37.45:734][  0]LogTargetPlatformManager: Display: Loaded TargetPlatform 'Android_Multi'
[2021.03.09-06.37.45:734][  0]LogTargetPlatformManager: Display: Loaded TargetPlatform 'Android_MultiClient'
[2021.03.09-06.37.45:765][  0]LogTargetPlatformManager: Display: Loaded TargetPlatform 'IOSClient'
[2021.03.09-06.37.45:765][  0]LogTargetPlatformManager: Display: Loaded TargetPlatform 'IOS'
[2021.03.09-06.37.45:778][  0]LogTargetPlatformManager: Display: Loaded TargetPlatform 'Linux'
[2021.03.09-06.37.45:790][  0]LogTargetPlatformManager: Display: Loaded TargetPlatform 'LinuxNoEditor'
[2021.03.09-06.37.45:802][  0]LogTargetPlatformManager: Display: Loaded TargetPlatform 'LinuxClient'
[2021.03.09-06.37.45:814][  0]LogTargetPlatformManager: Display: Loaded TargetPlatform 'LinuxServer'
[2021.03.09-06.37.45:827][  0]LogTargetPlatformManager: Display: Loaded TargetPlatform 'LinuxAArch64NoEditor'
[2021.03.09-06.37.45:840][  0]LogTargetPlatformManager: Display: Loaded TargetPlatform 'LinuxAArch64Client'
[2021.03.09-06.37.45:851][  0]LogTargetPlatformManager: Display: Loaded TargetPlatform 'LinuxAArch64Server'
[2021.03.09-06.37.45:880][  0]LogTargetPlatformManager: Display: Loaded TargetPlatform 'Lumin'
[2021.03.09-06.37.45:880][  0]LogTargetPlatformManager: Display: Loaded TargetPlatform 'LuminClient'
[2021.03.09-06.37.45:898][  0]LogTargetPlatformManager: Display: Loaded TargetPlatform 'TVOSClient'
[2021.03.09-06.37.45:898][  0]LogTargetPlatformManager: Display: Loaded TargetPlatform 'TVOS'
[2021.03.09-06.37.45:910][  0]LogTargetPlatformManager: Display: Loaded TargetPlatform 'WindowsNoEditor'
[2021.03.09-06.37.45:921][  0]LogTargetPlatformManager: Display: Loaded TargetPlatform 'Windows'
[2021.03.09-06.37.45:933][  0]LogTargetPlatformManager: Display: Loaded TargetPlatform 'WindowsClient'
[2021.03.09-06.37.45:944][  0]LogTargetPlatformManager: Display: Loaded TargetPlatform 'WindowsServer'
[2021.03.09-06.37.45:944][  0]LogTargetPlatformManager: Display: Building Assets For Windows
[2021.03.09-06.37.45:956][  0]LogAudioDebug: Display: Lib vorbis DLL was dynamically loaded.
[2021.03.09-06.37.46:051][  0]LogShaderCompilers: Guid format shader working directory is -13 characters bigger than the processId version (../../../../../../unrealP/KJB_Portfolio_UE4/KJB_Portfolio/Intermediate/Shaders/WorkingDirectory/8020/).
[2021.03.09-06.37.46:051][  0]LogShaderCompilers: Cleaned the shader compiler working directory 'C:/Users/KJB/AppData/Local/Temp/UnrealShaderWorkingDir/8E6E79614FCB6370EB9F0D8003D2121A/'.
[2021.03.09-06.37.46:052][  0]LogXGEController: Cannot use XGE Controller as Incredibuild is not installed on this machine.
[2021.03.09-06.37.46:052][  0]LogShaderCompilers: Cannot use XGE Shader Compiler as Incredibuild is not installed on this machine.
[2021.03.09-06.37.46:052][  0]LogShaderCompilers: Display: Using Local Shader Compiler.
[2021.03.09-06.37.46:744][  0]LogDerivedDataCache: Display: Max Cache Size: 512 MB
[2021.03.09-06.37.46:804][  0]LogDerivedDataCache: Loaded boot cache 0.06s 123MB C:/Users/KJB/AppData/Local/UnrealEngine/4.25/DerivedDataCache/Boot.ddc.
[2021.03.09-06.37.46:804][  0]LogDerivedDataCache: Display: Loaded Boot cache: C:/Users/KJB/AppData/Local/UnrealEngine/4.25/DerivedDataCache/Boot.ddc
[2021.03.09-06.37.46:804][  0]LogDerivedDataCache: FDerivedDataBackendGraph:  Pak pak cache file ../../../../../../unrealP/KJB_Portfolio_UE4/KJB_Portfolio/DerivedDataCache/DDC.ddp not found, will not use a pak cache.
[2021.03.09-06.37.46:804][  0]LogDerivedDataCache: Unable to find inner node Pak for hierarchical cache Hierarchy.
[2021.03.09-06.37.46:804][  0]LogDerivedDataCache: FDerivedDataBackendGraph:  CompressedPak pak cache file ../../../../../../unrealP/KJB_Portfolio_UE4/KJB_Portfolio/DerivedDataCache/Compressed.ddp not found, will not use a pak cache.
[2021.03.09-06.37.46:804][  0]LogDerivedDataCache: Unable to find inner node CompressedPak for hierarchical cache Hierarchy.
[2021.03.09-06.37.46:814][  0]LogDerivedDataCache: Display: Pak cache opened for reading ../../../Engine/DerivedDataCache/Compressed.ddp.
[2021.03.09-06.37.46:814][  0]LogDerivedDataCache: FDerivedDataBackendGraph:  EnterprisePak pak cache file ../../../Enterprise/DerivedDataCache/Compressed.ddp not found, will not use a pak cache.
[2021.03.09-06.37.46:814][  0]LogDerivedDataCache: Unable to find inner node EnterprisePak for hierarchical cache Hierarchy.
[2021.03.09-06.37.46:815][  0]LogDerivedDataCache: Using Local data cache path C:/Users/KJB/AppData/Local/UnrealEngine/Common/DerivedDataCache: Writable
[2021.03.09-06.37.46:816][  0]LogDerivedDataCache: Shared data cache path not found in *engine.ini, will not use an Shared cache.
[2021.03.09-06.37.46:816][  0]LogDerivedDataCache: Unable to find inner node Shared for hierarchical cache Hierarchy.
[2021.03.09-06.37.46:858][  0]LogSlate: Using FreeType 2.10.0
[2021.03.09-06.37.46:859][  0]LogSlate: SlateFontServices - WITH_FREETYPE: 1, WITH_HARFBUZZ: 1
[2021.03.09-06.37.46:883][  0]LogAssetRegistry: FAssetRegistry took 0.0030 seconds to start up
[2021.03.09-06.37.47:125][  0]LogInit: Selected Device Profile: [Windows]
[2021.03.09-06.37.47:242][  0]LogMeshReduction: Using QuadricMeshReduction for automatic static mesh reduction
[2021.03.09-06.37.47:242][  0]LogMeshReduction: Using SimplygonMeshReduction for automatic skeletal mesh reduction
[2021.03.09-06.37.47:242][  0]LogMeshReduction: Using ProxyLODMeshReduction for automatic mesh merging
[2021.03.09-06.37.47:242][  0]LogMeshReduction: No distributed automatic mesh merging module available
[2021.03.09-06.37.47:242][  0]LogMeshMerging: No distributed automatic mesh merging module available
[2021.03.09-06.37.47:256][  0]LogNetVersion: KJB_Portfolio 1.0.0, NetCL: 13144385, EngineNetVer: 14, GameNetVer: 0 (Checksum: 3600608709)
[2021.03.09-06.37.47:643][  0]LogAISub: UAISubsystem::UAISubsystem AISubsystem (000001F92CB57AC0), frame # 0
[2021.03.09-06.37.47:643][  0]LogAISub: UAISubsystem::UAISubsystem AIPerceptionSystem (000001F92CB4FC40), frame # 0
[2021.03.09-06.37.47:644][  0]LogAISub: UAISubsystem::UAISubsystem EnvQueryManager (000001F92CBBDE00), frame # 0
[2021.03.09-06.37.47:676][  0]LogPackageLocalizationCache: Processed 19 localized package path(s) for 1 prioritized culture(s) in 0.027233 seconds
[2021.03.09-06.37.47:681][  0]LogUObjectArray: 15917 objects as part of root set at end of initial load.
[2021.03.09-06.37.47:681][  0]LogUObjectAllocator: 3965568 out of 0 bytes used by permanent object pool.
[2021.03.09-06.37.47:681][  0]LogUObjectArray: CloseDisregardForGC: 0/0 objects in disregard for GC pool
[2021.03.09-06.37.48:103][  0]LogTcpMessaging: Initializing TcpMessaging bridge
[2021.03.09-06.37.48:111][  0]LogUdpMessaging: Initializing bridge on interface 0.0.0.0:0 to multicast group 230.0.0.1:6666.
[2021.03.09-06.37.49:045][  0]SourceControl: 소스 컨트롤이 꺼졌습니다.
[2021.03.09-06.37.49:045][  0]SourceControl: 소스 컨트롤이 꺼졌습니다.
[2021.03.09-06.37.49:049][  0]SourceControl: 소스 컨트롤이 꺼졌습니다.
[2021.03.09-06.37.49:054][  0]SourceControl: 소스 컨트롤이 꺼졌습니다.
[2021.03.09-06.37.49:064][  0]SourceControl: 소스 컨트롤이 꺼졌습니다.
[2021.03.09-06.37.49:403][  0]LogAndroidPermission: UAndroidPermissionCallbackProxy::GetInstance
[2021.03.09-06.37.49:432][  0]LogAudioCaptureCore: Display: No Audio Capture implementations found. Audio input will be silent.
[2021.03.09-06.37.49:432][  0]LogAudioCaptureCore: Display: No Audio Capture implementations found. Audio input will be silent.
[2021.03.09-06.37.49:496][  0]LogOcInput: OculusInput pre-init called
[2021.03.09-06.37.49:512][  0]LogWindows: Failed to load 'OVRPlugin.dll' (GetLastError=126)
[2021.03.09-06.37.49:512][  0]LogWindows: File 'OVRPlugin.dll' does not exist
[2021.03.09-06.37.49:611][  0]LogEngine: Initializing Engine...
[2021.03.09-06.37.49:612][  0]LogHMD: Failed to initialize OpenVR with code 110
[2021.03.09-06.37.49:612][  0]LogMagicLeap: Warning: VR disabled because ZI is not enabled.  To enable, in the editor, Edit -> Project Settings -> Plugins -> Magic Leap Plugin -> Enable Zero Iteration
[2021.03.09-06.37.49:613][  0]LogStats: UGameplayTagsManager::InitializeManager -  0.000 s
[2021.03.09-06.37.49:707][  0]LogInit: Initializing FReadOnlyCVARCache
[2021.03.09-06.37.49:717][  0]LogAIModule: Creating AISystem for world Untitled
[2021.03.09-06.37.49:717][  0]LogAISub: UAISubsystem::UAISubsystem EnvQueryManager (000001F93AFF8C00), frame # 0
[2021.03.09-06.37.49:717][  0]LogAISub: UAISubsystem::UAISubsystem AIPerceptionSystem (000001F93B021800), frame # 0
[2021.03.09-06.37.49:726][  0]LogAudioMixer: Display: Audio Mixer Platform Settings:
[2021.03.09-06.37.49:726][  0]LogAudioMixer: Display: 	Sample Rate:						  48000
[2021.03.09-06.37.49:726][  0]LogAudioMixer: Display: 	Callback Buffer Frame Size Requested: 1024
[2021.03.09-06.37.49:726][  0]LogAudioMixer: Display: 	Callback Buffer Frame Size To Use:	  1024
[2021.03.09-06.37.49:727][  0]LogAudioMixer: Display: 	Number of buffers to queue:			  2
[2021.03.09-06.37.49:727][  0]LogAudioMixer: Display: 	Max Channels (voices):				  32
[2021.03.09-06.37.49:727][  0]LogAudioMixer: Display: 	Number of Async Source Workers:		  0
[2021.03.09-06.37.49:727][  0]LogAudio: Display: AudioDevice MaxSources: 32
[2021.03.09-06.37.49:727][  0]LogAudio: Display: Using built-in audio occlusion.
[2021.03.09-06.37.49:727][  0]LogAudioMixer: Display: Initializing audio mixer.
[2021.03.09-06.37.49:749][  0]LogAudioMixer: Display: 0: FrontLeft
[2021.03.09-06.37.49:749][  0]LogAudioMixer: Display: 1: FrontRight
[2021.03.09-06.37.49:812][  0]LogAudioMixer: Display: Using Audio Device 스피커(Realtek High Definition Audio)
[2021.03.09-06.37.49:814][  0]LogAudioMixer: Display: Initializing Sound Submixes...
[2021.03.09-06.37.49:817][  0]LogAudioMixer: Display: Creating Master Submix 'MasterSubmixDefault'
[2021.03.09-06.37.49:817][  0]LogAudioMixer: Display: Creating Master Submix 'MasterReverbSubmixDefault'
[2021.03.09-06.37.49:817][  0]LogAudioMixer: Display: Creating Master Submix 'MasterEQSubmixDefault'
[2021.03.09-06.37.49:818][  0]LogInit: FAudioDevice initialized.
[2021.03.09-06.37.49:818][  0]LogNetVersion: Set ProjectVersion to 1.0.0.0. Version Checksum will be recalculated on next use.
[2021.03.09-06.37.49:941][  0]LogDerivedDataCache: Saved boot cache 0.12s 123MB C:/Users/KJB/AppData/Local/UnrealEngine/4.25/DerivedDataCache/Boot.ddc.
[2021.03.09-06.37.49:942][  0]LogInit: Texture streaming: Enabled
[2021.03.09-06.37.49:966][  0]LogEngineSessionManager: EngineSessionManager initialized
[2021.03.09-06.37.49:966][  0]LogEditorSessionSummary: Verbose: Initializing EditorSessionSummaryWriter for editor session tracking
[2021.03.09-06.37.49:972][  0]LogEditorSessionSummary: EditorSessionSummaryWriter initialized
[2021.03.09-06.37.50:024][  0]LogInit: Transaction tracking system initialized
[2021.03.09-06.37.50:061][  0]BlueprintLog: New page: 에디터 로드
[2021.03.09-06.37.50:167][  0]LocalizationService: 현지화 서비스가 비활성화되었습니다.
[2021.03.09-06.37.50:564][  0]LogCook: Display: Max memory allowance for cook 16384mb min free memory 0mb
[2021.03.09-06.37.50:564][  0]LogCook: Display: Mobile HDR setting 1
[2021.03.09-06.37.50:674][  0]LogFileCache: Scanning file cache for directory 'C:/unrealP/KJB_Portfolio_UE4/KJB_Portfolio/Content/' took 0.07s
[2021.03.09-06.37.51:035][  0]SourceControl: 소스 컨트롤이 꺼졌습니다.
[2021.03.09-06.37.51:035][  0]LogUnrealEdMisc: Loading editor; pre map load, took 8.037
[2021.03.09-06.37.51:035][  0]Cmd: MAP LOAD FILE="../../../../../../unrealP/KJB_Portfolio_UE4/KJB_Portfolio/Content/MyContents/NewMap.umap" TEMPLATE=0 SHOWPROGRESS=1 FEATURELEVEL=3
[2021.03.09-06.37.51:036][  0]LightingResults: New page: 라이팅 빌드
[2021.03.09-06.37.51:037][  0]LogWorld: UWorld::CleanupWorld for Untitled, bSessionEnded=true, bCleanupResources=true
[2021.03.09-06.37.51:037][  0]LogSlate: InvalidateAllWidgets triggered.  All widgets were invalidated
[2021.03.09-06.37.51:037][  0]MapCheck: New page: 맵 체크
[2021.03.09-06.37.51:037][  0]LightingResults: New page: 라이팅 빌드
[2021.03.09-06.37.51:051][  0]LogAISub: UAISubsystem::~UAISubsystem EnvQueryManager (000001F93AFF8C00), frame # 0
[2021.03.09-06.37.51:051][  0]LogAISub: UAISubsystem::~UAISubsystem AIPerceptionSystem (000001F93B021800), frame # 0
[2021.03.09-06.37.51:052][  0]LogUObjectHash: Compacting FUObjectHashTables data took   0.96ms
[2021.03.09-06.37.51:195][  0]LogAIModule: Creating AISystem for world NewMap
[2021.03.09-06.37.51:195][  0]LogAISub: UAISubsystem::UAISubsystem EnvQueryManager (000001F919A83E00), frame # 0
[2021.03.09-06.37.51:195][  0]LogAISub: UAISubsystem::UAISubsystem AIPerceptionSystem (000001F930051E40), frame # 0
[2021.03.09-06.37.51:200][  0]LogEditorServer: Finished looking for orphan Actors (0.000 secs)
[2021.03.09-06.37.51:214][  0]LogUObjectHash: Compacting FUObjectHashTables data took   0.96ms
[2021.03.09-06.37.51:214][  0]Cmd: MAP CHECKDEP NOCLEARLOG
[2021.03.09-06.37.51:215][  0]MapCheck: 맵 체크 완료: 오류 0 회, 경고 0 회, 소요 시간 0.245ms.
[2021.03.09-06.37.51:215][  0]LogFileHelpers: Loading map 'NewMap' took 0.179
[2021.03.09-06.37.51:219][  0]LogUnrealEdMisc: Total Editor Startup Time, took 8.221
[2021.03.09-06.37.51:350][  0]LogSlate: Updating window title bar state: overlay mode, drag disabled, window buttons hidden, title bar hidden
[2021.03.09-06.37.51:357][  0]LogSlate: Updating window title bar state: overlay mode, drag disabled, window buttons hidden, title bar hidden
[2021.03.09-06.37.51:364][  0]LogSlate: Updating window title bar state: overlay mode, drag disabled, window buttons hidden, title bar hidden
[2021.03.09-06.37.51:371][  0]LogSlate: Updating window title bar state: overlay mode, drag disabled, window buttons hidden, title bar hidden
[2021.03.09-06.37.51:382][  0]LogCollectionManager: Loaded 0 collections in 0.002214 seconds
[2021.03.09-06.37.51:398][  0]LogFileCache: Scanning file cache for directory 'C:/unrealP/KJB_Portfolio_UE4/KJB_Portfolio/Saved/Collections/' took 0.00s
[2021.03.09-06.37.51:398][  0]LogFileCache: Scanning file cache for directory 'C:/unrealP/KJB_Portfolio_UE4/KJB_Portfolio/Content/Developers/KJB/Collections/' took 0.00s
[2021.03.09-06.37.51:399][  0]LogFileCache: Scanning file cache for directory 'C:/unrealP/KJB_Portfolio_UE4/KJB_Portfolio/Content/Collections/' took 0.00s
[2021.03.09-06.37.51:399][  0]LogContentBrowser: Native class hierarchy populated in 0.0105 seconds. Added 3455 classes and 824 folders.
[2021.03.09-06.37.51:401][  0]LogContentBrowser: Native class hierarchy updated for 'WidgetCarousel' in 0.0005 seconds. Added 0 classes and 0 folders.
[2021.03.09-06.37.51:469][  0]LogContentBrowser: Native class hierarchy updated for 'AddContentDialog' in 0.0004 seconds. Added 0 classes and 0 folders.
[2021.03.09-06.37.51:475][  0]LogContentBrowser: Native class hierarchy updated for 'SceneOutliner' in 0.0003 seconds. Added 2 classes and 0 folders.
[2021.03.09-06.37.51:512][  0]LogSlate: Took 0.000256 seconds to synchronously load lazily loaded font '../../../Engine/Content/Slate/Fonts/Roboto-Regular.ttf' (155K)
[2021.03.09-06.37.51:514][  0]LogSlate: Took 0.001354 seconds to synchronously load lazily loaded font '../../../Engine/Content/Editor/Slate/Fonts/NanumGothic.ttf' (4243K)
[2021.03.09-06.37.51:516][  0]LogSlate: Took 0.001390 seconds to synchronously load lazily loaded font '../../../Engine/Content/Editor/Slate/Fonts/NanumGothicBold.ttf' (4188K)
[2021.03.09-06.37.51:516][  0]LogSlate: Took 0.000137 seconds to synchronously load lazily loaded font '../../../Engine/Content/Slate/Fonts/Roboto-Bold.ttf' (160K)
[2021.03.09-06.37.51:520][  0]LogSlate: Took 0.000143 seconds to synchronously load lazily loaded font '../../../Engine/Content/Editor/Slate/Fonts/FontAwesome.ttf' (139K)
[2021.03.09-06.37.51:572][  0]LogRenderer: Reallocating scene render targets to support 1208x572 Format 9 NumSamples 1 (Frame:1).
[2021.03.09-06.37.51:720][  0]LogContentBrowser: Native class hierarchy updated for 'HierarchicalLODOutliner' in 0.0004 seconds. Added 0 classes and 0 folders.
[2021.03.09-06.37.51:720][  0]LogLoad: (Engine Initialization) Total time: 8.72 seconds
[2021.03.09-06.37.51:720][  0]LogLoad: (Engine Initialization) Total Blueprint compile time: 0.00 seconds
[2021.03.09-06.37.51:785][  0]LogContentStreaming: Texture pool size now 600 MB
[2021.03.09-06.37.51:812][  0]LogSlate: Took 0.000223 seconds to synchronously load lazily loaded font '../../../Engine/Content/Slate/Fonts/Roboto-Light.ttf' (167K)
[2021.03.09-06.37.51:880][  2]LogAssetRegistry: Asset discovery search completed in 4.9979 seconds
[2021.03.09-06.37.51:884][  2]LogCollectionManager: Fixed up redirectors for 0 collections in 0.000002 seconds (updated 0 objects)
[2021.03.09-06.37.56:163][ 29]LogTemp: Repeating last play command: 새 에디터 창 (PIE)
[2021.03.09-06.37.56:176][ 29]LogPlayLevel: PlayLevel: No blueprints needed recompiling
[2021.03.09-06.37.56:176][ 29]PIE: New page: PIE 세션: NewMap (2021. 3. 10. 오전 12:37:56)
[2021.03.09-06.37.56:177][ 29]LogOnline: OSS: Creating online subsystem instance for: NULL
[2021.03.09-06.37.56:178][ 29]LogOnline: OSS: TryLoadSubsystemAndSetDefault: Loaded subsystem for module [NULL]
[2021.03.09-06.37.56:178][ 29]LogPlayLevel: Creating play world package: /Game/MyContents/UEDPIE_0_NewMap
[2021.03.09-06.37.56:182][ 29]LogPlayLevel: PIE: StaticDuplicateObject took: (0.003698s)
[2021.03.09-06.37.56:183][ 29]LogAIModule: Creating AISystem for world NewMap
[2021.03.09-06.37.56:183][ 29]LogAISub: UAISubsystem::UAISubsystem EnvQueryManager (000001F957833E00), frame # 29
[2021.03.09-06.37.56:183][ 29]LogAISub: UAISubsystem::UAISubsystem AIPerceptionSystem (000001F919353C40), frame # 29
[2021.03.09-06.37.56:183][ 29]LogPlayLevel: PIE: World Init took: (0.001255s)
[2021.03.09-06.37.56:183][ 29]LogPlayLevel: PIE: Created PIE world by copying editor world from /Game/MyContents/NewMap.NewMap to /Game/MyContents/UEDPIE_0_NewMap.NewMap (0.005089s)
[2021.03.09-06.37.56:195][ 29]LogUObjectHash: Compacting FUObjectHashTables data took   0.73ms
[2021.03.09-06.37.56:199][ 29]GameLog: Warning: UMyGameInstance::Init(27) Attack of Level 25 Player : 0
[2021.03.09-06.37.56:199][ 29]LogAudioMixer: Display: Audio Mixer Platform Settings:
[2021.03.09-06.37.56:199][ 29]LogAudioMixer: Display: 	Sample Rate:						  48000
[2021.03.09-06.37.56:199][ 29]LogAudioMixer: Display: 	Callback Buffer Frame Size Requested: 1024
[2021.03.09-06.37.56:199][ 29]LogAudioMixer: Display: 	Callback Buffer Frame Size To Use:	  1024
[2021.03.09-06.37.56:199][ 29]LogAudioMixer: Display: 	Number of buffers to queue:			  2
[2021.03.09-06.37.56:199][ 29]LogAudioMixer: Display: 	Max Channels (voices):				  32
[2021.03.09-06.37.56:199][ 29]LogAudioMixer: Display: 	Number of Async Source Workers:		  0
[2021.03.09-06.37.56:199][ 29]LogAudio: Display: AudioDevice MaxSources: 32
[2021.03.09-06.37.56:200][ 29]LogAudio: Display: Using built-in audio occlusion.
[2021.03.09-06.37.56:200][ 29]LogAudioMixer: Display: Initializing audio mixer.
[2021.03.09-06.37.56:210][ 29]LogAudioMixer: Display: 0: FrontLeft
[2021.03.09-06.37.56:210][ 29]LogAudioMixer: Display: 1: FrontRight
[2021.03.09-06.37.56:254][ 29]LogAudioMixer: Display: Using Audio Device 스피커(Realtek High Definition Audio)
[2021.03.09-06.37.56:255][ 29]LogAudioMixer: Display: Initializing Sound Submixes...
[2021.03.09-06.37.56:255][ 29]LogAudioMixer: Display: Creating Master Submix 'MasterSubmixDefault'
[2021.03.09-06.37.56:255][ 29]LogAudioMixer: Display: Creating Master Submix 'MasterReverbSubmixDefault'
[2021.03.09-06.37.56:256][ 29]LogAudioMixer: Display: Creating Master Submix 'MasterEQSubmixDefault'
[2021.03.09-06.37.56:268][ 29]LogInit: FAudioDevice initialized.
[2021.03.09-06.37.56:319][ 29]LogSlate: Updating window title bar state: overlay mode, drag disabled, window buttons hidden, title bar hidden
[2021.03.09-06.37.56:319][ 29]LogLoad: Game class is 'MyGameModeBase'
[2021.03.09-06.37.56:322][ 29]LogWorld: Bringing World /Game/MyContents/UEDPIE_0_NewMap.NewMap up for play (max tick rate 0) at 2021.03.09-15.37.56
[2021.03.09-06.37.56:324][ 29]LogWorld: Bringing up level for play took: 0.003480
[2021.03.09-06.37.56:324][ 29]LogOnline: OSS: Creating online subsystem instance for: :Context_1
[2021.03.09-06.37.56:329][ 29]LogContentBrowser: Native class hierarchy updated for 'MovieSceneCapture' in 0.0009 seconds. Added 20 classes and 0 folders.
[2021.03.09-06.37.56:330][ 29]AnimBlueprintLog: Warning: 슬롯노드: MyCharacterAnim_BP_C 애니메이션 인스턴트 클래스의 'UpperBody' 는 이미 존재합니다. 이 클래스의 애니메이션 그래프에서 중복을 제거하세요.
[2021.03.09-06.37.56:352][ 29]GameLog: Warning: AMyPlayerState::GetExpRatio(24) Ratio : 0.000000, Current : 0, Max : 40
[2021.03.09-06.37.56:352][ 29]GameLog: Warning: AMyPlayerState::GetExpRatio(24) Ratio : 0.000000, Current : 0, Max : 40
[2021.03.09-06.37.56:354][ 29]PIE: 서버가 로그인했습니다.
[2021.03.09-06.37.56:355][ 29]PIE: 에디터에서 플레이 총 시작 시간 0.181초입니다.
[2021.03.09-06.37.56:374][ 29]LogSlate: Took 0.000160 seconds to synchronously load lazily loaded font '../../../Engine/Content/Slate/Fonts/DroidSansMono.ttf' (77K)
[2021.03.09-06.37.56:376][ 29]LogSlate: Took 0.001324 seconds to synchronously load lazily loaded font '../../../Engine/Content/Editor/Slate/Fonts/NanumGothicExtraBold.ttf' (4074K)
[2021.03.09-06.37.56:397][ 30]LogRenderer: Reallocating scene render targets to support 1280x720 Format 9 NumSamples 1 (Frame:1).
[2021.03.09-06.37.57:251][130]LogScript: Warning: Inventory 프로퍼티를 읽으려던 중 None 에 접근했습니다.
	W_Inventory_C /Engine/Transient.UnrealEdEngine_0:MyGameInstance_0.W_Inventory_C_0
	Function /Game/MyContents/UI/W_Inventory.W_Inventory_C:ExecuteUbergraph_W_Inventory:02BA
[2021.03.09-06.37.57:251][130]PIE: Error: 블루프린트 런타임 오류: "Inventory 프로퍼티를 읽으려던 중 None 에 접근했습니다.". 블루프린트: W_Inventory 함수: Execute Ubergraph W Inventory 그래프: EventGraph 노드: On Inventory Updated 에 이벤트 바인딩
[2021.03.09-06.37.57:251][130]LogScript: Warning: K2Node_CustomEvent_Inventory 프로퍼티를 읽으려던 중 None 에 접근했습니다.
	W_Inventory_C /Engine/Transient.UnrealEdEngine_0:MyGameInstance_0.W_Inventory_C_0
	Function /Game/MyContents/UI/W_Inventory.W_Inventory_C:ExecuteUbergraph_W_Inventory:009A
[2021.03.09-06.37.57:251][130]PIE: Error: 블루프린트 런타임 오류: "K2Node_CustomEvent_Inventory 프로퍼티를 읽으려던 중 None 에 접근했습니다.". 블루프린트: W_Inventory 함수: Execute Ubergraph W Inventory 그래프: ForEachLoop 노드: Branch
[2021.03.09-06.37.57:251][130]LogScript: Warning: None 에 접근
	W_Inventory_C /Engine/Transient.UnrealEdEngine_0:MyGameInstance_0.W_Inventory_C_0
	Function /Game/MyContents/UI/W_Inventory.W_Inventory_C:ExecuteUbergraph_W_Inventory:007B
[2021.03.09-06.37.57:251][130]PIE: Error: 블루프린트 런타임 오류: "None 에 접근". 블루프린트: W_Inventory 함수: Execute Ubergraph W Inventory 그래프: ForEachLoop 노드: Branch
[2021.03.09-06.37.58:742][304]LogSlate: Updating window title bar state: overlay mode, drag disabled, window buttons hidden, title bar hidden
[2021.03.09-06.37.58:742][304]LogWorld: BeginTearingDown for /Game/MyContents/UEDPIE_0_NewMap
[2021.03.09-06.37.58:742][304]LogSlate: Window 'KJB_Portfolio 프리뷰 [NetMode: Standalone] (64-bit/Windows) ' being destroyed
[2021.03.09-06.37.58:746][304]LogWorld: UWorld::CleanupWorld for NewMap, bSessionEnded=true, bCleanupResources=true
[2021.03.09-06.37.58:746][304]LogSlate: InvalidateAllWidgets triggered.  All widgets were invalidated
[2021.03.09-06.37.58:752][304]LogPlayLevel: Display: Shutting down PIE online subsystems
[2021.03.09-06.37.58:754][304]LogSlate: InvalidateAllWidgets triggered.  All widgets were invalidated
[2021.03.09-06.37.58:780][304]LogAISub: UAISubsystem::~UAISubsystem AIPerceptionSystem (000001F919353C40), frame # 304
[2021.03.09-06.37.58:780][304]LogAISub: UAISubsystem::~UAISubsystem EnvQueryManager (000001F957833E00), frame # 304
[2021.03.09-06.37.58:781][304]LogUObjectHash: Compacting FUObjectHashTables data took   0.74ms
[2021.03.09-06.37.58:835][305]LogPlayLevel: Display: Destroying online subsystem :Context_1
[2021.03.09-06.38.22:193][866]LogSlate: Took 0.000242 seconds to synchronously load lazily loaded font '../../../Engine/Content/Slate/Fonts/Roboto-Light.ttf' (167K)
[2021.03.09-06.38.22:203][866]LogAssetEditorSubsystem: Opening Asset editor for WidgetBlueprint /Game/MyContents/UI/W_Inventory.W_Inventory
[2021.03.09-06.38.22:409][866]LogContentBrowser: Native class hierarchy updated for 'BlueprintGraph' in 0.0007 seconds. Added 125 classes and 0 folders.
[2021.03.09-06.38.23:481][866]LogSlate: Took 0.000252 seconds to synchronously load lazily loaded font '../../../Engine/Content/Slate/Fonts/Roboto-BoldCondensed.ttf' (158K)
[2021.03.09-06.38.23:533][867]LogSlate: Took 0.000248 seconds to synchronously load lazily loaded font '../../../Engine/Content/Slate/Fonts/Roboto-Italic.ttf' (157K)
[2021.03.09-06.40.15:382][854]LogTemp: Repeating last play command: 새 에디터 창 (PIE)
[2021.03.09-06.40.15:395][854]LogPlayLevel: PlayLevel: No blueprints needed recompiling
[2021.03.09-06.40.15:395][854]PIE: New page: PIE 세션: NewMap (2021. 3. 10. 오전 12:40:15)
[2021.03.09-06.40.15:396][854]LogPlayLevel: Creating play world package: /Game/MyContents/UEDPIE_0_NewMap
[2021.03.09-06.40.15:401][854]LogPlayLevel: PIE: StaticDuplicateObject took: (0.005790s)
[2021.03.09-06.40.15:402][854]LogAIModule: Creating AISystem for world NewMap
[2021.03.09-06.40.15:402][854]LogAISub: UAISubsystem::UAISubsystem EnvQueryManager (000001F957401C00), frame # 12854
[2021.03.09-06.40.15:402][854]LogAISub: UAISubsystem::UAISubsystem AIPerceptionSystem (000001F94A2E6840), frame # 12854
[2021.03.09-06.40.15:402][854]LogPlayLevel: PIE: World Init took: (0.001068s)
[2021.03.09-06.40.15:403][854]LogPlayLevel: PIE: Created PIE world by copying editor world from /Game/MyContents/NewMap.NewMap to /Game/MyContents/UEDPIE_0_NewMap.NewMap (0.006970s)
[2021.03.09-06.40.15:448][854]LogUObjectHash: Compacting FUObjectHashTables data took   3.82ms
[2021.03.09-06.40.15:451][854]GameLog: Warning: UMyGameInstance::Init(27) Attack of Level 25 Player : 0
[2021.03.09-06.40.15:451][854]LogAudioMixer: Display: Audio Mixer Platform Settings:
[2021.03.09-06.40.15:451][854]LogAudioMixer: Display: 	Sample Rate:						  48000
[2021.03.09-06.40.15:451][854]LogAudioMixer: Display: 	Callback Buffer Frame Size Requested: 1024
[2021.03.09-06.40.15:451][854]LogAudioMixer: Display: 	Callback Buffer Frame Size To Use:	  1024
[2021.03.09-06.40.15:451][854]LogAudioMixer: Display: 	Number of buffers to queue:			  2
[2021.03.09-06.40.15:451][854]LogAudioMixer: Display: 	Max Channels (voices):				  32
[2021.03.09-06.40.15:451][854]LogAudioMixer: Display: 	Number of Async Source Workers:		  0
[2021.03.09-06.40.15:451][854]LogAudio: Display: AudioDevice MaxSources: 32
[2021.03.09-06.40.15:451][854]LogAudio: Display: Using built-in audio occlusion.
[2021.03.09-06.40.15:451][854]LogAudioMixer: Display: Initializing audio mixer.
[2021.03.09-06.40.15:461][854]LogAudioMixer: Display: 0: FrontLeft
[2021.03.09-06.40.15:461][854]LogAudioMixer: Display: 1: FrontRight
[2021.03.09-06.40.15:497][854]LogAudioMixer: Display: Using Audio Device 스피커(Realtek High Definition Audio)
[2021.03.09-06.40.15:497][854]LogAudioMixer: Display: Initializing Sound Submixes...
[2021.03.09-06.40.15:497][854]LogAudioMixer: Display: Creating Master Submix 'MasterSubmixDefault'
[2021.03.09-06.40.15:498][854]LogAudioMixer: Display: Creating Master Submix 'MasterReverbSubmixDefault'
[2021.03.09-06.40.15:498][854]LogAudioMixer: Display: Creating Master Submix 'MasterEQSubmixDefault'
[2021.03.09-06.40.15:508][854]LogInit: FAudioDevice initialized.
[2021.03.09-06.40.15:533][854]LogSlate: Updating window title bar state: overlay mode, drag disabled, window buttons hidden, title bar hidden
[2021.03.09-06.40.15:533][854]LogLoad: Game class is 'MyGameModeBase'
[2021.03.09-06.40.15:535][854]LogWorld: Bringing World /Game/MyContents/UEDPIE_0_NewMap.NewMap up for play (max tick rate 0) at 2021.03.09-15.40.15
[2021.03.09-06.40.15:536][854]LogWorld: Bringing up level for play took: 0.002379
[2021.03.09-06.40.15:536][854]LogOnline: OSS: Creating online subsystem instance for: :Context_4
[2021.03.09-06.40.15:538][854]AnimBlueprintLog: Warning: 슬롯노드: MyCharacterAnim_BP_C 애니메이션 인스턴트 클래스의 'UpperBody' 는 이미 존재합니다. 이 클래스의 애니메이션 그래프에서 중복을 제거하세요.
[2021.03.09-06.40.15:554][854]GameLog: Warning: AMyPlayerState::GetExpRatio(24) Ratio : 0.000000, Current : 0, Max : 40
[2021.03.09-06.40.15:554][854]GameLog: Warning: AMyPlayerState::GetExpRatio(24) Ratio : 0.000000, Current : 0, Max : 40
[2021.03.09-06.40.15:557][854]PIE: 서버가 로그인했습니다.
[2021.03.09-06.40.15:559][854]PIE: 에디터에서 플레이 총 시작 시간 0.166초입니다.
[2021.03.09-06.40.18:766][160]LogBlueprintDebug: Warning: Hit breakpoint on node 'K2Node_VariableSet', from offset 834
[2021.03.09-06.40.18:766][160]LogBlueprintDebug: 
Script call stack:
	Function /Game/MyContents/UI/W_Inventory.W_Inventory_C:Construct
	Function /Game/MyContents/UI/W_Inventory.W_Inventory_C:ExecuteUbergraph_W_Inventory

[2021.03.09-06.40.47:626][160]LogScript: Warning: Inventory 프로퍼티를 읽으려던 중 None 에 접근했습니다.
	W_Inventory_C /Engine/Transient.UnrealEdEngine_0:MyGameInstance_1.W_Inventory_C_0
	Function /Game/MyContents/UI/W_Inventory.W_Inventory_C:ExecuteUbergraph_W_Inventory:02BA
[2021.03.09-06.40.47:626][160]PIE: Error: 블루프린트 런타임 오류: "Inventory 프로퍼티를 읽으려던 중 None 에 접근했습니다.". 블루프린트: W_Inventory 함수: Execute Ubergraph W Inventory 그래프: EventGraph 노드: On Inventory Updated 에 이벤트 바인딩
[2021.03.09-06.40.47:626][160]LogScript: Warning: K2Node_CustomEvent_Inventory 프로퍼티를 읽으려던 중 None 에 접근했습니다.
	W_Inventory_C /Engine/Transient.UnrealEdEngine_0:MyGameInstance_1.W_Inventory_C_0
	Function /Game/MyContents/UI/W_Inventory.W_Inventory_C:ExecuteUbergraph_W_Inventory:009A
[2021.03.09-06.40.47:626][160]PIE: Error: 블루프린트 런타임 오류: "K2Node_CustomEvent_Inventory 프로퍼티를 읽으려던 중 None 에 접근했습니다.". 블루프린트: W_Inventory 함수: Execute Ubergraph W Inventory 그래프: ForEachLoop 노드: Branch
[2021.03.09-06.40.47:626][160]LogScript: Warning: None 에 접근
	W_Inventory_C /Engine/Transient.UnrealEdEngine_0:MyGameInstance_1.W_Inventory_C_0
	Function /Game/MyContents/UI/W_Inventory.W_Inventory_C:ExecuteUbergraph_W_Inventory:007B
[2021.03.09-06.40.47:626][160]PIE: Error: 블루프린트 런타임 오류: "None 에 접근". 블루프린트: W_Inventory 함수: Execute Ubergraph W Inventory 그래프: ForEachLoop 노드: Branch
[2021.03.09-06.40.47:681][160]LogSlate: Updating window title bar state: overlay mode, drag disabled, window buttons hidden, title bar hidden
[2021.03.09-06.40.47:681][160]LogWorld: BeginTearingDown for /Game/MyContents/UEDPIE_0_NewMap
[2021.03.09-06.40.47:681][160]LogSlate: Window 'KJB_Portfolio 프리뷰 [NetMode: Standalone] (64-bit/Windows) ' being destroyed
[2021.03.09-06.40.47:683][160]LogWorld: UWorld::CleanupWorld for NewMap, bSessionEnded=true, bCleanupResources=true
[2021.03.09-06.40.47:683][160]LogSlate: InvalidateAllWidgets triggered.  All widgets were invalidated
[2021.03.09-06.40.47:691][160]LogPlayLevel: Display: Shutting down PIE online subsystems
[2021.03.09-06.40.47:695][160]LogSlate: InvalidateAllWidgets triggered.  All widgets were invalidated
[2021.03.09-06.40.47:731][160]LogAISub: UAISubsystem::~UAISubsystem EnvQueryManager (000001F957401C00), frame # 13160
[2021.03.09-06.40.47:731][160]LogAISub: UAISubsystem::~UAISubsystem AIPerceptionSystem (000001F94A2E6840), frame # 13160
[2021.03.09-06.40.47:734][160]LogUObjectHash: Compacting FUObjectHashTables data took   2.95ms
[2021.03.09-06.40.47:787][161]LogPlayLevel: Display: Destroying online subsystem :Context_4
[2021.03.09-06.40.53:823][820]AnimBlueprintLog: Warning: 슬롯노드: MyCharacterAnim_BP_C 애니메이션 인스턴트 클래스의 'UpperBody' 는 이미 존재합니다. 이 클래스의 애니메이션 그래프에서 중복을 제거하세요.
[2021.03.09-06.40.55:277][940]LogAssetEditorSubsystem: Opening Asset editor for Blueprint /Game/MyContents/Character/BP_PlayerBase.BP_PlayerBase
[2021.03.09-06.40.55:731][940]AnimBlueprintLog: Warning: 슬롯노드: MyCharacterAnim_BP_C 애니메이션 인스턴트 클래스의 'UpperBody' 는 이미 존재합니다. 이 클래스의 애니메이션 그래프에서 중복을 제거하세요.
[2021.03.09-06.42.17:150][875]Cmd: OBJ SAVEPACKAGE PACKAGE="/Game/MyContents/UI/W_Inventory" FILE="../../../../../../unrealP/KJB_Portfolio_UE4/KJB_Portfolio/Content/MyContents/UI/W_Inventory.uasset" SILENT=true
[2021.03.09-06.42.17:212][875]LogSavePackage: Moving '../../../../../../unrealP/KJB_Portfolio_UE4/KJB_Portfolio/Saved/W_Inventory1746B9B34E534B0133998F91B6F97D0F.tmp' to '../../../../../../unrealP/KJB_Portfolio_UE4/KJB_Portfolio/Content/MyContents/UI/W_Inventory.uasset'
[2021.03.09-06.42.17:228][875]AssetCheck: New page: 애셋 저장: W_Inventory
[2021.03.09-06.42.17:228][875]LogContentValidation: Display: WidgetBlueprint /Game/MyContents/UI/W_Inventory.W_Inventory 유효성 검사
[2021.03.09-06.43.30:967][790]AnimBlueprintLog: Warning: 슬롯노드: MyCharacterAnim_BP_C 애니메이션 인스턴트 클래스의 'UpperBody' 는 이미 존재합니다. 이 클래스의 애니메이션 그래프에서 중복을 제거하세요.
[2021.03.09-06.49.16:096][485]LogVSAccessor: Warning: Couldn't goto line number '1' in 'C:/unrealP/KJB_Portfolio_UE4/KJB_Portfolio/Source/KJB_Portfolio/Public/MyCharacter.h'
[2021.03.09-06.50.36:153][ 10]LogSlate: Window 'BP_PlayerBase' being destroyed
[2021.03.09-06.50.36:159][ 10]LogSlate: Window 'BP_PlayerBase' being destroyed
[2021.03.09-06.50.36:161][ 10]LogWorld: UWorld::CleanupWorld for World_1, bSessionEnded=true, bCleanupResources=true
[2021.03.09-06.50.36:161][ 10]LogSlate: InvalidateAllWidgets triggered.  All widgets were invalidated
[2021.03.09-06.50.36:178][ 10]LogWorld: UWorld::CleanupWorld for World_0, bSessionEnded=true, bCleanupResources=true
[2021.03.09-06.50.36:178][ 10]LogSlate: InvalidateAllWidgets triggered.  All widgets were invalidated
[2021.03.09-06.50.36:237][ 10]LogWorld: UWorld::CleanupWorld for World_3, bSessionEnded=true, bCleanupResources=true
[2021.03.09-06.50.36:237][ 10]LogSlate: InvalidateAllWidgets triggered.  All widgets were invalidated
[2021.03.09-06.50.36:917][ 61]Candidate modules for hot reload:
[2021.03.09-06.50.36:917][ 61]  KJB_Portfolio
[2021.03.09-06.50.36:917][ 61]Launching UnrealBuildTool... [C:/Program Files/Epic Games/UE_4.25/Engine/Binaries/DotNET/UnrealBuildTool.exe  -ModuleWithSuffix=KJB_Portfolio,3173 KJB_PortfolioEditor Win64 Development -Project="C:/unrealP/KJB_Portfolio_UE4/KJB_Portfolio/KJB_Portfolio.uproject" "C:/unrealP/KJB_Portfolio_UE4/KJB_Portfolio/KJB_Portfolio.uproject"  -IgnoreJunk]
[2021.03.09-06.50.36:921][ 61]Warning: Starting HotReload took  0.0s.
[2021.03.09-06.51.13:163][409]CompilerResultsLog: New page: 컴파일 - 2021. 3. 10. 오전 12:51:13
[2021.03.09-06.51.13:163][409]CompilerResultsLog: Using 'git status' to determine working set for adaptive non-unity build (C:\unrealP\KJB_Portfolio_UE4).
[2021.03.09-06.51.13:163][409]CompilerResultsLog: Parsing headers for KJB_PortfolioEditor
[2021.03.09-06.51.13:163][409]CompilerResultsLog:   Running UnrealHeaderTool "C:\unrealP\KJB_Portfolio_UE4\KJB_Portfolio\KJB_Portfolio.uproject" "C:\unrealP\KJB_Portfolio_UE4\KJB_Portfolio\Intermediate\Build\Win64\KJB_PortfolioEditor\Development\KJB_PortfolioEditor.uhtmanifest" -LogCmds="loginit warning, logexit warning, logdatabase error" -Unattended -WarningsAsErrors -abslog="C:\Users\KJB\AppData\Local\UnrealBuildTool\Log_UHT.txt" -installed
[2021.03.09-06.51.13:163][409]CompilerResultsLog: Reflection code generated for KJB_PortfolioEditor in 6.4111823 seconds
[2021.03.09-06.51.13:163][409]CompilerResultsLog: Building KJB_PortfolioEditor...
[2021.03.09-06.51.13:163][409]CompilerResultsLog: Using Visual Studio 2017 14.16.27042 toolchain (C:\Program Files (x86)\Microsoft Visual Studio\2017\Community\VC\Tools\MSVC\14.16.27023) and Windows 10.0.17763.0 SDK (C:\Program Files (x86)\Windows Kits\10).
[2021.03.09-06.51.13:163][409]CompilerResultsLog: Building 8 actions with 12 processes...
[2021.03.09-06.51.13:163][409]CompilerResultsLog:   [1/8] KJB_Portfolio.init.gen.cpp
[2021.03.09-06.51.13:163][409]CompilerResultsLog:   [2/8] UsableItem.cpp
[2021.03.09-06.51.13:163][409]CompilerResultsLog:   [3/8] InventoryComponent.cpp
[2021.03.09-06.51.13:163][409]CompilerResultsLog:   [4/8] InventoryComponent.gen.cpp
[2021.03.09-06.51.13:163][409]CompilerResultsLog:   [5/8] MyCharacter.cpp
[2021.03.09-06.51.13:163][409]CompilerResultsLog:   [6/8] UE4Editor-KJB_Portfolio-3173.lib
[2021.03.09-06.51.13:163][409]CompilerResultsLog:      C:\unrealP\KJB_Portfolio_UE4\KJB_Portfolio\Intermediate\Build\Win64\UE4Editor\Development\KJB_Portfolio\UE4Editor-KJB_Portfolio-3173.lib ???̺귯?? ?? C:\unrealP\KJB_Portfolio_UE4\KJB_Portfolio\Intermediate\Build\Win64\UE4Editor\Development\KJB_Portfolio\UE4Editor-KJB_Portfolio-3173.exp ??ü?? ?????ϰ? ?ֽ??ϴ?.
[2021.03.09-06.51.13:163][409]CompilerResultsLog:   [7/8] UE4Editor-KJB_Portfolio-3173.dll
[2021.03.09-06.51.13:163][409]CompilerResultsLog:      C:\unrealP\KJB_Portfolio_UE4\KJB_Portfolio\Intermediate\Build\Win64\UE4Editor\Development\KJB_Portfolio\UE4Editor-KJB_Portfolio-3173.suppressed.lib ???̺귯?? ?? C:\unrealP\KJB_Portfolio_UE4\KJB_Portfolio\Intermediate\Build\Win64\UE4Editor\Development\KJB_Portfolio\UE4Editor-KJB_Portfolio-3173.suppressed.exp ??ü?? ?????ϰ? ?ֽ??ϴ?.
[2021.03.09-06.51.13:163][409]CompilerResultsLog:   [8/8] KJB_PortfolioEditor.target
[2021.03.09-06.51.13:163][409]CompilerResultsLog: Total time in Parallel executor: 28.82 seconds
[2021.03.09-06.51.13:163][409]CompilerResultsLog: Total execution time: 36.12 seconds
[2021.03.09-06.51.13:163][409]LogMainFrame: MainFrame: Module compiling took 36.253 seconds
[2021.03.09-06.51.13:202][409]LogClass: Could not find existing class InventoryComponent in package /Script/KJB_Portfolio for HotReload, assuming new class
[2021.03.09-06.51.13:202][409]LogClass: Function AddItem is new.
[2021.03.09-06.51.13:202][409]LogClass: Function RemoveItem is new.
[2021.03.09-06.51.13:239][409]LogClass: EItemType HotReload.
[2021.03.09-06.51.13:239][409]LogClass: ECharacterState HotReload.
[2021.03.09-06.51.13:239][409]LogClass: PlayerStatData HotReload.
[2021.03.09-06.51.13:239][409]LogClass: MonsterStatData HotReload.
[2021.03.09-06.51.13:248][409]LogHotReload: Re-instancing InventoryComponent after hot-reload.
[2021.03.09-06.51.13:277][409]LogContentBrowser: Native class hierarchy updated for 'KJB_Portfolio' in 0.0005 seconds. Added 28 classes and 3 folders.
[2021.03.09-06.51.13:281][409]Display: HotReload successful (13 functions remapped  2 scriptstructs remapped)
[2021.03.09-06.51.13:392][409]LogContentBrowser: Native class hierarchy populated in 0.0090 seconds. Added 3455 classes and 824 folders.
[2021.03.09-06.51.13:394][409]Display: HotReload took 36.5s.
[2021.03.09-06.51.16:943][757]LogAssetEditorSubsystem: Opening Asset editor for Blueprint /Game/MyContents/Character/BP_PlayerBase.BP_PlayerBase
[2021.03.09-06.51.17:524][757]AnimBlueprintLog: Warning: 슬롯노드: MyCharacterAnim_BP_C 애니메이션 인스턴트 클래스의 'UpperBody' 는 이미 존재합니다. 이 클래스의 애니메이션 그래프에서 중복을 제거하세요.
[2021.03.09-06.54.53:198][831]LogSlate: Window 'BP_PlayerBase' being destroyed
[2021.03.09-06.54.53:204][831]LogSlate: Window 'BP_PlayerBase' being destroyed
[2021.03.09-06.54.53:217][831]LogWorld: UWorld::CleanupWorld for World_5, bSessionEnded=true, bCleanupResources=true
[2021.03.09-06.54.53:217][831]LogSlate: InvalidateAllWidgets triggered.  All widgets were invalidated
[2021.03.09-06.54.54:176][918]Candidate modules for hot reload:
[2021.03.09-06.54.54:177][918]  KJB_Portfolio
[2021.03.09-06.54.54:177][918]Launching UnrealBuildTool... [C:/Program Files/Epic Games/UE_4.25/Engine/Binaries/DotNET/UnrealBuildTool.exe  -ModuleWithSuffix=KJB_Portfolio,9100 KJB_PortfolioEditor Win64 Development -Project="C:/unrealP/KJB_Portfolio_UE4/KJB_Portfolio/KJB_Portfolio.uproject" "C:/unrealP/KJB_Portfolio_UE4/KJB_Portfolio/KJB_Portfolio.uproject"  -IgnoreJunk]
[2021.03.09-06.54.54:185][918]Warning: Starting HotReload took  0.0s.
[2021.03.09-06.55.50:017][112]CompilerResultsLog: New page: 컴파일 - 2021. 3. 10. 오전 12:55:50
[2021.03.09-06.55.50:017][112]CompilerResultsLog: Using 'git status' to determine working set for adaptive non-unity build (C:\unrealP\KJB_Portfolio_UE4).
[2021.03.09-06.55.50:017][112]CompilerResultsLog: Building KJB_PortfolioEditor...
[2021.03.09-06.55.50:017][112]CompilerResultsLog: Using Visual Studio 2017 14.16.27042 toolchain (C:\Program Files (x86)\Microsoft Visual Studio\2017\Community\VC\Tools\MSVC\14.16.27023) and Windows 10.0.17763.0 SDK (C:\Program Files (x86)\Windows Kits\10).
[2021.03.09-06.55.50:017][112]CompilerResultsLog: Building 4 actions with 12 processes...
[2021.03.09-06.55.50:017][112]CompilerResultsLog:   [1/4] MyCharacter.cpp
[2021.03.09-06.55.50:017][112]CompilerResultsLog:   [2/4] UE4Editor-KJB_Portfolio-9100.lib
[2021.03.09-06.55.50:017][112]CompilerResultsLog:      C:\unrealP\KJB_Portfolio_UE4\KJB_Portfolio\Intermediate\Build\Win64\UE4Editor\Development\KJB_Portfolio\UE4Editor-KJB_Portfolio-9100.lib ???̺귯?? ?? C:\unrealP\KJB_Portfolio_UE4\KJB_Portfolio\Intermediate\Build\Win64\UE4Editor\Development\KJB_Portfolio\UE4Editor-KJB_Portfolio-9100.exp ??ü?? ?????ϰ? ?ֽ??ϴ?.
[2021.03.09-06.55.50:017][112]CompilerResultsLog:   [3/4] UE4Editor-KJB_Portfolio-9100.dll
[2021.03.09-06.55.50:017][112]CompilerResultsLog:      C:\unrealP\KJB_Portfolio_UE4\KJB_Portfolio\Intermediate\Build\Win64\UE4Editor\Development\KJB_Portfolio\UE4Editor-KJB_Portfolio-9100.suppressed.lib ???̺귯?? ?? C:\unrealP\KJB_Portfolio_UE4\KJB_Portfolio\Intermediate\Build\Win64\UE4Editor\Development\KJB_Portfolio\UE4Editor-KJB_Portfolio-9100.suppressed.exp ??ü?? ?????ϰ? ?ֽ??ϴ?.
[2021.03.09-06.55.50:017][112]CompilerResultsLog:   [4/4] KJB_PortfolioEditor.target
[2021.03.09-06.55.50:017][112]CompilerResultsLog: Total time in Parallel executor: 54.49 seconds
[2021.03.09-06.55.50:017][112]CompilerResultsLog: Total execution time: 55.56 seconds
[2021.03.09-06.55.50:017][112]LogMainFrame: MainFrame: Module compiling took 55.842 seconds
[2021.03.09-06.55.50:125][112]LogClass: EItemType HotReload.
[2021.03.09-06.55.50:125][112]LogClass: ECharacterState HotReload.
[2021.03.09-06.55.50:125][112]LogClass: PlayerStatData HotReload.
[2021.03.09-06.55.50:125][112]LogClass: MonsterStatData HotReload.
[2021.03.09-06.55.50:140][112]LogHotReload: Re-instancing MyCharacter after hot-reload.
[2021.03.09-06.55.50:154][112]AnimBlueprintLog: Warning: 슬롯노드: MyCharacterAnim_BP_C 애니메이션 인스턴트 클래스의 'UpperBody' 는 이미 존재합니다. 이 클래스의 애니메이션 그래프에서 중복을 제거하세요.
[2021.03.09-06.55.50:156][112]AnimBlueprintLog: Warning: 슬롯노드: MyCharacterAnim_BP_C 애니메이션 인스턴트 클래스의 'UpperBody' 는 이미 존재합니다. 이 클래스의 애니메이션 그래프에서 중복을 제거하세요.
[2021.03.09-06.55.50:197][112]LogContentBrowser: Native class hierarchy updated for 'KJB_Portfolio' in 0.0006 seconds. Added 28 classes and 3 folders.
[2021.03.09-06.55.50:204][112]Display: HotReload successful (15 functions remapped  2 scriptstructs remapped)
[2021.03.09-06.55.53:447][112]LogThreadingWindows: Error: Runnable thread PoolThread 35 crashed.
[2021.03.09-06.55.53:447][112]LogWindows: Error: === Critical error: ===
[2021.03.09-06.55.53:447][112]LogWindows: Error: 
[2021.03.09-06.55.53:447][112]LogWindows: Error: Fatal error!
[2021.03.09-06.55.53:447][112]LogWindows: Error: 
[2021.03.09-06.55.53:447][112]LogWindows: Error: Unhandled Exception: EXCEPTION_ACCESS_VIOLATION reading address 0x00000019
[2021.03.09-06.55.53:447][112]LogWindows: Error: 
[2021.03.09-06.55.53:447][112]LogWindows: Error: [Callstack] 0x00007fff98d90de8 UE4Editor-CoreUObject.dll!UnknownFunction []
[2021.03.09-06.55.53:447][112]LogWindows: Error: [Callstack] 0x00007fff98e85a85 UE4Editor-CoreUObject.dll!UnknownFunction []
[2021.03.09-06.55.53:447][112]LogWindows: Error: [Callstack] 0x00007fff98e86052 UE4Editor-CoreUObject.dll!UnknownFunction []
[2021.03.09-06.55.53:447][112]LogWindows: Error: [Callstack] 0x00007fff98e85dc2 UE4Editor-CoreUObject.dll!UnknownFunction []
[2021.03.09-06.55.53:447][112]LogWindows: Error: [Callstack] 0x00007fff98e8557b UE4Editor-CoreUObject.dll!UnknownFunction []
[2021.03.09-06.55.53:447][112]LogWindows: Error: [Callstack] 0x00007fff98e8557b UE4Editor-CoreUObject.dll!UnknownFunction []
[2021.03.09-06.55.53:448][112]LogWindows: Error: [Callstack] 0x00007fff98e8486a UE4Editor-CoreUObject.dll!UnknownFunction []
[2021.03.09-06.55.53:448][112]LogWindows: Error: [Callstack] 0x00007fff98e83cfe UE4Editor-CoreUObject.dll!UnknownFunction []
[2021.03.09-06.55.53:448][112]LogWindows: Error: [Callstack] 0x00007fff6eefc39c UE4Editor-HotReload.dll!UnknownFunction []
[2021.03.09-06.55.53:448][112]LogWindows: Error: [Callstack] 0x00007fff6eefc13e UE4Editor-HotReload.dll!UnknownFunction []
[2021.03.09-06.55.53:448][112]LogWindows: Error: [Callstack] 0x00007fff8be8630d UE4Editor-Core.dll!UnknownFunction []
[2021.03.09-06.55.53:448][112]LogWindows: Error: [Callstack] 0x00007fff8c2504db UE4Editor-Core.dll!UnknownFunction []
[2021.03.09-06.55.53:448][112]LogWindows: Error: [Callstack] 0x00007fff8c247eb0 UE4Editor-Core.dll!UnknownFunction []
[2021.03.09-06.55.53:448][112]LogWindows: Error: [Callstack] 0x00007fffdeb47034 KERNEL32.DLL!UnknownFunction []
[2021.03.09-06.55.53:448][112]LogWindows: Error: [Callstack] 0x00007fffdf59d241 ntdll.dll!UnknownFunction []
[2021.03.09-06.55.53:448][112]LogWindows: Error: 
[2021.03.09-06.55.53:448][112]LogWindows: Error: Crash in runnable thread PoolThread 35
[2021.03.09-06.55.53:472][112]LogExit: Executing StaticShutdownAfterError
[2021.03.09-06.55.53:472][112]LogWindows: FPlatformMisc::RequestExit(1)
[2021.03.09-06.55.53:472][112]LogCore: Engine exit requested (reason: Win RequestExit)
[2021.03.09-06.55.53:478][112]Log file closed, 03/09/21 15:55:53
