Log file open, 02/24/21 20:06:13
LogInit: Display: Running engine for game: KJB_Portfolio
LogPlatformFile: Not using cached read wrapper
LogTaskGraph: Started task graph with 5 named threads and 35 total threads with 3 sets of task threads.
LogStats: Stats thread started at 0.199179
LogD3D11RHI: Loaded GFSDK_Aftermath_Lib.x64.dll
LogICUInternationalization: ICU TimeZone Detection - Raw Offset: +9:00, Platform Override: ''
LogPluginManager: Mounting plugin Paper2D
LogPluginManager: Mounting plugin AISupport
LogPluginManager: Mounting plugin LightPropagationVolume
LogPluginManager: Mounting plugin CameraShakePreviewer
LogPluginManager: Mounting plugin ActorLayerUtilities
LogPluginManager: Mounting plugin AnimationSharing
LogPluginManager: Mounting plugin CLionSourceCodeAccess
LogPluginManager: Mounting plugin CodeLiteSourceCodeAccess
LogPluginManager: Mounting plugin GitSourceControl
LogPluginManager: Mounting plugin KDevelopSourceCodeAccess
LogPluginManager: Mounting plugin NullSourceCodeAccess
LogPluginManager: Mounting plugin PerforceSourceControl
LogPluginManager: Mounting plugin PlasticSourceControl
LogPluginManager: Mounting plugin RiderSourceCodeAccess
LogPluginManager: Mounting plugin SubversionSourceControl
LogPluginManager: Mounting plugin UObjectPlugin
LogPluginManager: Mounting plugin VisualStudioCodeSourceCodeAccess
LogPluginManager: Mounting plugin VisualStudioSourceCodeAccess
LogPluginManager: Mounting plugin XCodeSourceCodeAccess
LogPluginManager: Mounting plugin AssetManagerEditor
LogPluginManager: Mounting plugin CryptoKeys
LogPluginManager: Mounting plugin CurveEditorTools
LogPluginManager: Mounting plugin DataValidation
LogPluginManager: Mounting plugin EditorScriptingUtilities
LogPluginManager: Mounting plugin FacialAnimation
LogPluginManager: Mounting plugin GameplayTagsEditor
LogPluginManager: Mounting plugin GeometryMode
LogPluginManager: Mounting plugin MacGraphicsSwitching
LogPluginManager: Mounting plugin MaterialAnalyzer
LogPluginManager: Mounting plugin MobileLauncherProfileWizard
LogPluginManager: Mounting plugin PluginBrowser
LogPluginManager: Mounting plugin SpeedTreeImporter
LogPluginManager: Mounting plugin DatasmithContent
LogPluginManager: Mounting plugin VariantManagerContent
LogPluginManager: Mounting plugin AlembicImporter
LogPluginManager: Mounting plugin AutomationUtils
LogPluginManager: Mounting plugin BackChannel
LogPluginManager: Mounting plugin ChaosCloth
LogPluginManager: Mounting plugin ChaosClothEditor
LogPluginManager: Mounting plugin ChaosEditor
LogPluginManager: Mounting plugin ChaosNiagara
LogPluginManager: Mounting plugin ChaosSolverPlugin
LogPluginManager: Mounting plugin CharacterAI
LogPluginManager: Mounting plugin GeometryCache
LogPluginManager: Mounting plugin GeometryCollectionPlugin
LogPluginManager: Mounting plugin GeometryProcessing
LogPluginManager: Mounting plugin PlanarCut
LogPluginManager: Mounting plugin PlatformCrypto
LogPluginManager: Mounting plugin ProxyLODPlugin
LogPluginManager: Mounting plugin SkeletalReduction
LogPluginManager: Mounting plugin Niagara
LogPluginManager: Mounting plugin MagicLeap
LogPluginManager: Mounting plugin MagicLeapLightEstimation
LogPluginManager: Mounting plugin MagicLeapMedia
LogPluginManager: Mounting plugin MagicLeapPassableWorld
LogPluginManager: Mounting plugin MLSDK
LogPluginManager: Mounting plugin AndroidMedia
LogPluginManager: Mounting plugin AvfMedia
LogPluginManager: Mounting plugin ImgMedia
LogPluginManager: Mounting plugin MediaCompositing
LogPluginManager: Mounting plugin MediaPlayerEditor
LogPluginManager: Mounting plugin WebMMedia
LogPluginManager: Mounting plugin WmfMedia
LogPluginManager: Mounting plugin MeshPainting
LogPluginManager: Mounting plugin TcpMessaging
LogPluginManager: Mounting plugin UdpMessaging
LogPluginManager: Mounting plugin ActorSequence
LogPluginManager: Mounting plugin LevelSequenceEditor
LogPluginManager: Mounting plugin MatineeToLevelSequence
LogPluginManager: Mounting plugin MovieRenderPipeline
LogPluginManager: Mounting plugin TemplateSequence
LogPluginManager: Mounting plugin NetcodeUnitTest
LogPluginManager: Mounting plugin NUTUnrealEngine4
LogPluginManager: Mounting plugin OnlineSubsystemGooglePlay
LogPluginManager: Mounting plugin OnlineSubsystemIOS
LogPluginManager: Mounting plugin OnlineSubsystem
LogPluginManager: Mounting plugin OnlineSubsystemNull
LogPluginManager: Mounting plugin OnlineSubsystemUtils
LogPluginManager: Mounting plugin LauncherChunkInstaller
LogPluginManager: Mounting plugin AndroidDeviceProfileSelector
LogPluginManager: Mounting plugin AndroidMoviePlayer
LogPluginManager: Mounting plugin AndroidPermission
LogPluginManager: Mounting plugin AppleImageUtils
LogPluginManager: Mounting plugin AppleMoviePlayer
LogPluginManager: Mounting plugin ArchVisCharacter
LogPluginManager: Mounting plugin AssetTags
LogPluginManager: Mounting plugin AudioCapture
LogPluginManager: Mounting plugin CableComponent
LogPluginManager: Mounting plugin CustomMeshComponent
LogPluginManager: Mounting plugin EditableMesh
LogPluginManager: Mounting plugin ExampleDeviceProfileSelector
LogPluginManager: Mounting plugin GoogleCloudMessaging
LogPluginManager: Mounting plugin GooglePAD
LogPluginManager: Mounting plugin IOSDeviceProfileSelector
LogPluginManager: Mounting plugin LinuxDeviceProfileSelector
LogPluginManager: Mounting plugin LocationServicesBPLibrary
LogPluginManager: Mounting plugin MobilePatchingUtils
LogPluginManager: Mounting plugin OculusVR
LogPluginManager: Mounting plugin PhysXVehicles
LogPluginManager: Mounting plugin PostSplashScreen
LogPluginManager: Mounting plugin ProceduralMeshComponent
LogPluginManager: Mounting plugin RuntimePhysXCooking
LogPluginManager: Mounting plugin SignificanceManager
LogPluginManager: Mounting plugin SoundFields
LogPluginManager: Mounting plugin SteamVR
LogPluginManager: Mounting plugin Synthesis
LogPluginManager: Mounting plugin WebMMoviePlayer
LogPluginManager: Mounting plugin WindowsMoviePlayer
LogPluginManager: Mounting plugin ScreenshotTools
LogInit: Using libcurl 7.55.1-DEV
LogInit:  - built for x86_64-pc-win32
LogInit:  - supports SSL with OpenSSL/1.1.1
LogInit:  - supports HTTP deflate (compression) using libz 1.2.8
LogInit:  - other features:
LogInit:      CURL_VERSION_SSL
LogInit:      CURL_VERSION_LIBZ
LogInit:      CURL_VERSION_IPV6
LogInit:      CURL_VERSION_ASYNCHDNS
LogInit:      CURL_VERSION_LARGEFILE
LogInit:      CURL_VERSION_IDN
LogInit:  CurlRequestOptions (configurable via config and command line):
LogInit:  - bVerifyPeer = true  - Libcurl will verify peer certificate
LogInit:  - bUseHttpProxy = false  - Libcurl will NOT use HTTP proxy
LogInit:  - bDontReuseConnections = false  - Libcurl will reuse connections
LogInit:  - MaxHostConnections = 16  - Libcurl will limit the number of connections to a host
LogInit:  - LocalHostAddr = Default
LogInit:  - BufferSize = 65536
LogOnline: OSS: Creating online subsystem instance for: NULL
LogInit: WinSock: version 1.1 (2.2), MaxSocks=32767, MaxUdp=65467
LogOnline: OSS: TryLoadSubsystemAndSetDefault: Loaded subsystem for module [NULL]
LogInit: Build: ++UE4+Release-4.25-CL-14469661
LogInit: Engine Version: 4.25.4-14469661+++UE4+Release-4.25
LogInit: Compatible Engine Version: 4.25.0-13144385+++UE4+Release-4.25
LogInit: Net CL: 13144385
LogInit: OS: Windows 10 (Release 2004) (), CPU: AMD Ryzen 5 3600 6-Core Processor              , GPU: NVIDIA GeForce GTX 1660 SUPER
LogInit: Compiled (64-bit): Oct 11 2020 08:10:49
LogInit: Compiled with Visual C++: 19.24.28315.00
LogInit: Build Configuration: Development
LogInit: Branch Name: ++UE4+Release-4.25
LogInit: Command Line:  -EpicPortal -epicusername=cheonjin13 -epicuserid=9ce07566b3e8499d8258e7641dbf49df -epiclocale=ko
LogInit: Base Directory: C:/Program Files/Epic Games/UE_4.25/Engine/Binaries/Win64/
LogInit: Allocator: TBB
LogInit: Installed Engine Build: 1
LogDevObjectVersion: Number of dev versions registered: 26
LogDevObjectVersion:   Dev-Blueprints (B0D832E4-1F89-4F0D-ACCF-7EB736FD4AA2): 10
LogDevObjectVersion:   Dev-Build (E1C64328-A22C-4D53-A36C-8E866417BD8C): 0
LogDevObjectVersion:   Dev-Core (375EC13C-06E4-48FB-B500-84F0262A717E): 4
LogDevObjectVersion:   Dev-Editor (E4B068ED-F494-42E9-A231-DA0B2E46BB41): 38
LogDevObjectVersion:   Dev-Framework (CFFC743F-43B0-4480-9391-14DF171D2073): 37
LogDevObjectVersion:   Dev-Mobile (B02B49B5-BB20-44E9-A304-32B752E40360): 2
LogDevObjectVersion:   Dev-Networking (A4E4105C-59A1-49B5-A7C5-40C4547EDFEE): 0
LogDevObjectVersion:   Dev-Online (39C831C9-5AE6-47DC-9A44-9C173E1C8E7C): 0
LogDevObjectVersion:   Dev-Physics (78F01B33-EBEA-4F98-B9B4-84EACCB95AA2): 4
LogDevObjectVersion:   Dev-Platform (6631380F-2D4D-43E0-8009-CF276956A95A): 0
LogDevObjectVersion:   Dev-Rendering (12F88B9F-8875-4AFC-A67C-D90C383ABD29): 43
LogDevObjectVersion:   Dev-Sequencer (7B5AE74C-D270-4C10-A958-57980B212A5A): 12
LogDevObjectVersion:   Dev-VR (D7296918-1DD6-4BDD-9DE2-64A83CC13884): 3
LogDevObjectVersion:   Dev-LoadTimes (C2A15278-BFE7-4AFE-6C17-90FF531DF755): 1
LogDevObjectVersion:   Private-Geometry (6EACA3D4-40EC-4CC1-B786-8BED09428FC5): 3
LogDevObjectVersion:   Dev-AnimPhys (29E575DD-E0A3-4627-9D10-D276232CDCEA): 17
LogDevObjectVersion:   Dev-Anim (AF43A65D-7FD3-4947-9873-3E8ED9C1BB05): 7
LogDevObjectVersion:   Dev-ReflectionCapture (6B266CEC-1EC7-4B8F-A30B-E4D90942FC07): 1
LogDevObjectVersion:   Dev-Automation (0DF73D61-A23F-47EA-B727-89E90C41499A): 1
LogDevObjectVersion:   FortniteMain (601D1886-AC64-4F84-AA16-D3DE0DEAC7D6): 31
LogDevObjectVersion:   Dev-Enterprise (9DFFBCD6-494F-0158-E221-12823C92A888): 10
LogDevObjectVersion:   Dev-Niagara (F2AED0AC-9AFE-416F-8664-AA7FFA26D6FC): 1
LogDevObjectVersion:   Dev-Destruction (174F1F0B-B4C6-45A5-B13F-2EE8D0FB917D): 10
LogDevObjectVersion:   Dev-Physics-Ext (35F94A83-E258-406C-A318-09F59610247C): 37
LogDevObjectVersion:   Dev-PhysicsMaterial-Chaos (B68FC16E-8B1B-42E2-B453-215C058844FE): 1
LogDevObjectVersion:   Dev-CineCamera (B2E18506-4273-CFC2-A54E-F4BB758BBA07): 1
LogInit: Presizing for max 25165824 objects, including 0 objects not considered by GC, pre-allocating 0 bytes for permanent pool.
LogConfig: Applying CVar settings from Section [/Script/Engine.StreamingSettings] File [C:/unrealP/KJB_Portfolio_UE4/KJB_Portfolio/Saved/Config/Windows/Engine.ini]
LogConfig: Setting CVar [[s.MinBulkDataSizeForAsyncLoading:131072]]
LogConfig: Setting CVar [[s.AsyncLoadingThreadEnabled:0]]
LogConfig: Setting CVar [[s.EventDrivenLoaderEnabled:1]]
LogConfig: Setting CVar [[s.WarnIfTimeLimitExceeded:0]]
LogConfig: Setting CVar [[s.TimeLimitExceededMultiplier:1.5]]
LogConfig: Setting CVar [[s.TimeLimitExceededMinTime:0.005]]
LogConfig: Setting CVar [[s.UseBackgroundLevelStreaming:1]]
LogConfig: Setting CVar [[s.PriorityAsyncLoadingExtraTime:15.0]]
LogConfig: Setting CVar [[s.LevelStreamingActorsUpdateTimeLimit:5.0]]
LogConfig: Setting CVar [[s.PriorityLevelStreamingActorsUpdateExtraTime:5.0]]
LogConfig: Setting CVar [[s.LevelStreamingComponentsRegistrationGranularity:10]]
LogConfig: Setting CVar [[s.UnregisterComponentsTimeLimit:1.0]]
LogConfig: Setting CVar [[s.LevelStreamingComponentsUnregistrationGranularity:5]]
LogConfig: Setting CVar [[s.FlushStreamingOnExit:1]]
LogInit: Object subsystem initialized
LogConfig: Setting CVar [[con.DebugEarlyDefault:1]]
LogConfig: Setting CVar [[r.setres:1280x720]]
[2021.02.24-11.06.14:427][  0]LogConfig: Setting CVar [[r.VSync:0]]
[2021.02.24-11.06.14:427][  0]LogConfig: Setting CVar [[r.RHICmdBypass:0]]
[2021.02.24-11.06.14:427][  0]LogConfig: Applying CVar settings from Section [/Script/Engine.RendererSettings] File [C:/unrealP/KJB_Portfolio_UE4/KJB_Portfolio/Saved/Config/Windows/Engine.ini]
[2021.02.24-11.06.14:427][  0]LogConfig: Setting CVar [[r.GPUCrashDebugging:0]]
[2021.02.24-11.06.14:427][  0]LogConfig: Applying CVar settings from Section [/Script/Engine.RendererOverrideSettings] File [C:/unrealP/KJB_Portfolio_UE4/KJB_Portfolio/Saved/Config/Windows/Engine.ini]
[2021.02.24-11.06.14:427][  0]LogConfig: Applying CVar settings from Section [/Script/Engine.StreamingSettings] File [C:/unrealP/KJB_Portfolio_UE4/KJB_Portfolio/Saved/Config/Windows/Engine.ini]
[2021.02.24-11.06.14:427][  0]LogConfig: Setting CVar [[s.MinBulkDataSizeForAsyncLoading:131072]]
[2021.02.24-11.06.14:427][  0]LogConfig: Setting CVar [[s.AsyncLoadingThreadEnabled:0]]
[2021.02.24-11.06.14:427][  0]LogConfig: Setting CVar [[s.EventDrivenLoaderEnabled:1]]
[2021.02.24-11.06.14:427][  0]LogConfig: Setting CVar [[s.WarnIfTimeLimitExceeded:0]]
[2021.02.24-11.06.14:427][  0]LogConfig: Setting CVar [[s.TimeLimitExceededMultiplier:1.5]]
[2021.02.24-11.06.14:427][  0]LogConfig: Setting CVar [[s.TimeLimitExceededMinTime:0.005]]
[2021.02.24-11.06.14:427][  0]LogConfig: Setting CVar [[s.UseBackgroundLevelStreaming:1]]
[2021.02.24-11.06.14:427][  0]LogConfig: Setting CVar [[s.PriorityAsyncLoadingExtraTime:15.0]]
[2021.02.24-11.06.14:427][  0]LogConfig: Setting CVar [[s.LevelStreamingActorsUpdateTimeLimit:5.0]]
[2021.02.24-11.06.14:427][  0]LogConfig: Setting CVar [[s.PriorityLevelStreamingActorsUpdateExtraTime:5.0]]
[2021.02.24-11.06.14:427][  0]LogConfig: Setting CVar [[s.LevelStreamingComponentsRegistrationGranularity:10]]
[2021.02.24-11.06.14:427][  0]LogConfig: Setting CVar [[s.UnregisterComponentsTimeLimit:1.0]]
[2021.02.24-11.06.14:427][  0]LogConfig: Setting CVar [[s.LevelStreamingComponentsUnregistrationGranularity:5]]
[2021.02.24-11.06.14:427][  0]LogConfig: Setting CVar [[s.FlushStreamingOnExit:1]]
[2021.02.24-11.06.14:428][  0]LogConfig: Applying CVar settings from Section [/Script/Engine.GarbageCollectionSettings] File [C:/unrealP/KJB_Portfolio_UE4/KJB_Portfolio/Saved/Config/Windows/Engine.ini]
[2021.02.24-11.06.14:428][  0]LogConfig: Setting CVar [[gc.MaxObjectsNotConsideredByGC:1]]
[2021.02.24-11.06.14:428][  0]LogConfig: Setting CVar [[gc.SizeOfPermanentObjectPool:0]]
[2021.02.24-11.06.14:428][  0]LogConfig: Setting CVar [[gc.FlushStreamingOnGC:0]]
[2021.02.24-11.06.14:428][  0]LogConfig: Setting CVar [[gc.NumRetriesBeforeForcingGC:10]]
[2021.02.24-11.06.14:428][  0]LogConfig: Setting CVar [[gc.AllowParallelGC:1]]
[2021.02.24-11.06.14:428][  0]LogConfig: Setting CVar [[gc.TimeBetweenPurgingPendingKillObjects:61.1]]
[2021.02.24-11.06.14:428][  0]LogConfig: Setting CVar [[gc.MaxObjectsInEditor:25165824]]
[2021.02.24-11.06.14:428][  0]LogConfig: Setting CVar [[gc.IncrementalBeginDestroyEnabled:1]]
[2021.02.24-11.06.14:428][  0]LogConfig: Setting CVar [[gc.CreateGCClusters:1]]
[2021.02.24-11.06.14:428][  0]LogConfig: Setting CVar [[gc.MinGCClusterSize:5]]
[2021.02.24-11.06.14:428][  0]LogConfig: Setting CVar [[gc.ActorClusteringEnabled:0]]
[2021.02.24-11.06.14:428][  0]LogConfig: Setting CVar [[gc.BlueprintClusteringEnabled:0]]
[2021.02.24-11.06.14:428][  0]LogConfig: Setting CVar [[gc.UseDisregardForGCOnDedicatedServers:0]]
[2021.02.24-11.06.14:428][  0]LogConfig: Applying CVar settings from Section [/Script/Engine.NetworkSettings] File [C:/unrealP/KJB_Portfolio_UE4/KJB_Portfolio/Saved/Config/Windows/Engine.ini]
[2021.02.24-11.06.14:428][  0]LogConfig: Applying CVar settings from Section [/Script/UnrealEd.CookerSettings] File [C:/unrealP/KJB_Portfolio_UE4/KJB_Portfolio/Saved/Config/Windows/Engine.ini]
[2021.02.24-11.06.14:431][  0]LogConfig: Applying CVar settings from Section [ViewDistanceQuality@3] File [C:/unrealP/KJB_Portfolio_UE4/KJB_Portfolio/Saved/Config/Windows/Scalability.ini]
[2021.02.24-11.06.14:431][  0]LogConfig: Setting CVar [[r.SkeletalMeshLODBias:0]]
[2021.02.24-11.06.14:431][  0]LogConfig: Setting CVar [[r.ViewDistanceScale:1.0]]
[2021.02.24-11.06.14:431][  0]LogConfig: Applying CVar settings from Section [AntiAliasingQuality@3] File [C:/unrealP/KJB_Portfolio_UE4/KJB_Portfolio/Saved/Config/Windows/Scalability.ini]
[2021.02.24-11.06.14:431][  0]LogConfig: Setting CVar [[r.PostProcessAAQuality:4]]
[2021.02.24-11.06.14:431][  0]LogConfig: Applying CVar settings from Section [ShadowQuality@3] File [C:/unrealP/KJB_Portfolio_UE4/KJB_Portfolio/Saved/Config/Windows/Scalability.ini]
[2021.02.24-11.06.14:431][  0]LogConfig: Setting CVar [[r.LightFunctionQuality:1]]
[2021.02.24-11.06.14:431][  0]LogConfig: Setting CVar [[r.ShadowQuality:5]]
[2021.02.24-11.06.14:431][  0]LogConfig: Setting CVar [[r.Shadow.CSM.MaxCascades:10]]
[2021.02.24-11.06.14:431][  0]LogConfig: Setting CVar [[r.Shadow.MaxResolution:2048]]
[2021.02.24-11.06.14:431][  0]LogConfig: Setting CVar [[r.Shadow.MaxCSMResolution:2048]]
[2021.02.24-11.06.14:431][  0]LogConfig: Setting CVar [[r.Shadow.RadiusThreshold:0.01]]
[2021.02.24-11.06.14:431][  0]LogConfig: Setting CVar [[r.Shadow.DistanceScale:1.0]]
[2021.02.24-11.06.14:431][  0]LogConfig: Setting CVar [[r.Shadow.CSM.TransitionScale:1.0]]
[2021.02.24-11.06.14:431][  0]LogConfig: Setting CVar [[r.Shadow.PreShadowResolutionFactor:1.0]]
[2021.02.24-11.06.14:431][  0]LogConfig: Setting CVar [[r.DistanceFieldShadowing:1]]
[2021.02.24-11.06.14:431][  0]LogConfig: Setting CVar [[r.DistanceFieldAO:1]]
[2021.02.24-11.06.14:431][  0]LogConfig: Setting CVar [[r.AOQuality:2]]
[2021.02.24-11.06.14:431][  0]LogConfig: Setting CVar [[r.VolumetricFog:1]]
[2021.02.24-11.06.14:431][  0]LogConfig: Setting CVar [[r.VolumetricFog.GridPixelSize:8]]
[2021.02.24-11.06.14:431][  0]LogConfig: Setting CVar [[r.VolumetricFog.GridSizeZ:128]]
[2021.02.24-11.06.14:431][  0]LogConfig: Setting CVar [[r.VolumetricFog.HistoryMissSupersampleCount:4]]
[2021.02.24-11.06.14:431][  0]LogConfig: Setting CVar [[r.LightMaxDrawDistanceScale:1]]
[2021.02.24-11.06.14:431][  0]LogConfig: Setting CVar [[r.CapsuleShadows:1]]
[2021.02.24-11.06.14:431][  0]LogConfig: Applying CVar settings from Section [PostProcessQuality@3] File [C:/unrealP/KJB_Portfolio_UE4/KJB_Portfolio/Saved/Config/Windows/Scalability.ini]
[2021.02.24-11.06.14:431][  0]LogConfig: Setting CVar [[r.MotionBlurQuality:4]]
[2021.02.24-11.06.14:431][  0]LogConfig: Setting CVar [[r.AmbientOcclusionMipLevelFactor:0.4]]
[2021.02.24-11.06.14:431][  0]LogConfig: Setting CVar [[r.AmbientOcclusionMaxQuality:100]]
[2021.02.24-11.06.14:431][  0]LogConfig: Setting CVar [[r.AmbientOcclusionLevels:-1]]
[2021.02.24-11.06.14:431][  0]LogConfig: Setting CVar [[r.AmbientOcclusionRadiusScale:1.0]]
[2021.02.24-11.06.14:431][  0]LogConfig: Setting CVar [[r.DepthOfFieldQuality:2]]
[2021.02.24-11.06.14:431][  0]LogConfig: Setting CVar [[r.RenderTargetPoolMin:400]]
[2021.02.24-11.06.14:431][  0]LogConfig: Setting CVar [[r.LensFlareQuality:2]]
[2021.02.24-11.06.14:431][  0]LogConfig: Setting CVar [[r.SceneColorFringeQuality:1]]
[2021.02.24-11.06.14:431][  0]LogConfig: Setting CVar [[r.EyeAdaptationQuality:2]]
[2021.02.24-11.06.14:431][  0]LogConfig: Setting CVar [[r.BloomQuality:5]]
[2021.02.24-11.06.14:431][  0]LogConfig: Setting CVar [[r.FastBlurThreshold:100]]
[2021.02.24-11.06.14:431][  0]LogConfig: Setting CVar [[r.Upscale.Quality:3]]
[2021.02.24-11.06.14:431][  0]LogConfig: Setting CVar [[r.Tonemapper.GrainQuantization:1]]
[2021.02.24-11.06.14:431][  0]LogConfig: Setting CVar [[r.LightShaftQuality:1]]
[2021.02.24-11.06.14:431][  0]LogConfig: Setting CVar [[r.Filter.SizeScale:1]]
[2021.02.24-11.06.14:431][  0]LogConfig: Setting CVar [[r.Tonemapper.Quality:5]]
[2021.02.24-11.06.14:431][  0]LogConfig: Setting CVar [[r.DOF.Gather.AccumulatorQuality:1        ; higher gathering accumulator quality]]
[2021.02.24-11.06.14:431][  0]LogConfig: Setting CVar [[r.DOF.Gather.PostfilterMethod:1          ; Median3x3 postfilering method]]
[2021.02.24-11.06.14:431][  0]LogConfig: Setting CVar [[r.DOF.Gather.EnableBokehSettings:0       ; no bokeh simulation when gathering]]
[2021.02.24-11.06.14:431][  0]LogConfig: Setting CVar [[r.DOF.Gather.RingCount:4                 ; medium number of samples when gathering]]
[2021.02.24-11.06.14:431][  0]LogConfig: Setting CVar [[r.DOF.Scatter.ForegroundCompositing:1    ; additive foreground scattering]]
[2021.02.24-11.06.14:431][  0]LogConfig: Setting CVar [[r.DOF.Scatter.BackgroundCompositing:2    ; additive background scattering]]
[2021.02.24-11.06.14:431][  0]LogConfig: Setting CVar [[r.DOF.Scatter.EnableBokehSettings:1      ; bokeh simulation when scattering]]
[2021.02.24-11.06.14:431][  0]LogConfig: Setting CVar [[r.DOF.Scatter.MaxSpriteRatio:0.1         ; only a maximum of 10% of scattered bokeh]]
[2021.02.24-11.06.14:431][  0]LogConfig: Setting CVar [[r.DOF.Recombine.Quality:1                ; cheap slight out of focus]]
[2021.02.24-11.06.14:431][  0]LogConfig: Setting CVar [[r.DOF.Recombine.EnableBokehSettings:0    ; no bokeh simulation on slight out of focus]]
[2021.02.24-11.06.14:431][  0]LogConfig: Setting CVar [[r.DOF.TemporalAAQuality:1                ; more stable temporal accumulation]]
[2021.02.24-11.06.14:431][  0]LogConfig: Setting CVar [[r.DOF.Kernel.MaxForegroundRadius:0.025]]
[2021.02.24-11.06.14:431][  0]LogConfig: Setting CVar [[r.DOF.Kernel.MaxBackgroundRadius:0.025]]
[2021.02.24-11.06.14:431][  0]LogConfig: Applying CVar settings from Section [TextureQuality@3] File [C:/unrealP/KJB_Portfolio_UE4/KJB_Portfolio/Saved/Config/Windows/Scalability.ini]
[2021.02.24-11.06.14:431][  0]LogConfig: Setting CVar [[r.Streaming.MipBias:0]]
[2021.02.24-11.06.14:431][  0]LogConfig: Setting CVar [[r.Streaming.AmortizeCPUToGPUCopy:0]]
[2021.02.24-11.06.14:431][  0]LogConfig: Setting CVar [[r.Streaming.MaxNumTexturesToStreamPerFrame:0]]
[2021.02.24-11.06.14:431][  0]LogConfig: Setting CVar [[r.Streaming.Boost:1]]
[2021.02.24-11.06.14:431][  0]LogConfig: Setting CVar [[r.MaxAnisotropy:8]]
[2021.02.24-11.06.14:431][  0]LogConfig: Setting CVar [[r.VT.MaxAnisotropy:8]]
[2021.02.24-11.06.14:431][  0]LogConfig: Setting CVar [[r.Streaming.LimitPoolSizeToVRAM:0]]
[2021.02.24-11.06.14:431][  0]LogConfig: Setting CVar [[r.Streaming.PoolSize:1000]]
[2021.02.24-11.06.14:431][  0]LogConfig: Setting CVar [[r.Streaming.MaxEffectiveScreenSize:0]]
[2021.02.24-11.06.14:431][  0]LogConfig: Applying CVar settings from Section [EffectsQuality@3] File [C:/unrealP/KJB_Portfolio_UE4/KJB_Portfolio/Saved/Config/Windows/Scalability.ini]
[2021.02.24-11.06.14:431][  0]LogConfig: Setting CVar [[r.TranslucencyLightingVolumeDim:64]]
[2021.02.24-11.06.14:431][  0]LogConfig: Setting CVar [[r.RefractionQuality:2]]
[2021.02.24-11.06.14:432][  0]LogConfig: Setting CVar [[r.SSR.Quality:3]]
[2021.02.24-11.06.14:432][  0]LogConfig: Setting CVar [[r.SSR.HalfResSceneColor:0]]
[2021.02.24-11.06.14:432][  0]LogConfig: Setting CVar [[r.SceneColorFormat:4]]
[2021.02.24-11.06.14:432][  0]LogConfig: Setting CVar [[r.DetailMode:2]]
[2021.02.24-11.06.14:432][  0]LogConfig: Setting CVar [[r.TranslucencyVolumeBlur:1]]
[2021.02.24-11.06.14:432][  0]LogConfig: Setting CVar [[r.MaterialQualityLevel:1 ; High quality]]
[2021.02.24-11.06.14:432][  0]LogConfig: Setting CVar [[r.SSS.Scale:1]]
[2021.02.24-11.06.14:432][  0]LogConfig: Setting CVar [[r.SSS.SampleSet:2]]
[2021.02.24-11.06.14:432][  0]LogConfig: Setting CVar [[r.SSS.Quality:1]]
[2021.02.24-11.06.14:432][  0]LogConfig: Setting CVar [[r.SSS.HalfRes:0]]
[2021.02.24-11.06.14:432][  0]LogConfig: Setting CVar [[r.SSGI.Quality:3]]
[2021.02.24-11.06.14:432][  0]LogConfig: Setting CVar [[r.EmitterSpawnRateScale:1.0]]
[2021.02.24-11.06.14:432][  0]LogConfig: Setting CVar [[r.ParticleLightQuality:2]]
[2021.02.24-11.06.14:432][  0]LogConfig: Setting CVar [[r.SkyAtmosphere.AerialPerspectiveLUT.FastApplyOnOpaque:1 ; Always have FastSkyLUT 1 in this case to avoid wrong sky]]
[2021.02.24-11.06.14:432][  0]LogConfig: Setting CVar [[r.SkyAtmosphere.AerialPerspectiveLUT.SampleCountPerSlice:1]]
[2021.02.24-11.06.14:432][  0]LogConfig: Setting CVar [[r.SkyAtmosphere.AerialPerspectiveLUT.DepthResolution:16.0]]
[2021.02.24-11.06.14:432][  0]LogConfig: Setting CVar [[r.SkyAtmosphere.FastSkyLUT:1]]
[2021.02.24-11.06.14:432][  0]LogConfig: Setting CVar [[r.SkyAtmosphere.FastSkyLUT.SampleCountMin:4.0]]
[2021.02.24-11.06.14:432][  0]LogConfig: Setting CVar [[r.SkyAtmosphere.FastSkyLUT.SampleCountMax:32.0]]
[2021.02.24-11.06.14:432][  0]LogConfig: Setting CVar [[r.SkyAtmosphere.SampleCountMin:4.0]]
[2021.02.24-11.06.14:432][  0]LogConfig: Setting CVar [[r.SkyAtmosphere.SampleCountMax:32.0]]
[2021.02.24-11.06.14:432][  0]LogConfig: Setting CVar [[r.SkyAtmosphere.TransmittanceLUT.UseSmallFormat:0]]
[2021.02.24-11.06.14:432][  0]LogConfig: Setting CVar [[r.SkyAtmosphere.TransmittanceLUT.SampleCount:10.0]]
[2021.02.24-11.06.14:432][  0]LogConfig: Setting CVar [[r.SkyAtmosphere.MultiScatteringLUT.SampleCount:15.0]]
[2021.02.24-11.06.14:432][  0]LogConfig: Applying CVar settings from Section [FoliageQuality@3] File [C:/unrealP/KJB_Portfolio_UE4/KJB_Portfolio/Saved/Config/Windows/Scalability.ini]
[2021.02.24-11.06.14:432][  0]LogConfig: Setting CVar [[foliage.DensityScale:1.0]]
[2021.02.24-11.06.14:432][  0]LogConfig: Setting CVar [[grass.DensityScale:1.0]]
[2021.02.24-11.06.14:432][  0]LogConfig: Applying CVar settings from Section [ShadingQuality@3] File [C:/unrealP/KJB_Portfolio_UE4/KJB_Portfolio/Saved/Config/Windows/Scalability.ini]
[2021.02.24-11.06.14:432][  0]LogConfig: Setting CVar [[r.HairStrands.SkyLighting.SampleCount:16]]
[2021.02.24-11.06.14:432][  0]LogConfig: Setting CVar [[r.HairStrands.SkyLighting.JitterIntegration:0]]
[2021.02.24-11.06.14:432][  0]LogConfig: Setting CVar [[r.HairStrands.SkyAO.SampleCount:16]]
[2021.02.24-11.06.14:432][  0]LogConfig: Setting CVar [[r.HairStrands.DeepShadow.SuperSampling:0]]
[2021.02.24-11.06.14:432][  0]LogConfig: Setting CVar [[r.HairStrands.VisibilityPPLL:0]]
[2021.02.24-11.06.14:432][  0]LogConfig: Setting CVar [[r.HairStrands.RasterizationScale:0.5]]
[2021.02.24-11.06.14:432][  0]LogConfig: Setting CVar [[r.HairStrands.VelocityRasterizationScale:1]]
[2021.02.24-11.06.14:432][  0]LogInit: Selected Device Profile: [Windows]
[2021.02.24-11.06.14:432][  0]LogInit: Applying CVar settings loaded from the selected device profile: [Windows]
[2021.02.24-11.06.14:432][  0]LogHAL: Display: Platform has ~ 16 GB [17110773760 / 17179869184 / 16], which maps to Larger [LargestMinGB=32, LargerMinGB=12, DefaultMinGB=8, SmallerMinGB=6, SmallestMinGB=0)
[2021.02.24-11.06.14:432][  0]LogInit: Going up to parent DeviceProfile []
[2021.02.24-11.06.14:432][  0]LogConfig: Applying CVar settings from Section [ViewDistanceQuality@1] File [C:/unrealP/KJB_Portfolio_UE4/KJB_Portfolio/Saved/Config/Windows/Scalability.ini]
[2021.02.24-11.06.14:432][  0]LogConfig: Setting CVar [[r.SkeletalMeshLODBias:1]]
[2021.02.24-11.06.14:432][  0]LogConfig: Setting CVar [[r.ViewDistanceScale:0.6]]
[2021.02.24-11.06.14:432][  0]LogConfig: Applying CVar settings from Section [AntiAliasingQuality@1] File [C:/unrealP/KJB_Portfolio_UE4/KJB_Portfolio/Saved/Config/Windows/Scalability.ini]
[2021.02.24-11.06.14:432][  0]LogConfig: Setting CVar [[r.PostProcessAAQuality:2]]
[2021.02.24-11.06.14:432][  0]LogConfig: Applying CVar settings from Section [ShadowQuality@1] File [C:/unrealP/KJB_Portfolio_UE4/KJB_Portfolio/Saved/Config/Windows/Scalability.ini]
[2021.02.24-11.06.14:432][  0]LogConfig: Setting CVar [[r.LightFunctionQuality:1]]
[2021.02.24-11.06.14:432][  0]LogConfig: Setting CVar [[r.ShadowQuality:3]]
[2021.02.24-11.06.14:432][  0]LogConfig: Setting CVar [[r.Shadow.CSM.MaxCascades:1]]
[2021.02.24-11.06.14:432][  0]LogConfig: Setting CVar [[r.Shadow.MaxResolution:1024]]
[2021.02.24-11.06.14:432][  0]LogConfig: Setting CVar [[r.Shadow.MaxCSMResolution:1024]]
[2021.02.24-11.06.14:432][  0]LogConfig: Setting CVar [[r.Shadow.RadiusThreshold:0.05]]
[2021.02.24-11.06.14:432][  0]LogConfig: Setting CVar [[r.Shadow.DistanceScale:0.7]]
[2021.02.24-11.06.14:432][  0]LogConfig: Setting CVar [[r.Shadow.CSM.TransitionScale:0.25]]
[2021.02.24-11.06.14:432][  0]LogConfig: Setting CVar [[r.Shadow.PreShadowResolutionFactor:0.5]]
[2021.02.24-11.06.14:432][  0]LogConfig: Setting CVar [[r.DistanceFieldShadowing:0]]
[2021.02.24-11.06.14:432][  0]LogConfig: Setting CVar [[r.DistanceFieldAO:0]]
[2021.02.24-11.06.14:432][  0]LogConfig: Setting CVar [[r.VolumetricFog:0]]
[2021.02.24-11.06.14:432][  0]LogConfig: Setting CVar [[r.LightMaxDrawDistanceScale:.5]]
[2021.02.24-11.06.14:432][  0]LogConfig: Setting CVar [[r.CapsuleShadows:1]]
[2021.02.24-11.06.14:432][  0]LogConfig: Applying CVar settings from Section [PostProcessQuality@1] File [C:/unrealP/KJB_Portfolio_UE4/KJB_Portfolio/Saved/Config/Windows/Scalability.ini]
[2021.02.24-11.06.14:432][  0]LogConfig: Setting CVar [[r.MotionBlurQuality:3]]
[2021.02.24-11.06.14:432][  0]LogConfig: Setting CVar [[r.AmbientOcclusionMipLevelFactor:1.0]]
[2021.02.24-11.06.14:433][  0]LogConfig: Setting CVar [[r.AmbientOcclusionMaxQuality:60]]
[2021.02.24-11.06.14:433][  0]LogConfig: Setting CVar [[r.AmbientOcclusionLevels:-1]]
[2021.02.24-11.06.14:433][  0]LogConfig: Setting CVar [[r.AmbientOcclusionRadiusScale:1.5]]
[2021.02.24-11.06.14:433][  0]LogConfig: Setting CVar [[r.DepthOfFieldQuality:1]]
[2021.02.24-11.06.14:433][  0]LogConfig: Setting CVar [[r.RenderTargetPoolMin:350]]
[2021.02.24-11.06.14:433][  0]LogConfig: Setting CVar [[r.LensFlareQuality:0]]
[2021.02.24-11.06.14:433][  0]LogConfig: Setting CVar [[r.SceneColorFringeQuality:0]]
[2021.02.24-11.06.14:433][  0]LogConfig: Setting CVar [[r.EyeAdaptationQuality:0]]
[2021.02.24-11.06.14:433][  0]LogConfig: Setting CVar [[r.BloomQuality:4]]
[2021.02.24-11.06.14:433][  0]LogConfig: Setting CVar [[r.FastBlurThreshold:2]]
[2021.02.24-11.06.14:433][  0]LogConfig: Setting CVar [[r.Upscale.Quality:2]]
[2021.02.24-11.06.14:433][  0]LogConfig: Setting CVar [[r.Tonemapper.GrainQuantization:0]]
[2021.02.24-11.06.14:433][  0]LogConfig: Setting CVar [[r.LightShaftQuality:0]]
[2021.02.24-11.06.14:433][  0]LogConfig: Setting CVar [[r.Filter.SizeScale:0.7]]
[2021.02.24-11.06.14:433][  0]LogConfig: Setting CVar [[r.Tonemapper.Quality:2]]
[2021.02.24-11.06.14:433][  0]LogConfig: Setting CVar [[r.DOF.Gather.AccumulatorQuality:0        ; lower gathering accumulator quality]]
[2021.02.24-11.06.14:433][  0]LogConfig: Setting CVar [[r.DOF.Gather.PostfilterMethod:2          ; Max3x3 postfilering method]]
[2021.02.24-11.06.14:433][  0]LogConfig: Setting CVar [[r.DOF.Gather.EnableBokehSettings:0       ; no bokeh simulation when gathering]]
[2021.02.24-11.06.14:433][  0]LogConfig: Setting CVar [[r.DOF.Gather.RingCount:3                 ; low number of samples when gathering]]
[2021.02.24-11.06.14:433][  0]LogConfig: Setting CVar [[r.DOF.Scatter.ForegroundCompositing:0    ; no foreground scattering]]
[2021.02.24-11.06.14:433][  0]LogConfig: Setting CVar [[r.DOF.Scatter.BackgroundCompositing:0    ; no foreground scattering]]
[2021.02.24-11.06.14:433][  0]LogConfig: Setting CVar [[r.DOF.Recombine.Quality:0                ; no slight out of focus]]
[2021.02.24-11.06.14:433][  0]LogConfig: Setting CVar [[r.DOF.TemporalAAQuality:0                ; faster temporal accumulation]]
[2021.02.24-11.06.14:433][  0]LogConfig: Setting CVar [[r.DOF.Kernel.MaxForegroundRadius:0.006   ; required because low gathering and no scattering and not looking great at 1080p]]
[2021.02.24-11.06.14:433][  0]LogConfig: Setting CVar [[r.DOF.Kernel.MaxBackgroundRadius:0.006   ; required because low gathering and no scattering and not looking great at 1080p]]
[2021.02.24-11.06.14:433][  0]LogConfig: Applying CVar settings from Section [TextureQuality@1] File [C:/unrealP/KJB_Portfolio_UE4/KJB_Portfolio/Saved/Config/Windows/Scalability.ini]
[2021.02.24-11.06.14:433][  0]LogConfig: Setting CVar [[r.Streaming.MipBias:1]]
[2021.02.24-11.06.14:433][  0]LogConfig: Setting CVar [[r.Streaming.AmortizeCPUToGPUCopy:0]]
[2021.02.24-11.06.14:433][  0]LogConfig: Setting CVar [[r.Streaming.MaxNumTexturesToStreamPerFrame:0]]
[2021.02.24-11.06.14:433][  0]LogConfig: Setting CVar [[r.Streaming.Boost:1]]
[2021.02.24-11.06.14:433][  0]LogConfig: Setting CVar [[r.MaxAnisotropy:2]]
[2021.02.24-11.06.14:433][  0]LogConfig: Setting CVar [[r.VT.MaxAnisotropy:4]]
[2021.02.24-11.06.14:433][  0]LogConfig: Setting CVar [[r.Streaming.LimitPoolSizeToVRAM:1]]
[2021.02.24-11.06.14:433][  0]LogConfig: Setting CVar [[r.Streaming.PoolSize:600]]
[2021.02.24-11.06.14:433][  0]LogConfig: Setting CVar [[r.Streaming.MaxEffectiveScreenSize:0]]
[2021.02.24-11.06.14:433][  0]LogConfig: Applying CVar settings from Section [EffectsQuality@1] File [C:/unrealP/KJB_Portfolio_UE4/KJB_Portfolio/Saved/Config/Windows/Scalability.ini]
[2021.02.24-11.06.14:433][  0]LogConfig: Setting CVar [[r.TranslucencyLightingVolumeDim:32]]
[2021.02.24-11.06.14:433][  0]LogConfig: Setting CVar [[r.RefractionQuality:0]]
[2021.02.24-11.06.14:433][  0]LogConfig: Setting CVar [[r.SSR.Quality:0]]
[2021.02.24-11.06.14:433][  0]LogConfig: Setting CVar [[r.SSR.HalfResSceneColor:1]]
[2021.02.24-11.06.14:433][  0]LogConfig: Setting CVar [[r.SceneColorFormat:3]]
[2021.02.24-11.06.14:433][  0]LogConfig: Setting CVar [[r.DetailMode:1]]
[2021.02.24-11.06.14:433][  0]LogConfig: Setting CVar [[r.TranslucencyVolumeBlur:0]]
[2021.02.24-11.06.14:433][  0]LogConfig: Setting CVar [[r.MaterialQualityLevel:2 ; Medium quality]]
[2021.02.24-11.06.14:433][  0]LogConfig: Setting CVar [[r.SSS.Scale:0.75]]
[2021.02.24-11.06.14:433][  0]LogConfig: Setting CVar [[r.SSS.SampleSet:0]]
[2021.02.24-11.06.14:433][  0]LogConfig: Setting CVar [[r.SSS.Quality:0]]
[2021.02.24-11.06.14:433][  0]LogConfig: Setting CVar [[r.SSS.HalfRes:1]]
[2021.02.24-11.06.14:433][  0]LogConfig: Setting CVar [[r.SSGI.Quality:1]]
[2021.02.24-11.06.14:433][  0]LogConfig: Setting CVar [[r.EmitterSpawnRateScale:0.25]]
[2021.02.24-11.06.14:433][  0]LogConfig: Setting CVar [[r.ParticleLightQuality:0]]
[2021.02.24-11.06.14:433][  0]LogConfig: Setting CVar [[r.SkyAtmosphere.AerialPerspectiveLUT.FastApplyOnOpaque:1 ; Always have FastSkyLUT 1 in this case to avoid wrong sky]]
[2021.02.24-11.06.14:433][  0]LogConfig: Setting CVar [[r.SkyAtmosphere.AerialPerspectiveLUT.SampleCountPerSlice:1]]
[2021.02.24-11.06.14:433][  0]LogConfig: Setting CVar [[r.SkyAtmosphere.AerialPerspectiveLUT.DepthResolution:16.0]]
[2021.02.24-11.06.14:433][  0]LogConfig: Setting CVar [[r.SkyAtmosphere.FastSkyLUT:1]]
[2021.02.24-11.06.14:433][  0]LogConfig: Setting CVar [[r.SkyAtmosphere.FastSkyLUT.SampleCountMin:4.0]]
[2021.02.24-11.06.14:433][  0]LogConfig: Setting CVar [[r.SkyAtmosphere.FastSkyLUT.SampleCountMax:32.0]]
[2021.02.24-11.06.14:433][  0]LogConfig: Setting CVar [[r.SkyAtmosphere.SampleCountMin:4.0]]
[2021.02.24-11.06.14:433][  0]LogConfig: Setting CVar [[r.SkyAtmosphere.SampleCountMax:32.0]]
[2021.02.24-11.06.14:433][  0]LogConfig: Setting CVar [[r.SkyAtmosphere.TransmittanceLUT.UseSmallFormat:0]]
[2021.02.24-11.06.14:433][  0]LogConfig: Setting CVar [[r.SkyAtmosphere.TransmittanceLUT.SampleCount:10.0]]
[2021.02.24-11.06.14:433][  0]LogConfig: Setting CVar [[r.SkyAtmosphere.MultiScatteringLUT.SampleCount:15.0]]
[2021.02.24-11.06.14:433][  0]LogConfig: Applying CVar settings from Section [FoliageQuality@1] File [C:/unrealP/KJB_Portfolio_UE4/KJB_Portfolio/Saved/Config/Windows/Scalability.ini]
[2021.02.24-11.06.14:433][  0]LogConfig: Setting CVar [[foliage.DensityScale:0.4]]
[2021.02.24-11.06.14:433][  0]LogConfig: Setting CVar [[grass.DensityScale:0.4]]
[2021.02.24-11.06.14:433][  0]LogConfig: Applying CVar settings from Section [ShadingQuality@3] File [C:/unrealP/KJB_Portfolio_UE4/KJB_Portfolio/Saved/Config/Windows/Scalability.ini]
[2021.02.24-11.06.14:433][  0]LogConfig: Setting CVar [[r.HairStrands.SkyLighting.SampleCount:16]]
[2021.02.24-11.06.14:433][  0]LogConfig: Setting CVar [[r.HairStrands.SkyLighting.JitterIntegration:0]]
[2021.02.24-11.06.14:433][  0]LogConfig: Setting CVar [[r.HairStrands.SkyAO.SampleCount:16]]
[2021.02.24-11.06.14:433][  0]LogConfig: Setting CVar [[r.HairStrands.DeepShadow.SuperSampling:0]]
[2021.02.24-11.06.14:433][  0]LogConfig: Setting CVar [[r.HairStrands.VisibilityPPLL:0]]
[2021.02.24-11.06.14:433][  0]LogConfig: Setting CVar [[r.HairStrands.RasterizationScale:0.5]]
[2021.02.24-11.06.14:433][  0]LogConfig: Setting CVar [[r.HairStrands.VelocityRasterizationScale:1]]
[2021.02.24-11.06.14:433][  0]LogConfig: Applying CVar settings from Section [Startup] File [../../../Engine/Config/ConsoleVariables.ini]
[2021.02.24-11.06.14:434][  0]LogConfig: Setting CVar [[net.UseAdaptiveNetUpdateFrequency:0]]
[2021.02.24-11.06.14:434][  0]LogConfig: Setting CVar [[p.chaos.AllowCreatePhysxBodies:1]]
[2021.02.24-11.06.14:434][  0]LogConfig: Setting CVar [[fx.SkipVectorVMBackendOptimizations:1]]
[2021.02.24-11.06.14:434][  0]LogConfig: Applying CVar settings from Section [ConsoleVariables] File [C:/unrealP/KJB_Portfolio_UE4/KJB_Portfolio/Saved/Config/Windows/Engine.ini]
[2021.02.24-11.06.14:434][  0]LogInit: Computer: DESKTOP-6HEEP2H
[2021.02.24-11.06.14:434][  0]LogInit: User: KJB
[2021.02.24-11.06.14:434][  0]LogInit: CPU Page size=4096, Cores=6
[2021.02.24-11.06.14:434][  0]LogInit: High frequency timer resolution =10.000000 MHz
[2021.02.24-11.06.14:434][  0]LogMemory: Memory total: Physical=15.9GB (16GB approx)
[2021.02.24-11.06.14:434][  0]LogMemory: Platform Memory Stats for Windows
[2021.02.24-11.06.14:434][  0]LogMemory: Process Physical Memory: 116.39 MB used, 116.39 MB peak
[2021.02.24-11.06.14:434][  0]LogMemory: Process Virtual Memory: 105.36 MB used, 105.36 MB peak
[2021.02.24-11.06.14:434][  0]LogMemory: Physical Memory: 8732.24 MB used,  7585.87 MB free, 16318.11 MB total
[2021.02.24-11.06.14:434][  0]LogMemory: Virtual Memory: 5175.00 MB used,  134212552.00 MB free, 134217728.00 MB total
[2021.02.24-11.06.14:442][  0]LogWindows: WindowsPlatformFeatures enabled
[2021.02.24-11.06.14:540][  0]LogInit: Physics initialised using underlying interface: PhysX
[2021.02.24-11.06.14:541][  0]LogInit: Using OS detected language (ko-KR).
[2021.02.24-11.06.14:541][  0]LogInit: Using OS detected locale (ko-KR).
[2021.02.24-11.06.14:544][  0]LogTextLocalizationManager: No specific localization for 'ko-KR' exists, so the 'ko' localization will be used.
[2021.02.24-11.06.14:620][  0]LogInit: Setting process to per monitor DPI aware
[2021.02.24-11.06.14:676][  0]LogSlate: New Slate User Created.  User Index 0, Is Virtual User: 0
[2021.02.24-11.06.14:676][  0]LogSlate: Slate User Registered.  User Index 0, Is Virtual User: 0
[2021.02.24-11.06.14:858][  0]LogHMD: Failed to initialize OpenVR with code 110
[2021.02.24-11.06.14:858][  0]LogD3D11RHI: D3D11 min allowed feature level: 11_0
[2021.02.24-11.06.14:858][  0]LogD3D11RHI: D3D11 max allowed feature level: 11_0
[2021.02.24-11.06.14:858][  0]LogD3D11RHI: D3D11 adapters:
[2021.02.24-11.06.14:975][  0]LogD3D11RHI:    0. 'NVIDIA GeForce GTX 1660 SUPER' (Feature Level 11_0)
[2021.02.24-11.06.14:975][  0]LogD3D11RHI:       5991/0/8159 MB DedicatedVideo/DedicatedSystem/SharedSystem, Outputs:1, VendorId:0x10de
[2021.02.24-11.06.14:977][  0]LogD3D11RHI:    1. 'Microsoft Basic Render Driver' (Feature Level 11_0)
[2021.02.24-11.06.14:977][  0]LogD3D11RHI:       0/0/8159 MB DedicatedVideo/DedicatedSystem/SharedSystem, Outputs:0, VendorId:0x1414
[2021.02.24-11.06.14:977][  0]LogD3D11RHI: Chosen D3D11 Adapter: 0
[2021.02.24-11.06.14:983][  0]LogD3D11RHI: Creating new Direct3DDevice
[2021.02.24-11.06.14:983][  0]LogD3D11RHI:     GPU DeviceId: 0x21c4 (for the marketing name, search the web for "GPU Device Id")
[2021.02.24-11.06.14:983][  0]LogWindows: EnumDisplayDevices:
[2021.02.24-11.06.14:983][  0]LogWindows:    0. 'NVIDIA GeForce GTX 1660 SUPER' (P:1 D:1)
[2021.02.24-11.06.14:984][  0]LogWindows:    1. 'NVIDIA GeForce GTX 1660 SUPER' (P:0 D:0)
[2021.02.24-11.06.14:985][  0]LogWindows:    2. 'NVIDIA GeForce GTX 1660 SUPER' (P:0 D:0)
[2021.02.24-11.06.14:985][  0]LogWindows:    3. 'NVIDIA GeForce GTX 1660 SUPER' (P:0 D:0)
[2021.02.24-11.06.14:986][  0]LogWindows: DebugString: FoundDriverCount:4 
[2021.02.24-11.06.14:986][  0]LogD3D11RHI:     Adapter Name: NVIDIA GeForce GTX 1660 SUPER
[2021.02.24-11.06.14:986][  0]LogD3D11RHI:   Driver Version: 461.40 (internal:27.21.14.6140, unified:461.40)
[2021.02.24-11.06.14:986][  0]LogD3D11RHI:      Driver Date: 1-22-2021
[2021.02.24-11.06.14:986][  0]LogRHI: Texture pool is 4193 MB (70% of 5991 MB)
[2021.02.24-11.06.15:058][  0]LogD3D11RHI: RHI has support for 64 bit atomics
[2021.02.24-11.06.15:058][  0]LogD3D11RHI: Async texture creation enabled
[2021.02.24-11.06.15:058][  0]LogD3D11RHI: Array index from any shader is supported
[2021.02.24-11.06.15:074][  0]LogD3D11RHI: GPU Timing Frequency: 1000.000000 (Debug: 2 1)
[2021.02.24-11.06.15:425][  0]LogTargetPlatformManager: Display: Loaded TargetPlatform 'AllDesktop'
[2021.02.24-11.06.15:461][  0]LogTargetPlatformManager: Display: Loaded TargetPlatform 'Android'
[2021.02.24-11.06.15:461][  0]LogTargetPlatformManager: Display: Loaded TargetPlatform 'Android_ASTC'
[2021.02.24-11.06.15:461][  0]LogTargetPlatformManager: Display: Loaded TargetPlatform 'Android_DXT'
[2021.02.24-11.06.15:461][  0]LogTargetPlatformManager: Display: Loaded TargetPlatform 'Android_ETC2'
[2021.02.24-11.06.15:461][  0]LogTargetPlatformManager: Display: Loaded TargetPlatform 'AndroidClient'
[2021.02.24-11.06.15:461][  0]LogTargetPlatformManager: Display: Loaded TargetPlatform 'Android_ASTCClient'
[2021.02.24-11.06.15:461][  0]LogTargetPlatformManager: Display: Loaded TargetPlatform 'Android_DXTClient'
[2021.02.24-11.06.15:461][  0]LogTargetPlatformManager: Display: Loaded TargetPlatform 'Android_ETC2Client'
[2021.02.24-11.06.15:461][  0]LogTargetPlatformManager: Display: Loaded TargetPlatform 'Android_Multi'
[2021.02.24-11.06.15:461][  0]LogTargetPlatformManager: Display: Loaded TargetPlatform 'Android_MultiClient'
[2021.02.24-11.06.15:507][  0]LogTargetPlatformManager: Display: Loaded TargetPlatform 'IOSClient'
[2021.02.24-11.06.15:507][  0]LogTargetPlatformManager: Display: Loaded TargetPlatform 'IOS'
[2021.02.24-11.06.15:521][  0]LogTargetPlatformManager: Display: Loaded TargetPlatform 'Linux'
[2021.02.24-11.06.15:534][  0]LogTargetPlatformManager: Display: Loaded TargetPlatform 'LinuxNoEditor'
[2021.02.24-11.06.15:546][  0]LogTargetPlatformManager: Display: Loaded TargetPlatform 'LinuxClient'
[2021.02.24-11.06.15:558][  0]LogTargetPlatformManager: Display: Loaded TargetPlatform 'LinuxServer'
[2021.02.24-11.06.15:571][  0]LogTargetPlatformManager: Display: Loaded TargetPlatform 'LinuxAArch64NoEditor'
[2021.02.24-11.06.15:583][  0]LogTargetPlatformManager: Display: Loaded TargetPlatform 'LinuxAArch64Client'
[2021.02.24-11.06.15:595][  0]LogTargetPlatformManager: Display: Loaded TargetPlatform 'LinuxAArch64Server'
[2021.02.24-11.06.15:625][  0]LogTargetPlatformManager: Display: Loaded TargetPlatform 'Lumin'
[2021.02.24-11.06.15:625][  0]LogTargetPlatformManager: Display: Loaded TargetPlatform 'LuminClient'
[2021.02.24-11.06.15:644][  0]LogTargetPlatformManager: Display: Loaded TargetPlatform 'TVOSClient'
[2021.02.24-11.06.15:644][  0]LogTargetPlatformManager: Display: Loaded TargetPlatform 'TVOS'
[2021.02.24-11.06.15:656][  0]LogTargetPlatformManager: Display: Loaded TargetPlatform 'WindowsNoEditor'
[2021.02.24-11.06.15:668][  0]LogTargetPlatformManager: Display: Loaded TargetPlatform 'Windows'
[2021.02.24-11.06.15:680][  0]LogTargetPlatformManager: Display: Loaded TargetPlatform 'WindowsClient'
[2021.02.24-11.06.15:692][  0]LogTargetPlatformManager: Display: Loaded TargetPlatform 'WindowsServer'
[2021.02.24-11.06.15:692][  0]LogTargetPlatformManager: Display: Building Assets For Windows
[2021.02.24-11.06.15:703][  0]LogAudioDebug: Display: Lib vorbis DLL was dynamically loaded.
[2021.02.24-11.06.15:794][  0]LogShaderCompilers: Guid format shader working directory is -14 characters bigger than the processId version (../../../../../../unrealP/KJB_Portfolio_UE4/KJB_Portfolio/Intermediate/Shaders/WorkingDirectory/18076/).
[2021.02.24-11.06.15:794][  0]LogShaderCompilers: Cleaned the shader compiler working directory 'C:/Users/KJB/AppData/Local/Temp/UnrealShaderWorkingDir/44C770CE40157DD2CC39DA9B75D44F5D/'.
[2021.02.24-11.06.15:795][  0]LogXGEController: Cannot use XGE Controller as Incredibuild is not installed on this machine.
[2021.02.24-11.06.15:795][  0]LogShaderCompilers: Cannot use XGE Shader Compiler as Incredibuild is not installed on this machine.
[2021.02.24-11.06.15:795][  0]LogShaderCompilers: Display: Using Local Shader Compiler.
[2021.02.24-11.06.16:492][  0]LogDerivedDataCache: Display: Max Cache Size: 512 MB
[2021.02.24-11.06.16:547][  0]LogDerivedDataCache: Loaded boot cache 0.05s 102MB C:/Users/KJB/AppData/Local/UnrealEngine/4.25/DerivedDataCache/Boot.ddc.
[2021.02.24-11.06.16:547][  0]LogDerivedDataCache: Display: Loaded Boot cache: C:/Users/KJB/AppData/Local/UnrealEngine/4.25/DerivedDataCache/Boot.ddc
[2021.02.24-11.06.16:548][  0]LogDerivedDataCache: FDerivedDataBackendGraph:  Pak pak cache file ../../../../../../unrealP/KJB_Portfolio_UE4/KJB_Portfolio/DerivedDataCache/DDC.ddp not found, will not use a pak cache.
[2021.02.24-11.06.16:548][  0]LogDerivedDataCache: Unable to find inner node Pak for hierarchical cache Hierarchy.
[2021.02.24-11.06.16:548][  0]LogDerivedDataCache: FDerivedDataBackendGraph:  CompressedPak pak cache file ../../../../../../unrealP/KJB_Portfolio_UE4/KJB_Portfolio/DerivedDataCache/Compressed.ddp not found, will not use a pak cache.
[2021.02.24-11.06.16:548][  0]LogDerivedDataCache: Unable to find inner node CompressedPak for hierarchical cache Hierarchy.
[2021.02.24-11.06.16:558][  0]LogDerivedDataCache: Display: Pak cache opened for reading ../../../Engine/DerivedDataCache/Compressed.ddp.
[2021.02.24-11.06.16:558][  0]LogDerivedDataCache: FDerivedDataBackendGraph:  EnterprisePak pak cache file ../../../Enterprise/DerivedDataCache/Compressed.ddp not found, will not use a pak cache.
[2021.02.24-11.06.16:558][  0]LogDerivedDataCache: Unable to find inner node EnterprisePak for hierarchical cache Hierarchy.
[2021.02.24-11.06.16:559][  0]LogDerivedDataCache: Using Local data cache path C:/Users/KJB/AppData/Local/UnrealEngine/Common/DerivedDataCache: Writable
[2021.02.24-11.06.16:559][  0]LogDerivedDataCache: Shared data cache path not found in *engine.ini, will not use an Shared cache.
[2021.02.24-11.06.16:559][  0]LogDerivedDataCache: Unable to find inner node Shared for hierarchical cache Hierarchy.
[2021.02.24-11.06.16:604][  0]LogSlate: Using FreeType 2.10.0
[2021.02.24-11.06.16:605][  0]LogSlate: SlateFontServices - WITH_FREETYPE: 1, WITH_HARFBUZZ: 1
[2021.02.24-11.06.16:627][  0]LogAssetRegistry: FAssetRegistry took 0.0024 seconds to start up
[2021.02.24-11.06.16:876][  0]LogInit: Selected Device Profile: [Windows]
[2021.02.24-11.06.16:992][  0]LogMeshReduction: Using QuadricMeshReduction for automatic static mesh reduction
[2021.02.24-11.06.16:993][  0]LogMeshReduction: Using SimplygonMeshReduction for automatic skeletal mesh reduction
[2021.02.24-11.06.16:993][  0]LogMeshReduction: Using ProxyLODMeshReduction for automatic mesh merging
[2021.02.24-11.06.16:993][  0]LogMeshReduction: No distributed automatic mesh merging module available
[2021.02.24-11.06.16:993][  0]LogMeshMerging: No distributed automatic mesh merging module available
[2021.02.24-11.06.17:008][  0]LogNetVersion: KJB_Portfolio 1.0.0, NetCL: 13144385, EngineNetVer: 14, GameNetVer: 0 (Checksum: 3600608709)
[2021.02.24-11.06.17:383][  0]LogAISub: UAISubsystem::UAISubsystem AISubsystem (0000019DA1647AC0), frame # 0
[2021.02.24-11.06.17:383][  0]LogAISub: UAISubsystem::UAISubsystem AIPerceptionSystem (0000019DA164BC40), frame # 0
[2021.02.24-11.06.17:384][  0]LogAISub: UAISubsystem::UAISubsystem EnvQueryManager (0000019DA16B9E00), frame # 0
[2021.02.24-11.06.17:422][  0]LogPackageLocalizationCache: Processed 19 localized package path(s) for 1 prioritized culture(s) in 0.032696 seconds
[2021.02.24-11.06.17:427][  0]LogUObjectArray: 15917 objects as part of root set at end of initial load.
[2021.02.24-11.06.17:427][  0]LogUObjectAllocator: 3965568 out of 0 bytes used by permanent object pool.
[2021.02.24-11.06.17:427][  0]LogUObjectArray: CloseDisregardForGC: 0/0 objects in disregard for GC pool
[2021.02.24-11.06.17:847][  0]LogTcpMessaging: Initializing TcpMessaging bridge
[2021.02.24-11.06.17:853][  0]LogUdpMessaging: Initializing bridge on interface 0.0.0.0:0 to multicast group 230.0.0.1:6666.
[2021.02.24-11.06.18:903][  0]SourceControl: 소스 컨트롤이 꺼졌습니다.
[2021.02.24-11.06.18:903][  0]SourceControl: 소스 컨트롤이 꺼졌습니다.
[2021.02.24-11.06.18:907][  0]SourceControl: 소스 컨트롤이 꺼졌습니다.
[2021.02.24-11.06.18:911][  0]SourceControl: 소스 컨트롤이 꺼졌습니다.
[2021.02.24-11.06.18:921][  0]SourceControl: 소스 컨트롤이 꺼졌습니다.
[2021.02.24-11.06.19:250][  0]LogAndroidPermission: UAndroidPermissionCallbackProxy::GetInstance
[2021.02.24-11.06.19:279][  0]LogAudioCaptureCore: Display: No Audio Capture implementations found. Audio input will be silent.
[2021.02.24-11.06.19:279][  0]LogAudioCaptureCore: Display: No Audio Capture implementations found. Audio input will be silent.
[2021.02.24-11.06.19:340][  0]LogOcInput: OculusInput pre-init called
[2021.02.24-11.06.19:354][  0]LogWindows: Failed to load 'OVRPlugin.dll' (GetLastError=126)
[2021.02.24-11.06.19:354][  0]LogWindows: File 'OVRPlugin.dll' does not exist
[2021.02.24-11.06.19:423][  0]LogEngine: Initializing Engine...
[2021.02.24-11.06.19:425][  0]LogHMD: Failed to initialize OpenVR with code 110
[2021.02.24-11.06.19:425][  0]LogMagicLeap: Warning: VR disabled because ZI is not enabled.  To enable, in the editor, Edit -> Project Settings -> Plugins -> Magic Leap Plugin -> Enable Zero Iteration
[2021.02.24-11.06.19:426][  0]LogStats: UGameplayTagsManager::InitializeManager -  0.000 s
[2021.02.24-11.06.19:530][  0]LogInit: Initializing FReadOnlyCVARCache
[2021.02.24-11.06.19:545][  0]LogAIModule: Creating AISystem for world Untitled
[2021.02.24-11.06.19:545][  0]LogAISub: UAISubsystem::UAISubsystem EnvQueryManager (0000019DB4847C00), frame # 0
[2021.02.24-11.06.19:545][  0]LogAISub: UAISubsystem::UAISubsystem AIPerceptionSystem (0000019DB48A2480), frame # 0
[2021.02.24-11.06.19:556][  0]LogAudioMixer: Display: Audio Mixer Platform Settings:
[2021.02.24-11.06.19:556][  0]LogAudioMixer: Display: 	Sample Rate:						  48000
[2021.02.24-11.06.19:556][  0]LogAudioMixer: Display: 	Callback Buffer Frame Size Requested: 1024
[2021.02.24-11.06.19:556][  0]LogAudioMixer: Display: 	Callback Buffer Frame Size To Use:	  1024
[2021.02.24-11.06.19:556][  0]LogAudioMixer: Display: 	Number of buffers to queue:			  2
[2021.02.24-11.06.19:556][  0]LogAudioMixer: Display: 	Max Channels (voices):				  32
[2021.02.24-11.06.19:556][  0]LogAudioMixer: Display: 	Number of Async Source Workers:		  0
[2021.02.24-11.06.19:556][  0]LogAudio: Display: AudioDevice MaxSources: 32
[2021.02.24-11.06.19:556][  0]LogAudio: Display: Using built-in audio occlusion.
[2021.02.24-11.06.19:556][  0]LogAudioMixer: Display: Initializing audio mixer.
[2021.02.24-11.06.19:590][  0]LogAudioMixer: Display: 0: FrontLeft
[2021.02.24-11.06.19:590][  0]LogAudioMixer: Display: 1: FrontRight
[2021.02.24-11.06.19:648][  0]LogAudioMixer: Display: Using Audio Device 스피커(Realtek High Definition Audio)
[2021.02.24-11.06.19:652][  0]LogAudioMixer: Display: Initializing Sound Submixes...
[2021.02.24-11.06.19:654][  0]LogAudioMixer: Display: Creating Master Submix 'MasterSubmixDefault'
[2021.02.24-11.06.19:655][  0]LogAudioMixer: Display: Creating Master Submix 'MasterReverbSubmixDefault'
[2021.02.24-11.06.19:655][  0]LogAudioMixer: Display: Creating Master Submix 'MasterEQSubmixDefault'
[2021.02.24-11.06.19:656][  0]LogInit: FAudioDevice initialized.
[2021.02.24-11.06.19:656][  0]LogNetVersion: Set ProjectVersion to 1.0.0.0. Version Checksum will be recalculated on next use.
[2021.02.24-11.06.19:778][  0]LogDerivedDataCache: Saved boot cache 0.12s 125MB C:/Users/KJB/AppData/Local/UnrealEngine/4.25/DerivedDataCache/Boot.ddc.
[2021.02.24-11.06.19:779][  0]LogInit: Texture streaming: Enabled
[2021.02.24-11.06.19:802][  0]LogEngineSessionManager: EngineSessionManager initialized
[2021.02.24-11.06.19:802][  0]LogEditorSessionSummary: Verbose: Initializing EditorSessionSummaryWriter for editor session tracking
[2021.02.24-11.06.19:806][  0]LogEditorSessionSummary: EditorSessionSummaryWriter initialized
[2021.02.24-11.06.19:857][  0]LogInit: Transaction tracking system initialized
[2021.02.24-11.06.19:888][  0]BlueprintLog: New page: 에디터 로드
[2021.02.24-11.06.19:983][  0]LocalizationService: 현지화 서비스가 비활성화되었습니다.
[2021.02.24-11.06.20:373][  0]LogCook: Display: Max memory allowance for cook 16384mb min free memory 0mb
[2021.02.24-11.06.20:373][  0]LogCook: Display: Mobile HDR setting 1
[2021.02.24-11.06.20:548][  0]LogFileCache: Scanning file cache for directory 'C:/unrealP/KJB_Portfolio_UE4/KJB_Portfolio/Content/' took 0.06s
[2021.02.24-11.06.20:744][  0]SourceControl: 소스 컨트롤이 꺼졌습니다.
[2021.02.24-11.06.20:863][  0]LogSlate: Took 0.001820 seconds to synchronously load lazily loaded font '../../../Engine/Content/Editor/Slate/Fonts/NanumGothic.ttf' (4243K)
[2021.02.24-11.06.20:863][  0]LogSlate: Took 0.000372 seconds to synchronously load lazily loaded font '../../../Engine/Content/Slate/Fonts/Roboto-Regular.ttf' (155K)
[2021.02.24-11.06.24:815][  0]LogSlate: Window '패키지 복원' being destroyed
[2021.02.24-11.06.24:817][  0]LogWindowsTextInputMethodSystem: Display: IME system now activated using TSF (Microsoft 입력기).
[2021.02.24-11.06.24:859][  0]LogWindowsTextInputMethodSystem: Display: IME system now activated using TSF (Microsoft 입력기).
[2021.02.24-11.06.25:759][  0]LogSlate: Window '소스 컨트롤에서 체크아웃할 수 없습니다!' being destroyed
[2021.02.24-11.06.25:762][  0]LogWindowsTextInputMethodSystem: Display: IME system now activated using TSF (Microsoft 입력기).
[2021.02.24-11.06.25:768][  0]Message dialog closed, result: Ok, title: 소스 컨트롤에서 체크아웃할 수 없습니다!, text: 다음 애셋을 소스 컨트롤에서 체크아웃 시키지 못했습니다:
/Game/MyContents/UI/W_Inventory
/Game/MyContents/UI/WBP_Inventory
[2021.02.24-11.06.25:782][  0]LogUObjectHash: Compacting FUObjectHashTables data took   0.98ms
[2021.02.24-11.06.25:797][  0]LogUObjectHash: Compacting FUObjectHashTables data took   0.31ms
[2021.02.24-11.06.25:799][  0]LoadErrors: New page: 패키지 로드중: /Game/MyContents/UI/WBP_Inventory
[2021.02.24-11.06.25:799][  0]LogLinker: Error: HOTRELOADED_InventoryComponent_0 has an inappropriate outermost, it was probably saved with a deprecated outer (file: ../../../../../../unrealP/KJB_Portfolio_UE4/KJB_Portfolio/Content/MyContents/UI/WBP_Inventory.uasset)
[2021.02.24-11.06.25:801][  0]LogLinker: Error: HOTRELOADED_InventoryComponent_0 has an inappropriate outermost, it was probably saved with a deprecated outer (file: ../../../../../../unrealP/KJB_Portfolio_UE4/KJB_Portfolio/Content/MyContents/UI/WBP_Inventory.uasset)
[2021.02.24-11.06.25:804][  0]LogUnrealEdMisc: Loading editor; pre map load, took 13.051
[2021.02.24-11.06.25:805][  0]Cmd: MAP LOAD FILE="../../../../../../unrealP/KJB_Portfolio_UE4/KJB_Portfolio/Content/MyContents/NewMap.umap" TEMPLATE=0 SHOWPROGRESS=1 FEATURELEVEL=3
[2021.02.24-11.06.25:805][  0]LightingResults: New page: 라이팅 빌드
[2021.02.24-11.06.25:806][  0]LogWorld: UWorld::CleanupWorld for Untitled, bSessionEnded=true, bCleanupResources=true
[2021.02.24-11.06.25:806][  0]LogSlate: InvalidateAllWidgets triggered.  All widgets were invalidated
[2021.02.24-11.06.25:806][  0]MapCheck: New page: 맵 체크
[2021.02.24-11.06.25:806][  0]LightingResults: New page: 라이팅 빌드
[2021.02.24-11.06.25:818][  0]LogAISub: UAISubsystem::~UAISubsystem EnvQueryManager (0000019DB4847C00), frame # 0
[2021.02.24-11.06.25:818][  0]LogAISub: UAISubsystem::~UAISubsystem AIPerceptionSystem (0000019DB48A2480), frame # 0
[2021.02.24-11.06.25:819][  0]LogUObjectHash: Compacting FUObjectHashTables data took   0.90ms
[2021.02.24-11.06.25:932][  0]LogAIModule: Creating AISystem for world NewMap
[2021.02.24-11.06.25:932][  0]LogAISub: UAISubsystem::UAISubsystem EnvQueryManager (0000019D8EF93400), frame # 0
[2021.02.24-11.06.25:932][  0]LogAISub: UAISubsystem::UAISubsystem AIPerceptionSystem (0000019DA340AAC0), frame # 0
[2021.02.24-11.06.25:937][  0]LogEditorServer: Finished looking for orphan Actors (0.000 secs)
[2021.02.24-11.06.25:950][  0]LogUObjectHash: Compacting FUObjectHashTables data took   0.83ms
[2021.02.24-11.06.25:950][  0]Cmd: MAP CHECKDEP NOCLEARLOG
[2021.02.24-11.06.25:951][  0]MapCheck: 맵 체크 완료: 오류 0 회, 경고 0 회, 소요 시간 0.237ms.
[2021.02.24-11.06.25:951][  0]LogFileHelpers: Loading map 'NewMap' took 0.146
[2021.02.24-11.06.25:955][  0]LogUnrealEdMisc: Total Editor Startup Time, took 13.201
[2021.02.24-11.06.25:969][  0]LogWindowsTextInputMethodSystem: Display: IME system now activated using TSF (Microsoft 입력기).
[2021.02.24-11.06.26:029][  0]LogSlate: Updating window title bar state: overlay mode, drag disabled, window buttons hidden, title bar hidden
[2021.02.24-11.06.26:036][  0]LogSlate: Updating window title bar state: overlay mode, drag disabled, window buttons hidden, title bar hidden
[2021.02.24-11.06.26:041][  0]LogSlate: Updating window title bar state: overlay mode, drag disabled, window buttons hidden, title bar hidden
[2021.02.24-11.06.26:047][  0]LogSlate: Updating window title bar state: overlay mode, drag disabled, window buttons hidden, title bar hidden
[2021.02.24-11.06.26:057][  0]LogCollectionManager: Loaded 0 collections in 0.001735 seconds
[2021.02.24-11.06.26:071][  0]LogFileCache: Scanning file cache for directory 'C:/unrealP/KJB_Portfolio_UE4/KJB_Portfolio/Saved/Collections/' took 0.00s
[2021.02.24-11.06.26:071][  0]LogFileCache: Scanning file cache for directory 'C:/unrealP/KJB_Portfolio_UE4/KJB_Portfolio/Content/Developers/KJB/Collections/' took 0.00s
[2021.02.24-11.06.26:071][  0]LogFileCache: Scanning file cache for directory 'C:/unrealP/KJB_Portfolio_UE4/KJB_Portfolio/Content/Collections/' took 0.00s
[2021.02.24-11.06.26:071][  0]LogContentBrowser: Native class hierarchy populated in 0.0091 seconds. Added 3455 classes and 824 folders.
[2021.02.24-11.06.26:074][  0]LogContentBrowser: Native class hierarchy updated for 'WidgetCarousel' in 0.0003 seconds. Added 0 classes and 0 folders.
[2021.02.24-11.06.26:196][  0]LogContentBrowser: Native class hierarchy updated for 'AddContentDialog' in 0.0004 seconds. Added 0 classes and 0 folders.
[2021.02.24-11.06.26:202][  0]LogContentBrowser: Native class hierarchy updated for 'SceneOutliner' in 0.0004 seconds. Added 2 classes and 0 folders.
[2021.02.24-11.06.26:251][  0]LogSlate: Took 0.001484 seconds to synchronously load lazily loaded font '../../../Engine/Content/Editor/Slate/Fonts/NanumGothicBold.ttf' (4188K)
[2021.02.24-11.06.26:252][  0]LogSlate: Took 0.000215 seconds to synchronously load lazily loaded font '../../../Engine/Content/Slate/Fonts/Roboto-Bold.ttf' (160K)
[2021.02.24-11.06.26:255][  0]LogSlate: Took 0.000871 seconds to synchronously load lazily loaded font '../../../Engine/Content/Editor/Slate/Fonts/FontAwesome.ttf' (139K)
[2021.02.24-11.06.26:283][  0]LogRenderer: Reallocating scene render targets to support 1208x572 Format 9 NumSamples 1 (Frame:1).
[2021.02.24-11.06.26:356][  0]LogContentBrowser: Native class hierarchy updated for 'HierarchicalLODOutliner' in 0.0004 seconds. Added 0 classes and 0 folders.
[2021.02.24-11.06.26:356][  0]LogLoad: (Engine Initialization) Total time: 13.60 seconds
[2021.02.24-11.06.26:356][  0]LogLoad: (Engine Initialization) Total Blueprint compile time: 0.00 seconds
[2021.02.24-11.06.26:416][  0]LogContentStreaming: Texture pool size now 600 MB
[2021.02.24-11.06.26:448][  0]LogSlate: Took 0.001653 seconds to synchronously load lazily loaded font '../../../Engine/Content/Slate/Fonts/Roboto-Light.ttf' (167K)
[2021.02.24-11.06.26:524][  2]LogAssetRegistry: Asset discovery search completed in 9.8981 seconds
[2021.02.24-11.06.26:528][  2]LogCollectionManager: Fixed up redirectors for 0 collections in 0.000002 seconds (updated 0 objects)
[2021.02.24-11.06.27:379][ 78]LogSlate: Took 0.000262 seconds to synchronously load lazily loaded font '../../../Engine/Content/Slate/Fonts/Roboto-Light.ttf' (167K)
[2021.02.24-11.06.56:648][968]LogHotReload: New module detected: UE4Editor-KJB_Portfolio-0006.dll
[2021.02.24-11.06.59:330][977]LogHotReload: Starting Hot-Reload from IDE
[2021.02.24-11.06.59:385][977]LogClass: EItemType HotReload.
[2021.02.24-11.06.59:385][977]LogClass: ECharacterState HotReload.
[2021.02.24-11.06.59:385][977]LogClass: PlayerStatData HotReload.
[2021.02.24-11.06.59:385][977]LogClass: MonsterStatData HotReload.
[2021.02.24-11.06.59:399][977]LogContentBrowser: Native class hierarchy updated for 'KJB_Portfolio' in 0.0004 seconds. Added 28 classes and 3 folders.
[2021.02.24-11.06.59:400][977]Display: HotReload successful (14 functions remapped  2 scriptstructs remapped)
[2021.02.24-11.06.59:483][977]LogContentBrowser: Native class hierarchy populated in 0.0099 seconds. Added 3455 classes and 824 folders.
[2021.02.24-11.06.59:486][977]Display: HotReload took  0.2s.
[2021.02.24-11.07.14:467][321]Candidate modules for hot reload:
[2021.02.24-11.07.14:468][321]  KJB_Portfolio
[2021.02.24-11.07.14:468][321]Launching UnrealBuildTool... [C:/Program Files/Epic Games/UE_4.25/Engine/Binaries/DotNET/UnrealBuildTool.exe  -ModuleWithSuffix=KJB_Portfolio,5962 KJB_PortfolioEditor Win64 Development -Project="C:/unrealP/KJB_Portfolio_UE4/KJB_Portfolio/KJB_Portfolio.uproject" "C:/unrealP/KJB_Portfolio_UE4/KJB_Portfolio/KJB_Portfolio.uproject"  -IgnoreJunk]
[2021.02.24-11.07.14:472][321]Warning: Starting HotReload took  0.1s.
[2021.02.24-11.07.18:532][715]CompilerResultsLog: New page: 컴파일 - 2021. 2. 25. 오전 5:07:18
[2021.02.24-11.07.18:532][715]CompilerResultsLog: Using 'git status' to determine working set for adaptive non-unity build (C:\unrealP\KJB_Portfolio_UE4).
[2021.02.24-11.07.18:532][715]CompilerResultsLog: Building KJB_PortfolioEditor...
[2021.02.24-11.07.18:532][715]CompilerResultsLog: Using Visual Studio 2017 14.16.27042 toolchain (C:\Program Files (x86)\Microsoft Visual Studio\2017\Community\VC\Tools\MSVC\14.16.27023) and Windows 10.0.17763.0 SDK (C:\Program Files (x86)\Windows Kits\10).
[2021.02.24-11.07.18:532][715]CompilerResultsLog: Building 3 actions with 12 processes...
[2021.02.24-11.07.18:532][715]CompilerResultsLog:   [1/3] UE4Editor-KJB_Portfolio-5962.lib
[2021.02.24-11.07.18:532][715]CompilerResultsLog:      C:\unrealP\KJB_Portfolio_UE4\KJB_Portfolio\Intermediate\Build\Win64\UE4Editor\Development\KJB_Portfolio\UE4Editor-KJB_Portfolio-5962.lib ???̺귯?? ?? C:\unrealP\KJB_Portfolio_UE4\KJB_Portfolio\Intermediate\Build\Win64\UE4Editor\Development\KJB_Portfolio\UE4Editor-KJB_Portfolio-5962.exp ??ü?? ?????ϰ? ?ֽ??ϴ?.
[2021.02.24-11.07.18:532][715]CompilerResultsLog:   [2/3] UE4Editor-KJB_Portfolio-5962.dll
[2021.02.24-11.07.18:532][715]CompilerResultsLog:      C:\unrealP\KJB_Portfolio_UE4\KJB_Portfolio\Intermediate\Build\Win64\UE4Editor\Development\KJB_Portfolio\UE4Editor-KJB_Portfolio-5962.suppressed.lib ???̺귯?? ?? C:\unrealP\KJB_Portfolio_UE4\KJB_Portfolio\Intermediate\Build\Win64\UE4Editor\Development\KJB_Portfolio\UE4Editor-KJB_Portfolio-5962.suppressed.exp ??ü?? ?????ϰ? ?ֽ??ϴ?.
[2021.02.24-11.07.18:532][715]CompilerResultsLog:   [3/3] KJB_PortfolioEditor.target
[2021.02.24-11.07.18:532][715]CompilerResultsLog: Total time in Parallel executor: 3.16 seconds
[2021.02.24-11.07.18:532][715]CompilerResultsLog: Total execution time: 3.93 seconds
[2021.02.24-11.07.18:532][715]LogMainFrame: MainFrame: Module compiling took 4.120 seconds
[2021.02.24-11.07.18:561][715]LogClass: EItemType HotReload.
[2021.02.24-11.07.18:561][715]LogClass: ECharacterState HotReload.
[2021.02.24-11.07.18:561][715]LogClass: PlayerStatData HotReload.
[2021.02.24-11.07.18:561][715]LogClass: MonsterStatData HotReload.
[2021.02.24-11.07.18:575][715]LogContentBrowser: Native class hierarchy updated for 'KJB_Portfolio' in 0.0005 seconds. Added 28 classes and 3 folders.
[2021.02.24-11.07.18:576][715]Display: HotReload successful (14 functions remapped  2 scriptstructs remapped)
[2021.02.24-11.07.18:652][715]LogContentBrowser: Native class hierarchy populated in 0.0086 seconds. Added 3455 classes and 824 folders.
[2021.02.24-11.07.18:652][715]Display: HotReload took  4.3s.
[2021.02.24-11.07.20:493][916]LogSlate: Took 0.000256 seconds to synchronously load lazily loaded font '../../../Engine/Content/Slate/Fonts/DroidSansMono.ttf' (77K)
[2021.02.24-11.07.20:496][916]LogSlate: Took 0.001259 seconds to synchronously load lazily loaded font '../../../Engine/Content/Editor/Slate/Fonts/NanumGothicExtraBold.ttf' (4074K)
[2021.02.24-11.07.20:497][916]LogSlate: Took 0.001136 seconds to synchronously load lazily loaded font '../../../Engine/Content/Slate/Fonts/DroidSansFallback.ttf' (3848K)
[2021.02.24-11.07.20:498][916]LogSlate: Last resort fallback font was requested. Font: '../../../Engine/Content/Slate/Fonts/DroidSansFallback.ttf', Character: 'ϰ (U+03f0)'
[2021.02.24-11.07.20:500][916]LogSlate: Took 0.001672 seconds to synchronously load lazily loaded font '../../../Engine/Content/SlateDebug/Fonts/LastResort.ttf' (5269K)
[2021.02.24-11.07.31:752][ 14]LogAssetEditorSubsystem: Opening Asset editor for WidgetBlueprint /Game/MyContents/UI/W_Inventory.W_Inventory
[2021.02.24-11.07.31:997][ 14]LogContentBrowser: Native class hierarchy updated for 'BlueprintGraph' in 0.0007 seconds. Added 125 classes and 0 folders.
[2021.02.24-11.07.33:065][ 14]LogSlate: Took 0.000260 seconds to synchronously load lazily loaded font '../../../Engine/Content/Slate/Fonts/Roboto-BoldCondensed.ttf' (158K)
[2021.02.24-11.07.37:269][484]LogSlate: Took 0.000260 seconds to synchronously load lazily loaded font '../../../Engine/Content/Slate/Fonts/Roboto-Italic.ttf' (157K)
[2021.02.24-11.08.24:722][447]LogAssetEditorSubsystem: Opening Asset editor for WidgetBlueprint /Game/MyContents/UI/WBP_Inventory.WBP_Inventory
[2021.02.24-11.11.11:376][866]LogWorld: UWorld::CleanupWorld for World_3, bSessionEnded=true, bCleanupResources=true
[2021.02.24-11.11.11:376][866]LogSlate: InvalidateAllWidgets triggered.  All widgets were invalidated
[2021.02.24-11.11.11:390][866]LogWorld: UWorld::CleanupWorld for World_2, bSessionEnded=true, bCleanupResources=true
[2021.02.24-11.11.11:391][866]LogSlate: InvalidateAllWidgets triggered.  All widgets were invalidated
[2021.02.24-11.11.47:195][381]BlueprintLog: New page: W_Inventory 컴파일
[2021.02.24-11.11.47:252][381]LogUObjectHash: Compacting FUObjectHashTables data took   4.03ms
[2021.02.24-11.11.47:969][436]Cmd: OBJ SAVEPACKAGE PACKAGE="/Game/MyContents/UI/W_Inventory" FILE="../../../../../../unrealP/KJB_Portfolio_UE4/KJB_Portfolio/Content/MyContents/UI/W_Inventory.uasset" SILENT=true
[2021.02.24-11.11.48:023][436]LogSavePackage: Moving '../../../../../../unrealP/KJB_Portfolio_UE4/KJB_Portfolio/Saved/W_Inventory22A025B74F30FB22FF4E73BC1B0C8341.tmp' to '../../../../../../unrealP/KJB_Portfolio_UE4/KJB_Portfolio/Content/MyContents/UI/W_Inventory.uasset'
[2021.02.24-11.11.48:037][436]AssetCheck: New page: 애셋 저장: W_Inventory
[2021.02.24-11.11.48:037][436]LogContentValidation: Display: WidgetBlueprint /Game/MyContents/UI/W_Inventory.W_Inventory 유효성 검사
[2021.02.24-11.11.53:582][998]LogSlate: Window 'W_Inventory' being destroyed
[2021.02.24-11.11.53:588][998]LogSlate: Window 'W_Inventory' being destroyed
[2021.02.24-11.11.53:591][998]LogWorld: UWorld::CleanupWorld for World_1, bSessionEnded=true, bCleanupResources=true
[2021.02.24-11.11.53:591][998]LogSlate: InvalidateAllWidgets triggered.  All widgets were invalidated
[2021.02.24-11.11.53:604][998]LogWorld: UWorld::CleanupWorld for World_0, bSessionEnded=true, bCleanupResources=true
[2021.02.24-11.11.53:604][998]LogSlate: InvalidateAllWidgets triggered.  All widgets were invalidated
[2021.02.24-11.13.07:608][388]Candidate modules for hot reload:
[2021.02.24-11.13.07:608][388]  KJB_Portfolio
[2021.02.24-11.13.07:608][388]Launching UnrealBuildTool... [C:/Program Files/Epic Games/UE_4.25/Engine/Binaries/DotNET/UnrealBuildTool.exe  -ModuleWithSuffix=KJB_Portfolio,8270 KJB_PortfolioEditor Win64 Development -Project="C:/unrealP/KJB_Portfolio_UE4/KJB_Portfolio/KJB_Portfolio.uproject" "C:/unrealP/KJB_Portfolio_UE4/KJB_Portfolio/KJB_Portfolio.uproject"  -IgnoreJunk]
[2021.02.24-11.13.07:612][388]Warning: Starting HotReload took  0.0s.
[2021.02.24-11.13.17:336][750]CompilerResultsLog: New page: 컴파일 - 2021. 2. 25. 오전 5:13:17
[2021.02.24-11.13.17:337][750]CompilerResultsLog: Using 'git status' to determine working set for adaptive non-unity build (C:\unrealP\KJB_Portfolio_UE4).
[2021.02.24-11.13.17:337][750]CompilerResultsLog: Building KJB_PortfolioEditor...
[2021.02.24-11.13.17:337][750]CompilerResultsLog: Using Visual Studio 2017 14.16.27042 toolchain (C:\Program Files (x86)\Microsoft Visual Studio\2017\Community\VC\Tools\MSVC\14.16.27023) and Windows 10.0.17763.0 SDK (C:\Program Files (x86)\Windows Kits\10).
[2021.02.24-11.13.17:337][750]CompilerResultsLog: Building 4 actions with 12 processes...
[2021.02.24-11.13.17:337][750]CompilerResultsLog:   [1/4] MyCharacter.cpp
[2021.02.24-11.13.17:337][750]CompilerResultsLog:   [2/4] UE4Editor-KJB_Portfolio-8270.lib
[2021.02.24-11.13.17:337][750]CompilerResultsLog:      C:\unrealP\KJB_Portfolio_UE4\KJB_Portfolio\Intermediate\Build\Win64\UE4Editor\Development\KJB_Portfolio\UE4Editor-KJB_Portfolio-8270.lib ???̺귯?? ?? C:\unrealP\KJB_Portfolio_UE4\KJB_Portfolio\Intermediate\Build\Win64\UE4Editor\Development\KJB_Portfolio\UE4Editor-KJB_Portfolio-8270.exp ??ü?? ?????ϰ? ?ֽ??ϴ?.
[2021.02.24-11.13.17:337][750]CompilerResultsLog:   [3/4] UE4Editor-KJB_Portfolio-8270.dll
[2021.02.24-11.13.17:337][750]CompilerResultsLog:      C:\unrealP\KJB_Portfolio_UE4\KJB_Portfolio\Intermediate\Build\Win64\UE4Editor\Development\KJB_Portfolio\UE4Editor-KJB_Portfolio-8270.suppressed.lib ???̺귯?? ?? C:\unrealP\KJB_Portfolio_UE4\KJB_Portfolio\Intermediate\Build\Win64\UE4Editor\Development\KJB_Portfolio\UE4Editor-KJB_Portfolio-8270.suppressed.exp ??ü?? ?????ϰ? ?ֽ??ϴ?.
[2021.02.24-11.13.17:337][750]CompilerResultsLog:   [4/4] KJB_PortfolioEditor.target
[2021.02.24-11.13.17:337][750]CompilerResultsLog: Total time in Parallel executor: 8.73 seconds
[2021.02.24-11.13.17:337][750]CompilerResultsLog: Total execution time: 9.48 seconds
[2021.02.24-11.13.17:337][750]LogMainFrame: MainFrame: Module compiling took 9.731 seconds
[2021.02.24-11.13.17:449][750]LogClass: EItemType HotReload.
[2021.02.24-11.13.17:449][750]LogClass: ECharacterState HotReload.
[2021.02.24-11.13.17:449][750]LogClass: PlayerStatData HotReload.
[2021.02.24-11.13.17:449][750]LogClass: MonsterStatData HotReload.
[2021.02.24-11.13.17:463][750]LogUObjectGlobals: Warning: 'Class /Game/MyContents/UI/W_Inventory.W_Inventory' 오브젝트를 찾는 데 실패했습니다.
[2021.02.24-11.13.17:463][750]Error: CDO Constructor (MyCharacter): Failed to find /Game/MyContents/UI/W_Inventory.W_Inventory

[2021.02.24-11.13.17:465][750]LogHotReload: Re-instancing MyCharacter after hot-reload.
[2021.02.24-11.13.20:492][750]LogSlate: Window '메시지' being destroyed
[2021.02.24-11.13.20:496][750]Message dialog closed, result: Ok, title: 메시지, text: 앱 실행 도중 pure virtual 함수가 호출되고 있었습니다 (GIsRunning == 1).
[2021.02.24-11.13.20:497][750]LogOutputDevice: Warning: 

Script Stack (0 frames):

[2021.02.24-11.13.20:497][750]LogWindows: Windows GetLastError: 작업을 완료했습니다. (0)
[2021.02.24-11.13.22:629][750]LogWindows: Error: === Critical error: ===
[2021.02.24-11.13.22:629][750]LogWindows: Error: 
[2021.02.24-11.13.22:629][750]LogWindows: Error: Fatal error: [File:D:/Build/++UE4/Sync/Engine/Source/Runtime/Core/Private/Windows/WindowsPlatformMisc.cpp] [Line: 475] 
[2021.02.24-11.13.22:629][750]LogWindows: Error: Pure virtual function being called
[2021.02.24-11.13.22:629][750]LogWindows: Error: 
[2021.02.24-11.13.22:629][750]LogWindows: Error: 
[2021.02.24-11.13.22:629][750]LogWindows: Error: [Callstack] 0x00007fff6e3ed759 KERNELBASE.dll!UnknownFunction []
[2021.02.24-11.13.22:629][750]LogWindows: Error: [Callstack] 0x00007fff2bb5ec66 UE4Editor-Core.dll!UnknownFunction []
[2021.02.24-11.13.22:630][750]LogWindows: Error: [Callstack] 0x00007fff2bb62048 UE4Editor-Core.dll!UnknownFunction []
[2021.02.24-11.13.22:630][750]LogWindows: Error: [Callstack] 0x00007fff2b8ee52d UE4Editor-Core.dll!UnknownFunction []
[2021.02.24-11.13.22:630][750]LogWindows: Error: [Callstack] 0x00007fff2bb7eb10 UE4Editor-Core.dll!UnknownFunction []
[2021.02.24-11.13.22:630][750]LogWindows: Error: [Callstack] 0x00007fff52ac6994 VCRUNTIME140.dll!UnknownFunction []
[2021.02.24-11.13.22:630][750]LogWindows: Error: [Callstack] 0x00007fff2c539724 UE4Editor-CoreUObject.dll!UnknownFunction []
[2021.02.24-11.13.22:630][750]LogWindows: Error: [Callstack] 0x00007fff2c83d330 UE4Editor-CoreUObject.dll!UnknownFunction []
[2021.02.24-11.13.22:630][750]LogWindows: Error: [Callstack] 0x00007fff2c80f29c UE4Editor-CoreUObject.dll!UnknownFunction []
[2021.02.24-11.13.22:630][750]LogWindows: Error: [Callstack] 0x00007fff2c71cdab UE4Editor-CoreUObject.dll!UnknownFunction []
[2021.02.24-11.13.22:630][750]LogWindows: Error: [Callstack] 0x00007fff2c82d16b UE4Editor-CoreUObject.dll!UnknownFunction []
[2021.02.24-11.13.22:630][750]LogWindows: Error: [Callstack] 0x00007fff2c82cf58 UE4Editor-CoreUObject.dll!UnknownFunction []
[2021.02.24-11.13.22:630][750]LogWindows: Error: [Callstack] 0x00007fff1dddf645 UE4Editor-UnrealEd.dll!UnknownFunction []
[2021.02.24-11.13.22:630][750]LogWindows: Error: [Callstack] 0x00007fff1de0b774 UE4Editor-UnrealEd.dll!UnknownFunction []
[2021.02.24-11.13.22:630][750]LogWindows: Error: [Callstack] 0x00007fff1de08ea5 UE4Editor-UnrealEd.dll!UnknownFunction []
[2021.02.24-11.13.22:630][750]LogWindows: Error: [Callstack] 0x00007fff1de05ece UE4Editor-UnrealEd.dll!UnknownFunction []
[2021.02.24-11.13.22:630][750]LogWindows: Error: [Callstack] 0x00007fff1de063ee UE4Editor-UnrealEd.dll!UnknownFunction []
[2021.02.24-11.13.22:630][750]LogWindows: Error: [Callstack] 0x00007ffef88d6c97 UE4Editor-HotReload.dll!UnknownFunction []
[2021.02.24-11.13.22:630][750]LogWindows: Error: [Callstack] 0x00007ffef88d6e01 UE4Editor-HotReload.dll!UnknownFunction []
[2021.02.24-11.13.22:630][750]LogWindows: Error: [Callstack] 0x00007ffef88cf836 UE4Editor-HotReload.dll!UnknownFunction []
[2021.02.24-11.13.22:630][750]LogWindows: Error: [Callstack] 0x00007fff2c53ed1d UE4Editor-CoreUObject.dll!UnknownFunction []
[2021.02.24-11.13.22:630][750]LogWindows: Error: [Callstack] 0x00007fff2c8c6839 UE4Editor-CoreUObject.dll!UnknownFunction []
[2021.02.24-11.13.22:630][750]LogWindows: Error: [Callstack] 0x00007fff2c8a5bc6 UE4Editor-CoreUObject.dll!UnknownFunction []
[2021.02.24-11.13.22:630][750]LogWindows: Error: [Callstack] 0x00007fff2c7c4465 UE4Editor-CoreUObject.dll!UnknownFunction []
[2021.02.24-11.13.22:630][750]LogWindows: Error: [Callstack] 0x00007fff2b92986a UE4Editor-Core.dll!UnknownFunction []
[2021.02.24-11.13.22:630][750]LogWindows: Error: [Callstack] 0x00007fff2b9499f0 UE4Editor-Core.dll!UnknownFunction []
[2021.02.24-11.13.22:630][750]LogWindows: Error: [Callstack] 0x00007fff2b948b08 UE4Editor-Core.dll!UnknownFunction []
[2021.02.24-11.13.22:630][750]LogWindows: Error: [Callstack] 0x00007ffef88cb9b2 UE4Editor-HotReload.dll!UnknownFunction []
[2021.02.24-11.13.22:630][750]LogWindows: Error: [Callstack] 0x00007ffef88c9617 UE4Editor-HotReload.dll!UnknownFunction []
[2021.02.24-11.13.22:630][750]LogWindows: Error: [Callstack] 0x00007ffef88ca1ad UE4Editor-HotReload.dll!UnknownFunction []
[2021.02.24-11.13.22:630][750]LogWindows: Error: [Callstack] 0x00007ffef88dc057 UE4Editor-HotReload.dll!UnknownFunction []
[2021.02.24-11.13.22:630][750]LogWindows: Error: [Callstack] 0x00007fff2b6ad0a9 UE4Editor-Core.dll!UnknownFunction []
[2021.02.24-11.13.22:630][750]LogWindows: Error: [Callstack] 0x00007ff77ec0a213 UE4Editor.exe!UnknownFunction []
[2021.02.24-11.13.22:630][750]LogWindows: Error: [Callstack] 0x00007ff77ec1ba7c UE4Editor.exe!UnknownFunction []
[2021.02.24-11.13.22:630][750]LogWindows: Error: [Callstack] 0x00007ff77ec1bb5a UE4Editor.exe!UnknownFunction []
[2021.02.24-11.13.22:630][750]LogWindows: Error: [Callstack] 0x00007ff77ec2e31d UE4Editor.exe!UnknownFunction []
[2021.02.24-11.13.22:630][750]LogWindows: Error: [Callstack] 0x00007ff77ec3145a UE4Editor.exe!UnknownFunction []
[2021.02.24-11.13.22:630][750]LogWindows: Error: [Callstack] 0x00007fff6ee57034 KERNEL32.DLL!UnknownFunction []
[2021.02.24-11.13.22:630][750]LogWindows: Error: [Callstack] 0x00007fff7087d241 ntdll.dll!UnknownFunction []
[2021.02.24-11.13.22:630][750]LogWindows: Error: 
[2021.02.24-11.13.22:639][750]LogExit: Executing StaticShutdownAfterError
[2021.02.24-11.13.22:643][750]LogWindows: FPlatformMisc::RequestExit(1)
[2021.02.24-11.13.22:643][750]LogCore: Engine exit requested (reason: Win RequestExit)
[2021.02.24-11.13.22:655][750]Log file closed, 02/24/21 20:13:22
