Log file open, 01/27/21 12:13:29
LogInit: Display: Running engine for game: KJB_Portfolio
LogPlatformFile: Not using cached read wrapper
LogTaskGraph: Started task graph with 5 named threads and 35 total threads with 3 sets of task threads.
LogStats: Stats thread started at 0.211212
LogD3D11RHI: Loaded GFSDK_Aftermath_Lib.x64.dll
LogICUInternationalization: ICU TimeZone Detection - Raw Offset: +9:00, Platform Override: ''
LogPluginManager: Mounting plugin Paper2D
LogPluginManager: Mounting plugin AISupport
LogPluginManager: Mounting plugin LightPropagationVolume
LogPluginManager: Mounting plugin CameraShakePreviewer
LogPluginManager: Mounting plugin ActorLayerUtilities
LogPluginManager: Mounting plugin AnimationSharing
LogPluginManager: Mounting plugin CLionSourceCodeAccess
LogPluginManager: Mounting plugin CodeLiteSourceCodeAccess
LogPluginManager: Mounting plugin GitSourceControl
LogPluginManager: Mounting plugin KDevelopSourceCodeAccess
LogPluginManager: Mounting plugin NullSourceCodeAccess
LogPluginManager: Mounting plugin PerforceSourceControl
LogPluginManager: Mounting plugin PlasticSourceControl
LogPluginManager: Mounting plugin RiderSourceCodeAccess
LogPluginManager: Mounting plugin SubversionSourceControl
LogPluginManager: Mounting plugin UObjectPlugin
LogPluginManager: Mounting plugin VisualStudioCodeSourceCodeAccess
LogPluginManager: Mounting plugin VisualStudioSourceCodeAccess
LogPluginManager: Mounting plugin XCodeSourceCodeAccess
LogPluginManager: Mounting plugin AssetManagerEditor
LogPluginManager: Mounting plugin CryptoKeys
LogPluginManager: Mounting plugin CurveEditorTools
LogPluginManager: Mounting plugin DataValidation
LogPluginManager: Mounting plugin EditorScriptingUtilities
LogPluginManager: Mounting plugin FacialAnimation
LogPluginManager: Mounting plugin GameplayTagsEditor
LogPluginManager: Mounting plugin GeometryMode
LogPluginManager: Mounting plugin MacGraphicsSwitching
LogPluginManager: Mounting plugin MaterialAnalyzer
LogPluginManager: Mounting plugin MobileLauncherProfileWizard
LogPluginManager: Mounting plugin PluginBrowser
LogPluginManager: Mounting plugin SpeedTreeImporter
LogPluginManager: Mounting plugin DatasmithContent
LogPluginManager: Mounting plugin VariantManagerContent
LogPluginManager: Mounting plugin AlembicImporter
LogPluginManager: Mounting plugin AutomationUtils
LogPluginManager: Mounting plugin BackChannel
LogPluginManager: Mounting plugin ChaosCloth
LogPluginManager: Mounting plugin ChaosClothEditor
LogPluginManager: Mounting plugin ChaosEditor
LogPluginManager: Mounting plugin ChaosNiagara
LogPluginManager: Mounting plugin ChaosSolverPlugin
LogPluginManager: Mounting plugin CharacterAI
LogPluginManager: Mounting plugin GeometryCache
LogPluginManager: Mounting plugin GeometryCollectionPlugin
LogPluginManager: Mounting plugin GeometryProcessing
LogPluginManager: Mounting plugin PlanarCut
LogPluginManager: Mounting plugin PlatformCrypto
LogPluginManager: Mounting plugin ProxyLODPlugin
LogPluginManager: Mounting plugin SkeletalReduction
LogPluginManager: Mounting plugin Niagara
LogPluginManager: Mounting plugin MagicLeap
LogPluginManager: Mounting plugin MagicLeapLightEstimation
LogPluginManager: Mounting plugin MagicLeapMedia
LogPluginManager: Mounting plugin MagicLeapPassableWorld
LogPluginManager: Mounting plugin MLSDK
LogPluginManager: Mounting plugin AndroidMedia
LogPluginManager: Mounting plugin AvfMedia
LogPluginManager: Mounting plugin ImgMedia
LogPluginManager: Mounting plugin MediaCompositing
LogPluginManager: Mounting plugin MediaPlayerEditor
LogPluginManager: Mounting plugin WebMMedia
LogPluginManager: Mounting plugin WmfMedia
LogPluginManager: Mounting plugin MeshPainting
LogPluginManager: Mounting plugin TcpMessaging
LogPluginManager: Mounting plugin UdpMessaging
LogPluginManager: Mounting plugin ActorSequence
LogPluginManager: Mounting plugin LevelSequenceEditor
LogPluginManager: Mounting plugin MatineeToLevelSequence
LogPluginManager: Mounting plugin MovieRenderPipeline
LogPluginManager: Mounting plugin TemplateSequence
LogPluginManager: Mounting plugin NetcodeUnitTest
LogPluginManager: Mounting plugin NUTUnrealEngine4
LogPluginManager: Mounting plugin OnlineSubsystemGooglePlay
LogPluginManager: Mounting plugin OnlineSubsystemIOS
LogPluginManager: Mounting plugin OnlineSubsystem
LogPluginManager: Mounting plugin OnlineSubsystemNull
LogPluginManager: Mounting plugin OnlineSubsystemUtils
LogPluginManager: Mounting plugin LauncherChunkInstaller
LogPluginManager: Mounting plugin AndroidDeviceProfileSelector
LogPluginManager: Mounting plugin AndroidMoviePlayer
LogPluginManager: Mounting plugin AndroidPermission
LogPluginManager: Mounting plugin AppleImageUtils
LogPluginManager: Mounting plugin AppleMoviePlayer
LogPluginManager: Mounting plugin ArchVisCharacter
LogPluginManager: Mounting plugin AssetTags
LogPluginManager: Mounting plugin AudioCapture
LogPluginManager: Mounting plugin CableComponent
LogPluginManager: Mounting plugin CustomMeshComponent
LogPluginManager: Mounting plugin EditableMesh
LogPluginManager: Mounting plugin ExampleDeviceProfileSelector
LogPluginManager: Mounting plugin GoogleCloudMessaging
LogPluginManager: Mounting plugin GooglePAD
LogPluginManager: Mounting plugin IOSDeviceProfileSelector
LogPluginManager: Mounting plugin LinuxDeviceProfileSelector
LogPluginManager: Mounting plugin LocationServicesBPLibrary
LogPluginManager: Mounting plugin MobilePatchingUtils
LogPluginManager: Mounting plugin OculusVR
LogPluginManager: Mounting plugin PhysXVehicles
LogPluginManager: Mounting plugin PostSplashScreen
LogPluginManager: Mounting plugin ProceduralMeshComponent
LogPluginManager: Mounting plugin RuntimePhysXCooking
LogPluginManager: Mounting plugin SignificanceManager
LogPluginManager: Mounting plugin SoundFields
LogPluginManager: Mounting plugin SteamVR
LogPluginManager: Mounting plugin Synthesis
LogPluginManager: Mounting plugin WebMMoviePlayer
LogPluginManager: Mounting plugin WindowsMoviePlayer
LogPluginManager: Mounting plugin ScreenshotTools
LogInit: Using libcurl 7.55.1-DEV
LogInit:  - built for x86_64-pc-win32
LogInit:  - supports SSL with OpenSSL/1.1.1
LogInit:  - supports HTTP deflate (compression) using libz 1.2.8
LogInit:  - other features:
LogInit:      CURL_VERSION_SSL
LogInit:      CURL_VERSION_LIBZ
LogInit:      CURL_VERSION_IPV6
LogInit:      CURL_VERSION_ASYNCHDNS
LogInit:      CURL_VERSION_LARGEFILE
LogInit:      CURL_VERSION_IDN
LogInit:  CurlRequestOptions (configurable via config and command line):
LogInit:  - bVerifyPeer = true  - Libcurl will verify peer certificate
LogInit:  - bUseHttpProxy = false  - Libcurl will NOT use HTTP proxy
LogInit:  - bDontReuseConnections = false  - Libcurl will reuse connections
LogInit:  - MaxHostConnections = 16  - Libcurl will limit the number of connections to a host
LogInit:  - LocalHostAddr = Default
LogInit:  - BufferSize = 65536
LogOnline: OSS: Creating online subsystem instance for: NULL
LogInit: WinSock: version 1.1 (2.2), MaxSocks=32767, MaxUdp=65467
LogOnline: OSS: TryLoadSubsystemAndSetDefault: Loaded subsystem for module [NULL]
LogInit: Build: ++UE4+Release-4.25-CL-14469661
LogInit: Engine Version: 4.25.4-14469661+++UE4+Release-4.25
LogInit: Compatible Engine Version: 4.25.0-13144385+++UE4+Release-4.25
LogInit: Net CL: 13144385
LogInit: OS: Windows 10 (Release 2004) (), CPU: AMD Ryzen 5 3600 6-Core Processor              , GPU: NVIDIA GeForce GTX 1660 SUPER
LogInit: Compiled (64-bit): Oct 11 2020 08:10:49
LogInit: Compiled with Visual C++: 19.24.28315.00
LogInit: Build Configuration: Development
LogInit: Branch Name: ++UE4+Release-4.25
LogInit: Command Line:  -EpicPortal -epicusername=cheonjin13 -epicuserid=9ce07566b3e8499d8258e7641dbf49df -epiclocale=ko
LogInit: Base Directory: C:/Program Files/Epic Games/UE_4.25/Engine/Binaries/Win64/
LogInit: Allocator: TBB
LogInit: Installed Engine Build: 1
LogDevObjectVersion: Number of dev versions registered: 26
LogDevObjectVersion:   Dev-Blueprints (B0D832E4-1F89-4F0D-ACCF-7EB736FD4AA2): 10
LogDevObjectVersion:   Dev-Build (E1C64328-A22C-4D53-A36C-8E866417BD8C): 0
LogDevObjectVersion:   Dev-Core (375EC13C-06E4-48FB-B500-84F0262A717E): 4
LogDevObjectVersion:   Dev-Editor (E4B068ED-F494-42E9-A231-DA0B2E46BB41): 38
LogDevObjectVersion:   Dev-Framework (CFFC743F-43B0-4480-9391-14DF171D2073): 37
LogDevObjectVersion:   Dev-Mobile (B02B49B5-BB20-44E9-A304-32B752E40360): 2
LogDevObjectVersion:   Dev-Networking (A4E4105C-59A1-49B5-A7C5-40C4547EDFEE): 0
LogDevObjectVersion:   Dev-Online (39C831C9-5AE6-47DC-9A44-9C173E1C8E7C): 0
LogDevObjectVersion:   Dev-Physics (78F01B33-EBEA-4F98-B9B4-84EACCB95AA2): 4
LogDevObjectVersion:   Dev-Platform (6631380F-2D4D-43E0-8009-CF276956A95A): 0
LogDevObjectVersion:   Dev-Rendering (12F88B9F-8875-4AFC-A67C-D90C383ABD29): 43
LogDevObjectVersion:   Dev-Sequencer (7B5AE74C-D270-4C10-A958-57980B212A5A): 12
LogDevObjectVersion:   Dev-VR (D7296918-1DD6-4BDD-9DE2-64A83CC13884): 3
LogDevObjectVersion:   Dev-LoadTimes (C2A15278-BFE7-4AFE-6C17-90FF531DF755): 1
LogDevObjectVersion:   Private-Geometry (6EACA3D4-40EC-4CC1-B786-8BED09428FC5): 3
LogDevObjectVersion:   Dev-AnimPhys (29E575DD-E0A3-4627-9D10-D276232CDCEA): 17
LogDevObjectVersion:   Dev-Anim (AF43A65D-7FD3-4947-9873-3E8ED9C1BB05): 7
LogDevObjectVersion:   Dev-ReflectionCapture (6B266CEC-1EC7-4B8F-A30B-E4D90942FC07): 1
LogDevObjectVersion:   Dev-Automation (0DF73D61-A23F-47EA-B727-89E90C41499A): 1
LogDevObjectVersion:   FortniteMain (601D1886-AC64-4F84-AA16-D3DE0DEAC7D6): 31
LogDevObjectVersion:   Dev-Enterprise (9DFFBCD6-494F-0158-E221-12823C92A888): 10
LogDevObjectVersion:   Dev-Niagara (F2AED0AC-9AFE-416F-8664-AA7FFA26D6FC): 1
LogDevObjectVersion:   Dev-Destruction (174F1F0B-B4C6-45A5-B13F-2EE8D0FB917D): 10
LogDevObjectVersion:   Dev-Physics-Ext (35F94A83-E258-406C-A318-09F59610247C): 37
LogDevObjectVersion:   Dev-PhysicsMaterial-Chaos (B68FC16E-8B1B-42E2-B453-215C058844FE): 1
LogDevObjectVersion:   Dev-CineCamera (B2E18506-4273-CFC2-A54E-F4BB758BBA07): 1
LogInit: Presizing for max 25165824 objects, including 0 objects not considered by GC, pre-allocating 0 bytes for permanent pool.
LogConfig: Applying CVar settings from Section [/Script/Engine.StreamingSettings] File [C:/unrealP/KJB_Portfolio_UE4/KJB_Portfolio/Saved/Config/Windows/Engine.ini]
LogConfig: Setting CVar [[s.MinBulkDataSizeForAsyncLoading:131072]]
LogConfig: Setting CVar [[s.AsyncLoadingThreadEnabled:0]]
LogConfig: Setting CVar [[s.EventDrivenLoaderEnabled:1]]
LogConfig: Setting CVar [[s.WarnIfTimeLimitExceeded:0]]
LogConfig: Setting CVar [[s.TimeLimitExceededMultiplier:1.5]]
LogConfig: Setting CVar [[s.TimeLimitExceededMinTime:0.005]]
LogConfig: Setting CVar [[s.UseBackgroundLevelStreaming:1]]
LogConfig: Setting CVar [[s.PriorityAsyncLoadingExtraTime:15.0]]
LogConfig: Setting CVar [[s.LevelStreamingActorsUpdateTimeLimit:5.0]]
LogConfig: Setting CVar [[s.PriorityLevelStreamingActorsUpdateExtraTime:5.0]]
LogConfig: Setting CVar [[s.LevelStreamingComponentsRegistrationGranularity:10]]
LogConfig: Setting CVar [[s.UnregisterComponentsTimeLimit:1.0]]
LogConfig: Setting CVar [[s.LevelStreamingComponentsUnregistrationGranularity:5]]
LogConfig: Setting CVar [[s.FlushStreamingOnExit:1]]
LogInit: Object subsystem initialized
LogConfig: Setting CVar [[con.DebugEarlyDefault:1]]
LogConfig: Setting CVar [[r.setres:1280x720]]
[2021.01.27-03.13.30:370][  0]LogConfig: Setting CVar [[r.VSync:0]]
[2021.01.27-03.13.30:370][  0]LogConfig: Setting CVar [[r.RHICmdBypass:0]]
[2021.01.27-03.13.30:370][  0]LogConfig: Applying CVar settings from Section [/Script/Engine.RendererSettings] File [C:/unrealP/KJB_Portfolio_UE4/KJB_Portfolio/Saved/Config/Windows/Engine.ini]
[2021.01.27-03.13.30:370][  0]LogConfig: Setting CVar [[r.GPUCrashDebugging:0]]
[2021.01.27-03.13.30:370][  0]LogConfig: Applying CVar settings from Section [/Script/Engine.RendererOverrideSettings] File [C:/unrealP/KJB_Portfolio_UE4/KJB_Portfolio/Saved/Config/Windows/Engine.ini]
[2021.01.27-03.13.30:370][  0]LogConfig: Applying CVar settings from Section [/Script/Engine.StreamingSettings] File [C:/unrealP/KJB_Portfolio_UE4/KJB_Portfolio/Saved/Config/Windows/Engine.ini]
[2021.01.27-03.13.30:370][  0]LogConfig: Setting CVar [[s.MinBulkDataSizeForAsyncLoading:131072]]
[2021.01.27-03.13.30:370][  0]LogConfig: Setting CVar [[s.AsyncLoadingThreadEnabled:0]]
[2021.01.27-03.13.30:370][  0]LogConfig: Setting CVar [[s.EventDrivenLoaderEnabled:1]]
[2021.01.27-03.13.30:370][  0]LogConfig: Setting CVar [[s.WarnIfTimeLimitExceeded:0]]
[2021.01.27-03.13.30:370][  0]LogConfig: Setting CVar [[s.TimeLimitExceededMultiplier:1.5]]
[2021.01.27-03.13.30:370][  0]LogConfig: Setting CVar [[s.TimeLimitExceededMinTime:0.005]]
[2021.01.27-03.13.30:370][  0]LogConfig: Setting CVar [[s.UseBackgroundLevelStreaming:1]]
[2021.01.27-03.13.30:370][  0]LogConfig: Setting CVar [[s.PriorityAsyncLoadingExtraTime:15.0]]
[2021.01.27-03.13.30:370][  0]LogConfig: Setting CVar [[s.LevelStreamingActorsUpdateTimeLimit:5.0]]
[2021.01.27-03.13.30:370][  0]LogConfig: Setting CVar [[s.PriorityLevelStreamingActorsUpdateExtraTime:5.0]]
[2021.01.27-03.13.30:370][  0]LogConfig: Setting CVar [[s.LevelStreamingComponentsRegistrationGranularity:10]]
[2021.01.27-03.13.30:370][  0]LogConfig: Setting CVar [[s.UnregisterComponentsTimeLimit:1.0]]
[2021.01.27-03.13.30:370][  0]LogConfig: Setting CVar [[s.LevelStreamingComponentsUnregistrationGranularity:5]]
[2021.01.27-03.13.30:370][  0]LogConfig: Setting CVar [[s.FlushStreamingOnExit:1]]
[2021.01.27-03.13.30:370][  0]LogConfig: Applying CVar settings from Section [/Script/Engine.GarbageCollectionSettings] File [C:/unrealP/KJB_Portfolio_UE4/KJB_Portfolio/Saved/Config/Windows/Engine.ini]
[2021.01.27-03.13.30:370][  0]LogConfig: Setting CVar [[gc.MaxObjectsNotConsideredByGC:1]]
[2021.01.27-03.13.30:370][  0]LogConfig: Setting CVar [[gc.SizeOfPermanentObjectPool:0]]
[2021.01.27-03.13.30:370][  0]LogConfig: Setting CVar [[gc.FlushStreamingOnGC:0]]
[2021.01.27-03.13.30:370][  0]LogConfig: Setting CVar [[gc.NumRetriesBeforeForcingGC:10]]
[2021.01.27-03.13.30:370][  0]LogConfig: Setting CVar [[gc.AllowParallelGC:1]]
[2021.01.27-03.13.30:370][  0]LogConfig: Setting CVar [[gc.TimeBetweenPurgingPendingKillObjects:61.1]]
[2021.01.27-03.13.30:370][  0]LogConfig: Setting CVar [[gc.MaxObjectsInEditor:25165824]]
[2021.01.27-03.13.30:370][  0]LogConfig: Setting CVar [[gc.IncrementalBeginDestroyEnabled:1]]
[2021.01.27-03.13.30:370][  0]LogConfig: Setting CVar [[gc.CreateGCClusters:1]]
[2021.01.27-03.13.30:370][  0]LogConfig: Setting CVar [[gc.MinGCClusterSize:5]]
[2021.01.27-03.13.30:370][  0]LogConfig: Setting CVar [[gc.ActorClusteringEnabled:0]]
[2021.01.27-03.13.30:370][  0]LogConfig: Setting CVar [[gc.BlueprintClusteringEnabled:0]]
[2021.01.27-03.13.30:370][  0]LogConfig: Setting CVar [[gc.UseDisregardForGCOnDedicatedServers:0]]
[2021.01.27-03.13.30:370][  0]LogConfig: Applying CVar settings from Section [/Script/Engine.NetworkSettings] File [C:/unrealP/KJB_Portfolio_UE4/KJB_Portfolio/Saved/Config/Windows/Engine.ini]
[2021.01.27-03.13.30:370][  0]LogConfig: Applying CVar settings from Section [/Script/UnrealEd.CookerSettings] File [C:/unrealP/KJB_Portfolio_UE4/KJB_Portfolio/Saved/Config/Windows/Engine.ini]
[2021.01.27-03.13.30:374][  0]LogConfig: Applying CVar settings from Section [ViewDistanceQuality@3] File [C:/unrealP/KJB_Portfolio_UE4/KJB_Portfolio/Saved/Config/Windows/Scalability.ini]
[2021.01.27-03.13.30:374][  0]LogConfig: Setting CVar [[r.SkeletalMeshLODBias:0]]
[2021.01.27-03.13.30:374][  0]LogConfig: Setting CVar [[r.ViewDistanceScale:1.0]]
[2021.01.27-03.13.30:374][  0]LogConfig: Applying CVar settings from Section [AntiAliasingQuality@3] File [C:/unrealP/KJB_Portfolio_UE4/KJB_Portfolio/Saved/Config/Windows/Scalability.ini]
[2021.01.27-03.13.30:374][  0]LogConfig: Setting CVar [[r.PostProcessAAQuality:4]]
[2021.01.27-03.13.30:374][  0]LogConfig: Applying CVar settings from Section [ShadowQuality@3] File [C:/unrealP/KJB_Portfolio_UE4/KJB_Portfolio/Saved/Config/Windows/Scalability.ini]
[2021.01.27-03.13.30:374][  0]LogConfig: Setting CVar [[r.LightFunctionQuality:1]]
[2021.01.27-03.13.30:374][  0]LogConfig: Setting CVar [[r.ShadowQuality:5]]
[2021.01.27-03.13.30:374][  0]LogConfig: Setting CVar [[r.Shadow.CSM.MaxCascades:10]]
[2021.01.27-03.13.30:374][  0]LogConfig: Setting CVar [[r.Shadow.MaxResolution:2048]]
[2021.01.27-03.13.30:374][  0]LogConfig: Setting CVar [[r.Shadow.MaxCSMResolution:2048]]
[2021.01.27-03.13.30:374][  0]LogConfig: Setting CVar [[r.Shadow.RadiusThreshold:0.01]]
[2021.01.27-03.13.30:374][  0]LogConfig: Setting CVar [[r.Shadow.DistanceScale:1.0]]
[2021.01.27-03.13.30:374][  0]LogConfig: Setting CVar [[r.Shadow.CSM.TransitionScale:1.0]]
[2021.01.27-03.13.30:374][  0]LogConfig: Setting CVar [[r.Shadow.PreShadowResolutionFactor:1.0]]
[2021.01.27-03.13.30:374][  0]LogConfig: Setting CVar [[r.DistanceFieldShadowing:1]]
[2021.01.27-03.13.30:374][  0]LogConfig: Setting CVar [[r.DistanceFieldAO:1]]
[2021.01.27-03.13.30:374][  0]LogConfig: Setting CVar [[r.AOQuality:2]]
[2021.01.27-03.13.30:374][  0]LogConfig: Setting CVar [[r.VolumetricFog:1]]
[2021.01.27-03.13.30:374][  0]LogConfig: Setting CVar [[r.VolumetricFog.GridPixelSize:8]]
[2021.01.27-03.13.30:374][  0]LogConfig: Setting CVar [[r.VolumetricFog.GridSizeZ:128]]
[2021.01.27-03.13.30:374][  0]LogConfig: Setting CVar [[r.VolumetricFog.HistoryMissSupersampleCount:4]]
[2021.01.27-03.13.30:374][  0]LogConfig: Setting CVar [[r.LightMaxDrawDistanceScale:1]]
[2021.01.27-03.13.30:374][  0]LogConfig: Setting CVar [[r.CapsuleShadows:1]]
[2021.01.27-03.13.30:374][  0]LogConfig: Applying CVar settings from Section [PostProcessQuality@3] File [C:/unrealP/KJB_Portfolio_UE4/KJB_Portfolio/Saved/Config/Windows/Scalability.ini]
[2021.01.27-03.13.30:374][  0]LogConfig: Setting CVar [[r.MotionBlurQuality:4]]
[2021.01.27-03.13.30:374][  0]LogConfig: Setting CVar [[r.AmbientOcclusionMipLevelFactor:0.4]]
[2021.01.27-03.13.30:374][  0]LogConfig: Setting CVar [[r.AmbientOcclusionMaxQuality:100]]
[2021.01.27-03.13.30:374][  0]LogConfig: Setting CVar [[r.AmbientOcclusionLevels:-1]]
[2021.01.27-03.13.30:374][  0]LogConfig: Setting CVar [[r.AmbientOcclusionRadiusScale:1.0]]
[2021.01.27-03.13.30:374][  0]LogConfig: Setting CVar [[r.DepthOfFieldQuality:2]]
[2021.01.27-03.13.30:374][  0]LogConfig: Setting CVar [[r.RenderTargetPoolMin:400]]
[2021.01.27-03.13.30:374][  0]LogConfig: Setting CVar [[r.LensFlareQuality:2]]
[2021.01.27-03.13.30:374][  0]LogConfig: Setting CVar [[r.SceneColorFringeQuality:1]]
[2021.01.27-03.13.30:374][  0]LogConfig: Setting CVar [[r.EyeAdaptationQuality:2]]
[2021.01.27-03.13.30:374][  0]LogConfig: Setting CVar [[r.BloomQuality:5]]
[2021.01.27-03.13.30:374][  0]LogConfig: Setting CVar [[r.FastBlurThreshold:100]]
[2021.01.27-03.13.30:374][  0]LogConfig: Setting CVar [[r.Upscale.Quality:3]]
[2021.01.27-03.13.30:374][  0]LogConfig: Setting CVar [[r.Tonemapper.GrainQuantization:1]]
[2021.01.27-03.13.30:374][  0]LogConfig: Setting CVar [[r.LightShaftQuality:1]]
[2021.01.27-03.13.30:374][  0]LogConfig: Setting CVar [[r.Filter.SizeScale:1]]
[2021.01.27-03.13.30:375][  0]LogConfig: Setting CVar [[r.Tonemapper.Quality:5]]
[2021.01.27-03.13.30:375][  0]LogConfig: Setting CVar [[r.DOF.Gather.AccumulatorQuality:1        ; higher gathering accumulator quality]]
[2021.01.27-03.13.30:375][  0]LogConfig: Setting CVar [[r.DOF.Gather.PostfilterMethod:1          ; Median3x3 postfilering method]]
[2021.01.27-03.13.30:375][  0]LogConfig: Setting CVar [[r.DOF.Gather.EnableBokehSettings:0       ; no bokeh simulation when gathering]]
[2021.01.27-03.13.30:375][  0]LogConfig: Setting CVar [[r.DOF.Gather.RingCount:4                 ; medium number of samples when gathering]]
[2021.01.27-03.13.30:375][  0]LogConfig: Setting CVar [[r.DOF.Scatter.ForegroundCompositing:1    ; additive foreground scattering]]
[2021.01.27-03.13.30:375][  0]LogConfig: Setting CVar [[r.DOF.Scatter.BackgroundCompositing:2    ; additive background scattering]]
[2021.01.27-03.13.30:375][  0]LogConfig: Setting CVar [[r.DOF.Scatter.EnableBokehSettings:1      ; bokeh simulation when scattering]]
[2021.01.27-03.13.30:375][  0]LogConfig: Setting CVar [[r.DOF.Scatter.MaxSpriteRatio:0.1         ; only a maximum of 10% of scattered bokeh]]
[2021.01.27-03.13.30:375][  0]LogConfig: Setting CVar [[r.DOF.Recombine.Quality:1                ; cheap slight out of focus]]
[2021.01.27-03.13.30:375][  0]LogConfig: Setting CVar [[r.DOF.Recombine.EnableBokehSettings:0    ; no bokeh simulation on slight out of focus]]
[2021.01.27-03.13.30:375][  0]LogConfig: Setting CVar [[r.DOF.TemporalAAQuality:1                ; more stable temporal accumulation]]
[2021.01.27-03.13.30:375][  0]LogConfig: Setting CVar [[r.DOF.Kernel.MaxForegroundRadius:0.025]]
[2021.01.27-03.13.30:375][  0]LogConfig: Setting CVar [[r.DOF.Kernel.MaxBackgroundRadius:0.025]]
[2021.01.27-03.13.30:375][  0]LogConfig: Applying CVar settings from Section [TextureQuality@3] File [C:/unrealP/KJB_Portfolio_UE4/KJB_Portfolio/Saved/Config/Windows/Scalability.ini]
[2021.01.27-03.13.30:375][  0]LogConfig: Setting CVar [[r.Streaming.MipBias:0]]
[2021.01.27-03.13.30:375][  0]LogConfig: Setting CVar [[r.Streaming.AmortizeCPUToGPUCopy:0]]
[2021.01.27-03.13.30:375][  0]LogConfig: Setting CVar [[r.Streaming.MaxNumTexturesToStreamPerFrame:0]]
[2021.01.27-03.13.30:375][  0]LogConfig: Setting CVar [[r.Streaming.Boost:1]]
[2021.01.27-03.13.30:375][  0]LogConfig: Setting CVar [[r.MaxAnisotropy:8]]
[2021.01.27-03.13.30:375][  0]LogConfig: Setting CVar [[r.VT.MaxAnisotropy:8]]
[2021.01.27-03.13.30:375][  0]LogConfig: Setting CVar [[r.Streaming.LimitPoolSizeToVRAM:0]]
[2021.01.27-03.13.30:375][  0]LogConfig: Setting CVar [[r.Streaming.PoolSize:1000]]
[2021.01.27-03.13.30:375][  0]LogConfig: Setting CVar [[r.Streaming.MaxEffectiveScreenSize:0]]
[2021.01.27-03.13.30:375][  0]LogConfig: Applying CVar settings from Section [EffectsQuality@3] File [C:/unrealP/KJB_Portfolio_UE4/KJB_Portfolio/Saved/Config/Windows/Scalability.ini]
[2021.01.27-03.13.30:375][  0]LogConfig: Setting CVar [[r.TranslucencyLightingVolumeDim:64]]
[2021.01.27-03.13.30:375][  0]LogConfig: Setting CVar [[r.RefractionQuality:2]]
[2021.01.27-03.13.30:375][  0]LogConfig: Setting CVar [[r.SSR.Quality:3]]
[2021.01.27-03.13.30:375][  0]LogConfig: Setting CVar [[r.SSR.HalfResSceneColor:0]]
[2021.01.27-03.13.30:375][  0]LogConfig: Setting CVar [[r.SceneColorFormat:4]]
[2021.01.27-03.13.30:375][  0]LogConfig: Setting CVar [[r.DetailMode:2]]
[2021.01.27-03.13.30:375][  0]LogConfig: Setting CVar [[r.TranslucencyVolumeBlur:1]]
[2021.01.27-03.13.30:375][  0]LogConfig: Setting CVar [[r.MaterialQualityLevel:1 ; High quality]]
[2021.01.27-03.13.30:375][  0]LogConfig: Setting CVar [[r.SSS.Scale:1]]
[2021.01.27-03.13.30:375][  0]LogConfig: Setting CVar [[r.SSS.SampleSet:2]]
[2021.01.27-03.13.30:375][  0]LogConfig: Setting CVar [[r.SSS.Quality:1]]
[2021.01.27-03.13.30:375][  0]LogConfig: Setting CVar [[r.SSS.HalfRes:0]]
[2021.01.27-03.13.30:375][  0]LogConfig: Setting CVar [[r.SSGI.Quality:3]]
[2021.01.27-03.13.30:375][  0]LogConfig: Setting CVar [[r.EmitterSpawnRateScale:1.0]]
[2021.01.27-03.13.30:375][  0]LogConfig: Setting CVar [[r.ParticleLightQuality:2]]
[2021.01.27-03.13.30:375][  0]LogConfig: Setting CVar [[r.SkyAtmosphere.AerialPerspectiveLUT.FastApplyOnOpaque:1 ; Always have FastSkyLUT 1 in this case to avoid wrong sky]]
[2021.01.27-03.13.30:375][  0]LogConfig: Setting CVar [[r.SkyAtmosphere.AerialPerspectiveLUT.SampleCountPerSlice:1]]
[2021.01.27-03.13.30:375][  0]LogConfig: Setting CVar [[r.SkyAtmosphere.AerialPerspectiveLUT.DepthResolution:16.0]]
[2021.01.27-03.13.30:375][  0]LogConfig: Setting CVar [[r.SkyAtmosphere.FastSkyLUT:1]]
[2021.01.27-03.13.30:375][  0]LogConfig: Setting CVar [[r.SkyAtmosphere.FastSkyLUT.SampleCountMin:4.0]]
[2021.01.27-03.13.30:375][  0]LogConfig: Setting CVar [[r.SkyAtmosphere.FastSkyLUT.SampleCountMax:32.0]]
[2021.01.27-03.13.30:375][  0]LogConfig: Setting CVar [[r.SkyAtmosphere.SampleCountMin:4.0]]
[2021.01.27-03.13.30:375][  0]LogConfig: Setting CVar [[r.SkyAtmosphere.SampleCountMax:32.0]]
[2021.01.27-03.13.30:375][  0]LogConfig: Setting CVar [[r.SkyAtmosphere.TransmittanceLUT.UseSmallFormat:0]]
[2021.01.27-03.13.30:375][  0]LogConfig: Setting CVar [[r.SkyAtmosphere.TransmittanceLUT.SampleCount:10.0]]
[2021.01.27-03.13.30:375][  0]LogConfig: Setting CVar [[r.SkyAtmosphere.MultiScatteringLUT.SampleCount:15.0]]
[2021.01.27-03.13.30:375][  0]LogConfig: Applying CVar settings from Section [FoliageQuality@3] File [C:/unrealP/KJB_Portfolio_UE4/KJB_Portfolio/Saved/Config/Windows/Scalability.ini]
[2021.01.27-03.13.30:375][  0]LogConfig: Setting CVar [[foliage.DensityScale:1.0]]
[2021.01.27-03.13.30:375][  0]LogConfig: Setting CVar [[grass.DensityScale:1.0]]
[2021.01.27-03.13.30:375][  0]LogConfig: Applying CVar settings from Section [ShadingQuality@3] File [C:/unrealP/KJB_Portfolio_UE4/KJB_Portfolio/Saved/Config/Windows/Scalability.ini]
[2021.01.27-03.13.30:375][  0]LogConfig: Setting CVar [[r.HairStrands.SkyLighting.SampleCount:16]]
[2021.01.27-03.13.30:375][  0]LogConfig: Setting CVar [[r.HairStrands.SkyLighting.JitterIntegration:0]]
[2021.01.27-03.13.30:375][  0]LogConfig: Setting CVar [[r.HairStrands.SkyAO.SampleCount:16]]
[2021.01.27-03.13.30:376][  0]LogConfig: Setting CVar [[r.HairStrands.DeepShadow.SuperSampling:0]]
[2021.01.27-03.13.30:376][  0]LogConfig: Setting CVar [[r.HairStrands.VisibilityPPLL:0]]
[2021.01.27-03.13.30:376][  0]LogConfig: Setting CVar [[r.HairStrands.RasterizationScale:0.5]]
[2021.01.27-03.13.30:376][  0]LogConfig: Setting CVar [[r.HairStrands.VelocityRasterizationScale:1]]
[2021.01.27-03.13.30:376][  0]LogInit: Selected Device Profile: [Windows]
[2021.01.27-03.13.30:376][  0]LogInit: Applying CVar settings loaded from the selected device profile: [Windows]
[2021.01.27-03.13.30:376][  0]LogHAL: Display: Platform has ~ 16 GB [17110773760 / 17179869184 / 16], which maps to Larger [LargestMinGB=32, LargerMinGB=12, DefaultMinGB=8, SmallerMinGB=6, SmallestMinGB=0)
[2021.01.27-03.13.30:376][  0]LogInit: Going up to parent DeviceProfile []
[2021.01.27-03.13.30:376][  0]LogConfig: Applying CVar settings from Section [ViewDistanceQuality@3] File [C:/unrealP/KJB_Portfolio_UE4/KJB_Portfolio/Saved/Config/Windows/Scalability.ini]
[2021.01.27-03.13.30:376][  0]LogConfig: Setting CVar [[r.SkeletalMeshLODBias:0]]
[2021.01.27-03.13.30:376][  0]LogConfig: Setting CVar [[r.ViewDistanceScale:1.0]]
[2021.01.27-03.13.30:376][  0]LogConfig: Applying CVar settings from Section [AntiAliasingQuality@3] File [C:/unrealP/KJB_Portfolio_UE4/KJB_Portfolio/Saved/Config/Windows/Scalability.ini]
[2021.01.27-03.13.30:376][  0]LogConfig: Setting CVar [[r.PostProcessAAQuality:4]]
[2021.01.27-03.13.30:376][  0]LogConfig: Applying CVar settings from Section [ShadowQuality@3] File [C:/unrealP/KJB_Portfolio_UE4/KJB_Portfolio/Saved/Config/Windows/Scalability.ini]
[2021.01.27-03.13.30:376][  0]LogConfig: Setting CVar [[r.LightFunctionQuality:1]]
[2021.01.27-03.13.30:376][  0]LogConfig: Setting CVar [[r.ShadowQuality:5]]
[2021.01.27-03.13.30:376][  0]LogConfig: Setting CVar [[r.Shadow.CSM.MaxCascades:10]]
[2021.01.27-03.13.30:376][  0]LogConfig: Setting CVar [[r.Shadow.MaxResolution:2048]]
[2021.01.27-03.13.30:376][  0]LogConfig: Setting CVar [[r.Shadow.MaxCSMResolution:2048]]
[2021.01.27-03.13.30:376][  0]LogConfig: Setting CVar [[r.Shadow.RadiusThreshold:0.01]]
[2021.01.27-03.13.30:376][  0]LogConfig: Setting CVar [[r.Shadow.DistanceScale:1.0]]
[2021.01.27-03.13.30:376][  0]LogConfig: Setting CVar [[r.Shadow.CSM.TransitionScale:1.0]]
[2021.01.27-03.13.30:376][  0]LogConfig: Setting CVar [[r.Shadow.PreShadowResolutionFactor:1.0]]
[2021.01.27-03.13.30:376][  0]LogConfig: Setting CVar [[r.DistanceFieldShadowing:1]]
[2021.01.27-03.13.30:376][  0]LogConfig: Setting CVar [[r.DistanceFieldAO:1]]
[2021.01.27-03.13.30:376][  0]LogConfig: Setting CVar [[r.AOQuality:2]]
[2021.01.27-03.13.30:376][  0]LogConfig: Setting CVar [[r.VolumetricFog:1]]
[2021.01.27-03.13.30:376][  0]LogConfig: Setting CVar [[r.VolumetricFog.GridPixelSize:8]]
[2021.01.27-03.13.30:376][  0]LogConfig: Setting CVar [[r.VolumetricFog.GridSizeZ:128]]
[2021.01.27-03.13.30:376][  0]LogConfig: Setting CVar [[r.VolumetricFog.HistoryMissSupersampleCount:4]]
[2021.01.27-03.13.30:376][  0]LogConfig: Setting CVar [[r.LightMaxDrawDistanceScale:1]]
[2021.01.27-03.13.30:376][  0]LogConfig: Setting CVar [[r.CapsuleShadows:1]]
[2021.01.27-03.13.30:376][  0]LogConfig: Applying CVar settings from Section [PostProcessQuality@3] File [C:/unrealP/KJB_Portfolio_UE4/KJB_Portfolio/Saved/Config/Windows/Scalability.ini]
[2021.01.27-03.13.30:376][  0]LogConfig: Setting CVar [[r.MotionBlurQuality:4]]
[2021.01.27-03.13.30:376][  0]LogConfig: Setting CVar [[r.AmbientOcclusionMipLevelFactor:0.4]]
[2021.01.27-03.13.30:376][  0]LogConfig: Setting CVar [[r.AmbientOcclusionMaxQuality:100]]
[2021.01.27-03.13.30:376][  0]LogConfig: Setting CVar [[r.AmbientOcclusionLevels:-1]]
[2021.01.27-03.13.30:376][  0]LogConfig: Setting CVar [[r.AmbientOcclusionRadiusScale:1.0]]
[2021.01.27-03.13.30:376][  0]LogConfig: Setting CVar [[r.DepthOfFieldQuality:2]]
[2021.01.27-03.13.30:377][  0]LogConfig: Setting CVar [[r.RenderTargetPoolMin:400]]
[2021.01.27-03.13.30:377][  0]LogConfig: Setting CVar [[r.LensFlareQuality:2]]
[2021.01.27-03.13.30:377][  0]LogConfig: Setting CVar [[r.SceneColorFringeQuality:1]]
[2021.01.27-03.13.30:377][  0]LogConfig: Setting CVar [[r.EyeAdaptationQuality:2]]
[2021.01.27-03.13.30:377][  0]LogConfig: Setting CVar [[r.BloomQuality:5]]
[2021.01.27-03.13.30:377][  0]LogConfig: Setting CVar [[r.FastBlurThreshold:100]]
[2021.01.27-03.13.30:377][  0]LogConfig: Setting CVar [[r.Upscale.Quality:3]]
[2021.01.27-03.13.30:377][  0]LogConfig: Setting CVar [[r.Tonemapper.GrainQuantization:1]]
[2021.01.27-03.13.30:377][  0]LogConfig: Setting CVar [[r.LightShaftQuality:1]]
[2021.01.27-03.13.30:377][  0]LogConfig: Setting CVar [[r.Filter.SizeScale:1]]
[2021.01.27-03.13.30:377][  0]LogConfig: Setting CVar [[r.Tonemapper.Quality:5]]
[2021.01.27-03.13.30:377][  0]LogConfig: Setting CVar [[r.DOF.Gather.AccumulatorQuality:1        ; higher gathering accumulator quality]]
[2021.01.27-03.13.30:377][  0]LogConfig: Setting CVar [[r.DOF.Gather.PostfilterMethod:1          ; Median3x3 postfilering method]]
[2021.01.27-03.13.30:377][  0]LogConfig: Setting CVar [[r.DOF.Gather.EnableBokehSettings:0       ; no bokeh simulation when gathering]]
[2021.01.27-03.13.30:377][  0]LogConfig: Setting CVar [[r.DOF.Gather.RingCount:4                 ; medium number of samples when gathering]]
[2021.01.27-03.13.30:377][  0]LogConfig: Setting CVar [[r.DOF.Scatter.ForegroundCompositing:1    ; additive foreground scattering]]
[2021.01.27-03.13.30:377][  0]LogConfig: Setting CVar [[r.DOF.Scatter.BackgroundCompositing:2    ; additive background scattering]]
[2021.01.27-03.13.30:377][  0]LogConfig: Setting CVar [[r.DOF.Scatter.EnableBokehSettings:1      ; bokeh simulation when scattering]]
[2021.01.27-03.13.30:377][  0]LogConfig: Setting CVar [[r.DOF.Scatter.MaxSpriteRatio:0.1         ; only a maximum of 10% of scattered bokeh]]
[2021.01.27-03.13.30:377][  0]LogConfig: Setting CVar [[r.DOF.Recombine.Quality:1                ; cheap slight out of focus]]
[2021.01.27-03.13.30:377][  0]LogConfig: Setting CVar [[r.DOF.Recombine.EnableBokehSettings:0    ; no bokeh simulation on slight out of focus]]
[2021.01.27-03.13.30:377][  0]LogConfig: Setting CVar [[r.DOF.TemporalAAQuality:1                ; more stable temporal accumulation]]
[2021.01.27-03.13.30:377][  0]LogConfig: Setting CVar [[r.DOF.Kernel.MaxForegroundRadius:0.025]]
[2021.01.27-03.13.30:377][  0]LogConfig: Setting CVar [[r.DOF.Kernel.MaxBackgroundRadius:0.025]]
[2021.01.27-03.13.30:377][  0]LogConfig: Applying CVar settings from Section [TextureQuality@3] File [C:/unrealP/KJB_Portfolio_UE4/KJB_Portfolio/Saved/Config/Windows/Scalability.ini]
[2021.01.27-03.13.30:377][  0]LogConfig: Setting CVar [[r.Streaming.MipBias:0]]
[2021.01.27-03.13.30:377][  0]LogConfig: Setting CVar [[r.Streaming.AmortizeCPUToGPUCopy:0]]
[2021.01.27-03.13.30:377][  0]LogConfig: Setting CVar [[r.Streaming.MaxNumTexturesToStreamPerFrame:0]]
[2021.01.27-03.13.30:377][  0]LogConfig: Setting CVar [[r.Streaming.Boost:1]]
[2021.01.27-03.13.30:377][  0]LogConfig: Setting CVar [[r.MaxAnisotropy:8]]
[2021.01.27-03.13.30:377][  0]LogConfig: Setting CVar [[r.VT.MaxAnisotropy:8]]
[2021.01.27-03.13.30:377][  0]LogConfig: Setting CVar [[r.Streaming.LimitPoolSizeToVRAM:0]]
[2021.01.27-03.13.30:377][  0]LogConfig: Setting CVar [[r.Streaming.PoolSize:1000]]
[2021.01.27-03.13.30:377][  0]LogConfig: Setting CVar [[r.Streaming.MaxEffectiveScreenSize:0]]
[2021.01.27-03.13.30:377][  0]LogConfig: Applying CVar settings from Section [EffectsQuality@3] File [C:/unrealP/KJB_Portfolio_UE4/KJB_Portfolio/Saved/Config/Windows/Scalability.ini]
[2021.01.27-03.13.30:377][  0]LogConfig: Setting CVar [[r.TranslucencyLightingVolumeDim:64]]
[2021.01.27-03.13.30:377][  0]LogConfig: Setting CVar [[r.RefractionQuality:2]]
[2021.01.27-03.13.30:377][  0]LogConfig: Setting CVar [[r.SSR.Quality:3]]
[2021.01.27-03.13.30:377][  0]LogConfig: Setting CVar [[r.SSR.HalfResSceneColor:0]]
[2021.01.27-03.13.30:377][  0]LogConfig: Setting CVar [[r.SceneColorFormat:4]]
[2021.01.27-03.13.30:377][  0]LogConfig: Setting CVar [[r.DetailMode:2]]
[2021.01.27-03.13.30:377][  0]LogConfig: Setting CVar [[r.TranslucencyVolumeBlur:1]]
[2021.01.27-03.13.30:377][  0]LogConfig: Setting CVar [[r.MaterialQualityLevel:1 ; High quality]]
[2021.01.27-03.13.30:377][  0]LogConfig: Setting CVar [[r.SSS.Scale:1]]
[2021.01.27-03.13.30:377][  0]LogConfig: Setting CVar [[r.SSS.SampleSet:2]]
[2021.01.27-03.13.30:377][  0]LogConfig: Setting CVar [[r.SSS.Quality:1]]
[2021.01.27-03.13.30:377][  0]LogConfig: Setting CVar [[r.SSS.HalfRes:0]]
[2021.01.27-03.13.30:377][  0]LogConfig: Setting CVar [[r.SSGI.Quality:3]]
[2021.01.27-03.13.30:377][  0]LogConfig: Setting CVar [[r.EmitterSpawnRateScale:1.0]]
[2021.01.27-03.13.30:377][  0]LogConfig: Setting CVar [[r.ParticleLightQuality:2]]
[2021.01.27-03.13.30:377][  0]LogConfig: Setting CVar [[r.SkyAtmosphere.AerialPerspectiveLUT.FastApplyOnOpaque:1 ; Always have FastSkyLUT 1 in this case to avoid wrong sky]]
[2021.01.27-03.13.30:377][  0]LogConfig: Setting CVar [[r.SkyAtmosphere.AerialPerspectiveLUT.SampleCountPerSlice:1]]
[2021.01.27-03.13.30:377][  0]LogConfig: Setting CVar [[r.SkyAtmosphere.AerialPerspectiveLUT.DepthResolution:16.0]]
[2021.01.27-03.13.30:377][  0]LogConfig: Setting CVar [[r.SkyAtmosphere.FastSkyLUT:1]]
[2021.01.27-03.13.30:377][  0]LogConfig: Setting CVar [[r.SkyAtmosphere.FastSkyLUT.SampleCountMin:4.0]]
[2021.01.27-03.13.30:377][  0]LogConfig: Setting CVar [[r.SkyAtmosphere.FastSkyLUT.SampleCountMax:32.0]]
[2021.01.27-03.13.30:378][  0]LogConfig: Setting CVar [[r.SkyAtmosphere.SampleCountMin:4.0]]
[2021.01.27-03.13.30:378][  0]LogConfig: Setting CVar [[r.SkyAtmosphere.SampleCountMax:32.0]]
[2021.01.27-03.13.30:378][  0]LogConfig: Setting CVar [[r.SkyAtmosphere.TransmittanceLUT.UseSmallFormat:0]]
[2021.01.27-03.13.30:378][  0]LogConfig: Setting CVar [[r.SkyAtmosphere.TransmittanceLUT.SampleCount:10.0]]
[2021.01.27-03.13.30:378][  0]LogConfig: Setting CVar [[r.SkyAtmosphere.MultiScatteringLUT.SampleCount:15.0]]
[2021.01.27-03.13.30:378][  0]LogConfig: Applying CVar settings from Section [FoliageQuality@3] File [C:/unrealP/KJB_Portfolio_UE4/KJB_Portfolio/Saved/Config/Windows/Scalability.ini]
[2021.01.27-03.13.30:378][  0]LogConfig: Setting CVar [[foliage.DensityScale:1.0]]
[2021.01.27-03.13.30:378][  0]LogConfig: Setting CVar [[grass.DensityScale:1.0]]
[2021.01.27-03.13.30:378][  0]LogConfig: Applying CVar settings from Section [ShadingQuality@3] File [C:/unrealP/KJB_Portfolio_UE4/KJB_Portfolio/Saved/Config/Windows/Scalability.ini]
[2021.01.27-03.13.30:378][  0]LogConfig: Setting CVar [[r.HairStrands.SkyLighting.SampleCount:16]]
[2021.01.27-03.13.30:378][  0]LogConfig: Setting CVar [[r.HairStrands.SkyLighting.JitterIntegration:0]]
[2021.01.27-03.13.30:378][  0]LogConfig: Setting CVar [[r.HairStrands.SkyAO.SampleCount:16]]
[2021.01.27-03.13.30:378][  0]LogConfig: Setting CVar [[r.HairStrands.DeepShadow.SuperSampling:0]]
[2021.01.27-03.13.30:378][  0]LogConfig: Setting CVar [[r.HairStrands.VisibilityPPLL:0]]
[2021.01.27-03.13.30:378][  0]LogConfig: Setting CVar [[r.HairStrands.RasterizationScale:0.5]]
[2021.01.27-03.13.30:378][  0]LogConfig: Setting CVar [[r.HairStrands.VelocityRasterizationScale:1]]
[2021.01.27-03.13.30:378][  0]LogConfig: Applying CVar settings from Section [Startup] File [../../../Engine/Config/ConsoleVariables.ini]
[2021.01.27-03.13.30:378][  0]LogConfig: Setting CVar [[net.UseAdaptiveNetUpdateFrequency:0]]
[2021.01.27-03.13.30:378][  0]LogConfig: Setting CVar [[p.chaos.AllowCreatePhysxBodies:1]]
[2021.01.27-03.13.30:378][  0]LogConfig: Setting CVar [[fx.SkipVectorVMBackendOptimizations:1]]
[2021.01.27-03.13.30:378][  0]LogConfig: Applying CVar settings from Section [ConsoleVariables] File [C:/unrealP/KJB_Portfolio_UE4/KJB_Portfolio/Saved/Config/Windows/Engine.ini]
[2021.01.27-03.13.30:378][  0]LogInit: Computer: DESKTOP-6HEEP2H
[2021.01.27-03.13.30:378][  0]LogInit: User: KJB
[2021.01.27-03.13.30:378][  0]LogInit: CPU Page size=4096, Cores=6
[2021.01.27-03.13.30:378][  0]LogInit: High frequency timer resolution =10.000000 MHz
[2021.01.27-03.13.30:378][  0]LogMemory: Memory total: Physical=15.9GB (16GB approx)
[2021.01.27-03.13.30:379][  0]LogMemory: Platform Memory Stats for Windows
[2021.01.27-03.13.30:379][  0]LogMemory: Process Physical Memory: 116.90 MB used, 116.91 MB peak
[2021.01.27-03.13.30:379][  0]LogMemory: Process Virtual Memory: 102.44 MB used, 102.44 MB peak
[2021.01.27-03.13.30:379][  0]LogMemory: Physical Memory: 6999.22 MB used,  9318.88 MB free, 16318.11 MB total
[2021.01.27-03.13.30:379][  0]LogMemory: Virtual Memory: 5137.39 MB used,  134212592.00 MB free, 134217728.00 MB total
[2021.01.27-03.13.30:388][  0]LogWindows: WindowsPlatformFeatures enabled
[2021.01.27-03.13.30:435][  0]LogInit: Physics initialised using underlying interface: PhysX
[2021.01.27-03.13.30:436][  0]LogInit: Using OS detected language (ko-KR).
[2021.01.27-03.13.30:436][  0]LogInit: Using OS detected locale (ko-KR).
[2021.01.27-03.13.30:440][  0]LogTextLocalizationManager: No specific localization for 'ko-KR' exists, so the 'ko' localization will be used.
[2021.01.27-03.13.30:520][  0]LogInit: Setting process to per monitor DPI aware
[2021.01.27-03.13.30:573][  0]LogSlate: New Slate User Created.  User Index 0, Is Virtual User: 0
[2021.01.27-03.13.30:573][  0]LogSlate: Slate User Registered.  User Index 0, Is Virtual User: 0
[2021.01.27-03.13.30:761][  0]LogHMD: Failed to initialize OpenVR with code 110
[2021.01.27-03.13.30:761][  0]LogD3D11RHI: D3D11 min allowed feature level: 11_0
[2021.01.27-03.13.30:761][  0]LogD3D11RHI: D3D11 max allowed feature level: 11_0
[2021.01.27-03.13.30:761][  0]LogD3D11RHI: D3D11 adapters:
[2021.01.27-03.13.30:850][  0]LogD3D11RHI:    0. 'NVIDIA GeForce GTX 1660 SUPER' (Feature Level 11_0)
[2021.01.27-03.13.30:850][  0]LogD3D11RHI:       5991/0/8159 MB DedicatedVideo/DedicatedSystem/SharedSystem, Outputs:1, VendorId:0x10de
[2021.01.27-03.13.30:852][  0]LogD3D11RHI:    1. 'Microsoft Basic Render Driver' (Feature Level 11_0)
[2021.01.27-03.13.30:852][  0]LogD3D11RHI:       0/0/8159 MB DedicatedVideo/DedicatedSystem/SharedSystem, Outputs:0, VendorId:0x1414
[2021.01.27-03.13.30:852][  0]LogD3D11RHI: Chosen D3D11 Adapter: 0
[2021.01.27-03.13.30:860][  0]LogD3D11RHI: Creating new Direct3DDevice
[2021.01.27-03.13.30:860][  0]LogD3D11RHI:     GPU DeviceId: 0x21c4 (for the marketing name, search the web for "GPU Device Id")
[2021.01.27-03.13.30:860][  0]LogWindows: EnumDisplayDevices:
[2021.01.27-03.13.30:860][  0]LogWindows:    0. 'NVIDIA GeForce GTX 1660 SUPER' (P:1 D:1)
[2021.01.27-03.13.30:861][  0]LogWindows:    1. 'NVIDIA GeForce GTX 1660 SUPER' (P:0 D:0)
[2021.01.27-03.13.30:862][  0]LogWindows:    2. 'NVIDIA GeForce GTX 1660 SUPER' (P:0 D:0)
[2021.01.27-03.13.30:862][  0]LogWindows:    3. 'NVIDIA GeForce GTX 1660 SUPER' (P:0 D:0)
[2021.01.27-03.13.30:863][  0]LogWindows: DebugString: FoundDriverCount:4 
[2021.01.27-03.13.30:863][  0]LogD3D11RHI:     Adapter Name: NVIDIA GeForce GTX 1660 SUPER
[2021.01.27-03.13.30:863][  0]LogD3D11RHI:   Driver Version: 451.67 (internal:27.21.14.5167, unified:451.67)
[2021.01.27-03.13.30:863][  0]LogD3D11RHI:      Driver Date: 7-5-2020
[2021.01.27-03.13.30:863][  0]LogRHI: Texture pool is 4193 MB (70% of 5991 MB)
[2021.01.27-03.13.30:921][  0]LogD3D11RHI: RHI has support for 64 bit atomics
[2021.01.27-03.13.30:921][  0]LogD3D11RHI: Async texture creation enabled
[2021.01.27-03.13.30:921][  0]LogD3D11RHI: Array index from any shader is supported
[2021.01.27-03.13.30:937][  0]LogD3D11RHI: GPU Timing Frequency: 1000.000000 (Debug: 2 1)
[2021.01.27-03.13.31:273][  0]LogTargetPlatformManager: Display: Loaded TargetPlatform 'AllDesktop'
[2021.01.27-03.13.31:300][  0]LogTargetPlatformManager: Display: Loaded TargetPlatform 'Android'
[2021.01.27-03.13.31:301][  0]LogTargetPlatformManager: Display: Loaded TargetPlatform 'Android_ASTC'
[2021.01.27-03.13.31:301][  0]LogTargetPlatformManager: Display: Loaded TargetPlatform 'Android_DXT'
[2021.01.27-03.13.31:301][  0]LogTargetPlatformManager: Display: Loaded TargetPlatform 'Android_ETC2'
[2021.01.27-03.13.31:301][  0]LogTargetPlatformManager: Display: Loaded TargetPlatform 'AndroidClient'
[2021.01.27-03.13.31:301][  0]LogTargetPlatformManager: Display: Loaded TargetPlatform 'Android_ASTCClient'
[2021.01.27-03.13.31:301][  0]LogTargetPlatformManager: Display: Loaded TargetPlatform 'Android_DXTClient'
[2021.01.27-03.13.31:301][  0]LogTargetPlatformManager: Display: Loaded TargetPlatform 'Android_ETC2Client'
[2021.01.27-03.13.31:301][  0]LogTargetPlatformManager: Display: Loaded TargetPlatform 'Android_Multi'
[2021.01.27-03.13.31:301][  0]LogTargetPlatformManager: Display: Loaded TargetPlatform 'Android_MultiClient'
[2021.01.27-03.13.31:331][  0]LogTargetPlatformManager: Display: Loaded TargetPlatform 'IOSClient'
[2021.01.27-03.13.31:331][  0]LogTargetPlatformManager: Display: Loaded TargetPlatform 'IOS'
[2021.01.27-03.13.31:344][  0]LogTargetPlatformManager: Display: Loaded TargetPlatform 'Linux'
[2021.01.27-03.13.31:356][  0]LogTargetPlatformManager: Display: Loaded TargetPlatform 'LinuxNoEditor'
[2021.01.27-03.13.31:368][  0]LogTargetPlatformManager: Display: Loaded TargetPlatform 'LinuxClient'
[2021.01.27-03.13.31:380][  0]LogTargetPlatformManager: Display: Loaded TargetPlatform 'LinuxServer'
[2021.01.27-03.13.31:392][  0]LogTargetPlatformManager: Display: Loaded TargetPlatform 'LinuxAArch64NoEditor'
[2021.01.27-03.13.31:403][  0]LogTargetPlatformManager: Display: Loaded TargetPlatform 'LinuxAArch64Client'
[2021.01.27-03.13.31:416][  0]LogTargetPlatformManager: Display: Loaded TargetPlatform 'LinuxAArch64Server'
[2021.01.27-03.13.31:448][  0]LogTargetPlatformManager: Display: Loaded TargetPlatform 'Lumin'
[2021.01.27-03.13.31:448][  0]LogTargetPlatformManager: Display: Loaded TargetPlatform 'LuminClient'
[2021.01.27-03.13.31:468][  0]LogTargetPlatformManager: Display: Loaded TargetPlatform 'TVOSClient'
[2021.01.27-03.13.31:468][  0]LogTargetPlatformManager: Display: Loaded TargetPlatform 'TVOS'
[2021.01.27-03.13.31:480][  0]LogTargetPlatformManager: Display: Loaded TargetPlatform 'WindowsNoEditor'
[2021.01.27-03.13.31:492][  0]LogTargetPlatformManager: Display: Loaded TargetPlatform 'Windows'
[2021.01.27-03.13.31:503][  0]LogTargetPlatformManager: Display: Loaded TargetPlatform 'WindowsClient'
[2021.01.27-03.13.31:515][  0]LogTargetPlatformManager: Display: Loaded TargetPlatform 'WindowsServer'
[2021.01.27-03.13.31:515][  0]LogTargetPlatformManager: Display: Building Assets For Windows
[2021.01.27-03.13.31:527][  0]LogAudioDebug: Display: Lib vorbis DLL was dynamically loaded.
[2021.01.27-03.13.31:609][  0]LogShaderCompilers: Guid format shader working directory is -13 characters bigger than the processId version (../../../../../../unrealP/KJB_Portfolio_UE4/KJB_Portfolio/Intermediate/Shaders/WorkingDirectory/3672/).
[2021.01.27-03.13.31:609][  0]LogShaderCompilers: Cleaned the shader compiler working directory 'C:/Users/KJB/AppData/Local/Temp/UnrealShaderWorkingDir/118F19E84964755889DEDD9FFA22AE12/'.
[2021.01.27-03.13.31:610][  0]LogXGEController: Cannot use XGE Controller as Incredibuild is not installed on this machine.
[2021.01.27-03.13.31:610][  0]LogShaderCompilers: Cannot use XGE Shader Compiler as Incredibuild is not installed on this machine.
[2021.01.27-03.13.31:610][  0]LogShaderCompilers: Display: Using Local Shader Compiler.
[2021.01.27-03.13.32:351][  0]LogDerivedDataCache: Display: Max Cache Size: 512 MB
[2021.01.27-03.13.32:402][  0]LogDerivedDataCache: Loaded boot cache 0.05s 80MB C:/Users/KJB/AppData/Local/UnrealEngine/4.25/DerivedDataCache/Boot.ddc.
[2021.01.27-03.13.32:402][  0]LogDerivedDataCache: Display: Loaded Boot cache: C:/Users/KJB/AppData/Local/UnrealEngine/4.25/DerivedDataCache/Boot.ddc
[2021.01.27-03.13.32:403][  0]LogDerivedDataCache: FDerivedDataBackendGraph:  Pak pak cache file ../../../../../../unrealP/KJB_Portfolio_UE4/KJB_Portfolio/DerivedDataCache/DDC.ddp not found, will not use a pak cache.
[2021.01.27-03.13.32:403][  0]LogDerivedDataCache: Unable to find inner node Pak for hierarchical cache Hierarchy.
[2021.01.27-03.13.32:403][  0]LogDerivedDataCache: FDerivedDataBackendGraph:  CompressedPak pak cache file ../../../../../../unrealP/KJB_Portfolio_UE4/KJB_Portfolio/DerivedDataCache/Compressed.ddp not found, will not use a pak cache.
[2021.01.27-03.13.32:403][  0]LogDerivedDataCache: Unable to find inner node CompressedPak for hierarchical cache Hierarchy.
[2021.01.27-03.13.32:414][  0]LogDerivedDataCache: Display: Pak cache opened for reading ../../../Engine/DerivedDataCache/Compressed.ddp.
[2021.01.27-03.13.32:414][  0]LogDerivedDataCache: FDerivedDataBackendGraph:  EnterprisePak pak cache file ../../../Enterprise/DerivedDataCache/Compressed.ddp not found, will not use a pak cache.
[2021.01.27-03.13.32:414][  0]LogDerivedDataCache: Unable to find inner node EnterprisePak for hierarchical cache Hierarchy.
[2021.01.27-03.13.32:415][  0]LogDerivedDataCache: Using Local data cache path C:/Users/KJB/AppData/Local/UnrealEngine/Common/DerivedDataCache: Writable
[2021.01.27-03.13.32:415][  0]LogDerivedDataCache: Shared data cache path not found in *engine.ini, will not use an Shared cache.
[2021.01.27-03.13.32:415][  0]LogDerivedDataCache: Unable to find inner node Shared for hierarchical cache Hierarchy.
[2021.01.27-03.13.32:464][  0]LogSlate: Using FreeType 2.10.0
[2021.01.27-03.13.32:464][  0]LogSlate: SlateFontServices - WITH_FREETYPE: 1, WITH_HARFBUZZ: 1
[2021.01.27-03.13.32:490][  0]LogAssetRegistry: FAssetRegistry took 0.0030 seconds to start up
[2021.01.27-03.13.32:678][  0]LogCollisionProfile: Warning: Profile (MyCharacter) - Custom Channel Name = 'MonsterAttack' hasn't been found
[2021.01.27-03.13.32:731][  0]LogInit: Selected Device Profile: [Windows]
[2021.01.27-03.13.32:851][  0]LogMeshReduction: Using QuadricMeshReduction for automatic static mesh reduction
[2021.01.27-03.13.32:851][  0]LogMeshReduction: Using SimplygonMeshReduction for automatic skeletal mesh reduction
[2021.01.27-03.13.32:851][  0]LogMeshReduction: Using ProxyLODMeshReduction for automatic mesh merging
[2021.01.27-03.13.32:851][  0]LogMeshReduction: No distributed automatic mesh merging module available
[2021.01.27-03.13.32:851][  0]LogMeshMerging: No distributed automatic mesh merging module available
[2021.01.27-03.13.32:867][  0]LogNetVersion: KJB_Portfolio 1.0.0, NetCL: 13144385, EngineNetVer: 14, GameNetVer: 0 (Checksum: 3600608709)
[2021.01.27-03.13.33:275][  0]LogAISub: UAISubsystem::UAISubsystem AISubsystem (000002A6C50B7940), frame # 0
[2021.01.27-03.13.33:275][  0]LogAISub: UAISubsystem::UAISubsystem AIPerceptionSystem (000002A6C50A3C40), frame # 0
[2021.01.27-03.13.33:276][  0]LogAISub: UAISubsystem::UAISubsystem EnvQueryManager (000002A6C5138A00), frame # 0
[2021.01.27-03.13.33:318][  0]LogPackageLocalizationCache: Processed 19 localized package path(s) for 1 prioritized culture(s) in 0.034069 seconds
[2021.01.27-03.13.33:322][  0]LogUObjectArray: 15917 objects as part of root set at end of initial load.
[2021.01.27-03.13.33:322][  0]LogUObjectAllocator: 3965568 out of 0 bytes used by permanent object pool.
[2021.01.27-03.13.33:322][  0]LogUObjectArray: CloseDisregardForGC: 0/0 objects in disregard for GC pool
[2021.01.27-03.13.33:752][  0]LogTcpMessaging: Initializing TcpMessaging bridge
[2021.01.27-03.13.33:758][  0]LogUdpMessaging: Initializing bridge on interface 0.0.0.0:0 to multicast group 230.0.0.1:6666.
[2021.01.27-03.13.34:760][  0]SourceControl: 소스 컨트롤이 꺼졌습니다.
[2021.01.27-03.13.34:760][  0]SourceControl: 소스 컨트롤이 꺼졌습니다.
[2021.01.27-03.13.34:764][  0]SourceControl: 소스 컨트롤이 꺼졌습니다.
[2021.01.27-03.13.34:769][  0]SourceControl: 소스 컨트롤이 꺼졌습니다.
[2021.01.27-03.13.34:780][  0]SourceControl: 소스 컨트롤이 꺼졌습니다.
[2021.01.27-03.13.35:118][  0]LogAndroidPermission: UAndroidPermissionCallbackProxy::GetInstance
[2021.01.27-03.13.35:148][  0]LogAudioCaptureCore: Display: No Audio Capture implementations found. Audio input will be silent.
[2021.01.27-03.13.35:148][  0]LogAudioCaptureCore: Display: No Audio Capture implementations found. Audio input will be silent.
[2021.01.27-03.13.35:209][  0]LogOcInput: OculusInput pre-init called
[2021.01.27-03.13.35:224][  0]LogWindows: Failed to load 'OVRPlugin.dll' (GetLastError=126)
[2021.01.27-03.13.35:224][  0]LogWindows: File 'OVRPlugin.dll' does not exist
[2021.01.27-03.13.35:299][  0]LogEngine: Initializing Engine...
[2021.01.27-03.13.35:300][  0]LogHMD: Failed to initialize OpenVR with code 110
[2021.01.27-03.13.35:300][  0]LogMagicLeap: Warning: VR disabled because ZI is not enabled.  To enable, in the editor, Edit -> Project Settings -> Plugins -> Magic Leap Plugin -> Enable Zero Iteration
[2021.01.27-03.13.35:301][  0]LogStats: UGameplayTagsManager::InitializeManager -  0.000 s
[2021.01.27-03.13.35:401][  0]LogInit: Initializing FReadOnlyCVARCache
[2021.01.27-03.13.35:410][  0]LogAIModule: Creating AISystem for world Untitled
[2021.01.27-03.13.35:411][  0]LogAISub: UAISubsystem::UAISubsystem EnvQueryManager (000002A6D59C0C00), frame # 0
[2021.01.27-03.13.35:411][  0]LogAISub: UAISubsystem::UAISubsystem AIPerceptionSystem (000002A6D599B380), frame # 0
[2021.01.27-03.13.35:422][  0]LogAudioMixer: Display: Audio Mixer Platform Settings:
[2021.01.27-03.13.35:422][  0]LogAudioMixer: Display: 	Sample Rate:						  48000
[2021.01.27-03.13.35:422][  0]LogAudioMixer: Display: 	Callback Buffer Frame Size Requested: 1024
[2021.01.27-03.13.35:422][  0]LogAudioMixer: Display: 	Callback Buffer Frame Size To Use:	  1024
[2021.01.27-03.13.35:422][  0]LogAudioMixer: Display: 	Number of buffers to queue:			  2
[2021.01.27-03.13.35:422][  0]LogAudioMixer: Display: 	Max Channels (voices):				  32
[2021.01.27-03.13.35:422][  0]LogAudioMixer: Display: 	Number of Async Source Workers:		  0
[2021.01.27-03.13.35:422][  0]LogAudio: Display: AudioDevice MaxSources: 32
[2021.01.27-03.13.35:422][  0]LogAudio: Display: Using built-in audio occlusion.
[2021.01.27-03.13.35:422][  0]LogAudioMixer: Display: Initializing audio mixer.
[2021.01.27-03.13.35:443][  0]LogAudioMixer: Display: 0: FrontLeft
[2021.01.27-03.13.35:444][  0]LogAudioMixer: Display: 1: FrontRight
[2021.01.27-03.13.35:503][  0]LogAudioMixer: Display: Using Audio Device 스피커(Realtek High Definition Audio)
[2021.01.27-03.13.35:506][  0]LogAudioMixer: Display: Initializing Sound Submixes...
[2021.01.27-03.13.35:509][  0]LogAudioMixer: Display: Creating Master Submix 'MasterSubmixDefault'
[2021.01.27-03.13.35:509][  0]LogAudioMixer: Display: Creating Master Submix 'MasterReverbSubmixDefault'
[2021.01.27-03.13.35:510][  0]LogAudioMixer: Display: Creating Master Submix 'MasterEQSubmixDefault'
[2021.01.27-03.13.35:511][  0]LogInit: FAudioDevice initialized.
[2021.01.27-03.13.35:511][  0]LogNetVersion: Set ProjectVersion to 1.0.0.0. Version Checksum will be recalculated on next use.
[2021.01.27-03.13.35:617][  0]LogDerivedDataCache: Saved boot cache 0.11s 111MB C:/Users/KJB/AppData/Local/UnrealEngine/4.25/DerivedDataCache/Boot.ddc.
[2021.01.27-03.13.35:617][  0]LogInit: Texture streaming: Enabled
[2021.01.27-03.13.35:643][  0]LogEngineSessionManager: EngineSessionManager initialized
[2021.01.27-03.13.35:643][  0]LogEditorSessionSummary: Verbose: Initializing EditorSessionSummaryWriter for editor session tracking
[2021.01.27-03.13.35:649][  0]LogEditorSessionSummary: EditorSessionSummaryWriter initialized
[2021.01.27-03.13.35:714][  0]LogInit: Transaction tracking system initialized
[2021.01.27-03.13.35:752][  0]BlueprintLog: New page: 에디터 로드
[2021.01.27-03.13.35:867][  0]LocalizationService: 현지화 서비스가 비활성화되었습니다.
[2021.01.27-03.13.36:055][  0]LogCook: Display: Max memory allowance for cook 16384mb min free memory 0mb
[2021.01.27-03.13.36:056][  0]LogCook: Display: Mobile HDR setting 1
[2021.01.27-03.13.36:247][  0]LogFileCache: Scanning file cache for directory 'C:/unrealP/KJB_Portfolio_UE4/KJB_Portfolio/Content/' took 0.08s
[2021.01.27-03.13.36:468][  0]SourceControl: 소스 컨트롤이 꺼졌습니다.
[2021.01.27-03.13.36:468][  0]LogUnrealEdMisc: Loading editor; pre map load, took 8.007
[2021.01.27-03.13.36:468][  0]Cmd: MAP LOAD FILE="../../../../../../unrealP/KJB_Portfolio_UE4/KJB_Portfolio/Content/MyContents/NewMap.umap" TEMPLATE=0 SHOWPROGRESS=1 FEATURELEVEL=3
[2021.01.27-03.13.36:469][  0]LightingResults: New page: 라이팅 빌드
[2021.01.27-03.13.36:470][  0]LogWorld: UWorld::CleanupWorld for Untitled, bSessionEnded=true, bCleanupResources=true
[2021.01.27-03.13.36:470][  0]LogSlate: InvalidateAllWidgets triggered.  All widgets were invalidated
[2021.01.27-03.13.36:470][  0]MapCheck: New page: 맵 체크
[2021.01.27-03.13.36:470][  0]LightingResults: New page: 라이팅 빌드
[2021.01.27-03.13.36:481][  0]LogAISub: UAISubsystem::~UAISubsystem EnvQueryManager (000002A6D59C0C00), frame # 0
[2021.01.27-03.13.36:481][  0]LogAISub: UAISubsystem::~UAISubsystem AIPerceptionSystem (000002A6D599B380), frame # 0
[2021.01.27-03.13.36:482][  0]LogUObjectHash: Compacting FUObjectHashTables data took   0.83ms
[2021.01.27-03.13.36:649][  0]LogAIModule: Creating AISystem for world NewMap
[2021.01.27-03.13.36:649][  0]LogAISub: UAISubsystem::UAISubsystem EnvQueryManager (000002A6B73A7E00), frame # 0
[2021.01.27-03.13.36:649][  0]LogAISub: UAISubsystem::UAISubsystem AIPerceptionSystem (000002A6C9CA0A40), frame # 0
[2021.01.27-03.13.36:667][  0]LogEditorServer: Finished looking for orphan Actors (0.000 secs)
[2021.01.27-03.13.36:678][  0]LogUObjectHash: Compacting FUObjectHashTables data took   0.90ms
[2021.01.27-03.13.36:678][  0]Cmd: MAP CHECKDEP NOCLEARLOG
[2021.01.27-03.13.36:679][  0]MapCheck: 맵 체크 완료: 오류 0 회, 경고 0 회, 소요 시간 0.271ms.
[2021.01.27-03.13.36:679][  0]LogFileHelpers: Loading map 'NewMap' took 0.211
[2021.01.27-03.13.36:689][  0]LogUnrealEdMisc: Total Editor Startup Time, took 8.229
[2021.01.27-03.13.36:820][  0]LogSlate: Updating window title bar state: overlay mode, drag disabled, window buttons hidden, title bar hidden
[2021.01.27-03.13.36:826][  0]LogSlate: Updating window title bar state: overlay mode, drag disabled, window buttons hidden, title bar hidden
[2021.01.27-03.13.36:832][  0]LogSlate: Updating window title bar state: overlay mode, drag disabled, window buttons hidden, title bar hidden
[2021.01.27-03.13.36:838][  0]LogSlate: Updating window title bar state: overlay mode, drag disabled, window buttons hidden, title bar hidden
[2021.01.27-03.13.36:849][  0]LogCollectionManager: Loaded 0 collections in 0.002096 seconds
[2021.01.27-03.13.36:863][  0]LogFileCache: Scanning file cache for directory 'C:/unrealP/KJB_Portfolio_UE4/KJB_Portfolio/Saved/Collections/' took 0.00s
[2021.01.27-03.13.36:863][  0]LogFileCache: Scanning file cache for directory 'C:/unrealP/KJB_Portfolio_UE4/KJB_Portfolio/Content/Developers/KJB/Collections/' took 0.00s
[2021.01.27-03.13.36:863][  0]LogFileCache: Scanning file cache for directory 'C:/unrealP/KJB_Portfolio_UE4/KJB_Portfolio/Content/Collections/' took 0.00s
[2021.01.27-03.13.36:863][  0]LogContentBrowser: Native class hierarchy populated in 0.0098 seconds. Added 3457 classes and 824 folders.
[2021.01.27-03.13.36:866][  0]LogContentBrowser: Native class hierarchy updated for 'WidgetCarousel' in 0.0005 seconds. Added 0 classes and 0 folders.
[2021.01.27-03.13.36:924][  0]LogContentBrowser: Native class hierarchy updated for 'AddContentDialog' in 0.0004 seconds. Added 0 classes and 0 folders.
[2021.01.27-03.13.36:931][  0]LogContentBrowser: Native class hierarchy updated for 'SceneOutliner' in 0.0004 seconds. Added 2 classes and 0 folders.
[2021.01.27-03.13.37:080][  0]LogSlate: Took 0.000322 seconds to synchronously load lazily loaded font '../../../Engine/Content/Slate/Fonts/Roboto-Regular.ttf' (155K)
[2021.01.27-03.13.37:083][  0]LogSlate: Took 0.001529 seconds to synchronously load lazily loaded font '../../../Engine/Content/Editor/Slate/Fonts/NanumGothic.ttf' (4243K)
[2021.01.27-03.13.37:085][  0]LogSlate: Took 0.001887 seconds to synchronously load lazily loaded font '../../../Engine/Content/Editor/Slate/Fonts/NanumGothicBold.ttf' (4188K)
[2021.01.27-03.13.37:085][  0]LogSlate: Took 0.000236 seconds to synchronously load lazily loaded font '../../../Engine/Content/Slate/Fonts/Roboto-Bold.ttf' (160K)
[2021.01.27-03.13.37:089][  0]LogSlate: Took 0.000216 seconds to synchronously load lazily loaded font '../../../Engine/Content/Editor/Slate/Fonts/FontAwesome.ttf' (139K)
[2021.01.27-03.13.37:140][  0]LogRenderer: Reallocating scene render targets to support 1236x568 Format 10 NumSamples 1 (Frame:1).
[2021.01.27-03.13.37:178][  0]LogSlate: Took 0.000194 seconds to synchronously load lazily loaded font '../../../Engine/Content/Slate/Fonts/Roboto-Light.ttf' (167K)
[2021.01.27-03.13.37:233][  0]LogContentBrowser: Native class hierarchy updated for 'HierarchicalLODOutliner' in 0.0004 seconds. Added 0 classes and 0 folders.
[2021.01.27-03.13.37:233][  0]LogLoad: (Engine Initialization) Total time: 8.77 seconds
[2021.01.27-03.13.37:233][  0]LogLoad: (Engine Initialization) Total Blueprint compile time: 0.00 seconds
[2021.01.27-03.13.37:296][  0]LogContentStreaming: Texture pool size now 1000 MB
[2021.01.27-03.13.37:414][  2]LogAssetRegistry: Asset discovery search completed in 4.9256 seconds
[2021.01.27-03.13.37:418][  2]LogCollectionManager: Fixed up redirectors for 0 collections in 0.000001 seconds (updated 0 objects)
[2021.01.27-03.26.20:030][117]LogSlate: Took 0.000258 seconds to synchronously load lazily loaded font '../../../Engine/Content/Slate/Fonts/Roboto-Light.ttf' (167K)
[2021.01.27-03.26.20:047][117]LogAssetEditorSubsystem: Opening Asset editor for Class /Script/KJB_Portfolio.Slot
[2021.01.27-03.29.47:133][608]LogSlate: WidgetSwitcher ('None') active index changed to -1
[2021.01.27-03.29.47:134][608]LogSlate: WidgetSwitcher ('None') active index changed to 0
[2021.01.27-03.29.47:186][608]LogSlate: Took 0.001321 seconds to synchronously load lazily loaded font '../../../Engine/Content/Slate/Fonts/Roboto-BoldCondensed.ttf' (158K)
[2021.01.27-03.29.51:009][ 30]LogSlate: WidgetSwitcher ('None') active index changed to 1
[2021.01.27-03.30.04:088][346]Running C:/Program Files/Epic Games/UE_4.25/Engine/Binaries/DotNET/UnrealBuildTool.exe  -projectfiles -project="C:/unrealP/KJB_Portfolio_UE4/KJB_Portfolio/KJB_Portfolio.uproject" -game -rocket -progress
[2021.01.27-03.30.05:005][346]Discovering modules, targets and source code for project...
[2021.01.27-03.30.06:721][346]Binding IntelliSense data...
[2021.01.27-03.30.09:159][346]Binding IntelliSense data... 100%
[2021.01.27-03.30.09:159][346]Writing project files...
[2021.01.27-03.30.14:407][346]Writing project files... 100%
[2021.01.27-03.30.14:551][346]Candidate modules for hot reload:
[2021.01.27-03.30.14:551][346]  KJB_Portfolio
[2021.01.27-03.30.14:551][346]Launching UnrealBuildTool... [C:/Program Files/Epic Games/UE_4.25/Engine/Binaries/DotNET/UnrealBuildTool.exe  -ModuleWithSuffix=KJB_Portfolio,769 KJB_PortfolioEditor Win64 Development -Project="C:/unrealP/KJB_Portfolio_UE4/KJB_Portfolio/KJB_Portfolio.uproject" "C:/unrealP/KJB_Portfolio_UE4/KJB_Portfolio/KJB_Portfolio.uproject"  -IgnoreJunk]
[2021.01.27-03.30.43:560][346]CompilerResultsLog: New page: 컴파일 - 2021. 1. 27. 오후 9:30:43
[2021.01.27-03.30.43:564][346]CompilerResultsLog: Using 'git status' to determine working set for adaptive non-unity build (C:\unrealP\KJB_Portfolio_UE4).
[2021.01.27-03.30.43:564][346]CompilerResultsLog: Creating makefile for KJB_PortfolioEditor (no existing makefile)
[2021.01.27-03.30.43:564][346]CompilerResultsLog: Parsing headers for KJB_PortfolioEditor
[2021.01.27-03.30.43:564][346]CompilerResultsLog:   Running UnrealHeaderTool "C:\unrealP\KJB_Portfolio_UE4\KJB_Portfolio\KJB_Portfolio.uproject" "C:\unrealP\KJB_Portfolio_UE4\KJB_Portfolio\Intermediate\Build\Win64\KJB_PortfolioEditor\Development\KJB_PortfolioEditor.uhtmanifest" -LogCmds="loginit warning, logexit warning, logdatabase error" -Unattended -WarningsAsErrors -abslog="C:\Users\KJB\AppData\Local\UnrealBuildTool\Log_UHT.txt" -installed
[2021.01.27-03.30.43:564][346]CompilerResultsLog: Reflection code generated for KJB_PortfolioEditor in 7.519283 seconds
[2021.01.27-03.30.43:564][346]CompilerResultsLog: Building KJB_PortfolioEditor...
[2021.01.27-03.30.43:564][346]CompilerResultsLog: Using Visual Studio 2017 14.16.27042 toolchain (C:\Program Files (x86)\Microsoft Visual Studio\2017\Community\VC\Tools\MSVC\14.16.27023) and Windows 10.0.17763.0 SDK (C:\Program Files (x86)\Windows Kits\10).
[2021.01.27-03.30.43:564][346]CompilerResultsLog: Building 5 actions with 12 processes...
[2021.01.27-03.30.43:564][346]CompilerResultsLog:   [1/5] Module.KJB_Portfolio.gen.cpp
[2021.01.27-03.30.43:564][346]CompilerResultsLog:   [2/5] Module.KJB_Portfolio.cpp
[2021.01.27-03.30.43:564][346]CompilerResultsLog:   [3/5] UE4Editor-KJB_Portfolio-0769.lib
[2021.01.27-03.30.43:564][346]CompilerResultsLog:      C:\unrealP\KJB_Portfolio_UE4\KJB_Portfolio\Intermediate\Build\Win64\UE4Editor\Development\KJB_Portfolio\UE4Editor-KJB_Portfolio-0769.lib ???̺귯?? ?? C:\unrealP\KJB_Portfolio_UE4\KJB_Portfolio\Intermediate\Build\Win64\UE4Editor\Development\KJB_Portfolio\UE4Editor-KJB_Portfolio-0769.exp ??ü?? ?????ϰ? ?ֽ??ϴ?.
[2021.01.27-03.30.43:564][346]CompilerResultsLog:   [4/5] UE4Editor-KJB_Portfolio-0769.dll
[2021.01.27-03.30.43:564][346]CompilerResultsLog:      C:\unrealP\KJB_Portfolio_UE4\KJB_Portfolio\Intermediate\Build\Win64\UE4Editor\Development\KJB_Portfolio\UE4Editor-KJB_Portfolio-0769.suppressed.lib ???̺귯?? ?? C:\unrealP\KJB_Portfolio_UE4\KJB_Portfolio\Intermediate\Build\Win64\UE4Editor\Development\KJB_Portfolio\UE4Editor-KJB_Portfolio-0769.suppressed.exp ??ü?? ?????ϰ? ?ֽ??ϴ?.
[2021.01.27-03.30.43:564][346]CompilerResultsLog:   [5/5] KJB_PortfolioEditor.target
[2021.01.27-03.30.43:564][346]CompilerResultsLog: Total time in Parallel executor: 19.47 seconds
[2021.01.27-03.30.43:564][346]CompilerResultsLog: Total execution time: 28.89 seconds
[2021.01.27-03.30.43:569][346]LogMainFrame: MainFrame: Module compiling took 29.028 seconds
[2021.01.27-03.30.43:591][346]LogContentBrowser: Native class hierarchy populated in 0.0096 seconds. Added 3457 classes and 824 folders.
[2021.01.27-03.30.43:603][346]Display: HotReload took 29.1s.
[2021.01.27-03.30.43:603][346]Warning: HotReload operation took 29.1s.
[2021.01.27-03.30.43:908][346]LogSlate: Window 'C++ 클래스 추가' being destroyed
[2021.01.27-03.30.43:947][346]LogHotReload: New module detected: UE4Editor-KJB_Portfolio-0769.dll
[2021.01.27-03.30.44:095][347]LogHotReload: Starting Hot-Reload from IDE
[2021.01.27-03.30.44:220][347]LogClass: Could not find existing class Item in package /Script/KJB_Portfolio for HotReload, assuming new class
[2021.01.27-03.30.44:229][347]LogClass: EItemType HotReload.
[2021.01.27-03.30.44:229][347]LogClass: ECharacterState HotReload.
[2021.01.27-03.30.44:229][347]LogClass: ESlotType HotReload.
[2021.01.27-03.30.44:229][347]LogClass: ItemData HotReload.
[2021.01.27-03.30.44:229][347]LogClass: PlayerStatData HotReload.
[2021.01.27-03.30.44:229][347]LogClass: MonsterStatData HotReload.
[2021.01.27-03.30.44:244][347]LogHotReload: Re-instancing MyCharacter after hot-reload.
[2021.01.27-03.30.44:369][347]LogContentBrowser: Native class hierarchy updated for 'KJB_Portfolio' in 0.0008 seconds. Added 31 classes and 3 folders.
[2021.01.27-03.30.44:371][347]Display: HotReload successful (9 functions remapped  3 scriptstructs remapped)
[2021.01.27-03.30.44:484][347]LogContentBrowser: Native class hierarchy populated in 0.0093 seconds. Added 3458 classes and 824 folders.
[2021.01.27-03.30.44:488][347]Display: HotReload took  0.4s.
[2021.01.27-03.37.31:431][271]LogSlate: WidgetSwitcher ('None') active index changed to -1
[2021.01.27-03.37.31:431][271]LogSlate: WidgetSwitcher ('None') active index changed to 0
[2021.01.27-03.37.42:572][ 10]LogSlate: WidgetSwitcher ('None') active index changed to 1
[2021.01.27-03.37.49:779][863]Running C:/Program Files/Epic Games/UE_4.25/Engine/Binaries/DotNET/UnrealBuildTool.exe  -projectfiles -project="C:/unrealP/KJB_Portfolio_UE4/KJB_Portfolio/KJB_Portfolio.uproject" -game -rocket -progress
[2021.01.27-03.37.50:187][863]Discovering modules, targets and source code for project...
[2021.01.27-03.37.51:797][863]Binding IntelliSense data...
[2021.01.27-03.37.53:523][863]Binding IntelliSense data... 100%
[2021.01.27-03.37.53:523][863]Writing project files...
[2021.01.27-03.37.58:368][863]Writing project files... 100%
[2021.01.27-03.37.58:496][863]LogVSAccessor: Warning: Visual Studio is open but could not be queried - it may be blocked by a modal operation
[2021.01.27-03.37.58:497][863]LogVSAccessor: Warning: Couldn't access Visual Studio
[2021.01.27-03.37.58:500][863]Candidate modules for hot reload:
[2021.01.27-03.37.58:500][863]  KJB_Portfolio
[2021.01.27-03.37.58:500][863]Launching UnrealBuildTool... [C:/Program Files/Epic Games/UE_4.25/Engine/Binaries/DotNET/UnrealBuildTool.exe  -ModuleWithSuffix=KJB_Portfolio,808 KJB_PortfolioEditor Win64 Development -Project="C:/unrealP/KJB_Portfolio_UE4/KJB_Portfolio/KJB_Portfolio.uproject" "C:/unrealP/KJB_Portfolio_UE4/KJB_Portfolio/KJB_Portfolio.uproject"  -IgnoreJunk]
[2021.01.27-03.38.23:696][863]CompilerResultsLog: New page: 컴파일 - 2021. 1. 27. 오후 9:38:23
[2021.01.27-03.38.23:696][863]CompilerResultsLog: Using 'git status' to determine working set for adaptive non-unity build (C:\unrealP\KJB_Portfolio_UE4).
[2021.01.27-03.38.23:696][863]CompilerResultsLog: Creating makefile for KJB_PortfolioEditor (no existing makefile)
[2021.01.27-03.38.23:696][863]CompilerResultsLog: Parsing headers for KJB_PortfolioEditor
[2021.01.27-03.38.23:696][863]CompilerResultsLog:   Running UnrealHeaderTool "C:\unrealP\KJB_Portfolio_UE4\KJB_Portfolio\KJB_Portfolio.uproject" "C:\unrealP\KJB_Portfolio_UE4\KJB_Portfolio\Intermediate\Build\Win64\KJB_PortfolioEditor\Development\KJB_PortfolioEditor.uhtmanifest" -LogCmds="loginit warning, logexit warning, logdatabase error" -Unattended -WarningsAsErrors -abslog="C:\Users\KJB\AppData\Local\UnrealBuildTool\Log_UHT.txt" -installed
[2021.01.27-03.38.23:696][863]CompilerResultsLog: Reflection code generated for KJB_PortfolioEditor in 7.3142719 seconds
[2021.01.27-03.38.23:696][863]CompilerResultsLog: Building KJB_PortfolioEditor...
[2021.01.27-03.38.23:696][863]CompilerResultsLog: Using Visual Studio 2017 14.16.27042 toolchain (C:\Program Files (x86)\Microsoft Visual Studio\2017\Community\VC\Tools\MSVC\14.16.27023) and Windows 10.0.17763.0 SDK (C:\Program Files (x86)\Windows Kits\10).
[2021.01.27-03.38.23:696][863]CompilerResultsLog: Building 5 actions with 12 processes...
[2021.01.27-03.38.23:696][863]CompilerResultsLog:   [1/5] Module.KJB_Portfolio.gen.cpp
[2021.01.27-03.38.23:696][863]CompilerResultsLog:   [2/5] Module.KJB_Portfolio.cpp
[2021.01.27-03.38.23:696][863]CompilerResultsLog:   [3/5] UE4Editor-KJB_Portfolio-0808.lib
[2021.01.27-03.38.23:696][863]CompilerResultsLog:      C:\unrealP\KJB_Portfolio_UE4\KJB_Portfolio\Intermediate\Build\Win64\UE4Editor\Development\KJB_Portfolio\UE4Editor-KJB_Portfolio-0808.lib ???̺귯?? ?? C:\unrealP\KJB_Portfolio_UE4\KJB_Portfolio\Intermediate\Build\Win64\UE4Editor\Development\KJB_Portfolio\UE4Editor-KJB_Portfolio-0808.exp ??ü?? ?????ϰ? ?ֽ??ϴ?.
[2021.01.27-03.38.23:696][863]CompilerResultsLog:   [4/5] UE4Editor-KJB_Portfolio-0808.dll
[2021.01.27-03.38.23:696][863]CompilerResultsLog:      C:\unrealP\KJB_Portfolio_UE4\KJB_Portfolio\Intermediate\Build\Win64\UE4Editor\Development\KJB_Portfolio\UE4Editor-KJB_Portfolio-0808.suppressed.lib ???̺귯?? ?? C:\unrealP\KJB_Portfolio_UE4\KJB_Portfolio\Intermediate\Build\Win64\UE4Editor\Development\KJB_Portfolio\UE4Editor-KJB_Portfolio-0808.suppressed.exp ??ü?? ?????ϰ? ?ֽ??ϴ?.
[2021.01.27-03.38.23:696][863]CompilerResultsLog:   [5/5] KJB_PortfolioEditor.target
[2021.01.27-03.38.23:696][863]CompilerResultsLog: Total time in Parallel executor: 16.03 seconds
[2021.01.27-03.38.23:696][863]CompilerResultsLog: Total execution time: 25.10 seconds
[2021.01.27-03.38.23:696][863]LogMainFrame: MainFrame: Module compiling took 25.199 seconds
[2021.01.27-03.38.23:711][863]LogContentBrowser: Native class hierarchy populated in 0.0093 seconds. Added 3458 classes and 824 folders.
[2021.01.27-03.38.23:711][863]Display: HotReload took 25.2s.
[2021.01.27-03.38.23:711][863]Warning: HotReload operation took 25.2s.
[2021.01.27-03.38.23:953][863]LogSlate: Window 'C++ 클래스 추가' being destroyed
[2021.01.27-03.38.23:963][863]LogHotReload: New module detected: UE4Editor-KJB_Portfolio-0808.dll
[2021.01.27-03.38.24:027][864]LogHotReload: Starting Hot-Reload from IDE
[2021.01.27-03.38.24:179][864]LogClass: Could not find existing class InventoryComponent in package /Script/KJB_Portfolio for HotReload, assuming new class
[2021.01.27-03.38.24:183][864]LogClass: EItemType HotReload.
[2021.01.27-03.38.24:183][864]LogClass: ECharacterState HotReload.
[2021.01.27-03.38.24:183][864]LogClass: ESlotType HotReload.
[2021.01.27-03.38.24:183][864]LogClass: ItemData HotReload.
[2021.01.27-03.38.24:183][864]LogClass: PlayerStatData HotReload.
[2021.01.27-03.38.24:183][864]LogClass: MonsterStatData HotReload.
[2021.01.27-03.38.24:197][864]LogContentBrowser: Native class hierarchy updated for 'KJB_Portfolio' in 0.0008 seconds. Added 32 classes and 3 folders.
[2021.01.27-03.38.24:199][864]Display: HotReload successful (9 functions remapped  3 scriptstructs remapped)
[2021.01.27-03.38.24:275][864]LogContentBrowser: Native class hierarchy populated in 0.0093 seconds. Added 3459 classes and 824 folders.
[2021.01.27-03.38.24:278][864]Display: HotReload took  0.3s.
[2021.01.27-04.24.55:592][496]LogSlate: Warning: Slate: Had to block on waiting for a draw buffer
[2021.01.27-04.24.57:845][496]LogSlate: Window '부모 클래스 선택' being destroyed
[2021.01.27-04.25.22:552][769]LogAssetEditorSubsystem: Opening Asset editor for WidgetBlueprint /Game/MyContents/UI/WBP_InventoryItems.WBP_InventoryItems
[2021.01.27-04.25.22:846][769]LogContentBrowser: Native class hierarchy updated for 'BlueprintGraph' in 0.0007 seconds. Added 125 classes and 0 folders.
[2021.01.27-04.25.23:961][769]LogSlate: Took 0.001340 seconds to synchronously load lazily loaded font '../../../Engine/Content/Slate/Fonts/DroidSansMono.ttf' (77K)
[2021.01.27-04.25.23:977][769]LogSlate: Took 0.015729 seconds to synchronously load lazily loaded font '../../../Engine/Content/Editor/Slate/Fonts/NanumGothicExtraBold.ttf' (4074K)
[2021.01.27-04.25.26:287][ 28]Cmd: OBJ SAVEPACKAGE PACKAGE="/Game/MyContents/UI/WBP_InventoryItems" FILE="../../../../../../unrealP/KJB_Portfolio_UE4/KJB_Portfolio/Content/MyContents/UI/WBP_InventoryItems.uasset" SILENT=true
[2021.01.27-04.25.26:309][ 28]LogSavePackage: Moving '../../../../../../unrealP/KJB_Portfolio_UE4/KJB_Portfolio/Saved/WBP_InventoryItems0F511A9B4D1331090F68E9A2373A37A7.tmp' to '../../../../../../unrealP/KJB_Portfolio_UE4/KJB_Portfolio/Content/MyContents/UI/WBP_InventoryItems.uasset'
[2021.01.27-04.25.26:332][ 28]AssetCheck: New page: 애셋 저장: WBP_InventoryItems
[2021.01.27-04.25.26:332][ 28]LogContentValidation: Display: WidgetBlueprint /Game/MyContents/UI/WBP_InventoryItems.WBP_InventoryItems 유효성 검사
[2021.01.27-04.26.53:031][908]LogUObjectHash: Compacting FUObjectHashTables data took   5.15ms
[2021.01.27-04.26.53:033][908]LogFileHelpers: Editor autosave (incl. sublevels) for '/Game/MyContents/NewMap' took 0.057
[2021.01.27-04.26.53:034][908]OBJ SavePackage: Generating thumbnails for [0] asset(s) in package [/Game/MyContents/UI/WBP_InventoryItems] ([1] browsable assets)...
[2021.01.27-04.26.53:034][908]OBJ SavePackage: Finished generating thumbnails for package [/Game/MyContents/UI/WBP_InventoryItems]
[2021.01.27-04.26.53:082][908]LogSavePackage: Moving '../../../../../../unrealP/KJB_Portfolio_UE4/KJB_Portfolio/Saved/WBP_InventoryItems_Auto14AF626C6487E28CD31A07783305AB846.tmp' to '../../../../../../unrealP/KJB_Portfolio_UE4/KJB_Portfolio/Saved/Autosaves/Game/MyContents/UI/WBP_InventoryItems_Auto1.uasset'
[2021.01.27-04.26.53:083][908]LogFileHelpers: Auto-saving content packages took 0.050
[2021.01.27-04.30.23:142][  3]LogSlate: Took 0.012938 seconds to synchronously load lazily loaded font '../../../Engine/Content/Slate/Fonts/DroidSansFallback.ttf' (3848K)
[2021.01.27-04.36.44:148][154]BlueprintLog: New page: WBP_InventoryItems 컴파일
[2021.01.27-04.36.47:650][154]LogThreadingWindows: Error: Runnable thread TaskGraphThreadNP 4 crashed.
[2021.01.27-04.36.47:650][154]LogWindows: Error: === Critical error: ===
[2021.01.27-04.36.47:650][154]LogWindows: Error: 
[2021.01.27-04.36.47:650][154]LogWindows: Error: Fatal error!
[2021.01.27-04.36.47:650][154]LogWindows: Error: 
[2021.01.27-04.36.47:650][154]LogWindows: Error: Unhandled Exception: EXCEPTION_ACCESS_VIOLATION reading address 0x00000008
[2021.01.27-04.36.47:650][154]LogWindows: Error: 
[2021.01.27-04.36.47:650][154]LogWindows: Error: [Callstack] 0x00007ffc83809721 UE4Editor-CoreUObject.dll!UnknownFunction []
[2021.01.27-04.36.47:650][154]LogWindows: Error: [Callstack] 0x00007ffc83a402c3 UE4Editor-CoreUObject.dll!UnknownFunction []
[2021.01.27-04.36.47:650][154]LogWindows: Error: [Callstack] 0x00007ffc83a06da1 UE4Editor-CoreUObject.dll!UnknownFunction []
[2021.01.27-04.36.47:650][154]LogWindows: Error: [Callstack] 0x00007ffc83a0e11e UE4Editor-CoreUObject.dll!UnknownFunction []
[2021.01.27-04.36.47:650][154]LogWindows: Error: [Callstack] 0x00007ffc89e87ad9 UE4Editor-Core.dll!UnknownFunction []
[2021.01.27-04.36.47:650][154]LogWindows: Error: [Callstack] 0x00007ffc89e88b1d UE4Editor-Core.dll!UnknownFunction []
[2021.01.27-04.36.47:650][154]LogWindows: Error: [Callstack] 0x00007ffc89e90eeb UE4Editor-Core.dll!UnknownFunction []
[2021.01.27-04.36.47:650][154]LogWindows: Error: [Callstack] 0x00007ffc8a3704db UE4Editor-Core.dll!UnknownFunction []
[2021.01.27-04.36.47:650][154]LogWindows: Error: [Callstack] 0x00007ffc8a367eb0 UE4Editor-Core.dll!UnknownFunction []
[2021.01.27-04.36.47:650][154]LogWindows: Error: [Callstack] 0x00007ffcd4b27034 KERNEL32.DLL!UnknownFunction []
[2021.01.27-04.36.47:650][154]LogWindows: Error: [Callstack] 0x00007ffcd5e9d0d1 ntdll.dll!UnknownFunction []
[2021.01.27-04.36.47:650][154]LogWindows: Error: 
[2021.01.27-04.36.47:650][154]LogWindows: Error: Crash in runnable thread TaskGraphThreadNP 4
[2021.01.27-04.36.47:677][154]LogExit: Executing StaticShutdownAfterError
[2021.01.27-04.36.47:677][154]LogWindows: FPlatformMisc::RequestExit(1)
[2021.01.27-04.36.47:677][154]LogCore: Engine exit requested (reason: Win RequestExit)
[2021.01.27-04.36.47:683][154]Log file closed, 01/27/21 13:36:47
