Log file open, 02/04/21 23:20:31
LogInit: Display: Running engine for game: KJB_Portfolio
LogPlatformFile: Not using cached read wrapper
LogTaskGraph: Started task graph with 5 named threads and 35 total threads with 3 sets of task threads.
LogStats: Stats thread started at 0.196916
LogD3D11RHI: Loaded GFSDK_Aftermath_Lib.x64.dll
LogICUInternationalization: ICU TimeZone Detection - Raw Offset: +9:00, Platform Override: ''
LogPluginManager: Mounting plugin Paper2D
LogPluginManager: Mounting plugin AISupport
LogPluginManager: Mounting plugin LightPropagationVolume
LogPluginManager: Mounting plugin CameraShakePreviewer
LogPluginManager: Mounting plugin ActorLayerUtilities
LogPluginManager: Mounting plugin AnimationSharing
LogPluginManager: Mounting plugin CLionSourceCodeAccess
LogPluginManager: Mounting plugin CodeLiteSourceCodeAccess
LogPluginManager: Mounting plugin GitSourceControl
LogPluginManager: Mounting plugin KDevelopSourceCodeAccess
LogPluginManager: Mounting plugin NullSourceCodeAccess
LogPluginManager: Mounting plugin PerforceSourceControl
LogPluginManager: Mounting plugin PlasticSourceControl
LogPluginManager: Mounting plugin RiderSourceCodeAccess
LogPluginManager: Mounting plugin SubversionSourceControl
LogPluginManager: Mounting plugin UObjectPlugin
LogPluginManager: Mounting plugin VisualStudioCodeSourceCodeAccess
LogPluginManager: Mounting plugin VisualStudioSourceCodeAccess
LogPluginManager: Mounting plugin XCodeSourceCodeAccess
LogPluginManager: Mounting plugin AssetManagerEditor
LogPluginManager: Mounting plugin CryptoKeys
LogPluginManager: Mounting plugin CurveEditorTools
LogPluginManager: Mounting plugin DataValidation
LogPluginManager: Mounting plugin EditorScriptingUtilities
LogPluginManager: Mounting plugin FacialAnimation
LogPluginManager: Mounting plugin GameplayTagsEditor
LogPluginManager: Mounting plugin GeometryMode
LogPluginManager: Mounting plugin MacGraphicsSwitching
LogPluginManager: Mounting plugin MaterialAnalyzer
LogPluginManager: Mounting plugin MobileLauncherProfileWizard
LogPluginManager: Mounting plugin PluginBrowser
LogPluginManager: Mounting plugin SpeedTreeImporter
LogPluginManager: Mounting plugin DatasmithContent
LogPluginManager: Mounting plugin VariantManagerContent
LogPluginManager: Mounting plugin AlembicImporter
LogPluginManager: Mounting plugin AutomationUtils
LogPluginManager: Mounting plugin BackChannel
LogPluginManager: Mounting plugin ChaosCloth
LogPluginManager: Mounting plugin ChaosClothEditor
LogPluginManager: Mounting plugin ChaosEditor
LogPluginManager: Mounting plugin ChaosNiagara
LogPluginManager: Mounting plugin ChaosSolverPlugin
LogPluginManager: Mounting plugin CharacterAI
LogPluginManager: Mounting plugin GeometryCache
LogPluginManager: Mounting plugin GeometryCollectionPlugin
LogPluginManager: Mounting plugin GeometryProcessing
LogPluginManager: Mounting plugin PlanarCut
LogPluginManager: Mounting plugin PlatformCrypto
LogPluginManager: Mounting plugin ProxyLODPlugin
LogPluginManager: Mounting plugin SkeletalReduction
LogPluginManager: Mounting plugin Niagara
LogPluginManager: Mounting plugin MagicLeap
LogPluginManager: Mounting plugin MagicLeapLightEstimation
LogPluginManager: Mounting plugin MagicLeapMedia
LogPluginManager: Mounting plugin MagicLeapPassableWorld
LogPluginManager: Mounting plugin MLSDK
LogPluginManager: Mounting plugin AndroidMedia
LogPluginManager: Mounting plugin AvfMedia
LogPluginManager: Mounting plugin ImgMedia
LogPluginManager: Mounting plugin MediaCompositing
LogPluginManager: Mounting plugin MediaPlayerEditor
LogPluginManager: Mounting plugin WebMMedia
LogPluginManager: Mounting plugin WmfMedia
LogPluginManager: Mounting plugin MeshPainting
LogPluginManager: Mounting plugin TcpMessaging
LogPluginManager: Mounting plugin UdpMessaging
LogPluginManager: Mounting plugin ActorSequence
LogPluginManager: Mounting plugin LevelSequenceEditor
LogPluginManager: Mounting plugin MatineeToLevelSequence
LogPluginManager: Mounting plugin MovieRenderPipeline
LogPluginManager: Mounting plugin TemplateSequence
LogPluginManager: Mounting plugin NetcodeUnitTest
LogPluginManager: Mounting plugin NUTUnrealEngine4
LogPluginManager: Mounting plugin OnlineSubsystemGooglePlay
LogPluginManager: Mounting plugin OnlineSubsystemIOS
LogPluginManager: Mounting plugin OnlineSubsystem
LogPluginManager: Mounting plugin OnlineSubsystemNull
LogPluginManager: Mounting plugin OnlineSubsystemUtils
LogPluginManager: Mounting plugin LauncherChunkInstaller
LogPluginManager: Mounting plugin AndroidDeviceProfileSelector
LogPluginManager: Mounting plugin AndroidMoviePlayer
LogPluginManager: Mounting plugin AndroidPermission
LogPluginManager: Mounting plugin AppleImageUtils
LogPluginManager: Mounting plugin AppleMoviePlayer
LogPluginManager: Mounting plugin ArchVisCharacter
LogPluginManager: Mounting plugin AssetTags
LogPluginManager: Mounting plugin AudioCapture
LogPluginManager: Mounting plugin CableComponent
LogPluginManager: Mounting plugin CustomMeshComponent
LogPluginManager: Mounting plugin EditableMesh
LogPluginManager: Mounting plugin ExampleDeviceProfileSelector
LogPluginManager: Mounting plugin GoogleCloudMessaging
LogPluginManager: Mounting plugin GooglePAD
LogPluginManager: Mounting plugin IOSDeviceProfileSelector
LogPluginManager: Mounting plugin LinuxDeviceProfileSelector
LogPluginManager: Mounting plugin LocationServicesBPLibrary
LogPluginManager: Mounting plugin MobilePatchingUtils
LogPluginManager: Mounting plugin OculusVR
LogPluginManager: Mounting plugin PhysXVehicles
LogPluginManager: Mounting plugin PostSplashScreen
LogPluginManager: Mounting plugin ProceduralMeshComponent
LogPluginManager: Mounting plugin RuntimePhysXCooking
LogPluginManager: Mounting plugin SignificanceManager
LogPluginManager: Mounting plugin SoundFields
LogPluginManager: Mounting plugin SteamVR
LogPluginManager: Mounting plugin Synthesis
LogPluginManager: Mounting plugin WebMMoviePlayer
LogPluginManager: Mounting plugin WindowsMoviePlayer
LogPluginManager: Mounting plugin ScreenshotTools
LogInit: Using libcurl 7.55.1-DEV
LogInit:  - built for x86_64-pc-win32
LogInit:  - supports SSL with OpenSSL/1.1.1
LogInit:  - supports HTTP deflate (compression) using libz 1.2.8
LogInit:  - other features:
LogInit:      CURL_VERSION_SSL
LogInit:      CURL_VERSION_LIBZ
LogInit:      CURL_VERSION_IPV6
LogInit:      CURL_VERSION_ASYNCHDNS
LogInit:      CURL_VERSION_LARGEFILE
LogInit:      CURL_VERSION_IDN
LogInit:  CurlRequestOptions (configurable via config and command line):
LogInit:  - bVerifyPeer = true  - Libcurl will verify peer certificate
LogInit:  - bUseHttpProxy = false  - Libcurl will NOT use HTTP proxy
LogInit:  - bDontReuseConnections = false  - Libcurl will reuse connections
LogInit:  - MaxHostConnections = 16  - Libcurl will limit the number of connections to a host
LogInit:  - LocalHostAddr = Default
LogInit:  - BufferSize = 65536
LogOnline: OSS: Creating online subsystem instance for: NULL
LogInit: WinSock: version 1.1 (2.2), MaxSocks=32767, MaxUdp=65467
LogOnline: OSS: TryLoadSubsystemAndSetDefault: Loaded subsystem for module [NULL]
LogInit: Build: ++UE4+Release-4.25-CL-14469661
LogInit: Engine Version: 4.25.4-14469661+++UE4+Release-4.25
LogInit: Compatible Engine Version: 4.25.0-13144385+++UE4+Release-4.25
LogInit: Net CL: 13144385
LogInit: OS: Windows 10 (Release 2004) (), CPU: AMD Ryzen 5 3600 6-Core Processor              , GPU: NVIDIA GeForce GTX 1660 SUPER
LogInit: Compiled (64-bit): Oct 11 2020 08:10:49
LogInit: Compiled with Visual C++: 19.24.28315.00
LogInit: Build Configuration: Development
LogInit: Branch Name: ++UE4+Release-4.25
LogInit: Command Line:  -EpicPortal -epicusername=cheonjin13 -epicuserid=9ce07566b3e8499d8258e7641dbf49df -epiclocale=ko
LogInit: Base Directory: C:/Program Files/Epic Games/UE_4.25/Engine/Binaries/Win64/
LogInit: Allocator: TBB
LogInit: Installed Engine Build: 1
LogDevObjectVersion: Number of dev versions registered: 26
LogDevObjectVersion:   Dev-Blueprints (B0D832E4-1F89-4F0D-ACCF-7EB736FD4AA2): 10
LogDevObjectVersion:   Dev-Build (E1C64328-A22C-4D53-A36C-8E866417BD8C): 0
LogDevObjectVersion:   Dev-Core (375EC13C-06E4-48FB-B500-84F0262A717E): 4
LogDevObjectVersion:   Dev-Editor (E4B068ED-F494-42E9-A231-DA0B2E46BB41): 38
LogDevObjectVersion:   Dev-Framework (CFFC743F-43B0-4480-9391-14DF171D2073): 37
LogDevObjectVersion:   Dev-Mobile (B02B49B5-BB20-44E9-A304-32B752E40360): 2
LogDevObjectVersion:   Dev-Networking (A4E4105C-59A1-49B5-A7C5-40C4547EDFEE): 0
LogDevObjectVersion:   Dev-Online (39C831C9-5AE6-47DC-9A44-9C173E1C8E7C): 0
LogDevObjectVersion:   Dev-Physics (78F01B33-EBEA-4F98-B9B4-84EACCB95AA2): 4
LogDevObjectVersion:   Dev-Platform (6631380F-2D4D-43E0-8009-CF276956A95A): 0
LogDevObjectVersion:   Dev-Rendering (12F88B9F-8875-4AFC-A67C-D90C383ABD29): 43
LogDevObjectVersion:   Dev-Sequencer (7B5AE74C-D270-4C10-A958-57980B212A5A): 12
LogDevObjectVersion:   Dev-VR (D7296918-1DD6-4BDD-9DE2-64A83CC13884): 3
LogDevObjectVersion:   Dev-LoadTimes (C2A15278-BFE7-4AFE-6C17-90FF531DF755): 1
LogDevObjectVersion:   Private-Geometry (6EACA3D4-40EC-4CC1-B786-8BED09428FC5): 3
LogDevObjectVersion:   Dev-AnimPhys (29E575DD-E0A3-4627-9D10-D276232CDCEA): 17
LogDevObjectVersion:   Dev-Anim (AF43A65D-7FD3-4947-9873-3E8ED9C1BB05): 7
LogDevObjectVersion:   Dev-ReflectionCapture (6B266CEC-1EC7-4B8F-A30B-E4D90942FC07): 1
LogDevObjectVersion:   Dev-Automation (0DF73D61-A23F-47EA-B727-89E90C41499A): 1
LogDevObjectVersion:   FortniteMain (601D1886-AC64-4F84-AA16-D3DE0DEAC7D6): 31
LogDevObjectVersion:   Dev-Enterprise (9DFFBCD6-494F-0158-E221-12823C92A888): 10
LogDevObjectVersion:   Dev-Niagara (F2AED0AC-9AFE-416F-8664-AA7FFA26D6FC): 1
LogDevObjectVersion:   Dev-Destruction (174F1F0B-B4C6-45A5-B13F-2EE8D0FB917D): 10
LogDevObjectVersion:   Dev-Physics-Ext (35F94A83-E258-406C-A318-09F59610247C): 37
LogDevObjectVersion:   Dev-PhysicsMaterial-Chaos (B68FC16E-8B1B-42E2-B453-215C058844FE): 1
LogDevObjectVersion:   Dev-CineCamera (B2E18506-4273-CFC2-A54E-F4BB758BBA07): 1
LogInit: Presizing for max 25165824 objects, including 0 objects not considered by GC, pre-allocating 0 bytes for permanent pool.
LogConfig: Applying CVar settings from Section [/Script/Engine.StreamingSettings] File [C:/unrealP/KJB_Portfolio_UE4/KJB_Portfolio/Saved/Config/Windows/Engine.ini]
LogConfig: Setting CVar [[s.MinBulkDataSizeForAsyncLoading:131072]]
LogConfig: Setting CVar [[s.AsyncLoadingThreadEnabled:0]]
LogConfig: Setting CVar [[s.EventDrivenLoaderEnabled:1]]
LogConfig: Setting CVar [[s.WarnIfTimeLimitExceeded:0]]
LogConfig: Setting CVar [[s.TimeLimitExceededMultiplier:1.5]]
LogConfig: Setting CVar [[s.TimeLimitExceededMinTime:0.005]]
LogConfig: Setting CVar [[s.UseBackgroundLevelStreaming:1]]
LogConfig: Setting CVar [[s.PriorityAsyncLoadingExtraTime:15.0]]
LogConfig: Setting CVar [[s.LevelStreamingActorsUpdateTimeLimit:5.0]]
LogConfig: Setting CVar [[s.PriorityLevelStreamingActorsUpdateExtraTime:5.0]]
LogConfig: Setting CVar [[s.LevelStreamingComponentsRegistrationGranularity:10]]
LogConfig: Setting CVar [[s.UnregisterComponentsTimeLimit:1.0]]
LogConfig: Setting CVar [[s.LevelStreamingComponentsUnregistrationGranularity:5]]
LogConfig: Setting CVar [[s.FlushStreamingOnExit:1]]
LogInit: Object subsystem initialized
LogConfig: Setting CVar [[con.DebugEarlyDefault:1]]
LogConfig: Setting CVar [[r.setres:1280x720]]
[2021.02.04-14.20.32:123][  0]LogConfig: Setting CVar [[r.VSync:0]]
[2021.02.04-14.20.32:123][  0]LogConfig: Setting CVar [[r.RHICmdBypass:0]]
[2021.02.04-14.20.32:123][  0]LogConfig: Applying CVar settings from Section [/Script/Engine.RendererSettings] File [C:/unrealP/KJB_Portfolio_UE4/KJB_Portfolio/Saved/Config/Windows/Engine.ini]
[2021.02.04-14.20.32:123][  0]LogConfig: Setting CVar [[r.GPUCrashDebugging:0]]
[2021.02.04-14.20.32:123][  0]LogConfig: Applying CVar settings from Section [/Script/Engine.RendererOverrideSettings] File [C:/unrealP/KJB_Portfolio_UE4/KJB_Portfolio/Saved/Config/Windows/Engine.ini]
[2021.02.04-14.20.32:123][  0]LogConfig: Applying CVar settings from Section [/Script/Engine.StreamingSettings] File [C:/unrealP/KJB_Portfolio_UE4/KJB_Portfolio/Saved/Config/Windows/Engine.ini]
[2021.02.04-14.20.32:123][  0]LogConfig: Setting CVar [[s.MinBulkDataSizeForAsyncLoading:131072]]
[2021.02.04-14.20.32:123][  0]LogConfig: Setting CVar [[s.AsyncLoadingThreadEnabled:0]]
[2021.02.04-14.20.32:124][  0]LogConfig: Setting CVar [[s.EventDrivenLoaderEnabled:1]]
[2021.02.04-14.20.32:124][  0]LogConfig: Setting CVar [[s.WarnIfTimeLimitExceeded:0]]
[2021.02.04-14.20.32:124][  0]LogConfig: Setting CVar [[s.TimeLimitExceededMultiplier:1.5]]
[2021.02.04-14.20.32:124][  0]LogConfig: Setting CVar [[s.TimeLimitExceededMinTime:0.005]]
[2021.02.04-14.20.32:124][  0]LogConfig: Setting CVar [[s.UseBackgroundLevelStreaming:1]]
[2021.02.04-14.20.32:124][  0]LogConfig: Setting CVar [[s.PriorityAsyncLoadingExtraTime:15.0]]
[2021.02.04-14.20.32:124][  0]LogConfig: Setting CVar [[s.LevelStreamingActorsUpdateTimeLimit:5.0]]
[2021.02.04-14.20.32:124][  0]LogConfig: Setting CVar [[s.PriorityLevelStreamingActorsUpdateExtraTime:5.0]]
[2021.02.04-14.20.32:124][  0]LogConfig: Setting CVar [[s.LevelStreamingComponentsRegistrationGranularity:10]]
[2021.02.04-14.20.32:124][  0]LogConfig: Setting CVar [[s.UnregisterComponentsTimeLimit:1.0]]
[2021.02.04-14.20.32:124][  0]LogConfig: Setting CVar [[s.LevelStreamingComponentsUnregistrationGranularity:5]]
[2021.02.04-14.20.32:124][  0]LogConfig: Setting CVar [[s.FlushStreamingOnExit:1]]
[2021.02.04-14.20.32:124][  0]LogConfig: Applying CVar settings from Section [/Script/Engine.GarbageCollectionSettings] File [C:/unrealP/KJB_Portfolio_UE4/KJB_Portfolio/Saved/Config/Windows/Engine.ini]
[2021.02.04-14.20.32:124][  0]LogConfig: Setting CVar [[gc.MaxObjectsNotConsideredByGC:1]]
[2021.02.04-14.20.32:124][  0]LogConfig: Setting CVar [[gc.SizeOfPermanentObjectPool:0]]
[2021.02.04-14.20.32:124][  0]LogConfig: Setting CVar [[gc.FlushStreamingOnGC:0]]
[2021.02.04-14.20.32:124][  0]LogConfig: Setting CVar [[gc.NumRetriesBeforeForcingGC:10]]
[2021.02.04-14.20.32:124][  0]LogConfig: Setting CVar [[gc.AllowParallelGC:1]]
[2021.02.04-14.20.32:124][  0]LogConfig: Setting CVar [[gc.TimeBetweenPurgingPendingKillObjects:61.1]]
[2021.02.04-14.20.32:124][  0]LogConfig: Setting CVar [[gc.MaxObjectsInEditor:25165824]]
[2021.02.04-14.20.32:124][  0]LogConfig: Setting CVar [[gc.IncrementalBeginDestroyEnabled:1]]
[2021.02.04-14.20.32:124][  0]LogConfig: Setting CVar [[gc.CreateGCClusters:1]]
[2021.02.04-14.20.32:124][  0]LogConfig: Setting CVar [[gc.MinGCClusterSize:5]]
[2021.02.04-14.20.32:124][  0]LogConfig: Setting CVar [[gc.ActorClusteringEnabled:0]]
[2021.02.04-14.20.32:124][  0]LogConfig: Setting CVar [[gc.BlueprintClusteringEnabled:0]]
[2021.02.04-14.20.32:124][  0]LogConfig: Setting CVar [[gc.UseDisregardForGCOnDedicatedServers:0]]
[2021.02.04-14.20.32:124][  0]LogConfig: Applying CVar settings from Section [/Script/Engine.NetworkSettings] File [C:/unrealP/KJB_Portfolio_UE4/KJB_Portfolio/Saved/Config/Windows/Engine.ini]
[2021.02.04-14.20.32:124][  0]LogConfig: Applying CVar settings from Section [/Script/UnrealEd.CookerSettings] File [C:/unrealP/KJB_Portfolio_UE4/KJB_Portfolio/Saved/Config/Windows/Engine.ini]
[2021.02.04-14.20.32:127][  0]LogConfig: Applying CVar settings from Section [ViewDistanceQuality@3] File [C:/unrealP/KJB_Portfolio_UE4/KJB_Portfolio/Saved/Config/Windows/Scalability.ini]
[2021.02.04-14.20.32:127][  0]LogConfig: Setting CVar [[r.SkeletalMeshLODBias:0]]
[2021.02.04-14.20.32:127][  0]LogConfig: Setting CVar [[r.ViewDistanceScale:1.0]]
[2021.02.04-14.20.32:127][  0]LogConfig: Applying CVar settings from Section [AntiAliasingQuality@3] File [C:/unrealP/KJB_Portfolio_UE4/KJB_Portfolio/Saved/Config/Windows/Scalability.ini]
[2021.02.04-14.20.32:127][  0]LogConfig: Setting CVar [[r.PostProcessAAQuality:4]]
[2021.02.04-14.20.32:127][  0]LogConfig: Applying CVar settings from Section [ShadowQuality@3] File [C:/unrealP/KJB_Portfolio_UE4/KJB_Portfolio/Saved/Config/Windows/Scalability.ini]
[2021.02.04-14.20.32:127][  0]LogConfig: Setting CVar [[r.LightFunctionQuality:1]]
[2021.02.04-14.20.32:127][  0]LogConfig: Setting CVar [[r.ShadowQuality:5]]
[2021.02.04-14.20.32:127][  0]LogConfig: Setting CVar [[r.Shadow.CSM.MaxCascades:10]]
[2021.02.04-14.20.32:127][  0]LogConfig: Setting CVar [[r.Shadow.MaxResolution:2048]]
[2021.02.04-14.20.32:127][  0]LogConfig: Setting CVar [[r.Shadow.MaxCSMResolution:2048]]
[2021.02.04-14.20.32:127][  0]LogConfig: Setting CVar [[r.Shadow.RadiusThreshold:0.01]]
[2021.02.04-14.20.32:127][  0]LogConfig: Setting CVar [[r.Shadow.DistanceScale:1.0]]
[2021.02.04-14.20.32:127][  0]LogConfig: Setting CVar [[r.Shadow.CSM.TransitionScale:1.0]]
[2021.02.04-14.20.32:127][  0]LogConfig: Setting CVar [[r.Shadow.PreShadowResolutionFactor:1.0]]
[2021.02.04-14.20.32:127][  0]LogConfig: Setting CVar [[r.DistanceFieldShadowing:1]]
[2021.02.04-14.20.32:127][  0]LogConfig: Setting CVar [[r.DistanceFieldAO:1]]
[2021.02.04-14.20.32:127][  0]LogConfig: Setting CVar [[r.AOQuality:2]]
[2021.02.04-14.20.32:127][  0]LogConfig: Setting CVar [[r.VolumetricFog:1]]
[2021.02.04-14.20.32:127][  0]LogConfig: Setting CVar [[r.VolumetricFog.GridPixelSize:8]]
[2021.02.04-14.20.32:127][  0]LogConfig: Setting CVar [[r.VolumetricFog.GridSizeZ:128]]
[2021.02.04-14.20.32:127][  0]LogConfig: Setting CVar [[r.VolumetricFog.HistoryMissSupersampleCount:4]]
[2021.02.04-14.20.32:127][  0]LogConfig: Setting CVar [[r.LightMaxDrawDistanceScale:1]]
[2021.02.04-14.20.32:127][  0]LogConfig: Setting CVar [[r.CapsuleShadows:1]]
[2021.02.04-14.20.32:127][  0]LogConfig: Applying CVar settings from Section [PostProcessQuality@3] File [C:/unrealP/KJB_Portfolio_UE4/KJB_Portfolio/Saved/Config/Windows/Scalability.ini]
[2021.02.04-14.20.32:127][  0]LogConfig: Setting CVar [[r.MotionBlurQuality:4]]
[2021.02.04-14.20.32:127][  0]LogConfig: Setting CVar [[r.AmbientOcclusionMipLevelFactor:0.4]]
[2021.02.04-14.20.32:127][  0]LogConfig: Setting CVar [[r.AmbientOcclusionMaxQuality:100]]
[2021.02.04-14.20.32:127][  0]LogConfig: Setting CVar [[r.AmbientOcclusionLevels:-1]]
[2021.02.04-14.20.32:127][  0]LogConfig: Setting CVar [[r.AmbientOcclusionRadiusScale:1.0]]
[2021.02.04-14.20.32:127][  0]LogConfig: Setting CVar [[r.DepthOfFieldQuality:2]]
[2021.02.04-14.20.32:127][  0]LogConfig: Setting CVar [[r.RenderTargetPoolMin:400]]
[2021.02.04-14.20.32:127][  0]LogConfig: Setting CVar [[r.LensFlareQuality:2]]
[2021.02.04-14.20.32:127][  0]LogConfig: Setting CVar [[r.SceneColorFringeQuality:1]]
[2021.02.04-14.20.32:128][  0]LogConfig: Setting CVar [[r.EyeAdaptationQuality:2]]
[2021.02.04-14.20.32:128][  0]LogConfig: Setting CVar [[r.BloomQuality:5]]
[2021.02.04-14.20.32:128][  0]LogConfig: Setting CVar [[r.FastBlurThreshold:100]]
[2021.02.04-14.20.32:128][  0]LogConfig: Setting CVar [[r.Upscale.Quality:3]]
[2021.02.04-14.20.32:128][  0]LogConfig: Setting CVar [[r.Tonemapper.GrainQuantization:1]]
[2021.02.04-14.20.32:128][  0]LogConfig: Setting CVar [[r.LightShaftQuality:1]]
[2021.02.04-14.20.32:128][  0]LogConfig: Setting CVar [[r.Filter.SizeScale:1]]
[2021.02.04-14.20.32:128][  0]LogConfig: Setting CVar [[r.Tonemapper.Quality:5]]
[2021.02.04-14.20.32:128][  0]LogConfig: Setting CVar [[r.DOF.Gather.AccumulatorQuality:1        ; higher gathering accumulator quality]]
[2021.02.04-14.20.32:128][  0]LogConfig: Setting CVar [[r.DOF.Gather.PostfilterMethod:1          ; Median3x3 postfilering method]]
[2021.02.04-14.20.32:128][  0]LogConfig: Setting CVar [[r.DOF.Gather.EnableBokehSettings:0       ; no bokeh simulation when gathering]]
[2021.02.04-14.20.32:128][  0]LogConfig: Setting CVar [[r.DOF.Gather.RingCount:4                 ; medium number of samples when gathering]]
[2021.02.04-14.20.32:128][  0]LogConfig: Setting CVar [[r.DOF.Scatter.ForegroundCompositing:1    ; additive foreground scattering]]
[2021.02.04-14.20.32:128][  0]LogConfig: Setting CVar [[r.DOF.Scatter.BackgroundCompositing:2    ; additive background scattering]]
[2021.02.04-14.20.32:128][  0]LogConfig: Setting CVar [[r.DOF.Scatter.EnableBokehSettings:1      ; bokeh simulation when scattering]]
[2021.02.04-14.20.32:128][  0]LogConfig: Setting CVar [[r.DOF.Scatter.MaxSpriteRatio:0.1         ; only a maximum of 10% of scattered bokeh]]
[2021.02.04-14.20.32:128][  0]LogConfig: Setting CVar [[r.DOF.Recombine.Quality:1                ; cheap slight out of focus]]
[2021.02.04-14.20.32:128][  0]LogConfig: Setting CVar [[r.DOF.Recombine.EnableBokehSettings:0    ; no bokeh simulation on slight out of focus]]
[2021.02.04-14.20.32:128][  0]LogConfig: Setting CVar [[r.DOF.TemporalAAQuality:1                ; more stable temporal accumulation]]
[2021.02.04-14.20.32:128][  0]LogConfig: Setting CVar [[r.DOF.Kernel.MaxForegroundRadius:0.025]]
[2021.02.04-14.20.32:128][  0]LogConfig: Setting CVar [[r.DOF.Kernel.MaxBackgroundRadius:0.025]]
[2021.02.04-14.20.32:128][  0]LogConfig: Applying CVar settings from Section [TextureQuality@3] File [C:/unrealP/KJB_Portfolio_UE4/KJB_Portfolio/Saved/Config/Windows/Scalability.ini]
[2021.02.04-14.20.32:128][  0]LogConfig: Setting CVar [[r.Streaming.MipBias:0]]
[2021.02.04-14.20.32:128][  0]LogConfig: Setting CVar [[r.Streaming.AmortizeCPUToGPUCopy:0]]
[2021.02.04-14.20.32:128][  0]LogConfig: Setting CVar [[r.Streaming.MaxNumTexturesToStreamPerFrame:0]]
[2021.02.04-14.20.32:128][  0]LogConfig: Setting CVar [[r.Streaming.Boost:1]]
[2021.02.04-14.20.32:128][  0]LogConfig: Setting CVar [[r.MaxAnisotropy:8]]
[2021.02.04-14.20.32:128][  0]LogConfig: Setting CVar [[r.VT.MaxAnisotropy:8]]
[2021.02.04-14.20.32:128][  0]LogConfig: Setting CVar [[r.Streaming.LimitPoolSizeToVRAM:0]]
[2021.02.04-14.20.32:128][  0]LogConfig: Setting CVar [[r.Streaming.PoolSize:1000]]
[2021.02.04-14.20.32:128][  0]LogConfig: Setting CVar [[r.Streaming.MaxEffectiveScreenSize:0]]
[2021.02.04-14.20.32:128][  0]LogConfig: Applying CVar settings from Section [EffectsQuality@3] File [C:/unrealP/KJB_Portfolio_UE4/KJB_Portfolio/Saved/Config/Windows/Scalability.ini]
[2021.02.04-14.20.32:128][  0]LogConfig: Setting CVar [[r.TranslucencyLightingVolumeDim:64]]
[2021.02.04-14.20.32:128][  0]LogConfig: Setting CVar [[r.RefractionQuality:2]]
[2021.02.04-14.20.32:128][  0]LogConfig: Setting CVar [[r.SSR.Quality:3]]
[2021.02.04-14.20.32:128][  0]LogConfig: Setting CVar [[r.SSR.HalfResSceneColor:0]]
[2021.02.04-14.20.32:128][  0]LogConfig: Setting CVar [[r.SceneColorFormat:4]]
[2021.02.04-14.20.32:128][  0]LogConfig: Setting CVar [[r.DetailMode:2]]
[2021.02.04-14.20.32:128][  0]LogConfig: Setting CVar [[r.TranslucencyVolumeBlur:1]]
[2021.02.04-14.20.32:128][  0]LogConfig: Setting CVar [[r.MaterialQualityLevel:1 ; High quality]]
[2021.02.04-14.20.32:128][  0]LogConfig: Setting CVar [[r.SSS.Scale:1]]
[2021.02.04-14.20.32:128][  0]LogConfig: Setting CVar [[r.SSS.SampleSet:2]]
[2021.02.04-14.20.32:128][  0]LogConfig: Setting CVar [[r.SSS.Quality:1]]
[2021.02.04-14.20.32:128][  0]LogConfig: Setting CVar [[r.SSS.HalfRes:0]]
[2021.02.04-14.20.32:128][  0]LogConfig: Setting CVar [[r.SSGI.Quality:3]]
[2021.02.04-14.20.32:128][  0]LogConfig: Setting CVar [[r.EmitterSpawnRateScale:1.0]]
[2021.02.04-14.20.32:128][  0]LogConfig: Setting CVar [[r.ParticleLightQuality:2]]
[2021.02.04-14.20.32:128][  0]LogConfig: Setting CVar [[r.SkyAtmosphere.AerialPerspectiveLUT.FastApplyOnOpaque:1 ; Always have FastSkyLUT 1 in this case to avoid wrong sky]]
[2021.02.04-14.20.32:128][  0]LogConfig: Setting CVar [[r.SkyAtmosphere.AerialPerspectiveLUT.SampleCountPerSlice:1]]
[2021.02.04-14.20.32:128][  0]LogConfig: Setting CVar [[r.SkyAtmosphere.AerialPerspectiveLUT.DepthResolution:16.0]]
[2021.02.04-14.20.32:128][  0]LogConfig: Setting CVar [[r.SkyAtmosphere.FastSkyLUT:1]]
[2021.02.04-14.20.32:128][  0]LogConfig: Setting CVar [[r.SkyAtmosphere.FastSkyLUT.SampleCountMin:4.0]]
[2021.02.04-14.20.32:128][  0]LogConfig: Setting CVar [[r.SkyAtmosphere.FastSkyLUT.SampleCountMax:32.0]]
[2021.02.04-14.20.32:128][  0]LogConfig: Setting CVar [[r.SkyAtmosphere.SampleCountMin:4.0]]
[2021.02.04-14.20.32:128][  0]LogConfig: Setting CVar [[r.SkyAtmosphere.SampleCountMax:32.0]]
[2021.02.04-14.20.32:128][  0]LogConfig: Setting CVar [[r.SkyAtmosphere.TransmittanceLUT.UseSmallFormat:0]]
[2021.02.04-14.20.32:128][  0]LogConfig: Setting CVar [[r.SkyAtmosphere.TransmittanceLUT.SampleCount:10.0]]
[2021.02.04-14.20.32:128][  0]LogConfig: Setting CVar [[r.SkyAtmosphere.MultiScatteringLUT.SampleCount:15.0]]
[2021.02.04-14.20.32:128][  0]LogConfig: Applying CVar settings from Section [FoliageQuality@3] File [C:/unrealP/KJB_Portfolio_UE4/KJB_Portfolio/Saved/Config/Windows/Scalability.ini]
[2021.02.04-14.20.32:128][  0]LogConfig: Setting CVar [[foliage.DensityScale:1.0]]
[2021.02.04-14.20.32:129][  0]LogConfig: Setting CVar [[grass.DensityScale:1.0]]
[2021.02.04-14.20.32:129][  0]LogConfig: Applying CVar settings from Section [ShadingQuality@3] File [C:/unrealP/KJB_Portfolio_UE4/KJB_Portfolio/Saved/Config/Windows/Scalability.ini]
[2021.02.04-14.20.32:129][  0]LogConfig: Setting CVar [[r.HairStrands.SkyLighting.SampleCount:16]]
[2021.02.04-14.20.32:129][  0]LogConfig: Setting CVar [[r.HairStrands.SkyLighting.JitterIntegration:0]]
[2021.02.04-14.20.32:129][  0]LogConfig: Setting CVar [[r.HairStrands.SkyAO.SampleCount:16]]
[2021.02.04-14.20.32:129][  0]LogConfig: Setting CVar [[r.HairStrands.DeepShadow.SuperSampling:0]]
[2021.02.04-14.20.32:129][  0]LogConfig: Setting CVar [[r.HairStrands.VisibilityPPLL:0]]
[2021.02.04-14.20.32:129][  0]LogConfig: Setting CVar [[r.HairStrands.RasterizationScale:0.5]]
[2021.02.04-14.20.32:129][  0]LogConfig: Setting CVar [[r.HairStrands.VelocityRasterizationScale:1]]
[2021.02.04-14.20.32:129][  0]LogInit: Selected Device Profile: [Windows]
[2021.02.04-14.20.32:129][  0]LogInit: Applying CVar settings loaded from the selected device profile: [Windows]
[2021.02.04-14.20.32:129][  0]LogHAL: Display: Platform has ~ 16 GB [17110773760 / 17179869184 / 16], which maps to Larger [LargestMinGB=32, LargerMinGB=12, DefaultMinGB=8, SmallerMinGB=6, SmallestMinGB=0)
[2021.02.04-14.20.32:129][  0]LogInit: Going up to parent DeviceProfile []
[2021.02.04-14.20.32:129][  0]LogConfig: Applying CVar settings from Section [ViewDistanceQuality@3] File [C:/unrealP/KJB_Portfolio_UE4/KJB_Portfolio/Saved/Config/Windows/Scalability.ini]
[2021.02.04-14.20.32:129][  0]LogConfig: Setting CVar [[r.SkeletalMeshLODBias:0]]
[2021.02.04-14.20.32:129][  0]LogConfig: Setting CVar [[r.ViewDistanceScale:1.0]]
[2021.02.04-14.20.32:129][  0]LogConfig: Applying CVar settings from Section [AntiAliasingQuality@3] File [C:/unrealP/KJB_Portfolio_UE4/KJB_Portfolio/Saved/Config/Windows/Scalability.ini]
[2021.02.04-14.20.32:129][  0]LogConfig: Setting CVar [[r.PostProcessAAQuality:4]]
[2021.02.04-14.20.32:129][  0]LogConfig: Applying CVar settings from Section [ShadowQuality@3] File [C:/unrealP/KJB_Portfolio_UE4/KJB_Portfolio/Saved/Config/Windows/Scalability.ini]
[2021.02.04-14.20.32:129][  0]LogConfig: Setting CVar [[r.LightFunctionQuality:1]]
[2021.02.04-14.20.32:129][  0]LogConfig: Setting CVar [[r.ShadowQuality:5]]
[2021.02.04-14.20.32:129][  0]LogConfig: Setting CVar [[r.Shadow.CSM.MaxCascades:10]]
[2021.02.04-14.20.32:129][  0]LogConfig: Setting CVar [[r.Shadow.MaxResolution:2048]]
[2021.02.04-14.20.32:129][  0]LogConfig: Setting CVar [[r.Shadow.MaxCSMResolution:2048]]
[2021.02.04-14.20.32:129][  0]LogConfig: Setting CVar [[r.Shadow.RadiusThreshold:0.01]]
[2021.02.04-14.20.32:129][  0]LogConfig: Setting CVar [[r.Shadow.DistanceScale:1.0]]
[2021.02.04-14.20.32:129][  0]LogConfig: Setting CVar [[r.Shadow.CSM.TransitionScale:1.0]]
[2021.02.04-14.20.32:129][  0]LogConfig: Setting CVar [[r.Shadow.PreShadowResolutionFactor:1.0]]
[2021.02.04-14.20.32:129][  0]LogConfig: Setting CVar [[r.DistanceFieldShadowing:1]]
[2021.02.04-14.20.32:129][  0]LogConfig: Setting CVar [[r.DistanceFieldAO:1]]
[2021.02.04-14.20.32:129][  0]LogConfig: Setting CVar [[r.AOQuality:2]]
[2021.02.04-14.20.32:129][  0]LogConfig: Setting CVar [[r.VolumetricFog:1]]
[2021.02.04-14.20.32:129][  0]LogConfig: Setting CVar [[r.VolumetricFog.GridPixelSize:8]]
[2021.02.04-14.20.32:129][  0]LogConfig: Setting CVar [[r.VolumetricFog.GridSizeZ:128]]
[2021.02.04-14.20.32:129][  0]LogConfig: Setting CVar [[r.VolumetricFog.HistoryMissSupersampleCount:4]]
[2021.02.04-14.20.32:129][  0]LogConfig: Setting CVar [[r.LightMaxDrawDistanceScale:1]]
[2021.02.04-14.20.32:129][  0]LogConfig: Setting CVar [[r.CapsuleShadows:1]]
[2021.02.04-14.20.32:129][  0]LogConfig: Applying CVar settings from Section [PostProcessQuality@3] File [C:/unrealP/KJB_Portfolio_UE4/KJB_Portfolio/Saved/Config/Windows/Scalability.ini]
[2021.02.04-14.20.32:129][  0]LogConfig: Setting CVar [[r.MotionBlurQuality:4]]
[2021.02.04-14.20.32:129][  0]LogConfig: Setting CVar [[r.AmbientOcclusionMipLevelFactor:0.4]]
[2021.02.04-14.20.32:129][  0]LogConfig: Setting CVar [[r.AmbientOcclusionMaxQuality:100]]
[2021.02.04-14.20.32:129][  0]LogConfig: Setting CVar [[r.AmbientOcclusionLevels:-1]]
[2021.02.04-14.20.32:129][  0]LogConfig: Setting CVar [[r.AmbientOcclusionRadiusScale:1.0]]
[2021.02.04-14.20.32:129][  0]LogConfig: Setting CVar [[r.DepthOfFieldQuality:2]]
[2021.02.04-14.20.32:130][  0]LogConfig: Setting CVar [[r.RenderTargetPoolMin:400]]
[2021.02.04-14.20.32:130][  0]LogConfig: Setting CVar [[r.LensFlareQuality:2]]
[2021.02.04-14.20.32:130][  0]LogConfig: Setting CVar [[r.SceneColorFringeQuality:1]]
[2021.02.04-14.20.32:130][  0]LogConfig: Setting CVar [[r.EyeAdaptationQuality:2]]
[2021.02.04-14.20.32:130][  0]LogConfig: Setting CVar [[r.BloomQuality:5]]
[2021.02.04-14.20.32:130][  0]LogConfig: Setting CVar [[r.FastBlurThreshold:100]]
[2021.02.04-14.20.32:130][  0]LogConfig: Setting CVar [[r.Upscale.Quality:3]]
[2021.02.04-14.20.32:130][  0]LogConfig: Setting CVar [[r.Tonemapper.GrainQuantization:1]]
[2021.02.04-14.20.32:130][  0]LogConfig: Setting CVar [[r.LightShaftQuality:1]]
[2021.02.04-14.20.32:130][  0]LogConfig: Setting CVar [[r.Filter.SizeScale:1]]
[2021.02.04-14.20.32:130][  0]LogConfig: Setting CVar [[r.Tonemapper.Quality:5]]
[2021.02.04-14.20.32:130][  0]LogConfig: Setting CVar [[r.DOF.Gather.AccumulatorQuality:1        ; higher gathering accumulator quality]]
[2021.02.04-14.20.32:130][  0]LogConfig: Setting CVar [[r.DOF.Gather.PostfilterMethod:1          ; Median3x3 postfilering method]]
[2021.02.04-14.20.32:130][  0]LogConfig: Setting CVar [[r.DOF.Gather.EnableBokehSettings:0       ; no bokeh simulation when gathering]]
[2021.02.04-14.20.32:130][  0]LogConfig: Setting CVar [[r.DOF.Gather.RingCount:4                 ; medium number of samples when gathering]]
[2021.02.04-14.20.32:130][  0]LogConfig: Setting CVar [[r.DOF.Scatter.ForegroundCompositing:1    ; additive foreground scattering]]
[2021.02.04-14.20.32:130][  0]LogConfig: Setting CVar [[r.DOF.Scatter.BackgroundCompositing:2    ; additive background scattering]]
[2021.02.04-14.20.32:130][  0]LogConfig: Setting CVar [[r.DOF.Scatter.EnableBokehSettings:1      ; bokeh simulation when scattering]]
[2021.02.04-14.20.32:130][  0]LogConfig: Setting CVar [[r.DOF.Scatter.MaxSpriteRatio:0.1         ; only a maximum of 10% of scattered bokeh]]
[2021.02.04-14.20.32:130][  0]LogConfig: Setting CVar [[r.DOF.Recombine.Quality:1                ; cheap slight out of focus]]
[2021.02.04-14.20.32:130][  0]LogConfig: Setting CVar [[r.DOF.Recombine.EnableBokehSettings:0    ; no bokeh simulation on slight out of focus]]
[2021.02.04-14.20.32:130][  0]LogConfig: Setting CVar [[r.DOF.TemporalAAQuality:1                ; more stable temporal accumulation]]
[2021.02.04-14.20.32:130][  0]LogConfig: Setting CVar [[r.DOF.Kernel.MaxForegroundRadius:0.025]]
[2021.02.04-14.20.32:130][  0]LogConfig: Setting CVar [[r.DOF.Kernel.MaxBackgroundRadius:0.025]]
[2021.02.04-14.20.32:130][  0]LogConfig: Applying CVar settings from Section [TextureQuality@3] File [C:/unrealP/KJB_Portfolio_UE4/KJB_Portfolio/Saved/Config/Windows/Scalability.ini]
[2021.02.04-14.20.32:130][  0]LogConfig: Setting CVar [[r.Streaming.MipBias:0]]
[2021.02.04-14.20.32:130][  0]LogConfig: Setting CVar [[r.Streaming.AmortizeCPUToGPUCopy:0]]
[2021.02.04-14.20.32:130][  0]LogConfig: Setting CVar [[r.Streaming.MaxNumTexturesToStreamPerFrame:0]]
[2021.02.04-14.20.32:130][  0]LogConfig: Setting CVar [[r.Streaming.Boost:1]]
[2021.02.04-14.20.32:130][  0]LogConfig: Setting CVar [[r.MaxAnisotropy:8]]
[2021.02.04-14.20.32:130][  0]LogConfig: Setting CVar [[r.VT.MaxAnisotropy:8]]
[2021.02.04-14.20.32:130][  0]LogConfig: Setting CVar [[r.Streaming.LimitPoolSizeToVRAM:0]]
[2021.02.04-14.20.32:130][  0]LogConfig: Setting CVar [[r.Streaming.PoolSize:1000]]
[2021.02.04-14.20.32:130][  0]LogConfig: Setting CVar [[r.Streaming.MaxEffectiveScreenSize:0]]
[2021.02.04-14.20.32:130][  0]LogConfig: Applying CVar settings from Section [EffectsQuality@3] File [C:/unrealP/KJB_Portfolio_UE4/KJB_Portfolio/Saved/Config/Windows/Scalability.ini]
[2021.02.04-14.20.32:130][  0]LogConfig: Setting CVar [[r.TranslucencyLightingVolumeDim:64]]
[2021.02.04-14.20.32:130][  0]LogConfig: Setting CVar [[r.RefractionQuality:2]]
[2021.02.04-14.20.32:130][  0]LogConfig: Setting CVar [[r.SSR.Quality:3]]
[2021.02.04-14.20.32:130][  0]LogConfig: Setting CVar [[r.SSR.HalfResSceneColor:0]]
[2021.02.04-14.20.32:130][  0]LogConfig: Setting CVar [[r.SceneColorFormat:4]]
[2021.02.04-14.20.32:130][  0]LogConfig: Setting CVar [[r.DetailMode:2]]
[2021.02.04-14.20.32:130][  0]LogConfig: Setting CVar [[r.TranslucencyVolumeBlur:1]]
[2021.02.04-14.20.32:130][  0]LogConfig: Setting CVar [[r.MaterialQualityLevel:1 ; High quality]]
[2021.02.04-14.20.32:130][  0]LogConfig: Setting CVar [[r.SSS.Scale:1]]
[2021.02.04-14.20.32:130][  0]LogConfig: Setting CVar [[r.SSS.SampleSet:2]]
[2021.02.04-14.20.32:130][  0]LogConfig: Setting CVar [[r.SSS.Quality:1]]
[2021.02.04-14.20.32:130][  0]LogConfig: Setting CVar [[r.SSS.HalfRes:0]]
[2021.02.04-14.20.32:130][  0]LogConfig: Setting CVar [[r.SSGI.Quality:3]]
[2021.02.04-14.20.32:130][  0]LogConfig: Setting CVar [[r.EmitterSpawnRateScale:1.0]]
[2021.02.04-14.20.32:130][  0]LogConfig: Setting CVar [[r.ParticleLightQuality:2]]
[2021.02.04-14.20.32:130][  0]LogConfig: Setting CVar [[r.SkyAtmosphere.AerialPerspectiveLUT.FastApplyOnOpaque:1 ; Always have FastSkyLUT 1 in this case to avoid wrong sky]]
[2021.02.04-14.20.32:130][  0]LogConfig: Setting CVar [[r.SkyAtmosphere.AerialPerspectiveLUT.SampleCountPerSlice:1]]
[2021.02.04-14.20.32:130][  0]LogConfig: Setting CVar [[r.SkyAtmosphere.AerialPerspectiveLUT.DepthResolution:16.0]]
[2021.02.04-14.20.32:130][  0]LogConfig: Setting CVar [[r.SkyAtmosphere.FastSkyLUT:1]]
[2021.02.04-14.20.32:130][  0]LogConfig: Setting CVar [[r.SkyAtmosphere.FastSkyLUT.SampleCountMin:4.0]]
[2021.02.04-14.20.32:131][  0]LogConfig: Setting CVar [[r.SkyAtmosphere.FastSkyLUT.SampleCountMax:32.0]]
[2021.02.04-14.20.32:131][  0]LogConfig: Setting CVar [[r.SkyAtmosphere.SampleCountMin:4.0]]
[2021.02.04-14.20.32:131][  0]LogConfig: Setting CVar [[r.SkyAtmosphere.SampleCountMax:32.0]]
[2021.02.04-14.20.32:131][  0]LogConfig: Setting CVar [[r.SkyAtmosphere.TransmittanceLUT.UseSmallFormat:0]]
[2021.02.04-14.20.32:131][  0]LogConfig: Setting CVar [[r.SkyAtmosphere.TransmittanceLUT.SampleCount:10.0]]
[2021.02.04-14.20.32:131][  0]LogConfig: Setting CVar [[r.SkyAtmosphere.MultiScatteringLUT.SampleCount:15.0]]
[2021.02.04-14.20.32:131][  0]LogConfig: Applying CVar settings from Section [FoliageQuality@3] File [C:/unrealP/KJB_Portfolio_UE4/KJB_Portfolio/Saved/Config/Windows/Scalability.ini]
[2021.02.04-14.20.32:131][  0]LogConfig: Setting CVar [[foliage.DensityScale:1.0]]
[2021.02.04-14.20.32:131][  0]LogConfig: Setting CVar [[grass.DensityScale:1.0]]
[2021.02.04-14.20.32:131][  0]LogConfig: Applying CVar settings from Section [ShadingQuality@3] File [C:/unrealP/KJB_Portfolio_UE4/KJB_Portfolio/Saved/Config/Windows/Scalability.ini]
[2021.02.04-14.20.32:131][  0]LogConfig: Setting CVar [[r.HairStrands.SkyLighting.SampleCount:16]]
[2021.02.04-14.20.32:131][  0]LogConfig: Setting CVar [[r.HairStrands.SkyLighting.JitterIntegration:0]]
[2021.02.04-14.20.32:131][  0]LogConfig: Setting CVar [[r.HairStrands.SkyAO.SampleCount:16]]
[2021.02.04-14.20.32:131][  0]LogConfig: Setting CVar [[r.HairStrands.DeepShadow.SuperSampling:0]]
[2021.02.04-14.20.32:131][  0]LogConfig: Setting CVar [[r.HairStrands.VisibilityPPLL:0]]
[2021.02.04-14.20.32:131][  0]LogConfig: Setting CVar [[r.HairStrands.RasterizationScale:0.5]]
[2021.02.04-14.20.32:131][  0]LogConfig: Setting CVar [[r.HairStrands.VelocityRasterizationScale:1]]
[2021.02.04-14.20.32:131][  0]LogConfig: Applying CVar settings from Section [Startup] File [../../../Engine/Config/ConsoleVariables.ini]
[2021.02.04-14.20.32:131][  0]LogConfig: Setting CVar [[net.UseAdaptiveNetUpdateFrequency:0]]
[2021.02.04-14.20.32:131][  0]LogConfig: Setting CVar [[p.chaos.AllowCreatePhysxBodies:1]]
[2021.02.04-14.20.32:131][  0]LogConfig: Setting CVar [[fx.SkipVectorVMBackendOptimizations:1]]
[2021.02.04-14.20.32:131][  0]LogConfig: Applying CVar settings from Section [ConsoleVariables] File [C:/unrealP/KJB_Portfolio_UE4/KJB_Portfolio/Saved/Config/Windows/Engine.ini]
[2021.02.04-14.20.32:131][  0]LogInit: Computer: DESKTOP-6HEEP2H
[2021.02.04-14.20.32:131][  0]LogInit: User: KJB
[2021.02.04-14.20.32:131][  0]LogInit: CPU Page size=4096, Cores=6
[2021.02.04-14.20.32:131][  0]LogInit: High frequency timer resolution =10.000000 MHz
[2021.02.04-14.20.32:132][  0]LogMemory: Memory total: Physical=15.9GB (16GB approx)
[2021.02.04-14.20.32:132][  0]LogMemory: Platform Memory Stats for Windows
[2021.02.04-14.20.32:132][  0]LogMemory: Process Physical Memory: 116.92 MB used, 116.92 MB peak
[2021.02.04-14.20.32:132][  0]LogMemory: Process Virtual Memory: 102.35 MB used, 102.35 MB peak
[2021.02.04-14.20.32:132][  0]LogMemory: Physical Memory: 11689.62 MB used,  4628.48 MB free, 16318.11 MB total
[2021.02.04-14.20.32:132][  0]LogMemory: Virtual Memory: 5137.39 MB used,  134212592.00 MB free, 134217728.00 MB total
[2021.02.04-14.20.32:140][  0]LogWindows: WindowsPlatformFeatures enabled
[2021.02.04-14.20.32:183][  0]LogInit: Physics initialised using underlying interface: PhysX
[2021.02.04-14.20.32:184][  0]LogInit: Using OS detected language (ko-KR).
[2021.02.04-14.20.32:184][  0]LogInit: Using OS detected locale (ko-KR).
[2021.02.04-14.20.32:191][  0]LogTextLocalizationManager: No specific localization for 'ko-KR' exists, so the 'ko' localization will be used.
[2021.02.04-14.20.32:266][  0]LogInit: Setting process to per monitor DPI aware
[2021.02.04-14.20.32:318][  0]LogSlate: New Slate User Created.  User Index 0, Is Virtual User: 0
[2021.02.04-14.20.32:318][  0]LogSlate: Slate User Registered.  User Index 0, Is Virtual User: 0
[2021.02.04-14.20.32:510][  0]LogHMD: Failed to initialize OpenVR with code 110
[2021.02.04-14.20.32:510][  0]LogD3D11RHI: D3D11 min allowed feature level: 11_0
[2021.02.04-14.20.32:510][  0]LogD3D11RHI: D3D11 max allowed feature level: 11_0
[2021.02.04-14.20.32:510][  0]LogD3D11RHI: D3D11 adapters:
[2021.02.04-14.20.32:609][  0]LogD3D11RHI:    0. 'NVIDIA GeForce GTX 1660 SUPER' (Feature Level 11_0)
[2021.02.04-14.20.32:610][  0]LogD3D11RHI:       5991/0/8159 MB DedicatedVideo/DedicatedSystem/SharedSystem, Outputs:1, VendorId:0x10de
[2021.02.04-14.20.32:613][  0]LogD3D11RHI:    1. 'Microsoft Basic Render Driver' (Feature Level 11_0)
[2021.02.04-14.20.32:613][  0]LogD3D11RHI:       0/0/8159 MB DedicatedVideo/DedicatedSystem/SharedSystem, Outputs:0, VendorId:0x1414
[2021.02.04-14.20.32:614][  0]LogD3D11RHI: Chosen D3D11 Adapter: 0
[2021.02.04-14.20.32:622][  0]LogD3D11RHI: Creating new Direct3DDevice
[2021.02.04-14.20.32:622][  0]LogD3D11RHI:     GPU DeviceId: 0x21c4 (for the marketing name, search the web for "GPU Device Id")
[2021.02.04-14.20.32:622][  0]LogWindows: EnumDisplayDevices:
[2021.02.04-14.20.32:622][  0]LogWindows:    0. 'NVIDIA GeForce GTX 1660 SUPER' (P:1 D:1)
[2021.02.04-14.20.32:623][  0]LogWindows:    1. 'NVIDIA GeForce GTX 1660 SUPER' (P:0 D:0)
[2021.02.04-14.20.32:624][  0]LogWindows:    2. 'NVIDIA GeForce GTX 1660 SUPER' (P:0 D:0)
[2021.02.04-14.20.32:624][  0]LogWindows:    3. 'NVIDIA GeForce GTX 1660 SUPER' (P:0 D:0)
[2021.02.04-14.20.32:625][  0]LogWindows: DebugString: FoundDriverCount:4 
[2021.02.04-14.20.32:625][  0]LogD3D11RHI:     Adapter Name: NVIDIA GeForce GTX 1660 SUPER
[2021.02.04-14.20.32:625][  0]LogD3D11RHI:   Driver Version: 451.67 (internal:27.21.14.5167, unified:451.67)
[2021.02.04-14.20.32:625][  0]LogD3D11RHI:      Driver Date: 7-5-2020
[2021.02.04-14.20.32:625][  0]LogRHI: Texture pool is 4193 MB (70% of 5991 MB)
[2021.02.04-14.20.32:676][  0]LogD3D11RHI: RHI has support for 64 bit atomics
[2021.02.04-14.20.32:676][  0]LogD3D11RHI: Async texture creation enabled
[2021.02.04-14.20.32:676][  0]LogD3D11RHI: Array index from any shader is supported
[2021.02.04-14.20.32:691][  0]LogD3D11RHI: GPU Timing Frequency: 1000.000000 (Debug: 2 1)
[2021.02.04-14.20.33:004][  0]LogTargetPlatformManager: Display: Loaded TargetPlatform 'AllDesktop'
[2021.02.04-14.20.33:026][  0]LogTargetPlatformManager: Display: Loaded TargetPlatform 'Android'
[2021.02.04-14.20.33:026][  0]LogTargetPlatformManager: Display: Loaded TargetPlatform 'Android_ASTC'
[2021.02.04-14.20.33:026][  0]LogTargetPlatformManager: Display: Loaded TargetPlatform 'Android_DXT'
[2021.02.04-14.20.33:026][  0]LogTargetPlatformManager: Display: Loaded TargetPlatform 'Android_ETC2'
[2021.02.04-14.20.33:026][  0]LogTargetPlatformManager: Display: Loaded TargetPlatform 'AndroidClient'
[2021.02.04-14.20.33:026][  0]LogTargetPlatformManager: Display: Loaded TargetPlatform 'Android_ASTCClient'
[2021.02.04-14.20.33:026][  0]LogTargetPlatformManager: Display: Loaded TargetPlatform 'Android_DXTClient'
[2021.02.04-14.20.33:026][  0]LogTargetPlatformManager: Display: Loaded TargetPlatform 'Android_ETC2Client'
[2021.02.04-14.20.33:026][  0]LogTargetPlatformManager: Display: Loaded TargetPlatform 'Android_Multi'
[2021.02.04-14.20.33:026][  0]LogTargetPlatformManager: Display: Loaded TargetPlatform 'Android_MultiClient'
[2021.02.04-14.20.33:055][  0]LogTargetPlatformManager: Display: Loaded TargetPlatform 'IOSClient'
[2021.02.04-14.20.33:055][  0]LogTargetPlatformManager: Display: Loaded TargetPlatform 'IOS'
[2021.02.04-14.20.33:067][  0]LogTargetPlatformManager: Display: Loaded TargetPlatform 'Linux'
[2021.02.04-14.20.33:078][  0]LogTargetPlatformManager: Display: Loaded TargetPlatform 'LinuxNoEditor'
[2021.02.04-14.20.33:089][  0]LogTargetPlatformManager: Display: Loaded TargetPlatform 'LinuxClient'
[2021.02.04-14.20.33:100][  0]LogTargetPlatformManager: Display: Loaded TargetPlatform 'LinuxServer'
[2021.02.04-14.20.33:111][  0]LogTargetPlatformManager: Display: Loaded TargetPlatform 'LinuxAArch64NoEditor'
[2021.02.04-14.20.33:122][  0]LogTargetPlatformManager: Display: Loaded TargetPlatform 'LinuxAArch64Client'
[2021.02.04-14.20.33:132][  0]LogTargetPlatformManager: Display: Loaded TargetPlatform 'LinuxAArch64Server'
[2021.02.04-14.20.33:162][  0]LogTargetPlatformManager: Display: Loaded TargetPlatform 'Lumin'
[2021.02.04-14.20.33:162][  0]LogTargetPlatformManager: Display: Loaded TargetPlatform 'LuminClient'
[2021.02.04-14.20.33:181][  0]LogTargetPlatformManager: Display: Loaded TargetPlatform 'TVOSClient'
[2021.02.04-14.20.33:181][  0]LogTargetPlatformManager: Display: Loaded TargetPlatform 'TVOS'
[2021.02.04-14.20.33:192][  0]LogTargetPlatformManager: Display: Loaded TargetPlatform 'WindowsNoEditor'
[2021.02.04-14.20.33:204][  0]LogTargetPlatformManager: Display: Loaded TargetPlatform 'Windows'
[2021.02.04-14.20.33:215][  0]LogTargetPlatformManager: Display: Loaded TargetPlatform 'WindowsClient'
[2021.02.04-14.20.33:226][  0]LogTargetPlatformManager: Display: Loaded TargetPlatform 'WindowsServer'
[2021.02.04-14.20.33:226][  0]LogTargetPlatformManager: Display: Building Assets For Windows
[2021.02.04-14.20.33:237][  0]LogAudioDebug: Display: Lib vorbis DLL was dynamically loaded.
[2021.02.04-14.20.33:321][  0]LogShaderCompilers: Guid format shader working directory is -14 characters bigger than the processId version (../../../../../../unrealP/KJB_Portfolio_UE4/KJB_Portfolio/Intermediate/Shaders/WorkingDirectory/29208/).
[2021.02.04-14.20.33:321][  0]LogShaderCompilers: Cleaned the shader compiler working directory 'C:/Users/KJB/AppData/Local/Temp/UnrealShaderWorkingDir/9212590540F3A45199494EA85DB72772/'.
[2021.02.04-14.20.33:322][  0]LogXGEController: Cannot use XGE Controller as Incredibuild is not installed on this machine.
[2021.02.04-14.20.33:322][  0]LogShaderCompilers: Cannot use XGE Shader Compiler as Incredibuild is not installed on this machine.
[2021.02.04-14.20.33:322][  0]LogShaderCompilers: Display: Using Local Shader Compiler.
[2021.02.04-14.20.34:058][  0]LogDerivedDataCache: Display: Max Cache Size: 512 MB
[2021.02.04-14.20.34:123][  0]LogDerivedDataCache: Loaded boot cache 0.06s 125MB C:/Users/KJB/AppData/Local/UnrealEngine/4.25/DerivedDataCache/Boot.ddc.
[2021.02.04-14.20.34:123][  0]LogDerivedDataCache: Display: Loaded Boot cache: C:/Users/KJB/AppData/Local/UnrealEngine/4.25/DerivedDataCache/Boot.ddc
[2021.02.04-14.20.34:123][  0]LogDerivedDataCache: FDerivedDataBackendGraph:  Pak pak cache file ../../../../../../unrealP/KJB_Portfolio_UE4/KJB_Portfolio/DerivedDataCache/DDC.ddp not found, will not use a pak cache.
[2021.02.04-14.20.34:123][  0]LogDerivedDataCache: Unable to find inner node Pak for hierarchical cache Hierarchy.
[2021.02.04-14.20.34:123][  0]LogDerivedDataCache: FDerivedDataBackendGraph:  CompressedPak pak cache file ../../../../../../unrealP/KJB_Portfolio_UE4/KJB_Portfolio/DerivedDataCache/Compressed.ddp not found, will not use a pak cache.
[2021.02.04-14.20.34:123][  0]LogDerivedDataCache: Unable to find inner node CompressedPak for hierarchical cache Hierarchy.
[2021.02.04-14.20.34:133][  0]LogDerivedDataCache: Display: Pak cache opened for reading ../../../Engine/DerivedDataCache/Compressed.ddp.
[2021.02.04-14.20.34:133][  0]LogDerivedDataCache: FDerivedDataBackendGraph:  EnterprisePak pak cache file ../../../Enterprise/DerivedDataCache/Compressed.ddp not found, will not use a pak cache.
[2021.02.04-14.20.34:133][  0]LogDerivedDataCache: Unable to find inner node EnterprisePak for hierarchical cache Hierarchy.
[2021.02.04-14.20.34:134][  0]LogDerivedDataCache: Using Local data cache path C:/Users/KJB/AppData/Local/UnrealEngine/Common/DerivedDataCache: Writable
[2021.02.04-14.20.34:134][  0]LogDerivedDataCache: Shared data cache path not found in *engine.ini, will not use an Shared cache.
[2021.02.04-14.20.34:134][  0]LogDerivedDataCache: Unable to find inner node Shared for hierarchical cache Hierarchy.
[2021.02.04-14.20.34:177][  0]LogSlate: Using FreeType 2.10.0
[2021.02.04-14.20.34:178][  0]LogSlate: SlateFontServices - WITH_FREETYPE: 1, WITH_HARFBUZZ: 1
[2021.02.04-14.20.34:201][  0]LogAssetRegistry: FAssetRegistry took 0.0026 seconds to start up
[2021.02.04-14.20.34:437][  0]LogInit: Selected Device Profile: [Windows]
[2021.02.04-14.20.34:553][  0]LogMeshReduction: Using QuadricMeshReduction for automatic static mesh reduction
[2021.02.04-14.20.34:553][  0]LogMeshReduction: Using SimplygonMeshReduction for automatic skeletal mesh reduction
[2021.02.04-14.20.34:553][  0]LogMeshReduction: Using ProxyLODMeshReduction for automatic mesh merging
[2021.02.04-14.20.34:553][  0]LogMeshReduction: No distributed automatic mesh merging module available
[2021.02.04-14.20.34:553][  0]LogMeshMerging: No distributed automatic mesh merging module available
[2021.02.04-14.20.34:571][  0]LogNetVersion: KJB_Portfolio 1.0.0, NetCL: 13144385, EngineNetVer: 14, GameNetVer: 0 (Checksum: 3600608709)
[2021.02.04-14.20.34:992][  0]LogAISub: UAISubsystem::UAISubsystem AISubsystem (00000168BBA1F940), frame # 0
[2021.02.04-14.20.34:992][  0]LogAISub: UAISubsystem::UAISubsystem AIPerceptionSystem (00000168BBA13C40), frame # 0
[2021.02.04-14.20.34:993][  0]LogAISub: UAISubsystem::UAISubsystem EnvQueryManager (00000168BBAA8800), frame # 0
[2021.02.04-14.20.35:033][  0]LogPackageLocalizationCache: Processed 19 localized package path(s) for 1 prioritized culture(s) in 0.035053 seconds
[2021.02.04-14.20.35:038][  0]LogUObjectArray: 15917 objects as part of root set at end of initial load.
[2021.02.04-14.20.35:038][  0]LogUObjectAllocator: 3965568 out of 0 bytes used by permanent object pool.
[2021.02.04-14.20.35:038][  0]LogUObjectArray: CloseDisregardForGC: 0/0 objects in disregard for GC pool
[2021.02.04-14.20.35:555][  0]LogTcpMessaging: Initializing TcpMessaging bridge
[2021.02.04-14.20.35:561][  0]LogUdpMessaging: Initializing bridge on interface 0.0.0.0:0 to multicast group 230.0.0.1:6666.
[2021.02.04-14.20.36:391][  0]LogLinker: Warning: '{FileName}': 파일을 찾을 수 없습니다. 로드에 실패했습니다.
[2021.02.04-14.20.36:391][  0]LogLinker: Warning: '{FileName}': 파일을 찾을 수 없습니다. 로드에 실패했습니다.
[2021.02.04-14.20.36:391][  0]LogUObjectGlobals: Warning: 'Class /Game/ThirdPersonBP/ThirdPersonOverview.ThirdPersonOverview_C' 오브젝트를 찾는 데 실패했습니다.
[2021.02.04-14.20.36:437][  0]SourceControl: 소스 컨트롤이 꺼졌습니다.
[2021.02.04-14.20.36:438][  0]SourceControl: 소스 컨트롤이 꺼졌습니다.
[2021.02.04-14.20.36:442][  0]SourceControl: 소스 컨트롤이 꺼졌습니다.
[2021.02.04-14.20.36:446][  0]SourceControl: 소스 컨트롤이 꺼졌습니다.
[2021.02.04-14.20.36:458][  0]SourceControl: 소스 컨트롤이 꺼졌습니다.
[2021.02.04-14.20.36:802][  0]LogAndroidPermission: UAndroidPermissionCallbackProxy::GetInstance
[2021.02.04-14.20.36:830][  0]LogAudioCaptureCore: Display: No Audio Capture implementations found. Audio input will be silent.
[2021.02.04-14.20.36:830][  0]LogAudioCaptureCore: Display: No Audio Capture implementations found. Audio input will be silent.
[2021.02.04-14.20.36:892][  0]LogOcInput: OculusInput pre-init called
[2021.02.04-14.20.36:908][  0]LogWindows: Failed to load 'OVRPlugin.dll' (GetLastError=126)
[2021.02.04-14.20.36:908][  0]LogWindows: File 'OVRPlugin.dll' does not exist
[2021.02.04-14.20.37:013][  0]LogEngine: Initializing Engine...
[2021.02.04-14.20.37:016][  0]LogHMD: Failed to initialize OpenVR with code 110
[2021.02.04-14.20.37:016][  0]LogMagicLeap: Warning: VR disabled because ZI is not enabled.  To enable, in the editor, Edit -> Project Settings -> Plugins -> Magic Leap Plugin -> Enable Zero Iteration
[2021.02.04-14.20.37:017][  0]LogStats: UGameplayTagsManager::InitializeManager -  0.000 s
[2021.02.04-14.20.37:133][  0]LogInit: Initializing FReadOnlyCVARCache
[2021.02.04-14.20.37:143][  0]LogAIModule: Creating AISystem for world Untitled
[2021.02.04-14.20.37:143][  0]LogAISub: UAISubsystem::UAISubsystem EnvQueryManager (00000168C8696400), frame # 0
[2021.02.04-14.20.37:143][  0]LogAISub: UAISubsystem::UAISubsystem AIPerceptionSystem (00000168C86E2340), frame # 0
[2021.02.04-14.20.37:160][  0]LogAudioMixer: Display: Audio Mixer Platform Settings:
[2021.02.04-14.20.37:160][  0]LogAudioMixer: Display: 	Sample Rate:						  48000
[2021.02.04-14.20.37:160][  0]LogAudioMixer: Display: 	Callback Buffer Frame Size Requested: 1024
[2021.02.04-14.20.37:160][  0]LogAudioMixer: Display: 	Callback Buffer Frame Size To Use:	  1024
[2021.02.04-14.20.37:160][  0]LogAudioMixer: Display: 	Number of buffers to queue:			  2
[2021.02.04-14.20.37:160][  0]LogAudioMixer: Display: 	Max Channels (voices):				  32
[2021.02.04-14.20.37:160][  0]LogAudioMixer: Display: 	Number of Async Source Workers:		  0
[2021.02.04-14.20.37:160][  0]LogAudio: Display: AudioDevice MaxSources: 32
[2021.02.04-14.20.37:160][  0]LogAudio: Display: Using built-in audio occlusion.
[2021.02.04-14.20.37:160][  0]LogAudioMixer: Display: Initializing audio mixer.
[2021.02.04-14.20.37:182][  0]LogAudioMixer: Display: 0: FrontLeft
[2021.02.04-14.20.37:182][  0]LogAudioMixer: Display: 1: FrontRight
[2021.02.04-14.20.37:244][  0]LogAudioMixer: Display: Using Audio Device 스피커(Realtek High Definition Audio)
[2021.02.04-14.20.37:246][  0]LogAudioMixer: Display: Initializing Sound Submixes...
[2021.02.04-14.20.37:249][  0]LogAudioMixer: Display: Creating Master Submix 'MasterSubmixDefault'
[2021.02.04-14.20.37:249][  0]LogAudioMixer: Display: Creating Master Submix 'MasterReverbSubmixDefault'
[2021.02.04-14.20.37:253][  0]LogAudioMixer: Display: Creating Master Submix 'MasterEQSubmixDefault'
[2021.02.04-14.20.37:254][  0]LogInit: FAudioDevice initialized.
[2021.02.04-14.20.37:254][  0]LogNetVersion: Set ProjectVersion to 1.0.0.0. Version Checksum will be recalculated on next use.
[2021.02.04-14.20.37:670][  0]LogDerivedDataCache: Saved boot cache 0.42s 125MB C:/Users/KJB/AppData/Local/UnrealEngine/4.25/DerivedDataCache/Boot.ddc.
[2021.02.04-14.20.37:671][  0]LogInit: Texture streaming: Enabled
[2021.02.04-14.20.37:696][  0]LogEngineSessionManager: EngineSessionManager initialized
[2021.02.04-14.20.37:696][  0]LogEditorSessionSummary: Verbose: Initializing EditorSessionSummaryWriter for editor session tracking
[2021.02.04-14.20.37:701][  0]LogEditorSessionSummary: EditorSessionSummaryWriter initialized
[2021.02.04-14.20.37:757][  0]LogInit: Transaction tracking system initialized
[2021.02.04-14.20.37:792][  0]BlueprintLog: New page: 에디터 로드
[2021.02.04-14.20.37:900][  0]LocalizationService: 현지화 서비스가 비활성화되었습니다.
[2021.02.04-14.20.38:087][  0]LogCook: Display: Max memory allowance for cook 16384mb min free memory 0mb
[2021.02.04-14.20.38:087][  0]LogCook: Display: Mobile HDR setting 1
[2021.02.04-14.20.38:265][  0]LogFileCache: Scanning file cache for directory 'C:/unrealP/KJB_Portfolio_UE4/KJB_Portfolio/Content/' took 0.06s
[2021.02.04-14.20.38:464][  0]SourceControl: 소스 컨트롤이 꺼졌습니다.
[2021.02.04-14.20.38:464][  0]LogUnrealEdMisc: Loading editor; pre map load, took 8.531
[2021.02.04-14.20.38:464][  0]Cmd: MAP LOAD FILE="../../../../../../unrealP/KJB_Portfolio_UE4/KJB_Portfolio/Content/MyContents/NewMap.umap" TEMPLATE=0 SHOWPROGRESS=1 FEATURELEVEL=3
[2021.02.04-14.20.38:464][  0]LightingResults: New page: 라이팅 빌드
[2021.02.04-14.20.38:465][  0]LogWorld: UWorld::CleanupWorld for Untitled, bSessionEnded=true, bCleanupResources=true
[2021.02.04-14.20.38:465][  0]LogSlate: InvalidateAllWidgets triggered.  All widgets were invalidated
[2021.02.04-14.20.38:465][  0]MapCheck: New page: 맵 체크
[2021.02.04-14.20.38:465][  0]LightingResults: New page: 라이팅 빌드
[2021.02.04-14.20.38:477][  0]LogAISub: UAISubsystem::~UAISubsystem EnvQueryManager (00000168C8696400), frame # 0
[2021.02.04-14.20.38:477][  0]LogAISub: UAISubsystem::~UAISubsystem AIPerceptionSystem (00000168C86E2340), frame # 0
[2021.02.04-14.20.38:478][  0]LogUObjectHash: Compacting FUObjectHashTables data took   1.12ms
[2021.02.04-14.20.38:578][  0]LogAIModule: Creating AISystem for world NewMap
[2021.02.04-14.20.38:578][  0]LogAISub: UAISubsystem::UAISubsystem EnvQueryManager (00000168A827FE00), frame # 0
[2021.02.04-14.20.38:578][  0]LogAISub: UAISubsystem::UAISubsystem AIPerceptionSystem (00000168BBEDCB80), frame # 0
[2021.02.04-14.20.38:584][  0]LogEditorServer: Finished looking for orphan Actors (0.000 secs)
[2021.02.04-14.20.38:600][  0]LogUObjectHash: Compacting FUObjectHashTables data took   0.92ms
[2021.02.04-14.20.38:601][  0]Cmd: MAP CHECKDEP NOCLEARLOG
[2021.02.04-14.20.38:601][  0]MapCheck: 맵 체크 완료: 오류 0 회, 경고 0 회, 소요 시간 0.294ms.
[2021.02.04-14.20.38:601][  0]LogFileHelpers: Loading map 'NewMap' took 0.137
[2021.02.04-14.20.38:608][  0]LogUnrealEdMisc: Total Editor Startup Time, took 8.675
[2021.02.04-14.20.38:762][  0]LogSlate: Updating window title bar state: overlay mode, drag disabled, window buttons hidden, title bar hidden
[2021.02.04-14.20.38:770][  0]LogSlate: Updating window title bar state: overlay mode, drag disabled, window buttons hidden, title bar hidden
[2021.02.04-14.20.38:777][  0]LogSlate: Updating window title bar state: overlay mode, drag disabled, window buttons hidden, title bar hidden
[2021.02.04-14.20.38:783][  0]LogSlate: Updating window title bar state: overlay mode, drag disabled, window buttons hidden, title bar hidden
[2021.02.04-14.20.38:793][  0]LogCollectionManager: Loaded 0 collections in 0.001887 seconds
[2021.02.04-14.20.38:807][  0]LogFileCache: Scanning file cache for directory 'C:/unrealP/KJB_Portfolio_UE4/KJB_Portfolio/Saved/Collections/' took 0.00s
[2021.02.04-14.20.38:807][  0]LogFileCache: Scanning file cache for directory 'C:/unrealP/KJB_Portfolio_UE4/KJB_Portfolio/Content/Developers/KJB/Collections/' took 0.00s
[2021.02.04-14.20.38:807][  0]LogFileCache: Scanning file cache for directory 'C:/unrealP/KJB_Portfolio_UE4/KJB_Portfolio/Content/Collections/' took 0.00s
[2021.02.04-14.20.38:807][  0]LogContentBrowser: Native class hierarchy populated in 0.0093 seconds. Added 3462 classes and 824 folders.
[2021.02.04-14.20.38:810][  0]LogContentBrowser: Native class hierarchy updated for 'WidgetCarousel' in 0.0004 seconds. Added 0 classes and 0 folders.
[2021.02.04-14.20.38:882][  0]LogContentBrowser: Native class hierarchy updated for 'AddContentDialog' in 0.0004 seconds. Added 0 classes and 0 folders.
[2021.02.04-14.20.38:889][  0]LogContentBrowser: Native class hierarchy updated for 'SceneOutliner' in 0.0005 seconds. Added 2 classes and 0 folders.
[2021.02.04-14.20.39:153][  0]LogSlate: Took 0.000311 seconds to synchronously load lazily loaded font '../../../Engine/Content/Slate/Fonts/Roboto-Regular.ttf' (155K)
[2021.02.04-14.20.39:156][  0]LogSlate: Took 0.001696 seconds to synchronously load lazily loaded font '../../../Engine/Content/Editor/Slate/Fonts/NanumGothic.ttf' (4243K)
[2021.02.04-14.20.39:158][  0]LogSlate: Took 0.001893 seconds to synchronously load lazily loaded font '../../../Engine/Content/Editor/Slate/Fonts/NanumGothicBold.ttf' (4188K)
[2021.02.04-14.20.39:159][  0]LogSlate: Took 0.000279 seconds to synchronously load lazily loaded font '../../../Engine/Content/Slate/Fonts/Roboto-Bold.ttf' (160K)
[2021.02.04-14.20.39:162][  0]LogSlate: Took 0.000259 seconds to synchronously load lazily loaded font '../../../Engine/Content/Editor/Slate/Fonts/FontAwesome.ttf' (139K)
[2021.02.04-14.20.39:221][  0]LogRenderer: Reallocating scene render targets to support 1236x568 Format 10 NumSamples 1 (Frame:1).
[2021.02.04-14.20.39:333][  0]LogContentBrowser: Native class hierarchy updated for 'HierarchicalLODOutliner' in 0.0006 seconds. Added 0 classes and 0 folders.
[2021.02.04-14.20.39:333][  0]LogLoad: (Engine Initialization) Total time: 9.40 seconds
[2021.02.04-14.20.39:333][  0]LogLoad: (Engine Initialization) Total Blueprint compile time: 0.00 seconds
[2021.02.04-14.20.39:396][  0]LogContentStreaming: Texture pool size now 1000 MB
[2021.02.04-14.20.39:427][  0]LogSlate: Took 0.000337 seconds to synchronously load lazily loaded font '../../../Engine/Content/Slate/Fonts/Roboto-Light.ttf' (167K)
[2021.02.04-14.20.39:503][  2]LogAssetRegistry: Asset discovery search completed in 5.3032 seconds
[2021.02.04-14.20.39:507][  2]LogCollectionManager: Fixed up redirectors for 0 collections in 0.000002 seconds (updated 0 objects)
[2021.02.04-14.21.44:219][358]Candidate modules for hot reload:
[2021.02.04-14.21.44:219][358]  KJB_Portfolio
[2021.02.04-14.21.44:219][358]Launching UnrealBuildTool... [C:/Program Files/Epic Games/UE_4.25/Engine/Binaries/DotNET/UnrealBuildTool.exe  -ModuleWithSuffix=KJB_Portfolio,62 KJB_PortfolioEditor Win64 Development -Project="C:/unrealP/KJB_Portfolio_UE4/KJB_Portfolio/KJB_Portfolio.uproject" "C:/unrealP/KJB_Portfolio_UE4/KJB_Portfolio/KJB_Portfolio.uproject"  -IgnoreJunk]
[2021.02.04-14.21.44:230][358]Warning: Starting HotReload took  4.4s.
[2021.02.04-14.23.03:161][251]CompilerResultsLog: New page: 컴파일 - 2021. 2. 5. 오전 8:23:03
[2021.02.04-14.23.03:161][251]CompilerResultsLog: Using 'git status' to determine working set for adaptive non-unity build (C:\unrealP\KJB_Portfolio_UE4).
[2021.02.04-14.23.03:161][251]CompilerResultsLog: Building KJB_PortfolioEditor...
[2021.02.04-14.23.03:161][251]CompilerResultsLog: Using Visual Studio 2017 14.16.27042 toolchain (C:\Program Files (x86)\Microsoft Visual Studio\2017\Community\VC\Tools\MSVC\14.16.27023) and Windows 10.0.17763.0 SDK (C:\Program Files (x86)\Windows Kits\10).
[2021.02.04-14.23.03:161][251]CompilerResultsLog: Building 4 actions with 12 processes...
[2021.02.04-14.23.03:161][251]CompilerResultsLog:   [1/4] Module.KJB_Portfolio.cpp
[2021.02.04-14.23.03:161][251]CompilerResultsLog:   [2/4] UE4Editor-KJB_Portfolio-0062.lib
[2021.02.04-14.23.03:161][251]CompilerResultsLog:      C:\unrealP\KJB_Portfolio_UE4\KJB_Portfolio\Intermediate\Build\Win64\UE4Editor\Development\KJB_Portfolio\UE4Editor-KJB_Portfolio-0062.lib ???̺귯?? ?? C:\unrealP\KJB_Portfolio_UE4\KJB_Portfolio\Intermediate\Build\Win64\UE4Editor\Development\KJB_Portfolio\UE4Editor-KJB_Portfolio-0062.exp ??ü?? ?????ϰ? ?ֽ??ϴ?.
[2021.02.04-14.23.03:161][251]CompilerResultsLog:   [3/4] UE4Editor-KJB_Portfolio-0062.dll
[2021.02.04-14.23.03:161][251]CompilerResultsLog:      C:\unrealP\KJB_Portfolio_UE4\KJB_Portfolio\Intermediate\Build\Win64\UE4Editor\Development\KJB_Portfolio\UE4Editor-KJB_Portfolio-0062.suppressed.lib ???̺귯?? ?? C:\unrealP\KJB_Portfolio_UE4\KJB_Portfolio\Intermediate\Build\Win64\UE4Editor\Development\KJB_Portfolio\UE4Editor-KJB_Portfolio-0062.suppressed.exp ??ü?? ?????ϰ? ?ֽ??ϴ?.
[2021.02.04-14.23.03:161][251]CompilerResultsLog:   [4/4] KJB_PortfolioEditor.target
[2021.02.04-14.23.03:161][251]CompilerResultsLog: Total time in Parallel executor: 77.30 seconds
[2021.02.04-14.23.03:161][251]CompilerResultsLog: Total execution time: 78.47 seconds
[2021.02.04-14.23.03:161][251]LogMainFrame: MainFrame: Module compiling took 78.946 seconds
[2021.02.04-14.23.03:176][251]LogContentBrowser: Native class hierarchy populated in 0.0094 seconds. Added 3462 classes and 824 folders.
[2021.02.04-14.23.03:178][251]Display: HotReload took 83.4s.
[2021.02.04-14.23.05:824][353]LogTemp: Repeating last play command: 선택된 뷰포트
[2021.02.04-14.23.05:854][353]LogPlayLevel: PlayLevel: No blueprints needed recompiling
[2021.02.04-14.23.05:855][353]PIE: New page: PIE 세션: NewMap (2021. 2. 5. 오전 8:23:05)
[2021.02.04-14.23.05:856][353]LogOnline: OSS: Creating online subsystem instance for: NULL
[2021.02.04-14.23.05:857][353]LogOnline: OSS: TryLoadSubsystemAndSetDefault: Loaded subsystem for module [NULL]
[2021.02.04-14.23.05:860][353]LogPlayLevel: Creating play world package: /Game/MyContents/UEDPIE_0_NewMap
[2021.02.04-14.23.05:869][353]LogPlayLevel: PIE: StaticDuplicateObject took: (0.009335s)
[2021.02.04-14.23.05:870][353]LogAIModule: Creating AISystem for world NewMap
[2021.02.04-14.23.05:870][353]LogAISub: UAISubsystem::UAISubsystem EnvQueryManager (00000168E6F10400), frame # 1353
[2021.02.04-14.23.05:870][353]LogAISub: UAISubsystem::UAISubsystem AIPerceptionSystem (00000168F82E7380), frame # 1353
[2021.02.04-14.23.05:870][353]LogPlayLevel: PIE: World Init took: (0.001089s)
[2021.02.04-14.23.05:871][353]LogPlayLevel: PIE: Created PIE world by copying editor world from /Game/MyContents/NewMap.NewMap to /Game/MyContents/UEDPIE_0_NewMap.NewMap (0.011036s)
[2021.02.04-14.23.05:882][353]LogUObjectHash: Compacting FUObjectHashTables data took   0.69ms
[2021.02.04-14.23.05:885][353]GameLog: Warning: UMyGameInstance::Init(27) Attack of Level 25 Player : 0
[2021.02.04-14.23.05:885][353]LogAudioMixer: Display: Audio Mixer Platform Settings:
[2021.02.04-14.23.05:885][353]LogAudioMixer: Display: 	Sample Rate:						  48000
[2021.02.04-14.23.05:885][353]LogAudioMixer: Display: 	Callback Buffer Frame Size Requested: 1024
[2021.02.04-14.23.05:885][353]LogAudioMixer: Display: 	Callback Buffer Frame Size To Use:	  1024
[2021.02.04-14.23.05:885][353]LogAudioMixer: Display: 	Number of buffers to queue:			  2
[2021.02.04-14.23.05:885][353]LogAudioMixer: Display: 	Max Channels (voices):				  32
[2021.02.04-14.23.05:885][353]LogAudioMixer: Display: 	Number of Async Source Workers:		  0
[2021.02.04-14.23.05:885][353]LogAudio: Display: AudioDevice MaxSources: 32
[2021.02.04-14.23.05:885][353]LogAudio: Display: Using built-in audio occlusion.
[2021.02.04-14.23.05:886][353]LogAudioMixer: Display: Initializing audio mixer.
[2021.02.04-14.23.05:899][353]LogAudioMixer: Display: 0: FrontLeft
[2021.02.04-14.23.05:899][353]LogAudioMixer: Display: 1: FrontRight
[2021.02.04-14.23.05:952][353]LogAudioMixer: Display: Using Audio Device 스피커(Realtek High Definition Audio)
[2021.02.04-14.23.05:952][353]LogAudioMixer: Display: Initializing Sound Submixes...
[2021.02.04-14.23.05:952][353]LogAudioMixer: Display: Creating Master Submix 'MasterSubmixDefault'
[2021.02.04-14.23.05:952][353]LogAudioMixer: Display: Creating Master Submix 'MasterReverbSubmixDefault'
[2021.02.04-14.23.05:953][353]LogAudioMixer: Display: Creating Master Submix 'MasterEQSubmixDefault'
[2021.02.04-14.23.05:963][353]LogInit: FAudioDevice initialized.
[2021.02.04-14.23.05:976][353]LogLoad: Game class is 'MyGameModeBase'
[2021.02.04-14.23.05:982][353]LogWorld: Bringing World /Game/MyContents/UEDPIE_0_NewMap.NewMap up for play (max tick rate 0) at 2021.02.04-23.23.05
[2021.02.04-14.23.05:998][353]LogWorld: Bringing up level for play took: 0.016946
[2021.02.04-14.23.05:999][353]LogOnline: OSS: Creating online subsystem instance for: :Context_1
[2021.02.04-14.23.06:042][353]LogContentBrowser: Native class hierarchy updated for 'MovieSceneCapture' in 0.0004 seconds. Added 20 classes and 0 folders.
[2021.02.04-14.23.06:045][353]AnimBlueprintLog: Warning: 슬롯노드: MyCharacterAnim_BP_C 애니메이션 인스턴트 클래스의 'UpperBody' 는 이미 존재합니다. 이 클래스의 애니메이션 그래프에서 중복을 제거하세요.
[2021.02.04-14.23.06:082][353]GameLog: Warning: AMyPlayerState::GetExpRatio(24) Ratio : 0.000000, Current : 0, Max : 40
[2021.02.04-14.23.06:082][353]GameLog: Warning: AMyPlayerState::GetExpRatio(24) Ratio : 0.000000, Current : 0, Max : 40
[2021.02.04-14.23.06:083][353]PIE: 서버가 로그인했습니다.
[2021.02.04-14.23.06:085][353]PIE: 에디터에서 플레이 총 시작 시간 0.241초입니다.
[2021.02.04-14.23.10:215][837]LogActor: Warning: DamageWidgetActor_BP_C /Game/MyContents/UEDPIE_0_NewMap.NewMap:PersistentLevel.DamageWidgetActor_BP_C_0 has natively added scene component(s), but none of them were set as the actor's RootComponent - picking one arbitrarily
[2021.02.04-14.23.10:215][837]GameLog: Warning: AMonster::TakeDamage(155) Monster : Greater_SpiderBP10_23 took Damage : 60.000000
[2021.02.04-14.23.11:020][928]GameLog: Warning: AMonster::SetCharacterState(194) 0.000000
[2021.02.04-14.23.14:337][928]LogWindows: Error: === Critical error: ===
[2021.02.04-14.23.14:337][928]LogWindows: Error: 
[2021.02.04-14.23.14:337][928]LogWindows: Error: Fatal error!
[2021.02.04-14.23.14:337][928]LogWindows: Error: 
[2021.02.04-14.23.14:337][928]LogWindows: Error: Unhandled Exception: EXCEPTION_ACCESS_VIOLATION reading address 0x00000000
[2021.02.04-14.23.14:337][928]LogWindows: Error: 
[2021.02.04-14.23.14:337][928]LogWindows: Error: [Callstack] 0x00007ffc60ccb4f8 UE4Editor-KJB_Portfolio-2578.dll!AItemActor::SetItem() [c:\unrealp\kjb_portfolio_ue4\kjb_portfolio\source\kjb_portfolio\private\itemactor.cpp:46]
[2021.02.04-14.23.14:337][928]LogWindows: Error: [Callstack] 0x00007ffc60ccaed2 UE4Editor-KJB_Portfolio-2578.dll!AMonster::SetCharacterState() [c:\unrealp\kjb_portfolio_ue4\kjb_portfolio\source\kjb_portfolio\private\monster.cpp:198]
[2021.02.04-14.23.14:337][928]LogWindows: Error: [Callstack] 0x00007ffc60cc479f UE4Editor-KJB_Portfolio-2578.dll!TBaseFunctorDelegateInstance<void __cdecl(void),<lambda_45a2673113b02a33d072fd32c1cf4654> >::ExecuteIfSafe() [c:\program files\epic games\ue_4.25\engine\source\runtime\core\public\delegates\delegateinstancesimpl.h:1007]
[2021.02.04-14.23.14:337][928]LogWindows: Error: [Callstack] 0x00007ffc60cc396b UE4Editor-KJB_Portfolio-2578.dll!TBaseMulticastDelegate<void>::Broadcast() [c:\program files\epic games\ue_4.25\engine\source\runtime\core\public\delegates\delegatesignatureimpl.inl:1013]
[2021.02.04-14.23.14:337][928]LogWindows: Error: [Callstack] 0x00007ffc60cccd09 UE4Editor-KJB_Portfolio-2578.dll!AMonster::TakeDamage() [c:\unrealp\kjb_portfolio_ue4\kjb_portfolio\source\kjb_portfolio\private\monster.cpp:125]
[2021.02.04-14.23.14:337][928]LogWindows: Error: [Callstack] 0x00007ffc60cc6ddf UE4Editor-KJB_Portfolio-2578.dll!AMyCharacter::HitCheckOverlapBegin() [c:\unrealp\kjb_portfolio_ue4\kjb_portfolio\source\kjb_portfolio\private\mycharacter.cpp:411]
[2021.02.04-14.23.14:337][928]LogWindows: Error: [Callstack] 0x00007ffc60cd7d3d UE4Editor-KJB_Portfolio-2578.dll!AMyCharacter::execHitCheckOverlapBegin() [c:\unrealp\kjb_portfolio_ue4\kjb_portfolio\intermediate\build\win64\ue4editor\inc\kjb_portfolio\mycharacter.gen.cpp:49]
[2021.02.04-14.23.14:337][928]LogWindows: Error: [Callstack] 0x00007ffc95400b34 UE4Editor-CoreUObject.dll!UnknownFunction []
[2021.02.04-14.23.14:337][928]LogWindows: Error: [Callstack] 0x00007ffc95674753 UE4Editor-CoreUObject.dll!UnknownFunction []
[2021.02.04-14.23.14:337][928]LogWindows: Error: [Callstack] 0x00007ffc73a6afe5 UE4Editor-Engine.dll!UnknownFunction []
[2021.02.04-14.23.14:337][928]LogWindows: Error: [Callstack] 0x00007ffc73a10f0b UE4Editor-Engine.dll!UnknownFunction []
[2021.02.04-14.23.14:337][928]LogWindows: Error: [Callstack] 0x00007ffc73e471e8 UE4Editor-Engine.dll!UnknownFunction []
[2021.02.04-14.23.14:337][928]LogWindows: Error: [Callstack] 0x00007ffc73e897e3 UE4Editor-Engine.dll!UnknownFunction []
[2021.02.04-14.23.14:337][928]LogWindows: Error: [Callstack] 0x00007ffc747c7c1c UE4Editor-Engine.dll!UnknownFunction []
[2021.02.04-14.23.14:337][928]LogWindows: Error: [Callstack] 0x00007ffc747d62fb UE4Editor-Engine.dll!UnknownFunction []
[2021.02.04-14.23.14:337][928]LogWindows: Error: [Callstack] 0x00007ffc60cc477d UE4Editor-KJB_Portfolio-2578.dll!TBaseFunctorDelegateInstance<void __cdecl(void),<lambda_34fe3900c93e3c3168e8650829eb61e5> >::ExecuteIfSafe() [c:\program files\epic games\ue_4.25\engine\source\runtime\core\public\delegates\delegateinstancesimpl.h:1007]
[2021.02.04-14.23.14:337][928]LogWindows: Error: [Callstack] 0x00007ffc60cc396b UE4Editor-KJB_Portfolio-2578.dll!TBaseMulticastDelegate<void>::Broadcast() [c:\program files\epic games\ue_4.25\engine\source\runtime\core\public\delegates\delegatesignatureimpl.inl:1013]
[2021.02.04-14.23.14:337][928]LogWindows: Error: [Callstack] 0x00007ffc95400b34 UE4Editor-CoreUObject.dll!UnknownFunction []
[2021.02.04-14.23.14:337][928]LogWindows: Error: [Callstack] 0x00007ffc95674753 UE4Editor-CoreUObject.dll!UnknownFunction []
[2021.02.04-14.23.14:337][928]LogWindows: Error: [Callstack] 0x00007ffc73b10d1c UE4Editor-Engine.dll!UnknownFunction []
[2021.02.04-14.23.14:337][928]LogWindows: Error: [Callstack] 0x00007ffc73b53a6a UE4Editor-Engine.dll!UnknownFunction []
[2021.02.04-14.23.14:337][928]LogWindows: Error: [Callstack] 0x00007ffc73b73364 UE4Editor-Engine.dll!UnknownFunction []
[2021.02.04-14.23.14:337][928]LogWindows: Error: [Callstack] 0x00007ffc73b97eb5 UE4Editor-Engine.dll!UnknownFunction []
[2021.02.04-14.23.14:337][928]LogWindows: Error: [Callstack] 0x00007ffc73b6c50d UE4Editor-Engine.dll!UnknownFunction []
[2021.02.04-14.23.14:337][928]LogWindows: Error: [Callstack] 0x00007ffc73b3c792 UE4Editor-Engine.dll!UnknownFunction []
[2021.02.04-14.23.14:337][928]LogWindows: Error: [Callstack] 0x00007ffc73b57387 UE4Editor-Engine.dll!UnknownFunction []
[2021.02.04-14.23.14:337][928]LogWindows: Error: [Callstack] 0x00007ffc73b54c06 UE4Editor-Engine.dll!UnknownFunction []
[2021.02.04-14.23.14:337][928]LogWindows: Error: [Callstack] 0x00007ffc73ecc32f UE4Editor-Engine.dll!UnknownFunction []
[2021.02.04-14.23.14:337][928]LogWindows: Error: [Callstack] 0x00007ffc73ecee88 UE4Editor-Engine.dll!UnknownFunction []
[2021.02.04-14.23.14:337][928]LogWindows: Error: [Callstack] 0x00007ffc73f2b6f9 UE4Editor-Engine.dll!UnknownFunction []
[2021.02.04-14.23.14:338][928]LogWindows: Error: [Callstack] 0x00007ffc73ece5d7 UE4Editor-Engine.dll!UnknownFunction []
[2021.02.04-14.23.14:338][928]LogWindows: Error: [Callstack] 0x00007ffc73dc9346 UE4Editor-Engine.dll!UnknownFunction []
[2021.02.04-14.23.14:338][928]LogWindows: Error: [Callstack] 0x00007ffc73df01c4 UE4Editor-Engine.dll!UnknownFunction []
[2021.02.04-14.23.14:338][928]LogWindows: Error: [Callstack] 0x00007ffc74b0936f UE4Editor-Engine.dll!UnknownFunction []
[2021.02.04-14.23.14:338][928]LogWindows: Error: [Callstack] 0x00007ffc74b0e3c7 UE4Editor-Engine.dll!UnknownFunction []
[2021.02.04-14.23.14:338][928]LogWindows: Error: [Callstack] 0x00007ffc810887d8 UE4Editor-Core.dll!UnknownFunction []
[2021.02.04-14.23.14:338][928]LogWindows: Error: [Callstack] 0x00007ffc81088aa3 UE4Editor-Core.dll!UnknownFunction []
[2021.02.04-14.23.14:338][928]LogWindows: Error: [Callstack] 0x00007ffc8109f027 UE4Editor-Core.dll!UnknownFunction []
[2021.02.04-14.23.14:338][928]LogWindows: Error: [Callstack] 0x00007ffc74b2a402 UE4Editor-Engine.dll!UnknownFunction []
[2021.02.04-14.23.14:338][928]LogWindows: Error: [Callstack] 0x00007ffc74b2f6ca UE4Editor-Engine.dll!UnknownFunction []
[2021.02.04-14.23.14:338][928]LogWindows: Error: [Callstack] 0x00007ffc742ed0bf UE4Editor-Engine.dll!UnknownFunction []
[2021.02.04-14.23.14:338][928]LogWindows: Error: [Callstack] 0x00007ffc742f7957 UE4Editor-Engine.dll!UnknownFunction []
[2021.02.04-14.23.14:338][928]LogWindows: Error: [Callstack] 0x00007ffc7fd5af57 UE4Editor-UnrealEd.dll!UnknownFunction []
[2021.02.04-14.23.14:338][928]LogWindows: Error: [Callstack] 0x00007ffc806337e6 UE4Editor-UnrealEd.dll!UnknownFunction []
[2021.02.04-14.23.14:338][928]LogWindows: Error: [Callstack] 0x00007ff65bb47800 UE4Editor.exe!UnknownFunction []
[2021.02.04-14.23.14:338][928]LogWindows: Error: [Callstack] 0x00007ff65bb5ba7c UE4Editor.exe!UnknownFunction []
[2021.02.04-14.23.14:338][928]LogWindows: Error: [Callstack] 0x00007ff65bb5bb5a UE4Editor.exe!UnknownFunction []
[2021.02.04-14.23.14:338][928]LogWindows: Error: [Callstack] 0x00007ff65bb6e31d UE4Editor.exe!UnknownFunction []
[2021.02.04-14.23.14:338][928]LogWindows: Error: [Callstack] 0x00007ff65bb7145a UE4Editor.exe!UnknownFunction []
[2021.02.04-14.23.14:338][928]LogWindows: Error: [Callstack] 0x00007ffcd4b27034 KERNEL32.DLL!UnknownFunction []
[2021.02.04-14.23.14:338][928]LogWindows: Error: [Callstack] 0x00007ffcd5e9d0d1 ntdll.dll!UnknownFunction []
[2021.02.04-14.23.14:338][928]LogWindows: Error: 
[2021.02.04-14.23.14:349][928]LogExit: Executing StaticShutdownAfterError
[2021.02.04-14.23.14:351][928]LogWindows: FPlatformMisc::RequestExit(1)
[2021.02.04-14.23.14:351][928]LogCore: Engine exit requested (reason: Win RequestExit)
[2021.02.04-14.23.14:363][928]Log file closed, 02/04/21 23:23:14
